12 3060000000 1464
39 5808000000 1464
66 9227000000 1464
93 11403000000 1464
108 13476000000 1464
159 19776000000 1464
177 20802000000 1464
204 22122000000 1464
231 25674000000 1464
258 26994000000 1464
297 31888000000 1464
324 34278000000 1464
339 35262000000 1464
381 39192000000 1464
396 40176000000 1464
435 43908000000 1464
462 47460000000 1464
489 48780000000 1464
516 51430000000 1464
546 53694000000 1464
585 57398000000 1464
612 60978000000 1464
639 62298000000 1464
654 63282000000 1464
693 67170000000 1464
720 70566000000 1464
762 73426000000 1464
777 75480000000 1464
804 76800000000 1464
831 80352000000 1464
870 84084000000 1464
885 85068000000 1464
927 88998000000 1464
942 89982000000 1464
981 92586000000 1464
1008 97266000000 1464
1035 98586000000 1464
1062 102250000000 1464
1089 103458000000 1464
1119 104764000000 1464
1158 110784000000 1464
1185 112104000000 1464
1212 114372000000 1464
1239 116976000000 1464
1254 117960000000 1464
1308 124302000000 1464
1323 125286000000 1464
1350 126606000000 1464
1377 130158000000 1464
1404 131478000000 1464
1443 135944000000 1464
1470 138762000000 1464
1488 139788000000 1464
1527 143676000000 1464
1542 144660000000 1464
1581 148392000000 1464
1608 152000000000 1464
1635 153264000000 1464
1677 155584000000 1464
1692 158178000000 1464
1731 161910000000 1464
1758 165462000000 1464
1785 166782000000 1464
1800 167766000000 1464
1839 171654000000 1464
1869 175092000000 1464
1908 177268000000 1464
1923 179964000000 1464
1950 181284000000 1464
1977 184836000000 1464
2016 188568000000 1464
2031 189552000000 1464
2073 193482000000 1464
2088 194466000000 1464
2127 196642000000 1464
2154 201750000000 1464
2181 203070000000 1464
2208 206576000000 1464
2238 207984000000 1464
2265 209304000000 1464
2304 215268000000 1464
2331 216588000000 1464
2358 218428000000 1464
2385 221460000000 1464
2400 222444000000 1464
2454 228572000000 1464
2469 229770000000 1464
2496 231090000000 1464
2523 234642000000 1464
2550 235962000000 1464
2589 240000000000 1464
2619 243288000000 1464
2634 244272000000 1464
2673 247732000000 1464
2688 249144000000 1464
2727 252876000000 1464
2754 256540000000 1464
2781 257748000000 1464
2823 259696000000 1464
2838 262662000000 1464
2877 266394000000 1464
2904 269518000000 1464
2931 271266000000 1464
2946 272250000000 1464
2988 276180000000 1464
3015 279576000000 1464
3054 281324000000 1464
3069 284448000000 1464
3096 285768000000 1464
3123 288892000000 1464
3162 293052000000 1464
3180 294078000000 1464
3219 297966000000 1464
3234 298950000000 1464
3273 300698000000 1464
3300 306290000000 1464
3327 307554000000 1464
3369 310730000000 1464
3384 312468000000 1464
3411 313788000000 1464
3450 319752000000 1464
3477 321072000000 1464
3504 322484000000 1464
3531 325944000000 1464
3549 326970000000 1464
3600 332628000000 1464
3615 334254000000 1464
3642 335574000000 1464
3669 339126000000 1464
3696 340446000000 1464
3735 344056000000 1464
3765 347772000000 1464
3780 348756000000 1464
3819 351788000000 1464
3834 353656000000 1464
3873 357360000000 1464
3900 361080000000 1464
3930 362274000000 1464
3969 363808000000 1464
3984 367146000000 1464
4023 370878000000 1464
4050 373574000000 1464
4077 375750000000 1464
4092 376734000000 1464
4134 380664000000 1464
4161 384060000000 1464
4188 385380000000 1464
4215 388932000000 1464
4242 390252000000 1464
4269 392948000000 1464
4311 397578000000 1464
4326 398562000000 1464
4365 402450000000 1464
4380 403434000000 1464
4407 404754000000 1464
4446 410858000000 1464
4473 412038000000 1464
4515 414842000000 1464
4530 416952000000 1464
4557 418272000000 1464
4596 424236000000 1464
4623 425556000000 1464
4638 426540000000 1464
4680 430470000000 1464
4695 431454000000 1464
4746 436684000000 1464
4761 438738000000 1464
4788 440058000000 1464
4815 443610000000 1464
4842 444930000000 1464
4872 448368000000 1464
4911 452256000000 1464
4926 453240000000 1464
4965 455844000000 1464
4980 458196000000 1464
5019 461844000000 1464
5061 465690000000 1464
5076 466758000000 1464
5103 468078000000 1464
5130 471630000000 1464
5169 475362000000 1464
5196 477630000000 1464
5223 480234000000 1464
5241 481260000000 1464
5280 485148000000 1464
5307 488544000000 1464
5334 489864000000 1464
5361 493416000000 1464
5388 494736000000 1464
5415 497004000000 1464
5457 502062000000 1464
5472 503046000000 1464
5511 506934000000 1464
5526 507946000000 1464
5553 509238000000 1464
5592 515398000000 1464
5622 516564000000 1464
5661 518954000000 1464
5676 521436000000 1464
5703 522756000000 1464
5742 528720000000 1464
5769 530040000000 1464
5784 531024000000 1464
5826 534954000000 1464
5841 535938000000 1464
5892 540740000000 1464
5907 543222000000 1464
5934 544542000000 1464
5961 548094000000 1464
5991 549456000000 1464
6018 552852000000 1464
6057 556740000000 1464
6072 557724000000 1464
6111 559900000000 1464
6126 562736000000 1464
6165 566328000000 1464
6207 570230000000 1464
6222 571242000000 1464
6249 572562000000 1464
6276 576114000000 1464
6315 579846000000 1464
6342 581686000000 1464
6372 584760000000 1464
6387 585744000000 1464
6426 589418000000 1464
6453 593028000000 1464
6480 594348000000 1464
6507 597900000000 1464
6534 599220000000 1464
6564 601102000000 1464
6603 606546000000 1464
6618 607530000000 1464
6657 611204000000 1464
6672 612486000000 1464
6699 613722000000 1464
6753 619980000000 1464
6768 621048000000 1464
6807 623010000000 1464
6822 625920000000 1464
6849 627240000000 1464
6888 632776000000 1464
6915 634524000000 1464
6933 635550000000 1464
6972 639438000000 1464
6987 640422000000 1464
7038 644796000000 1464
7053 647706000000 1464
7080 649026000000 1464
7107 652150000000 1464
7137 653940000000 1464
7164 657336000000 1464
7203 661224000000 1464
7218 662236000000 1464
7257 663956000000 1464
7272 667276000000 1464
7314 670854000000 1464
7353 674314000000 1464
7368 675726000000 1464
7395 677046000000 1464
7422 680598000000 1464
7461 684330000000 1464
7488 685742000000 1464
7518 689244000000 1464
7533 690228000000 1464
7572 693474000000 1464
7599 697512000000 1464
7626 698832000000 1464
7653 702384000000 1464
7683 703746000000 1464
7710 705158000000 1464
7749 711030000000 1464
7764 712014000000 1464
7803 715260000000 1464
7818 717026000000 1464
7845 718206000000 1464
7899 724520000000 1464
7914 725532000000 1464
7953 727066000000 1464
7968 730404000000 1464
7995 731724000000 1464
8034 736832000000 1464
8064 739050000000 1464
8079 740034000000 1464
8118 743922000000 1464
8133 744906000000 1464
8184 748852000000 1464
8199 752190000000 1464
8226 753510000000 1464
8256 756248000000 1464
8283 758424000000 1464
8310 761820000000 1464
8349 765708000000 1464
8364 766804000000 1464
8391 768012000000 1464
8433 771858000000 1464
8460 775338000000 1464
8499 778370000000 1464
8514 780210000000 1464
8541 781530000000 1464
8568 785082000000 1464
8607 788814000000 1464
8625 789840000000 1464
8664 793728000000 1464
8679 794712000000 1464
8718 797530000000 1464
8745 801996000000 1464
8772 803316000000 1464
8799 806868000000 1464
8829 808230000000 1464
8844 809214000000 1464
8895 815514000000 1464
8910 816554000000 1464
8949 819316000000 1464
8976 821594000000 1464
8994 822732000000 1464
9045 829032000000 1464
9060 830016000000 1464
9087 831336000000 1464
9114 834888000000 1464
9141 836208000000 1464
9180 840888000000 1464
9210 843534000000 1464
9225 844518000000 1464
9264 848406000000 1464
9279 849390000000 1464
9318 853122000000 1464
9345 856674000000 1464
9375 858036000000 1464
9402 860304000000 1464
9429 862908000000 1464
9456 866304000000 1464
9495 870192000000 1464
9510 871344000000 1464
9537 872496000000 1464
9579 876426000000 1464
9606 879822000000 1464
9645 882212000000 1464
9660 884694000000 1464
9687 886014000000 1464
9714 889566000000 1464
9756 893340000000 1464
9771 894324000000 1464
9810 898212000000 1464
9825 899196000000 1464
9864 901586000000 1464
9891 906480000000 1464
9918 907800000000 1464
9948 911394000000 1464
9975 912714000000 1464
9990 913698000000 1464
10041 919998000000 1464
10056 921094000000 1464
10095 923372000000 1464
10125 926176000000 1464
10140 927216000000 1464
10191 933516000000 1464
10206 934500000000 1464
10233 935820000000 1464
10260 939372000000 1464
10287 940692000000 1464
10329 944986000000 1464
10356 948018000000 1464
10371 949002000000 1464
10410 952676000000 1464
10425 953874000000 1464
10464 957606000000 1464
10491 961158000000 1464
10521 962520000000 1464
10548 964360000000 1464
10575 967392000000 1464
10602 970844000000 1464
10641 974462000000 1464
10668 975884000000 1464
10686 977022000000 1464
10725 980910000000 1464
10752 984306000000 1464
10791 986268000000 1464
10806 989178000000 1464
10833 990498000000 1464
10860 993836000000 1464
10902 997824000000 1464
10917 998808000000 1464
