9 2017000000 160
24 3724000000 160
36 5431000000 160
51 7138000000 160
78 10690000000 160
90 11026000000 160
105 12259000000 160
132 15289000000 160
156 19399000000 160
174 20425000000 160
189 21409000000 160
201 21745000000 160
228 25297000000 160
243 26281000000 160
255 26617000000 160
282 30013000000 160
309 33351000000 160
321 33901000000 160
336 34885000000 160
354 35911000000 160
378 38387000000 160
393 39799000000 160
420 40969000000 160
432 43531000000 160
459 46441000000 160
474 47851000000 160
486 48403000000 160
501 49387000000 160
528 51437000000 160
543 53317000000 160
570 55909000000 160
582 57049000000 160
609 59317000000 160
624 61585000000 160
636 61921000000 160
651 62905000000 160
678 64959000000 160
690 66793000000 160
717 70189000000 160
735 71215000000 160
759 72407000000 160
774 75103000000 160
789 76087000000 160
801 76423000000 160
828 78049000000 160
855 81763000000 160
867 83707000000 160
882 84691000000 160
909 86103000000 160
924 88621000000 160
939 89605000000 160
954 90589000000 160
966 91139000000 160
1005 96286000000 160
1020 97657000000 160
1032 98209000000 160
1047 99193000000 160
1074 102313000000 160
1086 103081000000 160
1104 104107000000 160
1116 104443000000 160
1155 110407000000 160
1170 111391000000 160
1182 111727000000 160
1197 112711000000 160
1224 116263000000 160
1236 116599000000 160
1251 117583000000 160
1278 119572000000 160
1305 123711000000 160
1320 124909000000 160
1335 125893000000 160
1347 126229000000 160
1374 129353000000 160
1389 130765000000 160
1401 131101000000 160
1428 134095000000 160
1455 137193000000 160
1467 138385000000 160
1485 139411000000 160
1500 140395000000 160
1524 142229000000 160
1539 144283000000 160
1554 145252000000 160
1578 148015000000 160
1605 150283000000 160
1620 152119000000 160
1632 152887000000 160
1647 153871000000 160
1674 155535000000 160
1689 157801000000 160
1716 159991000000 160
1728 161533000000 160
1755 163373000000 160
1770 166069000000 160
1782 166405000000 160
1797 167389000000 160
1824 169015000000 160
1836 171277000000 160
1866 174715000000 160
1881 175699000000 160
1905 176463000000 160
1920 179587000000 160
1935 180571000000 160
1947 180907000000 160
1962 182105000000 160
2001 185845000000 160
2013 188191000000 160
2028 189175000000 160
2046 190201000000 160
2070 193105000000 160
2085 194089000000 160
2100 194857000000 160
2112 195409000000 160
2151 200569000000 160
2166 202141000000 160
2178 202693000000 160
2193 203677000000 160
2220 206797000000 160
2235 207607000000 160
2250 208591000000 160
2262 208927000000 160
2301 214677000000 160
2316 215875000000 160
2328 216211000000 160
2343 217195000000 160
2370 220105000000 160
2382 221083000000 160
2397 222067000000 160
2427 223696000000 160
2451 227553000000 160
2466 229393000000 160
2481 230377000000 160
2493 230713000000 160
2520 233195000000 160
2535 235249000000 160
2547 235585000000 160
2574 238378000000 160
2601 241249000000 160
2616 242911000000 160
2631 243895000000 160
2646 244879000000 160
2670 246285000000 160
2685 248767000000 160
2700 249535000000 160
2724 252499000000 160
2751 254339000000 160
2766 256603000000 160
2778 257371000000 160
2796 258397000000 160
2820 259375000000 160
2835 262285000000 160
2862 264274000000 160
2874 266017000000 160
2901 267429000000 160
2916 270553000000 160
2928 270889000000 160
2943 271873000000 160
2958 273071000000 160
2985 275803000000 160
3012 278797000000 160
3027 280183000000 160
3039 280519000000 160
3066 284071000000 160
3081 285055000000 160
3093 285391000000 160
3108 286375000000 160
3135 290128000000 160
3159 292675000000 160
3177 293701000000 160
3192 294685000000 160
3216 297589000000 160
3231 298573000000 160
3246 299341000000 160
3258 299893000000 160
3297 304437000000 160
3312 306409000000 160
3324 307177000000 160
3339 308161000000 160
3366 310681000000 160
3381 312091000000 160
3396 313075000000 160
3408 313411000000 160
3447 318519000000 160
3462 320359000000 160
3474 320695000000 160
3489 321679000000 160
3516 324161000000 160
3528 325567000000 160
3546 326593000000 160
3573 327979000000 160
3597 331609000000 160
3612 333877000000 160
3627 334861000000 160
3639 335197000000 160
3666 337251000000 160
3681 339733000000 160
3693 340069000000 160
3720 342460000000 160
3750 345347000000 160
3762 347395000000 160
3777 348379000000 160
3792 349147000000 160
3816 350341000000 160
3831 353251000000 160
3846 354019000000 160
3870 356983000000 160
3897 358395000000 160
3912 361087000000 160
3927 361897000000 160
3942 362881000000 160
3954 363217000000 160
3981 366769000000 160
4008 368356000000 160
4020 370501000000 160
4035 371485000000 160
4062 375037000000 160
4074 375373000000 160
4089 376357000000 160
4107 377383000000 160
4131 380287000000 160
4158 383080000000 160
4173 384667000000 160
4185 385003000000 160
4212 388555000000 160
4227 389539000000 160
4239 389875000000 160
4254 390859000000 160
4281 393983000000 160
4308 397201000000 160
4323 398185000000 160
4338 399169000000 160
4362 401431000000 160
4377 403057000000 160
4392 403825000000 160
4404 404377000000 160
4443 408078000000 160
4458 410893000000 160
4470 411661000000 160
4488 412687000000 160
4512 414521000000 160
4527 416575000000 160
4542 417559000000 160
4554 417895000000 160
4593 422173000000 160
4608 424843000000 160
4620 425179000000 160
4635 426163000000 160
4662 428217000000 160
4677 430093000000 160
4692 431077000000 160
4707 432061000000 160
4743 435665000000 160
4758 438361000000 160
4773 439345000000 160
4785 439681000000 160
4812 441307000000 160
4827 444217000000 160
4839 444553000000 160
4869 446785000000 160
4896 449403000000 160
4908 451879000000 160
4923 452863000000 160
4938 453631000000 160
4950 454183000000 160
4977 457735000000 160
4992 458287000000 160
5016 461266000000 160
5031 462451000000 160
5058 465613000000 160
5073 466381000000 160
5088 467365000000 160
5100 467701000000 160
5127 471253000000 160
5154 472639000000 160
5166 474985000000 160
5181 475969000000 160
5208 479521000000 160
5220 479857000000 160
5238 480883000000 160
5253 481867000000 160
5277 484343000000 160
5304 487162000000 160
5319 489151000000 160
5331 489487000000 160
5358 492397000000 160
5373 494023000000 160
5385 494359000000 160
5400 495343000000 160
5430 498081000000 160
5454 501685000000 160
5469 502669000000 160
5484 503437000000 160
5508 505487000000 160
5523 507541000000 160
5538 508309000000 160
5550 508861000000 160
5589 511732000000 160
5604 515377000000 160
5619 516187000000 160
5634 517171000000 160
5658 518577000000 160
5673 521059000000 160
5688 522043000000 160
5700 522379000000 160
5739 526028000000 160
5754 529327000000 160
5766 529663000000 160
5781 530647000000 160
5811 532315000000 160
5823 534577000000 160
5838 535561000000 160
5853 536545000000 160
5889 539507000000 160
5904 542845000000 160
5919 543829000000 160
5931 544165000000 160
5946 545149000000 160
5973 548701000000 160
5988 549079000000 160
6015 550867000000 160
6030 553459000000 160
6054 556363000000 160
6069 557347000000 160
6084 558115000000 160
6096 558667000000 160
6123 562219000000 160
6138 562771000000 160
6162 565549000000 160
6180 566977000000 160
6204 569667000000 160
6219 570865000000 160
6234 571849000000 160
6246 572185000000 160
6273 575309000000 160
6288 576721000000 160
6312 579469000000 160
6327 580453000000 160
6354 583363000000 160
6369 584383000000 160
6384 585367000000 160
6399 586351000000 160
6423 588399000000 160
6450 591445000000 160
6465 593635000000 160
6477 593971000000 160
6504 596453000000 160
6519 598507000000 160
6531 598843000000 160
6549 599869000000 160
6576 602137000000 160
6600 605968000000 160
6615 607153000000 160
6630 607921000000 160
6654 609543000000 160
6669 612025000000 160
6684 612577000000 160
6696 613345000000 160
6735 615587000000 160
6750 619903000000 160
6765 620671000000 160
6780 621655000000 160
6804 622419000000 160
6819 625543000000 160
6834 626527000000 160
6846 626863000000 160
6885 629468000000 160
6900 633811000000 160
6912 634147000000 160
6930 635173000000 160
6945 636157000000 160
6969 639061000000 160
6984 640045000000 160
6999 641029000000 160
7023 643777000000 160
7050 647329000000 160
7065 648313000000 160
7077 648649000000 160
7092 649633000000 160
7122 653227000000 160
7134 653563000000 160
7161 655150000000 160
7176 657727000000 160
7200 660633000000 160
7215 661831000000 160
7230 662599000000 160
7242 663151000000 160
7269 666275000000 160
7284 667255000000 160
7311 669673000000 160
7326 671461000000 160
7350 673723000000 160
7365 675349000000 160
7380 676333000000 160
7392 676669000000 160
7419 679365000000 160
7434 681205000000 160
7458 683953000000 160
7473 684937000000 160
7503 687461000000 160
7515 688867000000 160
7530 689851000000 160
7545 690835000000 160
7569 692455000000 160
7596 695527000000 160
7611 698119000000 160
7623 698455000000 160
7650 700509000000 160
7665 702991000000 160
7680 703369000000 160
7695 704353000000 160
7722 705977000000 160
7746 710251000000 160
7761 711637000000 160
7776 712405000000 160
7800 713385000000 160
7815 716509000000 160
7830 717061000000 160
7842 717829000000 160
7872 719069000000 160
7896 724171000000 160
7911 725155000000 160
7926 726139000000 160
7938 726475000000 160
7965 730027000000 160
7980 731011000000 160
7992 731347000000 160
8019 733537000000 160
8046 738295000000 160
8061 738673000000 160
8076 739657000000 160
8091 740641000000 160
8115 743545000000 160
8130 744529000000 160
8145 745513000000 160
8169 748060000000 160
8196 751599000000 160
8211 752797000000 160
8223 753133000000 160
8241 754159000000 160
8268 757283000000 160
8280 758047000000 160
8307 759232000000 160
8322 762211000000 160
8346 764689000000 160
8361 766315000000 160
8376 766867000000 160
8388 767635000000 160
8415 770331000000 160
8430 771781000000 160
8457 773956000000 160
8472 775945000000 160
8496 777779000000 160
8511 779833000000 160
8526 780817000000 160
8538 781153000000 160
8565 783421000000 160
8580 785689000000 160
8604 788437000000 160
8622 789463000000 160
8649 791517000000 160
8661 793351000000 160
8676 794335000000 160
8691 795319000000 160
8715 796297000000 160
8742 799810000000 160
8757 802603000000 160
8769 802939000000 160
8796 804351000000 160
8814 807517000000 160
8826 807853000000 160
8841 808837000000 160
8868 809819000000 160
8892 814333000000 160
8907 816121000000 160
8922 816673000000 160
8934 817441000000 160
8961 820993000000 160
8973 821545000000 160
8991 822355000000 160
9006 823339000000 160
9042 828655000000 160
9057 829639000000 160
9072 830623000000 160
9084 830959000000 160
9111 834511000000 160
9126 835495000000 160
9138 835831000000 160
9165 837619000000 160
9195 842607000000 160
9207 843157000000 160
9222 844141000000 160
9237 845125000000 160
9261 847601000000 160
9276 849013000000 160
9291 849997000000 160
9315 852343000000 160
9342 855655000000 160
9357 857281000000 160
9372 857659000000 160
9387 858643000000 160
9414 861123000000 160
9426 862531000000 160
9441 863515000000 160
9468 866695000000 160
9492 868745000000 160
9507 870799000000 160
9522 871351000000 160
9534 872119000000 160
9564 874429000000 160
9576 876049000000 160
9603 878038000000 160
9618 880429000000 160
9642 881621000000 160
9657 884317000000 160
9672 885301000000 160
9684 885637000000 160
9711 887263000000 160
9726 890173000000 160
9753 892762000000 160
9768 893947000000 160
9795 895359000000 160
9807 897835000000 160
9822 898819000000 160
9837 899803000000 160
9861 900353000000 160
9888 903892000000 160
9903 907087000000 160
9915 907423000000 160
9933 908449000000 160
9960 912001000000 160
9972 912337000000 160
9987 913321000000 160
10002 914089000000 160
10038 918616000000 160
10053 920605000000 160
10068 921157000000 160
10080 921925000000 160
10107 925477000000 160
10122 925855000000 160
10137 926839000000 160
10152 927823000000 160
10188 932925000000 160
10203 934123000000 160
10218 935107000000 160
10230 935443000000 160
10257 938567000000 160
10272 939979000000 160
10284 940315000000 160
10314 941944000000 160
10341 946663000000 160
10353 947641000000 160
10368 948625000000 160
10383 949609000000 160
10407 951657000000 160
10422 953497000000 160
10437 954481000000 160
10461 956425000000 160
10488 959711000000 160
10506 961807000000 160
10518 962143000000 160
10533 963127000000 160
10560 965179000000 160
10572 967015000000 160
10587 967999000000 160
10614 970963000000 160
10638 972587000000 160
10653 975283000000 160
10665 975835000000 160
10683 976645000000 160
10710 978271000000 160
10722 980533000000 160
10749 982321000000 160
10764 984913000000 160
10788 985677000000 160
10803 988801000000 160
10818 989785000000 160
10830 990121000000 160
10857 991319000000 160
10875 994699000000 160
10899 996844000000 160
10914 998431000000 160
10929 999415000000 160
