7 1961000000 160
22 3668000000 160
34 5375000000 160
49 7082000000 160
76 10634000000 160
88 10970000000 160
103 12203000000 160
130 15233000000 160
154 19343000000 160
172 20369000000 160
187 21353000000 160
199 21689000000 160
226 25241000000 160
241 26225000000 160
253 26561000000 160
280 29957000000 160
307 33295000000 160
319 33845000000 160
334 34829000000 160
352 35855000000 160
376 38117000000 160
391 39743000000 160
418 40913000000 160
430 43475000000 160
457 46171000000 160
472 47579000000 160
484 48347000000 160
499 49331000000 160
526 51381000000 160
541 53261000000 160
568 55853000000 160
580 56993000000 160
607 59261000000 160
622 61529000000 160
634 61865000000 160
649 62849000000 160
676 64903000000 160
688 66737000000 160
715 70133000000 160
733 71159000000 160
757 72351000000 160
772 75047000000 160
787 76031000000 160
799 76367000000 160
826 77993000000 160
853 81506000000 160
865 83651000000 160
880 84635000000 160
907 86047000000 160
922 88565000000 160
937 89549000000 160
952 90317000000 160
964 90869000000 160
1003 96230000000 160
1018 97601000000 160
1030 98153000000 160
1045 99137000000 160
1072 102257000000 160
1084 103025000000 160
1102 104051000000 160
1114 104387000000 160
1153 110351000000 160
1168 111335000000 160
1180 111671000000 160
1195 112655000000 160
1222 116207000000 160
1234 116543000000 160
1249 117527000000 160
1276 119516000000 160
1303 123441000000 160
1318 124853000000 160
1333 125837000000 160
1345 126173000000 160
1372 129083000000 160
1387 130709000000 160
1399 131045000000 160
1426 134039000000 160
1453 137137000000 160
1465 138329000000 160
1483 139355000000 160
1498 140339000000 160
1522 142173000000 160
1537 144227000000 160
1552 144995000000 160
1576 147959000000 160
1603 150227000000 160
1618 152063000000 160
1630 152831000000 160
1645 153815000000 160
1672 155263000000 160
1687 157745000000 160
1714 159935000000 160
1726 161477000000 160
1753 163317000000 160
1768 166013000000 160
1780 166349000000 160
1795 167333000000 160
1822 168959000000 160
1834 171221000000 160
1864 174659000000 160
1879 175643000000 160
1903 176193000000 160
1918 179531000000 160
1933 180515000000 160
1945 180851000000 160
1960 181835000000 160
1999 185789000000 160
2011 188135000000 160
2026 189119000000 160
2044 190145000000 160
2068 193049000000 160
2083 194033000000 160
2098 194801000000 160
2110 195353000000 160
2149 200312000000 160
2164 201869000000 160
2176 202637000000 160
2191 203621000000 160
2218 206527000000 160
2233 207551000000 160
2248 208535000000 160
2260 208871000000 160
2299 214407000000 160
2314 215819000000 160
2326 216155000000 160
2341 217139000000 160
2368 220049000000 160
2380 221027000000 160
2395 222011000000 160
2425 223640000000 160
2449 227497000000 160
2464 229337000000 160
2479 230321000000 160
2491 230657000000 160
2518 233139000000 160
2533 235193000000 160
2545 235529000000 160
2572 238322000000 160
2599 241193000000 160
2614 242855000000 160
2629 243839000000 160
2644 244607000000 160
2668 246229000000 160
2683 248711000000 160
2698 249479000000 160
2722 252443000000 160
2749 254283000000 160
2764 256547000000 160
2776 257315000000 160
2794 258341000000 160
2818 259319000000 160
2833 262229000000 160
2860 264017000000 160
2872 265961000000 160
2899 267159000000 160
2914 270497000000 160
2926 270833000000 160
2941 271817000000 160
2956 272801000000 160
2983 275747000000 160
3010 278741000000 160
3025 280127000000 160
3037 280463000000 160
3064 284015000000 160
3079 284999000000 160
3091 285335000000 160
3106 286319000000 160
3133 289871000000 160
3157 292619000000 160
3175 293645000000 160
3190 294629000000 160
3214 297319000000 160
3229 298517000000 160
3244 299285000000 160
3256 299837000000 160
3295 304167000000 160
3310 306353000000 160
3322 307121000000 160
3337 308105000000 160
3364 310409000000 160
3379 312035000000 160
3394 313019000000 160
3406 313355000000 160
3445 318262000000 160
3460 320303000000 160
3472 320639000000 160
3487 321623000000 160
3514 324105000000 160
3526 325511000000 160
3544 326537000000 160
3571 327923000000 160
3595 331553000000 160
3610 333821000000 160
3625 334805000000 160
3637 335141000000 160
3664 337195000000 160
3679 339677000000 160
3691 340013000000 160
3718 342404000000 160
3748 345291000000 160
3760 347339000000 160
3775 348323000000 160
3790 349091000000 160
3814 350071000000 160
3829 353195000000 160
3844 353747000000 160
3868 356927000000 160
3895 358125000000 160
3910 361031000000 160
3925 361841000000 160
3940 362825000000 160
3952 363161000000 160
3979 366713000000 160
4006 368300000000 160
4018 370445000000 160
4033 371429000000 160
4060 374981000000 160
4072 375317000000 160
4087 376301000000 160
4105 377327000000 160
4129 380231000000 160
4156 383024000000 160
4171 384611000000 160
4183 384947000000 160
4210 388285000000 160
4225 389483000000 160
4237 389819000000 160
4252 390803000000 160
4279 393927000000 160
4306 397145000000 160
4321 398129000000 160
4336 398897000000 160
4360 401375000000 160
4375 403001000000 160
4390 403769000000 160
4402 404321000000 160
4441 407821000000 160
4456 410837000000 160
4468 411605000000 160
4486 412631000000 160
4510 414465000000 160
4525 416519000000 160
4540 417503000000 160
4552 417839000000 160
4591 422117000000 160
4606 424787000000 160
4618 425123000000 160
4633 426107000000 160
4660 428161000000 160
4675 430037000000 160
4690 431021000000 160
4705 432005000000 160
4741 435395000000 160
4756 438305000000 160
4771 439289000000 160
4783 439625000000 160
4810 441037000000 160
4825 444161000000 160
4837 444497000000 160
4867 446729000000 160
4894 449133000000 160
4906 451823000000 160
4921 452807000000 160
4936 453575000000 160
4948 454127000000 160
4975 457679000000 160
4990 458231000000 160
5014 461210000000 160
5029 462395000000 160
5056 465341000000 160
5071 466325000000 160
5086 467309000000 160
5098 467645000000 160
5125 471197000000 160
5152 472382000000 160
5164 474929000000 160
5179 475913000000 160
5206 479251000000 160
5218 479801000000 160
5236 480827000000 160
5251 481811000000 160
5275 484287000000 160
5302 487106000000 160
5317 489095000000 160
5329 489431000000 160
5356 492341000000 160
5371 493967000000 160
5383 494303000000 160
5398 495287000000 160
5428 498025000000 160
5452 501629000000 160
5467 502613000000 160
5482 503381000000 160
5506 505431000000 160
5521 507485000000 160
5536 508037000000 160
5548 508805000000 160
5587 511676000000 160
5602 515321000000 160
5617 516131000000 160
5632 517115000000 160
5656 518521000000 160
5671 521003000000 160
5686 521987000000 160
5698 522323000000 160
5737 525557000000 160
5752 529271000000 160
5764 529607000000 160
5779 530591000000 160
5809 532045000000 160
5821 534521000000 160
5836 535505000000 160
5851 536489000000 160
5887 539451000000 160
5902 542789000000 160
5917 543773000000 160
5929 544109000000 160
5944 545093000000 160
5971 548645000000 160
5986 549023000000 160
6013 550811000000 160
6028 553187000000 160
6052 556307000000 160
6067 557291000000 160
6082 558059000000 160
6094 558611000000 160
6121 562163000000 160
6136 562715000000 160
6160 565493000000 160
6178 566921000000 160
6202 569611000000 160
6217 570809000000 160
6232 571793000000 160
6244 572129000000 160
6271 575253000000 160
6286 576665000000 160
6310 579413000000 160
6325 580397000000 160
6352 583307000000 160
6367 584327000000 160
6382 585311000000 160
6397 586295000000 160
6421 588343000000 160
6448 591188000000 160
6463 593579000000 160
6475 593915000000 160
6502 596397000000 160
6517 598451000000 160
6529 598787000000 160
6547 599813000000 160
6574 601865000000 160
6598 605912000000 160
6613 607097000000 160
6628 607865000000 160
6652 609273000000 160
6667 611969000000 160
6682 612521000000 160
6694 613289000000 160
6733 615116000000 160
6748 619631000000 160
6763 620615000000 160
6778 621599000000 160
6802 622363000000 160
6817 625487000000 160
6832 626471000000 160
6844 626807000000 160
6883 629412000000 160
6898 633755000000 160
6910 634091000000 160
6928 635117000000 160
6943 636101000000 160
6967 639005000000 160
6982 639989000000 160
6997 640973000000 160
7021 643721000000 160
7048 647273000000 160
7063 648257000000 160
7075 648593000000 160
7090 649577000000 160
7120 653157000000 160
7132 653507000000 160
7159 655094000000 160
7174 657671000000 160
7198 660577000000 160
7213 661775000000 160
7228 662327000000 160
7240 663095000000 160
7267 666219000000 160
7282 667199000000 160
7309 669617000000 160
7324 671405000000 160
7348 673667000000 160
7363 675293000000 160
7378 676277000000 160
7390 676613000000 160
7417 679309000000 160
7432 681149000000 160
7456 683897000000 160
7471 684881000000 160
7501 687405000000 160
7513 688811000000 160
7528 689795000000 160
7543 690779000000 160
7567 692399000000 160
7594 695471000000 160
7609 698063000000 160
7621 698399000000 160
7648 700239000000 160
7663 702935000000 160
7678 703313000000 160
7693 704297000000 160
7720 705707000000 160
7744 710195000000 160
7759 711581000000 160
7774 712133000000 160
7798 713329000000 160
7813 716453000000 160
7828 717005000000 160
7840 717773000000 160
7870 719013000000 160
7894 724115000000 160
7909 725099000000 160
7924 726083000000 160
7936 726419000000 160
7963 729971000000 160
7978 730955000000 160
7990 731291000000 160
8017 733280000000 160
8044 738239000000 160
8059 738617000000 160
8074 739601000000 160
8089 740585000000 160
8113 743489000000 160
8128 744473000000 160
8143 745457000000 160
8167 748004000000 160
8194 751543000000 160
8209 752741000000 160
8221 753077000000 160
8239 754103000000 160
8266 757011000000 160
8278 757991000000 160
8305 759176000000 160
8320 762155000000 160
8344 764633000000 160
8359 766259000000 160
8374 766811000000 160
8386 767579000000 160
8413 770275000000 160
8428 771509000000 160
8455 773900000000 160
8470 775889000000 160
8494 777723000000 160
8509 779777000000 160
8524 780761000000 160
8536 781097000000 160
8563 783151000000 160
8578 785633000000 160
8602 788381000000 160
8620 789407000000 160
8647 791247000000 160
8659 793295000000 160
8674 794279000000 160
8689 795263000000 160
8713 796241000000 160
8740 799553000000 160
8755 802547000000 160
8767 802883000000 160
8794 804295000000 160
8812 807447000000 160
8824 807797000000 160
8839 808781000000 160
8866 809763000000 160
8890 814277000000 160
8905 816065000000 160
8920 816617000000 160
8932 817385000000 160
8959 820937000000 160
8971 821273000000 160
8989 822299000000 160
9004 823283000000 160
9040 828599000000 160
9055 829583000000 160
9070 830567000000 160
9082 830903000000 160
9109 834455000000 160
9124 835439000000 160
9136 835775000000 160
9163 837563000000 160
9193 842551000000 160
9205 843101000000 160
9220 844085000000 160
9235 845069000000 160
9259 847545000000 160
9274 848957000000 160
9289 849941000000 160
9313 852086000000 160
9340 855599000000 160
9355 857225000000 160
9370 857603000000 160
9385 858587000000 160
9412 861067000000 160
9424 862475000000 160
9439 863459000000 160
9466 866423000000 160
9490 868475000000 160
9505 870743000000 160
9520 871295000000 160
9532 872063000000 160
9562 874159000000 160
9574 875993000000 160
9601 877982000000 160
9616 880373000000 160
9640 881565000000 160
9655 884261000000 160
9670 885245000000 160
9682 885581000000 160
9709 887207000000 160
9724 890117000000 160
9751 892706000000 160
9766 893891000000 160
9793 895303000000 160
9805 897779000000 160
9820 898763000000 160
9835 899747000000 160
9859 900297000000 160
9886 903836000000 160
9901 907031000000 160
9913 907367000000 160
9931 908393000000 160
9958 911729000000 160
9970 912281000000 160
9985 913265000000 160
10000 914033000000 160
10036 918359000000 160
10051 920549000000 160
10066 921101000000 160
10078 921869000000 160
10105 925421000000 160
10120 925799000000 160
10135 926783000000 160
10150 927767000000 160
10186 932869000000 160
10201 934067000000 160
10216 935051000000 160
10228 935387000000 160
10255 938511000000 160
10270 939923000000 160
10282 940259000000 160
10312 941687000000 160
10339 946607000000 160
10351 947585000000 160
10366 948569000000 160
10381 949553000000 160
10405 951601000000 160
10420 953441000000 160
10435 954425000000 160
10459 956369000000 160
10486 959441000000 160
10504 961723000000 160
10516 962087000000 160
10531 963071000000 160
10558 964909000000 160
10570 966959000000 160
10585 967943000000 160
10612 970907000000 160
10636 972531000000 160
10651 975227000000 160
10663 975563000000 160
10681 976589000000 160
10708 978215000000 160
10720 980477000000 160
10747 982265000000 160
10762 984857000000 160
10786 985621000000 160
10801 988745000000 160
10816 989729000000 160
10828 990065000000 160
10855 991263000000 160
10873 994643000000 160
10897 996788000000 160
10912 998375000000 160
10927 999359000000 160
