113 14286000000 1358
263 28020000000 1358
401 41538000000 1358
551 54720000000 1358
698 68196000000 1358
836 81434000000 1358
986 94254000000 1358
1124 106060000000 1358
1259 118986000000 1358
1409 132504000000 1358
1559 146022000000 1358
1697 159204000000 1358
1844 172680000000 1358
1982 186198000000 1358
2132 198524000000 1358
2270 210544000000 1358
2405 223596000000 1358
2555 236988000000 1358
2705 250506000000 1358
2843 263688000000 1358
2993 277206000000 1358
3140 290682000000 1358
3278 302794000000 1358
3416 314814000000 1358
3554 328332000000 1358
3701 341472000000 1358
3851 354990000000 1358
3989 368284000000 1358
4139 381690000000 1358
4286 395166000000 1358
4424 407064000000 1358
4562 419298000000 1358
4712 432816000000 1358
4847 445956000000 1358
4997 459474000000 1358
5135 472992000000 1358
5285 486174000000 1358
5435 499692000000 1358
5570 511474000000 1358
5708 523782000000 1358
5858 537300000000 1358
5996 550482000000 1358
6143 563958000000 1358
6293 577476000000 1358
6431 590658000000 1358
6581 604176000000 1358
6716 616154000000 1358
6854 628266000000 1358
7004 641784000000 1358
7142 655162000000 1358
7289 668442000000 1358
7439 681960000000 1358
7577 695142000000 1358
7727 708446000000 1358
7877 720466000000 1358
8000 732750000000 1358
8150 746268000000 1358
8288 759786000000 1358
8438 772968000000 1358
8585 786444000000 1358
8723 799850000000 1358
8873 812716000000 1358
9023 824736000000 1358
9146 837234000000 1358
9296 850752000000 1358
9446 864270000000 1358
9584 877452000000 1358
9731 890928000000 1358
9869 904446000000 1358
10019 916986000000 1358
10157 929006000000 1358
10292 942012000000 1358
10442 955236000000 1358
10592 968754000000 1358
10730 981936000000 1358
10880 995454000000 1358
