117 15586000000 1358
267 28824000000 1358
405 42342000000 1358
555 55524000000 1358
702 69000000000 1358
840 82518000000 1358
990 95700000000 1358
1128 107720000000 1358
1263 120126000000 1358
1413 133308000000 1358
1563 146826000000 1358
1701 160316000000 1358
1848 173484000000 1358
1986 187002000000 1358
2136 200212000000 1358
2274 211990000000 1358
2409 224652000000 1358
2559 237792000000 1358
2709 251310000000 1358
2847 264828000000 1358
2997 278010000000 1358
3144 291486000000 1358
3282 304790000000 1358
3420 316260000000 1358
3558 329136000000 1358
3705 342360000000 1358
3855 355794000000 1358
3993 369312000000 1358
4143 382494000000 1358
4290 395970000000 1358
4428 409060000000 1358
4566 420744000000 1358
4716 433620000000 1358
4851 447138000000 1358
5001 460278000000 1358
5139 473796000000 1358
5289 487090000000 1358
5439 500496000000 1358
5574 513330000000 1358
5712 525014000000 1358
5862 538104000000 1358
6000 551622000000 1358
6147 564762000000 1358
6297 578280000000 1358
6435 591798000000 1358
6585 604980000000 1358
6720 617600000000 1358
6858 629424000000 1358
7008 642588000000 1358
7146 656106000000 1358
7293 669288000000 1358
7443 682764000000 1358
7581 696282000000 1358
7731 709464000000 1358
7881 721912000000 1358
8004 733890000000 1358
8154 747072000000 1358
8292 760590000000 1358
8442 773940000000 1358
8589 787248000000 1358
8727 800766000000 1358
8877 813948000000 1358
9027 826396000000 1358
9150 838374000000 1358
9300 851556000000 1358
9450 865074000000 1358
9588 878592000000 1358
9735 891732000000 1358
9873 905250000000 1358
10023 918656000000 1358
10161 930666000000 1358
10296 942900000000 1358
10446 956040000000 1358
10596 969558000000 1358
10734 983076000000 1358
10884 996258000000 1358
