58 8367000000 1450
139 17724000000 1450
211 23622000000 1450
289 31242000000 1450
361 37140000000 1450
442 45408000000 1450
508 50616000000 1450
592 58926000000 1450
661 64894000000 1450
742 72780000000 1450
811 78636000000 1450
892 86904000000 1450
973 92154000000 1450
1054 100422000000 1450
1138 107526000000 1450
1204 113940000000 1450
1285 122208000000 1450
1357 128106000000 1450
1435 135726000000 1450
1507 141624000000 1450
1588 149892000000 1450
1654 155282000000 1450
1738 163746000000 1450
1807 169602000000 1450
1888 177480000000 1450
1969 183120000000 1450
2053 191430000000 1450
2119 196854000000 1450
2200 204906000000 1450
2284 212211000000 1450
2350 218640000000 1450
2434 226734000000 1450
2503 232590000000 1450
2581 240642000000 1450
2653 246248000000 1450
2734 254712000000 1450
2803 260394000000 1450
2884 268230000000 1450
2965 274086000000 1450
3046 282396000000 1450
3115 287604000000 1450
3199 295914000000 1450
3265 301770000000 1450
3346 309390000000 1450
3430 316896000000 1450
3496 323556000000 1450
3580 331218000000 1450
3649 337242000000 1450
3727 345720000000 1450
3799 350928000000 1450
3880 359196000000 1450
3961 365094000000 1450
4042 372714000000 1450
4114 378612000000 1450
4195 386880000000 1450
4261 392088000000 1450
4345 400398000000 1450
4414 406455000000 1450
4495 413916000000 1450
4576 421581000000 1450
4645 428236000000 1450
4726 436038000000 1450
4795 441894000000 1450
4879 450204000000 1450
4957 455412000000 1450
5038 463680000000 1450
5110 469578000000 1450
5188 477198000000 1450
5260 483096000000 1450
5341 491364000000 1450
5407 496572000000 1450
5491 504882000000 1450
5560 511140000000 1450
5641 518596000000 1450
5722 526401000000 1450
5791 532902000000 1450
5872 540522000000 1450
5953 546378000000 1450
6037 554688000000 1450
6103 560112000000 1450
6187 568206000000 1450
6256 574062000000 1450
6334 581898000000 1450
6406 587580000000 1450
6487 595848000000 1450
6556 601314000000 1450
6637 609590000000 1450
6706 615960000000 1450
6787 623652000000 1450
6868 631086000000 1450
6952 637386000000 1450
7030 645438000000 1450
7099 650862000000 1450
7183 659172000000 1450
7249 665028000000 1450
7333 672690000000 1450
7402 678546000000 1450
7480 686814000000 1450
7552 692064000000 1450
7633 700556000000 1450
7702 706566000000 1450
7783 714186000000 1450
7855 720687000000 1450
7945 728352000000 1450
8026 735771000000 1450
8098 741870000000 1450
8176 750138000000 1450
8248 755388000000 1450
8329 763656000000 1450
8398 769512000000 1450
8479 777174000000 1450
8548 783030000000 1450
8632 791592000000 1450
8698 796884000000 1450
8779 805152000000 1450
8851 811050000000 1450
8941 818670000000 1450
9013 825372000000 1450
9094 832836000000 1450
9172 840456000000 1450
9244 846354000000 1450
9325 854622000000 1450
9394 859872000000 1450
9475 868140000000 1450
9544 874066000000 1450
9625 881938000000 1450
9694 887850000000 1450
9778 896160000000 1450
9844 901368000000 1450
9940 909678000000 1450
10009 915534000000 1450
10087 923154000000 1450
10171 930057000000 1450
10240 937320000000 1450
10321 945198000000 1450
10390 950838000000 1450
10471 959106000000 1450
10540 964600000000 1450
10621 972904000000 1450
10693 978858000000 1450
10771 986910000000 1450
10840 992334000000 1450
