111 13668000000 1358
261 27186000000 1358
399 40368000000 1358
549 53886000000 1358
696 67362000000 1358
834 80544000000 1358
984 92992000000 1358
1122 105228000000 1358
1257 118368000000 1358
1407 131886000000 1358
1557 145292000000 1358
1695 158586000000 1358
1842 172062000000 1358
1980 185244000000 1358
2130 197694000000 1358
2268 209928000000 1358
2403 223068000000 1358
2553 236586000000 1358
2703 250104000000 1358
2841 263286000000 1358
2991 276804000000 1358
3138 290196000000 1358
3276 301964000000 1358
3414 314412000000 1358
3552 327594000000 1358
3699 341070000000 1358
3849 354588000000 1358
3987 367770000000 1358
4137 381288000000 1358
4284 394764000000 1358
4422 406234000000 1358
4560 418896000000 1358
4710 432386000000 1358
4845 445554000000 1358
4995 459072000000 1358
5133 472282000000 1358
5283 485772000000 1358
5433 499076000000 1358
5568 510718000000 1358
5706 523380000000 1358
5856 536898000000 1358
5994 550080000000 1358
6141 563556000000 1358
6291 577074000000 1358
6429 590256000000 1358
6579 603346000000 1358
6714 615044000000 1358
6852 627864000000 1358
7002 641382000000 1358
7140 654564000000 1358
7287 668040000000 1358
7437 681558000000 1358
7575 694740000000 1358
7725 707616000000 1358
7875 719636000000 1358
7998 732348000000 1358
8148 745866000000 1358
8286 759132000000 1358
8436 772566000000 1358
8583 786042000000 1358
8721 799224000000 1358
8871 811886000000 1358
9021 823906000000 1358
9144 836832000000 1358
9294 850350000000 1358
9444 863868000000 1358
9582 877050000000 1358
9729 890526000000 1358
9867 903820000000 1358
10017 916156000000 1358
10155 928176000000 1358
10290 941358000000 1358
10440 954834000000 1358
10590 968352000000 1358
10728 981534000000 1358
10878 995052000000 1358
