115 14904000000 1358
265 28422000000 1358
403 41940000000 1358
553 55122000000 1358
700 68598000000 1358
838 82116000000 1358
988 95084000000 1358
1126 106890000000 1358
1261 119556000000 1358
1411 132906000000 1358
1561 146424000000 1358
1699 159606000000 1358
1846 173082000000 1358
1984 186600000000 1358
2134 199354000000 1358
2272 211160000000 1358
2407 224250000000 1358
2557 237390000000 1358
2707 250908000000 1358
2845 264314000000 1358
2995 277608000000 1358
3142 291084000000 1358
3280 303624000000 1358
3418 315644000000 1358
3556 328734000000 1358
3703 341874000000 1358
3853 355392000000 1358
3991 368910000000 1358
4141 382092000000 1358
4288 395568000000 1358
4426 408146000000 1358
4564 419914000000 1358
4714 433218000000 1358
4849 446400000000 1358
4999 459876000000 1358
5137 473394000000 1358
5287 486576000000 1358
5437 500094000000 1358
5572 512500000000 1358
5710 524184000000 1358
5860 537702000000 1358
5998 551164000000 1358
6145 564360000000 1358
6295 577878000000 1358
6433 591060000000 1358
6583 604578000000 1358
6718 616770000000 1358
6856 628668000000 1358
7006 642186000000 1358
7144 655704000000 1358
7291 668844000000 1358
7441 682362000000 1358
7579 695880000000 1358
7729 709062000000 1358
7879 721296000000 1358
8002 733208000000 1358
8152 746670000000 1358
8290 760188000000 1358
8440 773370000000 1358
8587 786846000000 1358
8725 800364000000 1358
8875 813546000000 1358
9025 825566000000 1358
9148 837972000000 1358
9298 851154000000 1358
9448 864672000000 1358
9586 877938000000 1358
9733 891330000000 1358
9871 904848000000 1358
10021 917816000000 1358
10159 929836000000 1358
10294 942498000000 1358
10444 955638000000 1358
10594 969156000000 1358
10732 982674000000 1358
10882 995856000000 1358
