114 14703000000 1358
264 28221000000 1358
402 41739000000 1358
552 54921000000 1358
699 68397000000 1358
837 81831000000 1358
987 94669000000 1358
1125 106475000000 1358
1260 119187000000 1358
1410 132705000000 1358
1560 146223000000 1358
1698 159405000000 1358
1845 172881000000 1358
1983 186399000000 1358
2133 198939000000 1358
2271 210959000000 1358
2406 223993000000 1358
2556 237189000000 1358
2706 250707000000 1358
2844 263889000000 1358
2994 277407000000 1358
3141 290883000000 1358
3279 303209000000 1358
3417 315229000000 1358
3555 328533000000 1358
3702 341673000000 1358
3852 355191000000 1358
3990 368709000000 1358
4140 381891000000 1358
4287 395367000000 1358
4425 407535000000 1358
4563 419499000000 1358
4713 433017000000 1358
4848 446157000000 1358
4998 459675000000 1358
5136 473193000000 1358
5286 486375000000 1358
5436 499893000000 1358
5571 512085000000 1358
5709 523983000000 1358
5859 537501000000 1358
5997 550767000000 1358
6144 564159000000 1358
6294 577677000000 1358
6432 590859000000 1358
6582 604377000000 1358
6717 616355000000 1358
6855 628467000000 1358
7005 641985000000 1358
7143 655503000000 1358
7290 668643000000 1358
7440 682161000000 1358
7578 695455000000 1358
7728 708861000000 1358
7878 720881000000 1358
8001 732951000000 1358
8151 746469000000 1358
8289 759987000000 1358
8439 773169000000 1358
8586 786645000000 1358
8724 800163000000 1358
8874 813131000000 1358
9024 825151000000 1358
9147 837575000000 1358
9297 850953000000 1358
9447 864471000000 1358
9585 877653000000 1358
9732 891129000000 1358
9870 904647000000 1358
10020 917401000000 1358
10158 929421000000 1358
10293 942297000000 1358
10443 955437000000 1358
10593 968955000000 1358
10731 982333000000 1358
10881 995655000000 1358
