120 16459000000 1358
270 29427000000 1358
408 42945000000 1358
558 56463000000 1358
705 69603000000 1358
843 83121000000 1358
993 96639000000 1358
1131 108965000000 1358
1266 120943000000 1358
1416 133967000000 1358
1566 147429000000 1358
1704 160947000000 1358
1851 174087000000 1358
1989 187605000000 1358
2139 201123000000 1358
2277 213235000000 1358
2412 225255000000 1358
2562 238731000000 1358
2712 251913000000 1358
2850 265431000000 1358
3000 278697000000 1358
3147 292089000000 1358
3285 305607000000 1358
3423 317505000000 1358
3561 329739000000 1358
3708 343215000000 1358
3858 356397000000 1358
3996 369915000000 1358
4146 383433000000 1358
4293 396573000000 1358
4431 410091000000 1358
4569 421915000000 1358
4719 434223000000 1358
4854 447741000000 1358
5004 460881000000 1358
5142 474399000000 1358
5292 487917000000 1358
5442 501099000000 1358
5577 514575000000 1358
5715 526595000000 1358
5865 538707000000 1358
6003 552225000000 1358
6150 565533000000 1358
6300 578883000000 1358
6438 592401000000 1358
6588 605583000000 1358
6723 618845000000 1358
6861 630865000000 1358
7011 643191000000 1358
7149 656709000000 1358
7296 670227000000 1358
7446 683367000000 1358
7584 696885000000 1358
7734 710263000000 1358
7884 723157000000 1358
8007 735135000000 1358
8157 747675000000 1358
8295 761193000000 1358
8445 774711000000 1358
8592 787851000000 1358
8730 801369000000 1358
8880 814887000000 1358
9030 827427000000 1358
9153 839405000000 1358
9303 852411000000 1358
9453 865677000000 1358
9591 879195000000 1358
9738 892377000000 1358
9876 905853000000 1358
10026 919371000000 1358
10164 931697000000 1358
10299 943717000000 1358
10449 956979000000 1358
10599 970161000000 1358
10737 983679000000 1358
10887 997141000000 1358
