5 1905000000 160
20 3612000000 160
32 5319000000 160
47 7026000000 160
74 10578000000 160
86 10914000000 160
101 12147000000 160
128 15177000000 160
152 19287000000 160
170 20313000000 160
185 21297000000 160
197 21633000000 160
224 24971000000 160
239 26169000000 160
251 26505000000 160
278 29700000000 160
305 33025000000 160
317 33789000000 160
332 34773000000 160
350 35785000000 160
374 38061000000 160
389 39687000000 160
416 40857000000 160
428 43419000000 160
455 46115000000 160
470 47523000000 160
482 48291000000 160
497 49275000000 160
524 51109000000 160
539 53205000000 160
566 55596000000 160
578 56937000000 160
605 59205000000 160
620 61473000000 160
632 61809000000 160
647 62793000000 160
674 64847000000 160
686 66681000000 160
713 70077000000 160
731 71103000000 160
755 72295000000 160
770 74991000000 160
785 75975000000 160
797 76311000000 160
824 77723000000 160
851 81450000000 160
863 83595000000 160
878 84579000000 160
905 85777000000 160
920 88509000000 160
935 89493000000 160
950 90261000000 160
962 90813000000 160
1001 96174000000 160
1016 97329000000 160
1028 98097000000 160
1043 99081000000 160
1070 102201000000 160
1082 102969000000 160
1100 103995000000 160
1112 104331000000 160
1151 110295000000 160
1166 111279000000 160
1178 111615000000 160
1193 112599000000 160
1220 115937000000 160
1232 116487000000 160
1247 117471000000 160
1274 119259000000 160
1301 123385000000 160
1316 124797000000 160
1331 125781000000 160
1343 126117000000 160
1370 129027000000 160
1385 130653000000 160
1397 130989000000 160
1424 133983000000 160
1451 137081000000 160
1463 138273000000 160
1481 139299000000 160
1496 140067000000 160
1520 142117000000 160
1535 144171000000 160
1550 144939000000 160
1574 147903000000 160
1601 150171000000 160
1616 152007000000 160
1628 152775000000 160
1643 153759000000 160
1670 155207000000 160
1685 157689000000 160
1712 159879000000 160
1724 161421000000 160
1751 163047000000 160
1766 165957000000 160
1778 166293000000 160
1793 167277000000 160
1820 168689000000 160
1832 171165000000 160
1862 174402000000 160
1877 175587000000 160
1901 176137000000 160
1916 179475000000 160
1931 180459000000 160
1943 180795000000 160
1958 181779000000 160
1997 185532000000 160
2009 188079000000 160
2024 189063000000 160
2042 190061000000 160
2066 192993000000 160
2081 193977000000 160
2096 194745000000 160
2108 195297000000 160
2147 200256000000 160
2162 201813000000 160
2174 202581000000 160
2189 203565000000 160
2216 206255000000 160
2231 207495000000 160
2246 208479000000 160
2258 208815000000 160
2297 214351000000 160
2312 215763000000 160
2324 216099000000 160
2339 217083000000 160
2366 219993000000 160
2378 220971000000 160
2393 221955000000 160
2423 223584000000 160
2447 227441000000 160
2462 229281000000 160
2477 230265000000 160
2489 230601000000 160
2516 233083000000 160
2531 235137000000 160
2543 235473000000 160
2570 238065000000 160
2597 241137000000 160
2612 242799000000 160
2627 243783000000 160
2642 244551000000 160
2666 246173000000 160
2681 248655000000 160
2696 249207000000 160
2720 252387000000 160
2747 254013000000 160
2762 256491000000 160
2774 257259000000 160
2792 258285000000 160
2816 259049000000 160
2831 262173000000 160
2858 263961000000 160
2870 265905000000 160
2897 267103000000 160
2912 270441000000 160
2924 270777000000 160
2939 271761000000 160
2954 272745000000 160
2981 275691000000 160
3008 278685000000 160
3023 280071000000 160
3035 280407000000 160
3062 283959000000 160
3077 284943000000 160
3089 285279000000 160
3104 286263000000 160
3131 289815000000 160
3155 292563000000 160
3173 293589000000 160
3188 294357000000 160
3212 297263000000 160
3227 298461000000 160
3242 299229000000 160
3254 299781000000 160
3293 304111000000 160
3308 306297000000 160
3320 307065000000 160
3335 308049000000 160
3362 310353000000 160
3377 311979000000 160
3392 312963000000 160
3404 313299000000 160
3443 318206000000 160
3458 320247000000 160
3470 320583000000 160
3485 321567000000 160
3512 324049000000 160
3524 325455000000 160
3542 326481000000 160
3569 327666000000 160
3593 331497000000 160
3608 333765000000 160
3623 334749000000 160
3635 335085000000 160
3662 336925000000 160
3677 339621000000 160
3689 339957000000 160
3716 342348000000 160
3746 344979000000 160
3758 347283000000 160
3773 348267000000 160
3788 349035000000 160
3812 350015000000 160
3827 353139000000 160
3842 353691000000 160
3866 356871000000 160
3893 358069000000 160
3908 360759000000 160
3923 361785000000 160
3938 362769000000 160
3950 363105000000 160
3977 366657000000 160
4004 368244000000 160
4016 370389000000 160
4031 371373000000 160
4058 374925000000 160
4070 375261000000 160
4085 376245000000 160
4103 377271000000 160
4127 380175000000 160
4154 382767000000 160
4169 384555000000 160
4181 384891000000 160
4208 388229000000 160
4223 389427000000 160
4235 389763000000 160
4250 390747000000 160
4277 393871000000 160
4304 397089000000 160
4319 398073000000 160
4334 398841000000 160
4358 401319000000 160
4373 402945000000 160
4388 403497000000 160
4400 404265000000 160
4439 407765000000 160
4454 410781000000 160
4466 411549000000 160
4484 412575000000 160
4508 414409000000 160
4523 416463000000 160
4538 417447000000 160
4550 417783000000 160
4589 421847000000 160
4604 424731000000 160
4616 425067000000 160
4631 426051000000 160
4658 427891000000 160
4673 429981000000 160
4688 430965000000 160
4703 431949000000 160
4739 435339000000 160
4754 438249000000 160
4769 439233000000 160
4781 439569000000 160
4808 440981000000 160
4823 444105000000 160
4835 444441000000 160
4865 446472000000 160
4892 448861000000 160
4904 451767000000 160
4919 452751000000 160
4934 453519000000 160
4946 454071000000 160
4973 457623000000 160
4988 458175000000 160
5012 461154000000 160
5027 462339000000 160
5054 465285000000 160
5069 466269000000 160
5084 467253000000 160
5096 467589000000 160
5123 471141000000 160
5150 472326000000 160
5162 474873000000 160
5177 475857000000 160
5204 479195000000 160
5216 479745000000 160
5234 480771000000 160
5249 481755000000 160
5273 484231000000 160
5300 487050000000 160
5315 489039000000 160
5327 489375000000 160
5354 492285000000 160
5369 493911000000 160
5381 494247000000 160
5396 495231000000 160
5426 497927000000 160
5450 501573000000 160
5465 502557000000 160
5480 503325000000 160
5504 505375000000 160
5519 507429000000 160
5534 507981000000 160
5546 508749000000 160
5585 511406000000 160
5600 515049000000 160
5615 516075000000 160
5630 517059000000 160
5654 518251000000 160
5669 520947000000 160
5684 521931000000 160
5696 522267000000 160
5735 525501000000 160
5750 529215000000 160
5762 529551000000 160
5777 530535000000 160
5807 531989000000 160
5819 534465000000 160
5834 535449000000 160
5849 536433000000 160
5885 539395000000 160
5900 542733000000 160
5915 543717000000 160
5927 544053000000 160
5942 545037000000 160
5969 548589000000 160
5984 548967000000 160
6011 550755000000 160
6026 553131000000 160
6050 556251000000 160
6065 557235000000 160
6080 557787000000 160
6092 558555000000 160
6119 562107000000 160
6134 562659000000 160
6158 565236000000 160
6176 566865000000 160
6200 569555000000 160
6215 570753000000 160
6230 571737000000 160
6242 572073000000 160
6269 575197000000 160
6284 576609000000 160
6308 579357000000 160
6323 580341000000 160
6350 583251000000 160
6365 584271000000 160
6380 585255000000 160
6395 586239000000 160
6419 588287000000 160
6446 591132000000 160
6461 593523000000 160
6473 593859000000 160
6500 596127000000 160
6515 598395000000 160
6527 598731000000 160
6545 599757000000 160
6572 601595000000 160
6596 605856000000 160
6611 607041000000 160
6626 607809000000 160
6650 609217000000 160
6665 611913000000 160
6680 612465000000 160
6692 613233000000 160
6731 615060000000 160
6746 619575000000 160
6761 620559000000 160
6776 621543000000 160
6800 622307000000 160
6815 625431000000 160
6830 626415000000 160
6842 626751000000 160
6881 629356000000 160
6896 633699000000 160
6908 634035000000 160
6926 635061000000 160
6941 636045000000 160
6965 638949000000 160
6980 639933000000 160
6995 640917000000 160
7019 643665000000 160
7046 647217000000 160
7061 648201000000 160
7073 648537000000 160
7088 649521000000 160
7118 652857000000 160
7130 653451000000 160
7157 654837000000 160
7172 657615000000 160
7196 660521000000 160
7211 661719000000 160
7226 662271000000 160
7238 663039000000 160
7265 666163000000 160
7280 666927000000 160
7307 669561000000 160
7322 671349000000 160
7346 673611000000 160
7361 675237000000 160
7376 676221000000 160
7388 676557000000 160
7415 679039000000 160
7430 681093000000 160
7454 683841000000 160
7469 684825000000 160
7499 687135000000 160
7511 688755000000 160
7526 689739000000 160
7541 690723000000 160
7565 692129000000 160
7592 695415000000 160
7607 698007000000 160
7619 698343000000 160
7646 700183000000 160
7661 702879000000 160
7676 703257000000 160
7691 704241000000 160
7718 705651000000 160
7742 709938000000 160
7757 711525000000 160
7772 712077000000 160
7796 713273000000 160
7811 716397000000 160
7826 716949000000 160
7838 717717000000 160
7868 718957000000 160
7892 724059000000 160
7907 725043000000 160
7922 726027000000 160
7934 726363000000 160
7961 729915000000 160
7976 730899000000 160
7988 731235000000 160
8015 733224000000 160
8042 738183000000 160
8057 738561000000 160
8072 739545000000 160
8087 740529000000 160
8111 743433000000 160
8126 744417000000 160
8141 745401000000 160
8165 747948000000 160
8192 751487000000 160
8207 752685000000 160
8219 753021000000 160
8237 754047000000 160
8264 756955000000 160
8276 757935000000 160
8303 759120000000 160
8318 761883000000 160
8342 764577000000 160
8357 766203000000 160
8372 766755000000 160
8384 767523000000 160
8411 770005000000 160
8426 771453000000 160
8453 773643000000 160
8468 775833000000 160
8492 777453000000 160
8507 779721000000 160
8522 780705000000 160
8534 781041000000 160
8561 783095000000 160
8576 785577000000 160
8600 788325000000 160
8618 789351000000 160
8645 791191000000 160
8657 793239000000 160
8672 794223000000 160
8687 795207000000 160
8711 796185000000 160
8738 799497000000 160
8753 802491000000 160
8765 802827000000 160
8792 804239000000 160
8810 807147000000 160
8822 807741000000 160
8837 808725000000 160
8864 809707000000 160
8888 814221000000 160
8903 816009000000 160
8918 816561000000 160
8930 817329000000 160
8957 820881000000 160
8969 821217000000 160
8987 822243000000 160
9002 823227000000 160
9038 828543000000 160
9053 829527000000 160
9068 830511000000 160
9080 830847000000 160
9107 834399000000 160
9122 835383000000 160
9134 835719000000 160
9161 837507000000 160
9191 842495000000 160
9203 843045000000 160
9218 844029000000 160
9233 845013000000 160
9257 847489000000 160
9272 848901000000 160
9287 849885000000 160
9311 852030000000 160
9338 855329000000 160
9353 857169000000 160
9368 857547000000 160
9383 858531000000 160
9410 860797000000 160
9422 862419000000 160
9437 863403000000 160
9464 866367000000 160
9488 868419000000 160
9503 870687000000 160
9518 871023000000 160
9530 872007000000 160
9560 874103000000 160
9572 875937000000 160
9599 877926000000 160
9614 880317000000 160
9638 881509000000 160
9653 884205000000 160
9668 885189000000 160
9680 885525000000 160
9707 887151000000 160
9722 890061000000 160
9749 892449000000 160
9764 893835000000 160
9791 895247000000 160
9803 897723000000 160
9818 898707000000 160
9833 899691000000 160
9857 900241000000 160
9884 903780000000 160
9899 906975000000 160
9911 907311000000 160
9929 908337000000 160
9956 911673000000 160
9968 912225000000 160
9983 913209000000 160
9998 913761000000 160
10034 918303000000 160
10049 920493000000 160
10064 921045000000 160
10076 921813000000 160
10103 925365000000 160
10118 925743000000 160
10133 926727000000 160
10148 927711000000 160
10184 932813000000 160
10199 934011000000 160
10214 934995000000 160
10226 935331000000 160
10253 938241000000 160
10268 939867000000 160
10280 940203000000 160
10310 941631000000 160
10337 946337000000 160
10349 947529000000 160
10364 948513000000 160
10379 949497000000 160
10403 951331000000 160
10418 953385000000 160
10433 954369000000 160
10457 956313000000 160
10484 959385000000 160
10502 961437000000 160
10514 962031000000 160
10529 963015000000 160
10556 964853000000 160
10568 966903000000 160
10583 967887000000 160
10610 970851000000 160
10634 972475000000 160
10649 975171000000 160
10661 975507000000 160
10679 976533000000 160
10706 978159000000 160
10718 980421000000 160
10745 982008000000 160
10760 984801000000 160
10784 985565000000 160
10799 988689000000 160
10814 989673000000 160
10826 990009000000 160
10853 991207000000 160
10871 994587000000 160
10895 996732000000 160
10910 998319000000 160
10925 999303000000 160
