6 1933000000 160
21 3640000000 160
33 5347000000 160
48 7054000000 160
75 10606000000 160
87 10942000000 160
102 12175000000 160
129 15205000000 160
153 19315000000 160
171 20341000000 160
186 21325000000 160
198 21661000000 160
225 25213000000 160
240 26197000000 160
252 26533000000 160
279 29929000000 160
306 33053000000 160
318 33817000000 160
333 34801000000 160
351 35827000000 160
375 38089000000 160
390 39715000000 160
417 40885000000 160
429 43447000000 160
456 46143000000 160
471 47551000000 160
483 48319000000 160
498 49303000000 160
525 51353000000 160
540 53233000000 160
567 55624000000 160
579 56965000000 160
606 59233000000 160
621 61501000000 160
633 61837000000 160
648 62821000000 160
675 64875000000 160
687 66709000000 160
714 70105000000 160
732 71131000000 160
756 72323000000 160
771 75019000000 160
786 76003000000 160
798 76339000000 160
825 77965000000 160
852 81478000000 160
864 83623000000 160
879 84607000000 160
906 85805000000 160
921 88537000000 160
936 89521000000 160
951 90289000000 160
963 90841000000 160
1002 96202000000 160
1017 97573000000 160
1029 98125000000 160
1044 99109000000 160
1071 102229000000 160
1083 102997000000 160
1101 104023000000 160
1113 104359000000 160
1152 110323000000 160
1167 111307000000 160
1179 111643000000 160
1194 112627000000 160
1221 115965000000 160
1233 116515000000 160
1248 117499000000 160
1275 119488000000 160
1302 123413000000 160
1317 124825000000 160
1332 125809000000 160
1344 126145000000 160
1371 129055000000 160
1386 130681000000 160
1398 131017000000 160
1425 134011000000 160
1452 137109000000 160
1464 138301000000 160
1482 139327000000 160
1497 140311000000 160
1521 142145000000 160
1536 144199000000 160
1551 144967000000 160
1575 147931000000 160
1602 150199000000 160
1617 152035000000 160
1629 152803000000 160
1644 153787000000 160
1671 155235000000 160
1686 157717000000 160
1713 159907000000 160
1725 161449000000 160
1752 163289000000 160
1767 165985000000 160
1779 166321000000 160
1794 167305000000 160
1821 168717000000 160
1833 171193000000 160
1863 174430000000 160
1878 175615000000 160
1902 176165000000 160
1917 179503000000 160
1932 180487000000 160
1944 180823000000 160
1959 181807000000 160
1998 185761000000 160
2010 188107000000 160
2025 189091000000 160
2043 190117000000 160
2067 193021000000 160
2082 194005000000 160
2097 194773000000 160
2109 195325000000 160
2148 200284000000 160
2163 201841000000 160
2175 202609000000 160
2190 203593000000 160
2217 206499000000 160
2232 207523000000 160
2247 208507000000 160
2259 208843000000 160
2298 214379000000 160
2313 215791000000 160
2325 216127000000 160
2340 217111000000 160
2367 220021000000 160
2379 220999000000 160
2394 221983000000 160
2424 223612000000 160
2448 227469000000 160
2463 229309000000 160
2478 230293000000 160
2490 230629000000 160
2517 233111000000 160
2532 235165000000 160
2544 235501000000 160
2571 238294000000 160
2598 241165000000 160
2613 242827000000 160
2628 243811000000 160
2643 244579000000 160
2667 246201000000 160
2682 248683000000 160
2697 249451000000 160
2721 252415000000 160
2748 254255000000 160
2763 256519000000 160
2775 257287000000 160
2793 258313000000 160
2817 259077000000 160
2832 262201000000 160
2859 263989000000 160
2871 265933000000 160
2898 267131000000 160
2913 270469000000 160
2925 270805000000 160
2940 271789000000 160
2955 272773000000 160
2982 275719000000 160
3009 278713000000 160
3024 280099000000 160
3036 280435000000 160
3063 283987000000 160
3078 284971000000 160
3090 285307000000 160
3105 286291000000 160
3132 289843000000 160
3156 292591000000 160
3174 293617000000 160
3189 294385000000 160
3213 297291000000 160
3228 298489000000 160
3243 299257000000 160
3255 299809000000 160
3294 304139000000 160
3309 306325000000 160
3321 307093000000 160
3336 308077000000 160
3363 310381000000 160
3378 312007000000 160
3393 312991000000 160
3405 313327000000 160
3444 318234000000 160
3459 320275000000 160
3471 320611000000 160
3486 321595000000 160
3513 324077000000 160
3525 325483000000 160
3543 326509000000 160
3570 327694000000 160
3594 331525000000 160
3609 333793000000 160
3624 334777000000 160
3636 335113000000 160
3663 337167000000 160
3678 339649000000 160
3690 339985000000 160
3717 342376000000 160
3747 345035000000 160
3759 347311000000 160
3774 348295000000 160
3789 349063000000 160
3813 350043000000 160
3828 353167000000 160
3843 353719000000 160
3867 356899000000 160
3894 358097000000 160
3909 361003000000 160
3924 361813000000 160
3939 362797000000 160
3951 363133000000 160
3978 366685000000 160
4005 368272000000 160
4017 370417000000 160
4032 371401000000 160
4059 374953000000 160
4071 375289000000 160
4086 376273000000 160
4104 377299000000 160
4128 380203000000 160
4155 382795000000 160
4170 384583000000 160
4182 384919000000 160
4209 388257000000 160
4224 389455000000 160
4236 389791000000 160
4251 390775000000 160
4278 393899000000 160
4305 397117000000 160
4320 398101000000 160
4335 398869000000 160
4359 401347000000 160
4374 402973000000 160
4389 403525000000 160
4401 404293000000 160
4440 407793000000 160
4455 410809000000 160
4467 411577000000 160
4485 412603000000 160
4509 414437000000 160
4524 416491000000 160
4539 417475000000 160
4551 417811000000 160
4590 422089000000 160
4605 424759000000 160
4617 425095000000 160
4632 426079000000 160
4659 427919000000 160
4674 430009000000 160
4689 430993000000 160
4704 431977000000 160
4740 435367000000 160
4755 438277000000 160
4770 439261000000 160
4782 439597000000 160
4809 441009000000 160
4824 444133000000 160
4836 444469000000 160
4866 446701000000 160
4893 448889000000 160
4905 451795000000 160
4920 452779000000 160
4935 453547000000 160
4947 454099000000 160
4974 457651000000 160
4989 458203000000 160
5013 461182000000 160
5028 462367000000 160
5055 465313000000 160
5070 466297000000 160
5085 467281000000 160
5097 467617000000 160
5124 471169000000 160
5151 472354000000 160
5163 474901000000 160
5178 475885000000 160
5205 479223000000 160
5217 479773000000 160
5235 480799000000 160
5250 481783000000 160
5274 484259000000 160
5301 487078000000 160
5316 489067000000 160
5328 489403000000 160
5355 492313000000 160
5370 493939000000 160
5382 494275000000 160
5397 495259000000 160
5427 497969000000 160
5451 501601000000 160
5466 502585000000 160
5481 503353000000 160
5505 505403000000 160
5520 507457000000 160
5535 508009000000 160
5547 508777000000 160
5586 511648000000 160
5601 515077000000 160
5616 516103000000 160
5631 517087000000 160
5655 518279000000 160
5670 520975000000 160
5685 521959000000 160
5697 522295000000 160
5736 525529000000 160
5751 529243000000 160
5763 529579000000 160
5778 530563000000 160
5808 532017000000 160
5820 534493000000 160
5835 535477000000 160
5850 536461000000 160
5886 539423000000 160
5901 542761000000 160
5916 543745000000 160
5928 544081000000 160
5943 545065000000 160
5970 548617000000 160
5985 548995000000 160
6012 550783000000 160
6027 553159000000 160
6051 556279000000 160
6066 557263000000 160
6081 557815000000 160
6093 558583000000 160
6120 562135000000 160
6135 562687000000 160
6159 565465000000 160
6177 566893000000 160
6201 569583000000 160
6216 570781000000 160
6231 571765000000 160
6243 572101000000 160
6270 575225000000 160
6285 576637000000 160
6309 579385000000 160
6324 580369000000 160
6351 583279000000 160
6366 584299000000 160
6381 585283000000 160
6396 586267000000 160
6420 588315000000 160
6447 591160000000 160
6462 593551000000 160
6474 593887000000 160
6501 596369000000 160
6516 598423000000 160
6528 598759000000 160
6546 599785000000 160
6573 601623000000 160
6597 605884000000 160
6612 607069000000 160
6627 607837000000 160
6651 609245000000 160
6666 611941000000 160
6681 612493000000 160
6693 613261000000 160
6732 615088000000 160
6747 619603000000 160
6762 620587000000 160
6777 621571000000 160
6801 622335000000 160
6816 625459000000 160
6831 626443000000 160
6843 626779000000 160
6882 629384000000 160
6897 633727000000 160
6909 634063000000 160
6927 635089000000 160
6942 636073000000 160
6966 638977000000 160
6981 639961000000 160
6996 640945000000 160
7020 643693000000 160
7047 647245000000 160
7062 648229000000 160
7074 648565000000 160
7089 649549000000 160
7119 653115000000 160
7131 653479000000 160
7158 654865000000 160
7173 657643000000 160
7197 660549000000 160
7212 661747000000 160
7227 662299000000 160
7239 663067000000 160
7266 666191000000 160
7281 666955000000 160
7308 669589000000 160
7323 671377000000 160
7347 673639000000 160
7362 675265000000 160
7377 676249000000 160
7389 676585000000 160
7416 679281000000 160
7431 681121000000 160
7455 683869000000 160
7470 684853000000 160
7500 687163000000 160
7512 688783000000 160
7527 689767000000 160
7542 690751000000 160
7566 692157000000 160
7593 695443000000 160
7608 698035000000 160
7620 698371000000 160
7647 700211000000 160
7662 702907000000 160
7677 703285000000 160
7692 704269000000 160
7719 705679000000 160
7743 709966000000 160
7758 711553000000 160
7773 712105000000 160
7797 713301000000 160
7812 716425000000 160
7827 716977000000 160
7839 717745000000 160
7869 718985000000 160
7893 724087000000 160
7908 725071000000 160
7923 726055000000 160
7935 726391000000 160
7962 729943000000 160
7977 730927000000 160
7989 731263000000 160
8016 733252000000 160
8043 738211000000 160
8058 738589000000 160
8073 739573000000 160
8088 740557000000 160
8112 743461000000 160
8127 744445000000 160
8142 745429000000 160
8166 747976000000 160
8193 751515000000 160
8208 752713000000 160
8220 753049000000 160
8238 754075000000 160
8265 756983000000 160
8277 757963000000 160
8304 759148000000 160
8319 762127000000 160
8343 764605000000 160
8358 766231000000 160
8373 766783000000 160
8385 767551000000 160
8412 770247000000 160
8427 771481000000 160
8454 773872000000 160
8469 775861000000 160
8493 777481000000 160
8508 779749000000 160
8523 780733000000 160
8535 781069000000 160
8562 783123000000 160
8577 785605000000 160
8601 788353000000 160
8619 789379000000 160
8646 791219000000 160
8658 793267000000 160
8673 794251000000 160
8688 795235000000 160
8712 796213000000 160
8739 799525000000 160
8754 802519000000 160
8766 802855000000 160
8793 804267000000 160
8811 807391000000 160
8823 807769000000 160
8838 808753000000 160
8865 809735000000 160
8889 814249000000 160
8904 816037000000 160
8919 816589000000 160
8931 817357000000 160
8958 820909000000 160
8970 821245000000 160
8988 822271000000 160
9003 823255000000 160
9039 828571000000 160
9054 829555000000 160
9069 830539000000 160
9081 830875000000 160
9108 834427000000 160
9123 835411000000 160
9135 835747000000 160
9162 837535000000 160
9192 842523000000 160
9204 843073000000 160
9219 844057000000 160
9234 845041000000 160
9258 847517000000 160
9273 848929000000 160
9288 849913000000 160
9312 852058000000 160
9339 855571000000 160
9354 857197000000 160
9369 857575000000 160
9384 858559000000 160
9411 860825000000 160
9423 862447000000 160
9438 863431000000 160
9465 866395000000 160
9489 868447000000 160
9504 870715000000 160
9519 871267000000 160
9531 872035000000 160
9561 874131000000 160
9573 875965000000 160
9600 877954000000 160
9615 880345000000 160
9639 881537000000 160
9654 884233000000 160
9669 885217000000 160
9681 885553000000 160
9708 887179000000 160
9723 890089000000 160
9750 892678000000 160
9765 893863000000 160
9792 895275000000 160
9804 897751000000 160
9819 898735000000 160
9834 899719000000 160
9858 900269000000 160
9885 903808000000 160
9900 907003000000 160
9912 907339000000 160
9930 908365000000 160
9957 911701000000 160
9969 912253000000 160
9984 913237000000 160
9999 914005000000 160
10035 918331000000 160
10050 920521000000 160
10065 921073000000 160
10077 921841000000 160
10104 925393000000 160
10119 925771000000 160
10134 926755000000 160
10149 927739000000 160
10185 932841000000 160
10200 934039000000 160
10215 935023000000 160
10227 935359000000 160
10254 938483000000 160
10269 939895000000 160
10281 940231000000 160
10311 941659000000 160
10338 946579000000 160
10350 947557000000 160
10365 948541000000 160
10380 949525000000 160
10404 951359000000 160
10419 953413000000 160
10434 954397000000 160
10458 956341000000 160
10485 959413000000 160
10503 961465000000 160
10515 962059000000 160
10530 963043000000 160
10557 964881000000 160
10569 966931000000 160
10584 967915000000 160
10611 970879000000 160
10635 972503000000 160
10650 975199000000 160
10662 975535000000 160
10680 976561000000 160
10707 978187000000 160
10719 980449000000 160
10746 982036000000 160
10761 984829000000 160
10785 985593000000 160
10800 988717000000 160
10815 989701000000 160
10827 990037000000 160
10854 991235000000 160
10872 994615000000 160
10896 996760000000 160
10911 998347000000 160
10926 999331000000 160
