13 3276000000 1464
40 6024000000 1464
67 9657000000 1464
94 11619000000 1464
109 14094000000 1464
160 19992000000 1464
178 21018000000 1464
205 22552000000 1464
232 25890000000 1464
259 27411000000 1464
298 32318000000 1464
325 34494000000 1464
340 35478000000 1464
382 39408000000 1464
397 40649000000 1464
436 44338000000 1464
463 47900000000 1464
490 48996000000 1464
517 52028000000 1464
547 54111000000 1464
586 57642000000 1464
613 61194000000 1464
640 62514000000 1464
655 63498000000 1464
694 67587000000 1464
721 70782000000 1464
763 73856000000 1464
778 75696000000 1464
805 77016000000 1464
832 80769000000 1464
871 84300000000 1464
886 85284000000 1464
928 89214000000 1464
943 90198000000 1464
982 93217000000 1464
1009 97650000000 1464
1036 98802000000 1464
1063 102690000000 1464
1090 103674000000 1464
1120 105036000000 1464
1159 111000000000 1464
1186 112320000000 1464
1213 114802000000 1464
1240 117192000000 1464
1255 118176000000 1464
1309 124518000000 1464
1324 125502000000 1464
1351 126822000000 1464
1378 130374000000 1464
1405 131694000000 1464
1444 136374000000 1464
1471 138978000000 1464
1489 140004000000 1464
1528 143892000000 1464
1543 144988000000 1464
1582 148608000000 1464
1609 152440000000 1464
1636 153480000000 1464
1678 156126000000 1464
1693 158394000000 1464
1732 162126000000 1464
1759 165678000000 1464
1786 166998000000 1464
1801 167982000000 1464
1840 171870000000 1464
1870 175308000000 1464
1909 177698000000 1464
1924 180180000000 1464
1951 181500000000 1464
1978 185052000000 1464
2017 188784000000 1464
2032 189768000000 1464
2074 193698000000 1464
2089 194738000000 1464
2128 197072000000 1464
2155 202190000000 1464
2182 203286000000 1464
2209 207174000000 1464
2239 208200000000 1464
2266 209520000000 1464
2305 215484000000 1464
2332 216804000000 1464
2359 218858000000 1464
2386 221676000000 1464
2401 222660000000 1464
2455 229002000000 1464
2470 229986000000 1464
2497 231306000000 1464
2524 234858000000 1464
2551 236178000000 1464
2590 240430000000 1464
2620 243504000000 1464
2635 244516000000 1464
2674 248162000000 1464
2689 249528000000 1464
2728 253092000000 1464
2755 256980000000 1464
2782 257964000000 1464
2824 260182000000 1464
2839 262878000000 1464
2878 266610000000 1464
2905 269948000000 1464
2932 271482000000 1464
2947 272466000000 1464
2989 276396000000 1464
3016 279792000000 1464
3055 281754000000 1464
3070 284664000000 1464
3097 285984000000 1464
3124 289322000000 1464
3163 293268000000 1464
3181 294294000000 1464
3220 298182000000 1464
3235 299306000000 1464
3274 301128000000 1464
3301 306730000000 1464
3328 307770000000 1464
3370 311272000000 1464
3385 312684000000 1464
3412 314004000000 1464
3451 319968000000 1464
3478 321288000000 1464
3505 322914000000 1464
3532 326160000000 1464
3550 327186000000 1464
3601 333058000000 1464
3616 334470000000 1464
3643 335790000000 1464
3670 339342000000 1464
3697 340662000000 1464
3736 344486000000 1464
3766 347988000000 1464
3781 349056000000 1464
3820 352218000000 1464
3835 354096000000 1464
3874 357576000000 1464
3901 361464000000 1464
3931 362490000000 1464
3970 364238000000 1464
3985 367362000000 1464
4024 371094000000 1464
4051 374004000000 1464
4078 375966000000 1464
4093 376950000000 1464
4135 380880000000 1464
4162 384276000000 1464
4189 385810000000 1464
4216 389148000000 1464
4243 390468000000 1464
4270 393378000000 1464
4312 397794000000 1464
4327 398806000000 1464
4366 402666000000 1464
4381 403846000000 1464
4408 405184000000 1464
4447 411270000000 1464
4474 412254000000 1464
4516 415328000000 1464
4531 417168000000 1464
4558 418488000000 1464
4597 424452000000 1464
4624 425772000000 1464
4639 426970000000 1464
4681 430686000000 1464
4696 431670000000 1464
4747 437114000000 1464
4762 438954000000 1464
4789 440274000000 1464
4816 443826000000 1464
4843 445146000000 1464
4873 448584000000 1464
4912 452472000000 1464
4927 453596000000 1464
4966 456274000000 1464
4981 458636000000 1464
5020 462060000000 1464
5062 465990000000 1464
5077 466974000000 1464
5104 468294000000 1464
5131 471846000000 1464
5170 475578000000 1464
5197 478060000000 1464
5224 480450000000 1464
5242 481476000000 1464
5281 485364000000 1464
5308 488760000000 1464
5335 490080000000 1464
5362 493632000000 1464
5389 494952000000 1464
5416 497434000000 1464
5458 502278000000 1464
5473 503346000000 1464
5512 507150000000 1464
5527 508386000000 1464
5554 509454000000 1464
5593 515754000000 1464
5623 516780000000 1464
5662 519384000000 1464
5677 521652000000 1464
5704 522972000000 1464
5743 528936000000 1464
5770 530256000000 1464
5785 531240000000 1464
5827 535170000000 1464
5842 536154000000 1464
5893 541170000000 1464
5908 543438000000 1464
5935 544758000000 1464
5962 548310000000 1464
5992 549672000000 1464
6019 553096000000 1464
6058 556956000000 1464
6073 558136000000 1464
6112 560330000000 1464
6127 563148000000 1464
6166 566544000000 1464
6208 570474000000 1464
6223 571458000000 1464
6250 572778000000 1464
6277 576330000000 1464
6316 580062000000 1464
6343 582116000000 1464
6373 584976000000 1464
6388 585960000000 1464
6427 589848000000 1464
6454 593244000000 1464
6481 594564000000 1464
6508 598116000000 1464
6535 599436000000 1464
6565 601532000000 1464
6604 606762000000 1464
6619 607886000000 1464
6658 611634000000 1464
6673 612926000000 1464
6700 613938000000 1464
6754 620280000000 1464
6769 621264000000 1464
6808 623440000000 1464
6823 626136000000 1464
6850 627456000000 1464
6889 633206000000 1464
6916 634740000000 1464
6934 635766000000 1464
6973 639654000000 1464
6988 640638000000 1464
7039 645226000000 1464
7054 647922000000 1464
7081 649242000000 1464
7108 652580000000 1464
7138 654156000000 1464
7165 657664000000 1464
7204 661440000000 1464
7219 662676000000 1464
7258 664386000000 1464
7273 667632000000 1464
7315 671070000000 1464
7354 674744000000 1464
7369 675942000000 1464
7396 677262000000 1464
7423 680814000000 1464
7462 684546000000 1464
7489 686172000000 1464
7519 689460000000 1464
7534 690444000000 1464
7573 693904000000 1464
7600 697728000000 1464
7627 699048000000 1464
7654 702600000000 1464
7684 703962000000 1464
7711 705644000000 1464
7750 711246000000 1464
7765 712454000000 1464
7804 715690000000 1464
7819 717438000000 1464
7846 718422000000 1464
7900 724764000000 1464
7915 725748000000 1464
7954 727496000000 1464
7969 730620000000 1464
7996 731940000000 1464
8035 737262000000 1464
8065 739266000000 1464
8080 740250000000 1464
8119 744138000000 1464
8134 745122000000 1464
8185 749282000000 1464
8200 752406000000 1464
8227 753726000000 1464
8257 756678000000 1464
8284 758640000000 1464
8311 762204000000 1464
8350 765924000000 1464
8365 767244000000 1464
8392 768442000000 1464
8434 772158000000 1464
8461 775554000000 1464
8500 778800000000 1464
8515 780426000000 1464
8542 781746000000 1464
8569 785298000000 1464
8608 789030000000 1464
8626 790270000000 1464
8665 793944000000 1464
8680 794928000000 1464
8719 797960000000 1464
8746 802212000000 1464
8773 803532000000 1464
8800 807084000000 1464
8830 808446000000 1464
8845 809756000000 1464
8896 815730000000 1464
8911 816994000000 1464
8950 819746000000 1464
8977 821922000000 1464
8995 822948000000 1464
9046 829248000000 1464
9061 830232000000 1464
9088 831552000000 1464
9115 835104000000 1464
9142 836424000000 1464
9181 841318000000 1464
9211 843750000000 1464
9226 844734000000 1464
9265 848622000000 1464
9280 849606000000 1464
9319 853338000000 1464
9346 856890000000 1464
9376 858252000000 1464
9403 860790000000 1464
9430 863124000000 1464
9457 866744000000 1464
9496 870408000000 1464
9511 871728000000 1464
9538 872712000000 1464
9580 876642000000 1464
9607 880038000000 1464
9646 882856000000 1464
9661 884910000000 1464
9688 886230000000 1464
9715 889782000000 1464
9757 893556000000 1464
9772 894540000000 1464
9811 898428000000 1464
9826 899412000000 1464
9865 902016000000 1464
9892 906696000000 1464
9919 908016000000 1464
9949 911610000000 1464
9976 912930000000 1464
9991 914082000000 1464
10042 920214000000 1464
10057 921534000000 1464
10096 923802000000 1464
10126 926448000000 1464
10141 927432000000 1464
10192 933732000000 1464
10207 934716000000 1464
10234 936036000000 1464
10261 939588000000 1464
10288 940908000000 1464
10330 945416000000 1464
10357 948234000000 1464
10372 949218000000 1464
10411 953106000000 1464
10426 954090000000 1464
10465 957822000000 1464
10492 961374000000 1464
10522 962736000000 1464
10549 964902000000 1464
10576 967608000000 1464
10603 971284000000 1464
10642 974892000000 1464
10669 976212000000 1464
10687 977238000000 1464
10726 981126000000 1464
10753 984522000000 1464
10792 986698000000 1464
10807 989394000000 1464
10834 990714000000 1464
10861 994266000000 1464
10903 998040000000 1464
10918 999024000000 1464
