55 7725000000 1450
136 16680000000 1450
208 22764000000 1450
286 30600000000 1450
358 36498000000 1450
439 44550000000 1450
505 49974000000 1450
589 58284000000 1450
658 64140000000 1450
739 71802000000 1450
808 77658000000 1450
889 86122000000 1450
970 91512000000 1450
1051 99780000000 1450
1135 106281000000 1450
1201 113298000000 1450
1282 121365000000 1450
1354 127464000000 1450
1432 135084000000 1450
1504 140982000000 1450
1585 149250000000 1450
1651 154458000000 1450
1735 162768000000 1450
1804 168624000000 1450
1885 176510000000 1450
1966 182478000000 1450
2050 190788000000 1450
2116 195996000000 1450
2197 204264000000 1450
2281 210765000000 1450
2347 217782000000 1450
2431 225891000000 1450
2500 231948000000 1450
2578 239568000000 1450
2650 245466000000 1450
2731 253734000000 1450
2800 258984000000 1450
2881 267476000000 1450
2962 273444000000 1450
3043 281106000000 1450
3112 286962000000 1450
3196 295272000000 1450
3262 300480000000 1450
3343 308748000000 1450
3427 315450000000 1450
3493 322266000000 1450
3577 330576000000 1450
3646 336432000000 1450
3724 344268000000 1450
3796 349950000000 1450
3877 358470000000 1450
3958 364020000000 1450
4039 372072000000 1450
4111 377970000000 1450
4192 386022000000 1450
4258 391446000000 1450
4342 399756000000 1450
4411 405396000000 1450
4492 413274000000 1450
4573 420135000000 1450
4642 427182000000 1450
4723 435060000000 1450
4792 440944000000 1450
4876 449478000000 1450
4954 454770000000 1450
5035 463038000000 1450
5107 468936000000 1450
5185 476556000000 1450
5257 482454000000 1450
5338 490722000000 1450
5404 495930000000 1450
5488 504240000000 1450
5557 510096000000 1450
5638 517758000000 1450
5719 524820000000 1450
5788 531952000000 1450
5869 539824000000 1450
5950 545736000000 1450
6034 554046000000 1450
6100 559254000000 1450
6184 567564000000 1450
6253 573420000000 1450
6331 581040000000 1450
6403 586938000000 1450
6484 595206000000 1450
6553 600456000000 1450
6634 608724000000 1450
6703 614580000000 1450
6784 622298000000 1450
6865 629813000000 1450
6949 636744000000 1450
7027 644364000000 1450
7096 650220000000 1450
7180 658530000000 1450
7246 663738000000 1450
7330 672048000000 1450
7399 677904000000 1450
7477 685524000000 1450
7549 691422000000 1450
7630 699690000000 1450
7699 704940000000 1450
7780 713264000000 1450
7852 719414000000 1450
7942 727278000000 1450
8023 734526000000 1450
8095 741228000000 1450
8173 749064000000 1450
8245 754746000000 1450
8326 763014000000 1450
8395 768654000000 1450
8476 776532000000 1450
8545 782388000000 1450
8629 790482000000 1450
8695 795906000000 1450
8776 804258000000 1450
8848 810192000000 1450
8938 818028000000 1450
9010 824127000000 1450
9091 832194000000 1450
9169 839211000000 1450
9241 845712000000 1450
9322 853980000000 1450
9391 859230000000 1450
9472 867498000000 1450
9541 873354000000 1450
9622 881016000000 1450
9691 886872000000 1450
9775 895294000000 1450
9841 900726000000 1450
9937 909036000000 1450
10006 914892000000 1450
10084 922512000000 1450
10168 928812000000 1450
10237 936678000000 1450
10318 943938000000 1450
10387 950196000000 1450
10468 958464000000 1450
10537 963714000000 1450
10618 971982000000 1450
10690 977880000000 1450
10768 985612000000 1450
10837 991692000000 1450
