3 1849000000 160
18 3556000000 160
30 5263000000 160
45 6970000000 160
72 10522000000 160
84 10858000000 160
99 12091000000 160
126 15121000000 160
150 19231000000 160
168 20257000000 160
183 21241000000 160
195 21577000000 160
222 24915000000 160
237 26113000000 160
249 26449000000 160
276 29644000000 160
303 32969000000 160
315 33733000000 160
330 34717000000 160
348 35485000000 160
372 38005000000 160
387 39631000000 160
414 40600000000 160
426 43363000000 160
453 46059000000 160
468 47467000000 160
480 48235000000 160
495 49219000000 160
522 51053000000 160
537 53149000000 160
564 55540000000 160
576 56881000000 160
603 59149000000 160
618 61417000000 160
630 61753000000 160
645 62737000000 160
672 64577000000 160
684 66625000000 160
711 70021000000 160
729 71047000000 160
753 72025000000 160
768 74935000000 160
783 75919000000 160
795 76255000000 160
822 77667000000 160
849 81394000000 160
861 83539000000 160
876 84523000000 160
903 85721000000 160
918 88453000000 160
933 89437000000 160
948 90205000000 160
960 90757000000 160
999 95917000000 160
1014 97273000000 160
1026 98041000000 160
1041 99025000000 160
1068 101929000000 160
1080 102913000000 160
1098 103939000000 160
1110 104275000000 160
1149 110239000000 160
1164 111223000000 160
1176 111559000000 160
1191 112543000000 160
1218 115881000000 160
1230 116431000000 160
1245 117415000000 160
1272 119203000000 160
1299 123329000000 160
1314 124741000000 160
1329 125725000000 160
1341 126061000000 160
1368 128971000000 160
1383 130597000000 160
1395 130933000000 160
1422 133927000000 160
1449 137025000000 160
1461 138217000000 160
1479 139243000000 160
1494 140011000000 160
1518 142061000000 160
1533 144115000000 160
1548 144667000000 160
1572 147847000000 160
1599 149901000000 160
1614 151951000000 160
1626 152719000000 160
1641 153703000000 160
1668 154937000000 160
1683 157633000000 160
1710 159622000000 160
1722 161365000000 160
1749 162991000000 160
1764 165901000000 160
1776 166237000000 160
1791 167221000000 160
1818 168633000000 160
1830 171109000000 160
1860 174346000000 160
1875 175531000000 160
1899 176081000000 160
1914 179419000000 160
1929 180403000000 160
1941 180739000000 160
1956 181723000000 160
1995 185476000000 160
2007 188023000000 160
2022 189007000000 160
2040 189775000000 160
2064 192937000000 160
2079 193921000000 160
2094 194689000000 160
2106 195241000000 160
2145 200200000000 160
2160 201757000000 160
2172 202525000000 160
2187 203509000000 160
2214 206199000000 160
2229 207439000000 160
2244 208423000000 160
2256 208759000000 160
2295 214295000000 160
2310 215707000000 160
2322 216043000000 160
2337 217027000000 160
2364 219937000000 160
2376 220915000000 160
2391 221899000000 160
2421 223528000000 160
2445 227385000000 160
2460 229225000000 160
2475 230209000000 160
2487 230545000000 160
2514 232813000000 160
2529 235081000000 160
2541 235417000000 160
2568 238009000000 160
2595 240867000000 160
2610 242743000000 160
2625 243727000000 160
2640 244495000000 160
2664 245903000000 160
2679 248599000000 160
2694 249151000000 160
2718 252331000000 160
2745 253957000000 160
2760 256219000000 160
2772 257203000000 160
2790 258229000000 160
2814 258993000000 160
2829 262117000000 160
2856 263905000000 160
2868 265849000000 160
2895 267047000000 160
2910 270385000000 160
2922 270721000000 160
2937 271705000000 160
2952 272689000000 160
2979 275635000000 160
3006 278629000000 160
3021 280015000000 160
3033 280351000000 160
3060 283903000000 160
3075 284887000000 160
3087 285223000000 160
3102 286207000000 160
3129 289759000000 160
3153 292507000000 160
3171 293533000000 160
3186 294301000000 160
3210 297207000000 160
3225 298405000000 160
3240 298957000000 160
3252 299725000000 160
3291 303854000000 160
3306 306241000000 160
3318 307009000000 160
3333 307993000000 160
3360 310297000000 160
3375 311923000000 160
3390 312907000000 160
3402 313243000000 160
3441 318150000000 160
3456 320191000000 160
3468 320527000000 160
3483 321511000000 160
3510 323779000000 160
3522 325399000000 160
3540 326425000000 160
3567 327610000000 160
3591 331227000000 160
3606 333709000000 160
3621 334693000000 160
3633 335029000000 160
3660 336869000000 160
3675 339565000000 160
3687 339901000000 160
3714 342292000000 160
3744 344707000000 160
3756 347227000000 160
3771 348211000000 160
3786 348979000000 160
3810 349959000000 160
3825 353083000000 160
3840 353635000000 160
3864 356815000000 160
3891 358013000000 160
3906 360703000000 160
3921 361729000000 160
3936 362713000000 160
3948 363049000000 160
3975 366601000000 160
4002 367987000000 160
4014 370333000000 160
4029 371317000000 160
4056 374869000000 160
4068 375205000000 160
4083 376189000000 160
4101 377215000000 160
4125 380119000000 160
4152 382711000000 160
4167 384499000000 160
4179 384835000000 160
4206 388173000000 160
4221 389371000000 160
4233 389707000000 160
4248 390691000000 160
4275 393815000000 160
4302 397033000000 160
4317 398017000000 160
4332 398785000000 160
4356 401263000000 160
4371 402889000000 160
4386 403441000000 160
4398 404209000000 160
4437 407495000000 160
4452 410509000000 160
4464 411493000000 160
4482 412519000000 160
4506 414139000000 160
4521 416407000000 160
4536 417391000000 160
4548 417727000000 160
4587 421590000000 160
4602 424675000000 160
4614 425011000000 160
4629 425995000000 160
4656 427835000000 160
4671 429925000000 160
4686 430909000000 160
4701 431893000000 160
4737 435283000000 160
4752 438193000000 160
4767 439177000000 160
4779 439513000000 160
4806 440925000000 160
4821 444049000000 160
4833 444385000000 160
4863 446416000000 160
4890 448805000000 160
4902 451711000000 160
4917 452695000000 160
4932 453247000000 160
4944 454015000000 160
4971 457567000000 160
4986 458119000000 160
5010 461098000000 160
5025 462283000000 160
5052 465229000000 160
5067 466213000000 160
5082 467197000000 160
5094 467533000000 160
5121 471085000000 160
5148 472270000000 160
5160 474817000000 160
5175 475801000000 160
5202 479139000000 160
5214 479689000000 160
5232 480715000000 160
5247 481699000000 160
5271 484175000000 160
5298 486793000000 160
5313 488983000000 160
5325 489319000000 160
5352 492229000000 160
5367 493855000000 160
5379 494191000000 160
5394 495175000000 160
5424 497441000000 160
5448 501517000000 160
5463 502501000000 160
5478 503269000000 160
5502 505105000000 160
5517 507373000000 160
5532 507925000000 160
5544 508693000000 160
5583 511149000000 160
5598 514993000000 160
5613 516019000000 160
5628 517003000000 160
5652 518195000000 160
5667 520891000000 160
5682 521875000000 160
5694 522211000000 160
5733 525445000000 160
5748 529159000000 160
5760 529495000000 160
5775 530479000000 160
5805 531933000000 160
5817 534409000000 160
5832 535393000000 160
5847 536377000000 160
5883 539339000000 160
5898 542677000000 160
5913 543661000000 160
5925 543997000000 160
5940 544981000000 160
5967 548317000000 160
5982 548911000000 160
6009 550699000000 160
6024 553075000000 160
6048 556195000000 160
6063 557179000000 160
6078 557731000000 160
6090 558499000000 160
6117 562051000000 160
6132 562387000000 160
6156 565180000000 160
6174 566809000000 160
6198 569499000000 160
6213 570697000000 160
6228 571681000000 160
6240 572017000000 160
6267 575141000000 160
6282 576553000000 160
6306 579301000000 160
6321 580285000000 160
6348 582981000000 160
6363 584215000000 160
6378 585199000000 160
6393 586183000000 160
6417 588017000000 160
6444 591076000000 160
6459 593467000000 160
6471 593803000000 160
6498 596071000000 160
6513 598339000000 160
6525 598675000000 160
6543 599701000000 160
6570 601539000000 160
6594 605800000000 160
6609 606985000000 160
6624 607537000000 160
6648 609161000000 160
6663 611857000000 160
6678 612409000000 160
6690 613177000000 160
6729 615004000000 160
6744 619519000000 160
6759 620503000000 160
6774 621487000000 160
6798 622251000000 160
6813 625375000000 160
6828 626359000000 160
6840 626695000000 160
6879 629099000000 160
6894 633643000000 160
6906 633979000000 160
6924 635005000000 160
6939 635989000000 160
6963 638893000000 160
6978 639877000000 160
6993 640861000000 160
7017 643609000000 160
7044 647161000000 160
7059 648145000000 160
7071 648481000000 160
7086 649465000000 160
7116 652801000000 160
7128 653395000000 160
7155 654781000000 160
7170 657343000000 160
7194 660465000000 160
7209 661663000000 160
7224 662215000000 160
7236 662983000000 160
7263 665893000000 160
7278 666871000000 160
7305 669505000000 160
7320 671293000000 160
7344 673341000000 160
7359 675181000000 160
7374 676165000000 160
7386 676501000000 160
7413 678983000000 160
7428 681037000000 160
7452 683785000000 160
7467 684769000000 160
7497 687079000000 160
7509 688699000000 160
7524 689683000000 160
7539 690667000000 160
7563 692073000000 160
7590 695158000000 160
7605 697951000000 160
7617 698287000000 160
7644 700127000000 160
7659 702607000000 160
7674 703201000000 160
7689 704185000000 160
7716 705595000000 160
7740 709882000000 160
7755 711469000000 160
7770 712021000000 160
7794 713217000000 160
7809 716341000000 160
7824 716677000000 160
7836 717661000000 160
7866 718901000000 160
7890 724003000000 160
7905 724987000000 160
7920 725971000000 160
7932 726307000000 160
7959 729859000000 160
7974 730843000000 160
7986 731179000000 160
8013 733168000000 160
8040 738127000000 160
8055 738505000000 160
8070 739489000000 160
8085 740473000000 160
8109 743377000000 160
8124 744361000000 160
8139 745345000000 160
8163 747691000000 160
8190 751431000000 160
8205 752629000000 160
8217 752965000000 160
8235 753991000000 160
8262 756685000000 160
8274 757879000000 160
8301 759064000000 160
8316 761827000000 160
8340 764307000000 160
8355 766147000000 160
8370 766483000000 160
8382 767467000000 160
8409 769949000000 160
8424 771397000000 160
8451 773587000000 160
8466 775777000000 160
8490 777397000000 160
8505 779665000000 160
8520 780649000000 160
8532 780985000000 160
8559 783039000000 160
8574 785521000000 160
8598 788269000000 160
8616 789295000000 160
8643 791135000000 160
8655 793183000000 160
8670 794167000000 160
8685 795151000000 160
8709 796129000000 160
8736 799441000000 160
8751 802435000000 160
8763 802771000000 160
8790 804183000000 160
8808 807091000000 160
8820 807685000000 160
8835 808669000000 160
8862 809221000000 160
8886 813964000000 160
8901 815953000000 160
8916 816505000000 160
8928 817273000000 160
8955 820825000000 160
8967 821161000000 160
8985 822187000000 160
9000 823171000000 160
9036 828487000000 160
9051 829471000000 160
9066 830455000000 160
9078 830791000000 160
9105 834343000000 160
9120 835327000000 160
9132 835663000000 160
9159 837250000000 160
9189 842225000000 160
9201 842989000000 160
9216 843973000000 160
9231 844957000000 160
9255 847219000000 160
9270 848845000000 160
9285 849829000000 160
9309 851974000000 160
9336 855273000000 160
9351 856897000000 160
9366 857491000000 160
9381 858475000000 160
9408 860741000000 160
9420 862363000000 160
9435 863347000000 160
9462 866311000000 160
9486 868363000000 160
9501 870631000000 160
9516 870967000000 160
9528 871951000000 160
9558 874047000000 160
9570 875881000000 160
9597 877870000000 160
9612 880261000000 160
9636 881453000000 160
9651 884149000000 160
9666 885133000000 160
9678 885469000000 160
9705 887095000000 160
9720 890005000000 160
9747 892393000000 160
9762 893779000000 160
9789 894977000000 160
9801 897667000000 160
9816 898651000000 160
9831 899635000000 160
9855 899971000000 160
9882 903523000000 160
9897 906919000000 160
9909 907255000000 160
9927 908281000000 160
9954 911617000000 160
9966 912169000000 160
9981 913153000000 160
9996 913705000000 160
10032 918247000000 160
10047 920437000000 160
10062 920773000000 160
10074 921757000000 160
10101 925095000000 160
10116 925687000000 160
10131 926671000000 160
10146 927655000000 160
10182 932543000000 160
10197 933955000000 160
10212 934939000000 160
10224 935275000000 160
10251 938185000000 160
10266 939811000000 160
10278 940147000000 160
10308 941575000000 160
10335 946281000000 160
10347 947473000000 160
10362 948457000000 160
10377 949441000000 160
10401 951275000000 160
10416 953329000000 160
10431 954313000000 160
10455 956056000000 160
10482 959329000000 160
10500 961381000000 160
10512 961975000000 160
10527 962959000000 160
10554 964581000000 160
10566 966847000000 160
10581 967831000000 160
10608 970795000000 160
10632 972419000000 160
10647 975115000000 160
10659 975451000000 160
10677 976477000000 160
10704 978103000000 160
10716 980365000000 160
10743 981952000000 160
10758 984745000000 160
10782 985295000000 160
10797 988633000000 160
10812 989617000000 160
10824 989953000000 160
10851 990937000000 160
10869 994531000000 160
10893 996676000000 160
10908 998263000000 160
10923 999247000000 160
