121 16874000000 1358
271 29628000000 1358
409 43146000000 1358
559 56664000000 1358
706 69804000000 1358
844 83322000000 1358
994 96840000000 1358
1132 109380000000 1358
1267 121144000000 1358
1417 134392000000 1358
1567 147630000000 1358
1705 161148000000 1358
1852 174330000000 1358
1990 187806000000 1358
2140 201324000000 1358
2278 213650000000 1358
2413 225670000000 1358
2563 238932000000 1358
2713 252114000000 1358
2851 265632000000 1358
3001 279122000000 1358
3148 292290000000 1358
3286 305808000000 1358
3424 317948000000 1358
3562 329940000000 1358
3709 343416000000 1358
3859 356598000000 1358
3997 370116000000 1358
4147 383634000000 1358
4294 396774000000 1358
4432 410292000000 1358
4570 422526000000 1358
4720 434424000000 1358
4855 447942000000 1358
5005 461138000000 1358
5143 474600000000 1358
5293 488118000000 1358
5443 501300000000 1358
5578 514776000000 1358
5716 526796000000 1358
5866 538908000000 1358
6004 552426000000 1358
6151 565902000000 1358
6301 579084000000 1358
6439 592602000000 1358
6589 605868000000 1358
6724 619260000000 1358
6862 631280000000 1358
7012 643392000000 1358
7150 656910000000 1358
7297 670428000000 1358
7447 683568000000 1358
7585 697086000000 1358
7735 710604000000 1358
7885 723572000000 1358
8008 735550000000 1358
8158 748016000000 1358
8296 761394000000 1358
8446 774912000000 1358
8593 788052000000 1358
8731 801570000000 1358
8881 815088000000 1358
9031 827842000000 1358
9154 839820000000 1358
9304 852696000000 1358
9454 865878000000 1358
9592 879396000000 1358
9739 892746000000 1358
9877 906054000000 1358
10027 919572000000 1358
10165 932112000000 1358
10300 944132000000 1358
10450 957180000000 1358
10600 970362000000 1358
10738 983880000000 1358
10888 997398000000 1358
