119 16044000000 1358
269 29226000000 1358
407 42744000000 1358
557 56262000000 1358
704 69402000000 1358
842 82920000000 1358
992 96242000000 1358
1130 108550000000 1358
1265 120528000000 1358
1415 133710000000 1358
1565 147228000000 1358
1703 160746000000 1358
1850 173886000000 1358
1988 187404000000 1358
2138 200922000000 1358
2276 212820000000 1358
2411 225054000000 1358
2561 238362000000 1358
2711 251712000000 1358
2849 265230000000 1358
2999 278412000000 1358
3146 291888000000 1358
3284 305406000000 1358
3422 317090000000 1358
3560 329538000000 1358
3707 343014000000 1358
3857 356196000000 1358
3995 369714000000 1358
4145 383092000000 1358
4292 396372000000 1358
4430 409890000000 1358
4568 421360000000 1358
4718 434022000000 1358
4853 447540000000 1358
5003 460680000000 1358
5141 474198000000 1358
5291 487716000000 1358
5441 500898000000 1358
5576 514160000000 1358
5714 526096000000 1358
5864 538506000000 1358
6002 552024000000 1358
6149 565164000000 1358
6299 578682000000 1358
6437 592200000000 1358
6587 605382000000 1358
6722 618430000000 1358
6860 630450000000 1358
7010 642990000000 1358
7148 656508000000 1358
7295 669970000000 1358
7445 683166000000 1358
7583 696684000000 1358
7733 709866000000 1358
7883 722742000000 1358
8006 734720000000 1358
8156 747474000000 1358
8294 760992000000 1358
8444 774510000000 1358
8591 787650000000 1358
8729 801168000000 1358
8879 814658000000 1358
9029 827012000000 1358
9152 838990000000 1358
9302 851986000000 1358
9452 865476000000 1358
9590 878994000000 1358
9737 892176000000 1358
9875 905652000000 1358
10025 919170000000 1358
10163 931496000000 1358
10298 943302000000 1358
10448 956778000000 1358
10598 969960000000 1358
10736 983478000000 1358
10886 996716000000 1358
