65 10513000000 1450
146 19222000000 1450
218 25288000000 1450
296 33724000000 1450
368 38974000000 1450
449 47242000000 1450
515 53098000000 1450
599 60760000000 1450
668 66616000000 1450
749 74926000000 1450
818 80134000000 1450
899 88402000000 1450
980 95305000000 1450
1061 101920000000 1450
1145 110230000000 1450
1211 116282000000 1450
1292 124084000000 1450
1364 129940000000 1450
1442 138208000000 1450
1514 143458000000 1450
1595 151726000000 1450
1661 157624000000 1450
1745 165244000000 1450
1814 171100000000 1450
1895 179410000000 1450
1976 184618000000 1450
2060 192928000000 1450
2126 199990000000 1450
2207 206844000000 1450
2291 215050000000 1450
2357 220906000000 1450
2441 228784000000 1450
2510 234424000000 1450
2588 242692000000 1450
2660 248374000000 1450
2741 256210000000 1450
2810 262108000000 1450
2891 270160000000 1450
2972 275584000000 1450
3053 283894000000 1450
3122 289534000000 1450
3206 297636000000 1450
3272 305011000000 1450
3353 311914000000 1450
3437 319534000000 1450
3503 325390000000 1450
3587 333700000000 1450
3656 338908000000 1450
3734 347218000000 1450
3806 353074000000 1450
3887 360694000000 1450
3968 366592000000 1450
4049 374860000000 1450
4121 380110000000 1450
4202 388630000000 1450
4268 394570000000 1450
4352 402232000000 1450
4421 409696000000 1450
4502 416398000000 1450
4583 424018000000 1450
4652 429874000000 1450
4733 438184000000 1450
4802 443392000000 1450
4886 451702000000 1450
4964 457558000000 1450
5045 465178000000 1450
5117 471104000000 1450
5195 479596000000 1450
5267 484930000000 1450
5348 493198000000 1450
5414 499297000000 1450
5498 506716000000 1450
5567 514381000000 1450
5648 520882000000 1450
5729 528502000000 1450
5798 534400000000 1450
5879 542668000000 1450
5960 547876000000 1450
6044 556186000000 1450
6110 562070000000 1450
6194 569984000000 1450
6263 575896000000 1450
6341 584164000000 1450
6413 589630000000 1450
6494 597682000000 1450
6563 603982000000 1450
6644 611416000000 1450
6713 619066000000 1450
6794 625366000000 1450
6875 633418000000 1450
6959 638884000000 1450
7037 647152000000 1450
7106 652848000000 1450
7190 660978000000 1450
7256 666862000000 1450
7340 674956000000 1450
7409 680380000000 1450
7487 688690000000 1450
7559 694546000000 1450
7640 702166000000 1450
7709 708667000000 1450
7790 716332000000 1450
7862 723793000000 1450
7952 729850000000 1450
8033 738118000000 1450
8105 743424000000 1450
8183 751944000000 1450
8255 757870000000 1450
8336 765490000000 1450
8405 771346000000 1450
8486 779656000000 1450
8555 784864000000 1450
8639 793174000000 1450
8705 799030000000 1450
8786 806650000000 1450
8858 813352000000 1450
8948 820816000000 1450
9020 828478000000 1450
9101 834418000000 1450
9179 842980000000 1450
9251 848188000000 1450
9332 856456000000 1450
9401 862354000000 1450
9482 869974000000 1450
9551 875872000000 1450
9632 884140000000 1450
9701 889348000000 1450
9785 897658000000 1450
9851 903514000000 1450
9947 911176000000 1450
10016 918037000000 1450
10094 925412000000 1450
10178 933298000000 1450
10247 939154000000 1450
10328 947464000000 1450
10397 952888000000 1450
10478 960940000000 1450
10547 966838000000 1450
10628 974674000000 1450
10700 980356000000 1450
10778 988624000000 1450
10847 994048000000 1450
