10 2045000000 160
25 3752000000 160
37 5459000000 160
52 7166000000 160
79 10718000000 160
91 11054000000 160
106 12287000000 160
133 15518000000 160
157 19427000000 160
175 20453000000 160
190 21437000000 160
202 21773000000 160
229 25325000000 160
244 26309000000 160
256 26645000000 160
283 30041000000 160
310 33379000000 160
322 33929000000 160
337 34913000000 160
355 35939000000 160
379 38415000000 160
394 39827000000 160
421 41213000000 160
433 43559000000 160
460 46469000000 160
475 47879000000 160
487 48431000000 160
502 49415000000 160
529 51679000000 160
544 53345000000 160
571 55937000000 160
583 57077000000 160
610 59345000000 160
625 61613000000 160
637 61949000000 160
652 62933000000 160
679 64987000000 160
691 66821000000 160
718 70217000000 160
736 71243000000 160
760 72435000000 160
775 75131000000 160
790 76115000000 160
802 76451000000 160
829 78077000000 160
856 81791000000 160
868 83735000000 160
883 84719000000 160
910 86131000000 160
925 88649000000 160
940 89633000000 160
955 90617000000 160
967 91167000000 160
1006 96314000000 160
1021 97685000000 160
1033 98237000000 160
1048 99221000000 160
1075 102341000000 160
1087 103109000000 160
1105 104135000000 160
1117 104687000000 160
1156 110435000000 160
1171 111419000000 160
1183 111755000000 160
1198 112739000000 160
1225 116291000000 160
1237 116627000000 160
1252 117611000000 160
1279 119600000000 160
1306 123739000000 160
1321 124937000000 160
1336 125921000000 160
1348 126257000000 160
1375 129381000000 160
1390 130793000000 160
1402 131129000000 160
1429 134324000000 160
1456 137435000000 160
1468 138413000000 160
1486 139439000000 160
1501 140423000000 160
1525 142257000000 160
1540 144311000000 160
1555 145280000000 160
1579 148043000000 160
1606 150311000000 160
1621 152363000000 160
1633 152915000000 160
1648 153899000000 160
1675 155563000000 160
1690 157829000000 160
1717 160019000000 160
1729 161561000000 160
1756 163401000000 160
1771 166097000000 160
1783 166433000000 160
1798 167417000000 160
1825 169043000000 160
1837 171305000000 160
1867 174743000000 160
1882 175727000000 160
1906 176491000000 160
1921 179615000000 160
1936 180599000000 160
1948 180935000000 160
1963 182133000000 160
2002 185873000000 160
2014 188219000000 160
2029 189203000000 160
2047 190229000000 160
2071 193133000000 160
2086 194117000000 160
2101 195101000000 160
2113 195437000000 160
2152 200597000000 160
2167 202169000000 160
2179 202721000000 160
2194 203705000000 160
2221 206825000000 160
2236 207635000000 160
2251 208619000000 160
2263 208955000000 160
2302 214705000000 160
2317 215903000000 160
2329 216239000000 160
2344 217223000000 160
2371 220347000000 160
2383 221111000000 160
2398 222095000000 160
2428 223925000000 160
2452 227795000000 160
2467 229421000000 160
2482 230405000000 160
2494 230741000000 160
2521 233223000000 160
2536 235277000000 160
2548 235613000000 160
2575 238406000000 160
2602 241277000000 160
2617 242939000000 160
2632 243923000000 160
2647 244907000000 160
2671 246313000000 160
2686 248795000000 160
2701 249563000000 160
2725 252527000000 160
2752 254367000000 160
2767 256631000000 160
2779 257399000000 160
2797 258425000000 160
2821 259619000000 160
2836 262313000000 160
2863 264302000000 160
2875 266045000000 160
2902 267457000000 160
2917 270581000000 160
2929 270917000000 160
2944 271901000000 160
2959 273099000000 160
2986 275831000000 160
3013 278825000000 160
3028 280211000000 160
3040 280547000000 160
3067 284099000000 160
3082 285083000000 160
3094 285419000000 160
3109 286403000000 160
3136 290156000000 160
3160 292703000000 160
3178 293729000000 160
3193 294713000000 160
3217 297617000000 160
3232 298601000000 160
3247 299369000000 160
3259 299921000000 160
3298 304465000000 160
3313 306653000000 160
3325 307205000000 160
3340 308189000000 160
3367 310923000000 160
3382 312119000000 160
3397 313103000000 160
3409 313439000000 160
3448 318547000000 160
3463 320387000000 160
3475 320723000000 160
3490 321707000000 160
3517 324189000000 160
3529 325595000000 160
3547 326621000000 160
3574 328007000000 160
3598 331637000000 160
3613 333905000000 160
3628 334889000000 160
3640 335225000000 160
3667 337279000000 160
3682 339761000000 160
3694 340097000000 160
3721 342689000000 160
3751 345375000000 160
3763 347423000000 160
3778 348407000000 160
3793 349175000000 160
3817 350369000000 160
3832 353279000000 160
3847 354047000000 160
3871 357011000000 160
3898 358423000000 160
3913 361115000000 160
3928 361925000000 160
3943 362909000000 160
3955 363459000000 160
3982 366797000000 160
4009 368384000000 160
4021 370529000000 160
4036 371513000000 160
4063 375065000000 160
4075 375401000000 160
4090 376385000000 160
4108 377411000000 160
4132 380315000000 160
4159 383108000000 160
4174 384695000000 160
4186 385031000000 160
4213 388583000000 160
4228 389567000000 160
4240 389903000000 160
4255 390887000000 160
4282 394225000000 160
4309 397229000000 160
4324 398213000000 160
4339 399197000000 160
4363 401459000000 160
4378 403085000000 160
4393 403853000000 160
4405 404405000000 160
4444 408106000000 160
4459 410921000000 160
4471 411689000000 160
4489 412715000000 160
4513 414765000000 160
4528 416603000000 160
4543 417587000000 160
4555 417923000000 160
4594 422201000000 160
4609 424871000000 160
4621 425207000000 160
4636 426191000000 160
4663 428245000000 160
4678 430121000000 160
4693 431105000000 160
4708 432089000000 160
4744 435693000000 160
4759 438389000000 160
4774 439373000000 160
4786 439709000000 160
4813 441335000000 160
4828 444245000000 160
4840 444581000000 160
4870 446813000000 160
4897 449431000000 160
4909 451907000000 160
4924 452891000000 160
4939 453659000000 160
4951 454425000000 160
4978 457763000000 160
4993 458315000000 160
5017 461495000000 160
5032 462479000000 160
5059 465641000000 160
5074 466409000000 160
5089 467393000000 160
5101 467729000000 160
5128 471281000000 160
5155 472667000000 160
5167 475013000000 160
5182 475997000000 160
5209 479549000000 160
5221 479885000000 160
5239 480911000000 160
5254 481895000000 160
5278 484585000000 160
5305 487190000000 160
5320 489179000000 160
5332 489515000000 160
5359 492425000000 160
5374 494051000000 160
5386 494387000000 160
5401 495371000000 160
5431 498109000000 160
5455 501713000000 160
5470 502697000000 160
5485 503465000000 160
5509 505515000000 160
5524 507569000000 160
5539 508337000000 160
5551 508889000000 160
5590 511760000000 160
5605 515405000000 160
5620 516215000000 160
5635 517199000000 160
5659 518605000000 160
5674 521087000000 160
5689 522071000000 160
5701 522407000000 160
5740 526056000000 160
5755 529355000000 160
5767 529691000000 160
5782 530675000000 160
5812 532343000000 160
5824 534605000000 160
5839 535589000000 160
5854 536573000000 160
5890 539749000000 160
5905 542873000000 160
5920 543857000000 160
5932 544193000000 160
5947 545177000000 160
5974 548729000000 160
5989 549107000000 160
6016 551096000000 160
6031 553487000000 160
6055 556391000000 160
6070 557375000000 160
6085 558143000000 160
6097 558695000000 160
6124 562247000000 160
6139 562799000000 160
6163 565577000000 160
6181 567005000000 160
6205 569909000000 160
6220 570893000000 160
6235 571877000000 160
6247 572213000000 160
6274 575337000000 160
6289 576749000000 160
6313 579497000000 160
6328 580481000000 160
6355 583391000000 160
6370 584411000000 160
6385 585395000000 160
6400 586379000000 160
6424 588427000000 160
6451 591473000000 160
6466 593663000000 160
6478 593999000000 160
6505 596481000000 160
6520 598535000000 160
6532 598871000000 160
6550 599897000000 160
6577 602165000000 160
6601 605996000000 160
6616 607181000000 160
6631 607949000000 160
6655 609571000000 160
6670 612053000000 160
6685 612605000000 160
6697 613373000000 160
6736 615615000000 160
6751 619931000000 160
6766 620699000000 160
6781 621683000000 160
6805 622661000000 160
6820 625571000000 160
6835 626555000000 160
6847 626891000000 160
6886 629496000000 160
6901 633839000000 160
6913 634175000000 160
6931 635201000000 160
6946 636185000000 160
6970 639089000000 160
6985 640073000000 160
7000 641057000000 160
7024 643805000000 160
7051 647357000000 160
7066 648341000000 160
7078 648677000000 160
7093 649661000000 160
7123 653255000000 160
7135 653591000000 160
7162 655178000000 160
7177 657755000000 160
7201 660661000000 160
7216 661859000000 160
7231 662627000000 160
7243 663179000000 160
7270 666303000000 160
7285 667283000000 160
7312 669902000000 160
7327 671489000000 160
7351 673751000000 160
7366 675377000000 160
7381 676361000000 160
7393 676697000000 160
7420 679393000000 160
7435 681233000000 160
7459 683981000000 160
7474 684965000000 160
7504 687489000000 160
7516 688895000000 160
7531 689879000000 160
7546 690863000000 160
7570 692483000000 160
7597 695555000000 160
7612 698147000000 160
7624 698483000000 160
7651 700537000000 160
7666 703019000000 160
7681 703397000000 160
7696 704381000000 160
7723 706221000000 160
7747 710279000000 160
7762 711665000000 160
7777 712433000000 160
7801 713627000000 160
7816 716537000000 160
7831 717089000000 160
7843 717857000000 160
7873 719097000000 160
7897 724199000000 160
7912 725183000000 160
7927 726167000000 160
7939 726503000000 160
7966 730055000000 160
7981 731039000000 160
7993 731375000000 160
8020 733565000000 160
8047 738323000000 160
8062 738701000000 160
8077 739685000000 160
8092 740669000000 160
8116 743573000000 160
8131 744557000000 160
8146 745541000000 160
8170 748088000000 160
8197 751627000000 160
8212 752825000000 160
8224 753161000000 160
8242 754187000000 160
8269 757311000000 160
8281 758075000000 160
8308 759260000000 160
8323 762239000000 160
8347 764717000000 160
8362 766343000000 160
8377 766895000000 160
8389 767663000000 160
8416 770359000000 160
8431 771809000000 160
8458 773984000000 160
8473 775973000000 160
8497 777807000000 160
8512 779861000000 160
8527 780845000000 160
8539 781181000000 160
8566 783449000000 160
8581 785717000000 160
8605 788465000000 160
8623 789491000000 160
8650 791545000000 160
8662 793379000000 160
8677 794363000000 160
8692 795347000000 160
8716 796539000000 160
8743 799838000000 160
8758 802631000000 160
8770 802967000000 160
8797 804379000000 160
8815 807545000000 160
8827 807881000000 160
8842 808865000000 160
8869 809847000000 160
8893 814361000000 160
8908 816149000000 160
8923 816917000000 160
8935 817469000000 160
8962 821021000000 160
8974 821573000000 160
8992 822383000000 160
9007 823367000000 160
9043 828683000000 160
9058 829667000000 160
9073 830651000000 160
9085 830987000000 160
9112 834539000000 160
9127 835523000000 160
9139 835859000000 160
9166 837647000000 160
9196 842635000000 160
9208 843185000000 160
9223 844169000000 160
9238 845153000000 160
9262 847629000000 160
9277 849041000000 160
9292 850025000000 160
9316 852371000000 160
9343 855683000000 160
9358 857309000000 160
9373 857687000000 160
9388 858671000000 160
9415 861367000000 160
9427 862559000000 160
9442 863543000000 160
9469 866723000000 160
9493 868773000000 160
9508 870827000000 160
9523 871379000000 160
9535 872147000000 160
9565 874457000000 160
9577 876077000000 160
9604 878267000000 160
9619 880457000000 160
9643 881863000000 160
9658 884345000000 160
9673 885329000000 160
9685 885665000000 160
9712 887291000000 160
9727 890201000000 160
9754 892790000000 160
9769 893975000000 160
9796 895387000000 160
9808 897863000000 160
9823 898847000000 160
9838 899831000000 160
9862 900381000000 160
9889 903920000000 160
9904 907115000000 160
9916 907451000000 160
9934 908477000000 160
9961 912029000000 160
9973 912365000000 160
9988 913349000000 160
10003 914117000000 160
10039 918644000000 160
10054 920633000000 160
10069 921185000000 160
10081 921953000000 160
10108 925505000000 160
10123 926099000000 160
10138 926867000000 160
10153 927851000000 160
10189 932953000000 160
10204 934151000000 160
10219 935135000000 160
10231 935471000000 160
10258 938595000000 160
10273 940007000000 160
10285 940343000000 160
10315 941972000000 160
10342 946691000000 160
10354 947669000000 160
10369 948653000000 160
10384 949637000000 160
10408 951685000000 160
10423 953525000000 160
10438 954509000000 160
10462 956453000000 160
10489 959739000000 160
10507 961835000000 160
10519 962171000000 160
10534 963155000000 160
10561 965207000000 160
10573 967043000000 160
10588 968027000000 160
10615 971207000000 160
10639 972829000000 160
10654 975311000000 160
10666 975863000000 160
10684 976673000000 160
10711 978299000000 160
10723 980561000000 160
10750 982349000000 160
10765 984941000000 160
10789 985705000000 160
10804 988829000000 160
10819 989813000000 160
10831 990149000000 160
10858 991347000000 160
10876 994727000000 160
10900 997073000000 160
10915 998459000000 160
10930 999443000000 160
