63 9869000000 1450
144 18794000000 1450
216 24692000000 1450
294 32960000000 1450
366 38434000000 1450
447 46814000000 1450
513 52670000000 1450
597 60332000000 1450
666 66188000000 1450
747 74498000000 1450
816 79706000000 1450
897 87974000000 1450
978 94475000000 1450
1059 101492000000 1450
1143 109601000000 1450
1209 115658000000 1450
1290 123320000000 1450
1362 129428000000 1450
1440 137780000000 1450
1512 143030000000 1450
1593 151298000000 1450
1659 157196000000 1450
1743 164816000000 1450
1812 170672000000 1450
1893 178982000000 1450
1974 184190000000 1450
2058 192500000000 1450
2124 199160000000 1450
2205 205976000000 1450
2289 214314000000 1450
2355 220422000000 1450
2439 228140000000 1450
2508 233996000000 1450
2586 242264000000 1450
2658 247514000000 1450
2739 255782000000 1450
2808 261680000000 1450
2889 269300000000 1450
2970 275156000000 1450
3051 283466000000 1450
3120 288674000000 1450
3204 296984000000 1450
3270 303873000000 1450
3351 310998000000 1450
3435 319106000000 1450
3501 324962000000 1450
3585 332840000000 1450
3654 338480000000 1450
3732 346790000000 1450
3804 352430000000 1450
3885 360266000000 1450
3966 366164000000 1450
4047 374216000000 1450
4119 379682000000 1450
4200 387950000000 1450
4266 393646000000 1450
4350 401776000000 1450
4419 408866000000 1450
4500 415970000000 1450
4581 423590000000 1450
4650 429446000000 1450
4731 437756000000 1450
4800 442964000000 1450
4884 451274000000 1450
4962 457130000000 1450
5043 464750000000 1450
5115 470648000000 1450
5193 478916000000 1450
5265 484250000000 1450
5346 492742000000 1450
5412 498668000000 1450
5496 506288000000 1450
5565 513551000000 1450
5646 520454000000 1450
5727 528074000000 1450
5796 533972000000 1450
5877 542240000000 1450
5958 547448000000 1450
6042 555758000000 1450
6108 561614000000 1450
6192 569276000000 1450
6261 575216000000 1450
6339 583736000000 1450
6411 588986000000 1450
6492 597254000000 1450
6561 603152000000 1450
6642 610772000000 1450
6711 618236000000 1450
6792 624938000000 1450
6873 632558000000 1450
6957 638456000000 1450
7035 646724000000 1450
7104 651932000000 1450
7188 660242000000 1450
7254 666210000000 1450
7338 674096000000 1450
7407 679952000000 1450
7485 688262000000 1450
7557 693686000000 1450
7638 701738000000 1450
7707 707837000000 1450
7788 715472000000 1450
7860 722963000000 1450
7950 729422000000 1450
8031 737474000000 1450
8103 742940000000 1450
8181 751208000000 1450
8253 757002000000 1450
8334 765062000000 1450
8403 770918000000 1450
8484 779012000000 1450
8553 784436000000 1450
8637 792746000000 1450
8703 798602000000 1450
8784 806222000000 1450
8856 812522000000 1450
8946 820388000000 1450
9018 827648000000 1450
9099 833906000000 1450
9177 842216000000 1450
9249 847564000000 1450
9330 856028000000 1450
9399 861926000000 1450
9480 869546000000 1450
9549 875444000000 1450
9630 883712000000 1450
9699 888920000000 1450
9783 897230000000 1450
9849 903086000000 1450
9945 910748000000 1450
10014 917207000000 1450
10092 924872000000 1450
10176 932333000000 1450
10245 938558000000 1450
10326 947036000000 1450
10395 952244000000 1450
10476 960512000000 1450
10545 966410000000 1450
10626 974030000000 1450
10698 979928000000 1450
10776 988196000000 1450
10845 993404000000 1450
