4 1877000000 160
19 3584000000 160
31 5291000000 160
46 6998000000 160
73 10550000000 160
85 10886000000 160
100 12119000000 160
127 15149000000 160
151 19259000000 160
169 20285000000 160
184 21269000000 160
196 21605000000 160
223 24943000000 160
238 26141000000 160
250 26477000000 160
277 29672000000 160
304 32997000000 160
316 33761000000 160
331 34745000000 160
349 35729000000 160
373 38033000000 160
388 39659000000 160
415 40829000000 160
427 43391000000 160
454 46087000000 160
469 47495000000 160
481 48263000000 160
496 49247000000 160
523 51081000000 160
538 53177000000 160
565 55568000000 160
577 56909000000 160
604 59177000000 160
619 61445000000 160
631 61781000000 160
646 62765000000 160
673 64819000000 160
685 66653000000 160
712 70049000000 160
730 71075000000 160
754 72053000000 160
769 74963000000 160
784 75947000000 160
796 76283000000 160
823 77695000000 160
850 81422000000 160
862 83567000000 160
877 84551000000 160
904 85749000000 160
919 88481000000 160
934 89465000000 160
949 90233000000 160
961 90785000000 160
1000 95945000000 160
1015 97301000000 160
1027 98069000000 160
1042 99053000000 160
1069 102173000000 160
1081 102941000000 160
1099 103967000000 160
1111 104303000000 160
1150 110267000000 160
1165 111251000000 160
1177 111587000000 160
1192 112571000000 160
1219 115909000000 160
1231 116459000000 160
1246 117443000000 160
1273 119231000000 160
1300 123357000000 160
1315 124769000000 160
1330 125753000000 160
1342 126089000000 160
1369 128999000000 160
1384 130625000000 160
1396 130961000000 160
1423 133955000000 160
1450 137053000000 160
1462 138245000000 160
1480 139271000000 160
1495 140039000000 160
1519 142089000000 160
1534 144143000000 160
1549 144911000000 160
1573 147875000000 160
1600 150143000000 160
1615 151979000000 160
1627 152747000000 160
1642 153731000000 160
1669 154965000000 160
1684 157661000000 160
1711 159851000000 160
1723 161393000000 160
1750 163019000000 160
1765 165929000000 160
1777 166265000000 160
1792 167249000000 160
1819 168661000000 160
1831 171137000000 160
1861 174374000000 160
1876 175559000000 160
1900 176109000000 160
1915 179447000000 160
1930 180431000000 160
1942 180767000000 160
1957 181751000000 160
1996 185504000000 160
2008 188051000000 160
2023 189035000000 160
2041 189803000000 160
2065 192965000000 160
2080 193949000000 160
2095 194717000000 160
2107 195269000000 160
2146 200228000000 160
2161 201785000000 160
2173 202553000000 160
2188 203537000000 160
2215 206227000000 160
2230 207467000000 160
2245 208451000000 160
2257 208787000000 160
2296 214323000000 160
2311 215735000000 160
2323 216071000000 160
2338 217055000000 160
2365 219965000000 160
2377 220943000000 160
2392 221927000000 160
2422 223556000000 160
2446 227413000000 160
2461 229253000000 160
2476 230237000000 160
2488 230573000000 160
2515 233055000000 160
2530 235109000000 160
2542 235445000000 160
2569 238037000000 160
2596 241109000000 160
2611 242771000000 160
2626 243755000000 160
2641 244523000000 160
2665 245931000000 160
2680 248627000000 160
2695 249179000000 160
2719 252359000000 160
2746 253985000000 160
2761 256463000000 160
2773 257231000000 160
2791 258257000000 160
2815 259021000000 160
2830 262145000000 160
2857 263933000000 160
2869 265877000000 160
2896 267075000000 160
2911 270413000000 160
2923 270749000000 160
2938 271733000000 160
2953 272717000000 160
2980 275663000000 160
3007 278657000000 160
3022 280043000000 160
3034 280379000000 160
3061 283931000000 160
3076 284915000000 160
3088 285251000000 160
3103 286235000000 160
3130 289787000000 160
3154 292535000000 160
3172 293561000000 160
3187 294329000000 160
3211 297235000000 160
3226 298433000000 160
3241 298985000000 160
3253 299753000000 160
3292 303882000000 160
3307 306269000000 160
3319 307037000000 160
3334 308021000000 160
3361 310325000000 160
3376 311951000000 160
3391 312935000000 160
3403 313271000000 160
3442 318178000000 160
3457 320219000000 160
3469 320555000000 160
3484 321539000000 160
3511 324021000000 160
3523 325427000000 160
3541 326453000000 160
3568 327638000000 160
3592 331255000000 160
3607 333737000000 160
3622 334721000000 160
3634 335057000000 160
3661 336897000000 160
3676 339593000000 160
3688 339929000000 160
3715 342320000000 160
3745 344735000000 160
3757 347255000000 160
3772 348239000000 160
3787 349007000000 160
3811 349987000000 160
3826 353111000000 160
3841 353663000000 160
3865 356843000000 160
3892 358041000000 160
3907 360731000000 160
3922 361757000000 160
3937 362741000000 160
3949 363077000000 160
3976 366629000000 160
4003 368216000000 160
4015 370361000000 160
4030 371345000000 160
4057 374897000000 160
4069 375233000000 160
4084 376217000000 160
4102 377243000000 160
4126 380147000000 160
4153 382739000000 160
4168 384527000000 160
4180 384863000000 160
4207 388201000000 160
4222 389399000000 160
4234 389735000000 160
4249 390719000000 160
4276 393843000000 160
4303 397061000000 160
4318 398045000000 160
4333 398813000000 160
4357 401291000000 160
4372 402917000000 160
4387 403469000000 160
4399 404237000000 160
4438 407737000000 160
4453 410537000000 160
4465 411521000000 160
4483 412547000000 160
4507 414167000000 160
4522 416435000000 160
4537 417419000000 160
4549 417755000000 160
4588 421618000000 160
4603 424703000000 160
4615 425039000000 160
4630 426023000000 160
4657 427863000000 160
4672 429953000000 160
4687 430937000000 160
4702 431921000000 160
4738 435311000000 160
4753 438221000000 160
4768 439205000000 160
4780 439541000000 160
4807 440953000000 160
4822 444077000000 160
4834 444413000000 160
4864 446444000000 160
4891 448833000000 160
4903 451739000000 160
4918 452723000000 160
4933 453275000000 160
4945 454043000000 160
4972 457595000000 160
4987 458147000000 160
5011 461126000000 160
5026 462311000000 160
5053 465257000000 160
5068 466241000000 160
5083 467225000000 160
5095 467561000000 160
5122 471113000000 160
5149 472298000000 160
5161 474845000000 160
5176 475829000000 160
5203 479167000000 160
5215 479717000000 160
5233 480743000000 160
5248 481727000000 160
5272 484203000000 160
5299 487022000000 160
5314 489011000000 160
5326 489347000000 160
5353 492257000000 160
5368 493883000000 160
5380 494219000000 160
5395 495203000000 160
5425 497683000000 160
5449 501545000000 160
5464 502529000000 160
5479 503297000000 160
5503 505133000000 160
5518 507401000000 160
5533 507953000000 160
5545 508721000000 160
5584 511177000000 160
5599 515021000000 160
5614 516047000000 160
5629 517031000000 160
5653 518223000000 160
5668 520919000000 160
5683 521903000000 160
5695 522239000000 160
5734 525473000000 160
5749 529187000000 160
5761 529523000000 160
5776 530507000000 160
5806 531961000000 160
5818 534437000000 160
5833 535421000000 160
5848 536405000000 160
5884 539367000000 160
5899 542705000000 160
5914 543689000000 160
5926 544025000000 160
5941 545009000000 160
5968 548561000000 160
5983 548939000000 160
6010 550727000000 160
6025 553103000000 160
6049 556223000000 160
6064 557207000000 160
6079 557759000000 160
6091 558527000000 160
6118 562079000000 160
6133 562415000000 160
6157 565208000000 160
6175 566837000000 160
6199 569527000000 160
6214 570725000000 160
6229 571709000000 160
6241 572045000000 160
6268 575169000000 160
6283 576581000000 160
6307 579329000000 160
6322 580313000000 160
6349 583223000000 160
6364 584243000000 160
6379 585227000000 160
6394 586211000000 160
6418 588045000000 160
6445 591104000000 160
6460 593495000000 160
6472 593831000000 160
6499 596099000000 160
6514 598367000000 160
6526 598703000000 160
6544 599729000000 160
6571 601567000000 160
6595 605828000000 160
6610 607013000000 160
6625 607565000000 160
6649 609189000000 160
6664 611885000000 160
6679 612437000000 160
6691 613205000000 160
6730 615032000000 160
6745 619547000000 160
6760 620531000000 160
6775 621515000000 160
6799 622279000000 160
6814 625403000000 160
6829 626387000000 160
6841 626723000000 160
6880 629127000000 160
6895 633671000000 160
6907 634007000000 160
6925 635033000000 160
6940 636017000000 160
6964 638921000000 160
6979 639905000000 160
6994 640889000000 160
7018 643637000000 160
7045 647189000000 160
7060 648173000000 160
7072 648509000000 160
7087 649493000000 160
7117 652829000000 160
7129 653423000000 160
7156 654809000000 160
7171 657587000000 160
7195 660493000000 160
7210 661691000000 160
7225 662243000000 160
7237 663011000000 160
7264 666135000000 160
7279 666899000000 160
7306 669533000000 160
7321 671321000000 160
7345 673369000000 160
7360 675209000000 160
7375 676193000000 160
7387 676529000000 160
7414 679011000000 160
7429 681065000000 160
7453 683813000000 160
7468 684797000000 160
7498 687107000000 160
7510 688727000000 160
7525 689711000000 160
7540 690695000000 160
7564 692101000000 160
7591 695387000000 160
7606 697979000000 160
7618 698315000000 160
7645 700155000000 160
7660 702851000000 160
7675 703229000000 160
7690 704213000000 160
7717 705623000000 160
7741 709910000000 160
7756 711497000000 160
7771 712049000000 160
7795 713245000000 160
7810 716369000000 160
7825 716705000000 160
7837 717689000000 160
7867 718929000000 160
7891 724031000000 160
7906 725015000000 160
7921 725999000000 160
7933 726335000000 160
7960 729887000000 160
7975 730871000000 160
7987 731207000000 160
8014 733196000000 160
8041 738155000000 160
8056 738533000000 160
8071 739517000000 160
8086 740501000000 160
8110 743405000000 160
8125 744389000000 160
8140 745373000000 160
8164 747719000000 160
8191 751459000000 160
8206 752657000000 160
8218 752993000000 160
8236 754019000000 160
8263 756927000000 160
8275 757907000000 160
8302 759092000000 160
8317 761855000000 160
8341 764335000000 160
8356 766175000000 160
8371 766727000000 160
8383 767495000000 160
8410 769977000000 160
8425 771425000000 160
8452 773615000000 160
8467 775805000000 160
8491 777425000000 160
8506 779693000000 160
8521 780677000000 160
8533 781013000000 160
8560 783067000000 160
8575 785549000000 160
8599 788297000000 160
8617 789323000000 160
8644 791163000000 160
8656 793211000000 160
8671 794195000000 160
8686 795179000000 160
8710 796157000000 160
8737 799469000000 160
8752 802463000000 160
8764 802799000000 160
8791 804211000000 160
8809 807119000000 160
8821 807713000000 160
8836 808697000000 160
8863 809679000000 160
8887 814193000000 160
8902 815981000000 160
8917 816533000000 160
8929 817301000000 160
8956 820853000000 160
8968 821189000000 160
8986 822215000000 160
9001 823199000000 160
9037 828515000000 160
9052 829499000000 160
9067 830483000000 160
9079 830819000000 160
9106 834371000000 160
9121 835355000000 160
9133 835691000000 160
9160 837278000000 160
9190 842467000000 160
9202 843017000000 160
9217 844001000000 160
9232 844985000000 160
9256 847247000000 160
9271 848873000000 160
9286 849857000000 160
9310 852002000000 160
9337 855301000000 160
9352 857141000000 160
9367 857519000000 160
9382 858503000000 160
9409 860769000000 160
9421 862391000000 160
9436 863375000000 160
9463 866339000000 160
9487 868391000000 160
9502 870659000000 160
9517 870995000000 160
9529 871979000000 160
9559 874075000000 160
9571 875909000000 160
9598 877898000000 160
9613 880289000000 160
9637 881481000000 160
9652 884177000000 160
9667 885161000000 160
9679 885497000000 160
9706 887123000000 160
9721 890033000000 160
9748 892421000000 160
9763 893807000000 160
9790 895219000000 160
9802 897695000000 160
9817 898679000000 160
9832 899663000000 160
9856 899999000000 160
9883 903752000000 160
9898 906947000000 160
9910 907283000000 160
9928 908309000000 160
9955 911645000000 160
9967 912197000000 160
9982 913181000000 160
9997 913733000000 160
10033 918275000000 160
10048 920465000000 160
10063 921017000000 160
10075 921785000000 160
10102 925337000000 160
10117 925715000000 160
10132 926699000000 160
10147 927683000000 160
10183 932571000000 160
10198 933983000000 160
10213 934967000000 160
10225 935303000000 160
10252 938213000000 160
10267 939839000000 160
10279 940175000000 160
10309 941603000000 160
10336 946309000000 160
10348 947501000000 160
10363 948485000000 160
10378 949469000000 160
10402 951303000000 160
10417 953357000000 160
10432 954341000000 160
10456 956084000000 160
10483 959357000000 160
10501 961409000000 160
10513 962003000000 160
10528 962987000000 160
10555 964825000000 160
10567 966875000000 160
10582 967859000000 160
10609 970823000000 160
10633 972447000000 160
10648 975143000000 160
10660 975479000000 160
10678 976505000000 160
10705 978131000000 160
10717 980393000000 160
10744 981980000000 160
10759 984773000000 160
10783 985537000000 160
10798 988661000000 160
10813 989645000000 160
10825 989981000000 160
10852 990965000000 160
10870 994559000000 160
10894 996704000000 160
10909 998291000000 160
10924 999275000000 160
