9 1707000000 160
24 3414000000 160
36 5121000000 160
51 6828000000 160
78 8535000000 160
90 10242000000 160
105 11949000000 160
132 13656000000 160
156 15363000000 160
174 17070000000 160
189 18777000000 160
201 20484000000 160
228 22191000000 160
243 23898000000 160
255 25605000000 160
282 27312000000 160
309 29019000000 160
321 30726000000 160
336 32433000000 160
354 34140000000 160
378 35847000000 160
393 37554000000 160
420 39261000000 160
432 40968000000 160
459 42675000000 160
474 44382000000 160
486 46089000000 160
501 47796000000 160
528 49503000000 160
543 51210000000 160
570 52917000000 160
582 54624000000 160
609 56331000000 160
624 58038000000 160
636 59745000000 160
651 61452000000 160
678 63159000000 160
690 64866000000 160
717 66573000000 160
735 68280000000 160
759 69987000000 160
774 71694000000 160
789 73401000000 160
801 75108000000 160
828 76815000000 160
855 78522000000 160
867 80229000000 160
882 81936000000 160
909 83643000000 160
924 85350000000 160
939 87057000000 160
954 88764000000 160
966 90471000000 160
1005 92178000000 160
1020 93885000000 160
1032 95592000000 160
1047 97299000000 160
1074 99006000000 160
1086 100713000000 160
1104 102420000000 160
1116 104127000000 160
1155 105834000000 160
1170 107541000000 160
1182 109248000000 160
1197 110955000000 160
1224 112662000000 160
1236 114369000000 160
1251 116076000000 160
1278 117783000000 160
1305 119490000000 160
1320 121197000000 160
1335 122904000000 160
1347 124611000000 160
1374 126318000000 160
1389 128025000000 160
1401 129732000000 160
1428 131439000000 160
1455 133146000000 160
1467 134853000000 160
1485 136560000000 160
1500 138267000000 160
1524 139974000000 160
1539 141681000000 160
1554 143388000000 160
1578 145095000000 160
1605 146802000000 160
1620 148509000000 160
1632 150216000000 160
1647 151923000000 160
1674 153630000000 160
1689 155337000000 160
1716 157044000000 160
1728 158751000000 160
1755 160458000000 160
1770 162165000000 160
1782 163872000000 160
1797 165579000000 160
1824 167286000000 160
1836 168993000000 160
1866 170700000000 160
1881 172407000000 160
1905 174114000000 160
1920 175821000000 160
1935 177528000000 160
1947 179235000000 160
1962 180942000000 160
2001 182649000000 160
2013 184356000000 160
2028 186063000000 160
2046 187770000000 160
2070 189477000000 160
2085 191184000000 160
2100 192891000000 160
2112 194598000000 160
2151 196305000000 160
2166 198012000000 160
2178 199719000000 160
2193 201426000000 160
2220 203133000000 160
2235 204840000000 160
2250 206547000000 160
2262 208254000000 160
2301 209961000000 160
2316 211668000000 160
2328 213375000000 160
2343 215082000000 160
2370 216789000000 160
2382 218496000000 160
2397 220203000000 160
2427 221910000000 160
2451 223617000000 160
2466 225324000000 160
2481 227031000000 160
2493 228738000000 160
2520 230445000000 160
2535 232152000000 160
2547 233859000000 160
2574 235566000000 160
2601 237273000000 160
2616 238980000000 160
2631 240687000000 160
2646 242394000000 160
2670 244101000000 160
2685 245808000000 160
2700 247515000000 160
2724 249222000000 160
2751 250929000000 160
2766 252636000000 160
2778 254343000000 160
2796 256050000000 160
2820 257757000000 160
2835 259464000000 160
2862 261171000000 160
2874 262878000000 160
2901 264585000000 160
2916 266292000000 160
2928 267999000000 160
2943 269706000000 160
2958 271413000000 160
2985 273120000000 160
3012 274827000000 160
3027 276534000000 160
3039 278241000000 160
3066 279948000000 160
3081 281655000000 160
3093 283362000000 160
3108 285069000000 160
3135 286776000000 160
3159 288483000000 160
3177 290190000000 160
3192 291897000000 160
3216 293604000000 160
3231 295311000000 160
3246 297018000000 160
3258 298725000000 160
3297 300432000000 160
3312 302139000000 160
3324 303846000000 160
3339 305553000000 160
3366 307260000000 160
3381 308967000000 160
3396 310674000000 160
3408 312381000000 160
3447 314088000000 160
3462 315795000000 160
3474 317502000000 160
3489 319209000000 160
3516 320916000000 160
3528 322623000000 160
3546 324330000000 160
3573 326037000000 160
3597 327744000000 160
3612 329451000000 160
3627 331158000000 160
3639 332865000000 160
3666 334572000000 160
3681 336279000000 160
3693 337986000000 160
3720 339693000000 160
3750 341400000000 160
3762 343107000000 160
3777 344814000000 160
3792 346521000000 160
3816 348228000000 160
3831 349935000000 160
3846 351642000000 160
3870 353349000000 160
3897 355056000000 160
3912 356763000000 160
3927 358470000000 160
3942 360177000000 160
3954 361884000000 160
3981 363591000000 160
4008 365298000000 160
4020 367005000000 160
4035 368712000000 160
4062 370419000000 160
4074 372126000000 160
4089 373833000000 160
4107 375540000000 160
4131 377247000000 160
4158 378954000000 160
4173 380661000000 160
4185 382368000000 160
4212 384075000000 160
4227 385782000000 160
4239 387489000000 160
4254 389196000000 160
4281 390903000000 160
4308 392610000000 160
4323 394317000000 160
4338 396024000000 160
4362 397731000000 160
4377 399438000000 160
4392 401145000000 160
4404 402852000000 160
4443 404559000000 160
4458 406266000000 160
4470 407973000000 160
4488 409680000000 160
4512 411387000000 160
4527 413094000000 160
4542 414801000000 160
4554 416508000000 160
4593 418215000000 160
4608 419922000000 160
4620 421629000000 160
4635 423336000000 160
4662 425043000000 160
4677 426750000000 160
4692 428457000000 160
4707 430164000000 160
4743 431871000000 160
4758 433578000000 160
4773 435285000000 160
4785 436992000000 160
4812 438699000000 160
4827 440406000000 160
4839 442113000000 160
4869 443820000000 160
4896 445527000000 160
4908 447234000000 160
4923 448941000000 160
4938 450648000000 160
4950 452355000000 160
4977 454062000000 160
4992 455769000000 160
5016 457476000000 160
5031 459183000000 160
5058 460890000000 160
5073 462597000000 160
5088 464304000000 160
5100 466011000000 160
5127 467718000000 160
5154 469425000000 160
5166 471132000000 160
5181 472839000000 160
5208 474546000000 160
5220 476253000000 160
5238 477960000000 160
5253 479667000000 160
5277 481374000000 160
5304 483081000000 160
5319 484788000000 160
5331 486495000000 160
5358 488202000000 160
5373 489909000000 160
5385 491616000000 160
5400 493323000000 160
5430 495030000000 160
5454 496737000000 160
5469 498444000000 160
5484 500151000000 160
5508 501858000000 160
5523 503565000000 160
5538 505272000000 160
5550 506979000000 160
5589 508686000000 160
5604 510393000000 160
5619 512100000000 160
5634 513807000000 160
5658 515514000000 160
5673 517221000000 160
5688 518928000000 160
5700 520635000000 160
5739 522342000000 160
5754 524049000000 160
5766 525756000000 160
5781 527463000000 160
5811 529170000000 160
5823 530877000000 160
5838 532584000000 160
5853 534291000000 160
5889 535998000000 160
5904 537705000000 160
5919 539412000000 160
5931 541119000000 160
5946 542826000000 160
5973 544533000000 160
5988 546240000000 160
6015 547947000000 160
6030 549654000000 160
6054 551361000000 160
6069 553068000000 160
6084 554775000000 160
6096 556482000000 160
6123 558189000000 160
6138 559896000000 160
6162 561603000000 160
6180 563310000000 160
6204 565017000000 160
6219 566724000000 160
6234 568431000000 160
6246 570138000000 160
6273 571845000000 160
6288 573552000000 160
6312 575259000000 160
6327 576966000000 160
6354 578673000000 160
6369 580380000000 160
6384 582087000000 160
6399 583794000000 160
6423 585501000000 160
6450 587208000000 160
6465 588915000000 160
6477 590622000000 160
6504 592329000000 160
6519 594036000000 160
6531 595743000000 160
6549 597450000000 160
6576 599157000000 160
6600 600864000000 160
6615 602571000000 160
6630 604278000000 160
6654 605985000000 160
6669 607692000000 160
6684 609399000000 160
6696 611106000000 160
6735 612813000000 160
6750 614520000000 160
6765 616227000000 160
6780 617934000000 160
6804 619641000000 160
6819 621348000000 160
6834 623055000000 160
6846 624762000000 160
6885 626469000000 160
6900 628176000000 160
6912 629883000000 160
6930 631590000000 160
6945 633297000000 160
6969 635004000000 160
6984 636711000000 160
6999 638418000000 160
7023 640125000000 160
7050 641832000000 160
7065 643539000000 160
7077 645246000000 160
7092 646953000000 160
7122 648660000000 160
7134 650367000000 160
7161 652074000000 160
7176 653781000000 160
7200 655488000000 160
7215 657195000000 160
7230 658902000000 160
7242 660609000000 160
7269 662316000000 160
7284 664023000000 160
7311 665730000000 160
7326 667437000000 160
7350 669144000000 160
7365 670851000000 160
7380 672558000000 160
7392 674265000000 160
7419 675972000000 160
7434 677679000000 160
7458 679386000000 160
7473 681093000000 160
7503 682800000000 160
7515 684507000000 160
7530 686214000000 160
7545 687921000000 160
7569 689628000000 160
7596 691335000000 160
7611 693042000000 160
7623 694749000000 160
7650 696456000000 160
7665 698163000000 160
7680 699870000000 160
7695 701577000000 160
7722 703284000000 160
7746 704991000000 160
7761 706698000000 160
7776 708405000000 160
7800 710112000000 160
7815 711819000000 160
7830 713526000000 160
7842 715233000000 160
7872 716940000000 160
7896 718647000000 160
7911 720354000000 160
7926 722061000000 160
7938 723768000000 160
7965 725475000000 160
7980 727182000000 160
7992 728889000000 160
8019 730596000000 160
8046 732303000000 160
8061 734010000000 160
8076 735717000000 160
8091 737424000000 160
8115 739131000000 160
8130 740838000000 160
8145 742545000000 160
8169 744252000000 160
8196 745959000000 160
8211 747666000000 160
8223 749373000000 160
8241 751080000000 160
8268 752787000000 160
8280 754494000000 160
8307 756201000000 160
8322 757908000000 160
8346 759615000000 160
8361 761322000000 160
8376 763029000000 160
8388 764736000000 160
8415 766443000000 160
8430 768150000000 160
8457 769857000000 160
8472 771564000000 160
8496 773271000000 160
8511 774978000000 160
8526 776685000000 160
8538 778392000000 160
8565 780099000000 160
8580 781806000000 160
8604 783513000000 160
8622 785220000000 160
8649 786927000000 160
8661 788634000000 160
8676 790341000000 160
8691 792048000000 160
8715 793755000000 160
8742 795462000000 160
8757 797169000000 160
8769 798876000000 160
8796 800583000000 160
8814 802290000000 160
8826 803997000000 160
8841 805704000000 160
8868 807411000000 160
8892 809118000000 160
8907 810825000000 160
8922 812532000000 160
8934 814239000000 160
8961 815946000000 160
8973 817653000000 160
8991 819360000000 160
9006 821067000000 160
9042 822774000000 160
9057 824481000000 160
9072 826188000000 160
9084 827895000000 160
9111 829602000000 160
9126 831309000000 160
9138 833016000000 160
9165 834723000000 160
9195 836430000000 160
9207 838137000000 160
9222 839844000000 160
9237 841551000000 160
9261 843258000000 160
9276 844965000000 160
9291 846672000000 160
9315 848379000000 160
9342 850086000000 160
9357 851793000000 160
9372 853500000000 160
9387 855207000000 160
9414 856914000000 160
9426 858621000000 160
9441 860328000000 160
9468 862035000000 160
9492 863742000000 160
9507 865449000000 160
9522 867156000000 160
9534 868863000000 160
9564 870570000000 160
9576 872277000000 160
9603 873984000000 160
9618 875691000000 160
9642 877398000000 160
9657 879105000000 160
9672 880812000000 160
9684 882519000000 160
9711 884226000000 160
9726 885933000000 160
9753 887640000000 160
9768 889347000000 160
9795 891054000000 160
9807 892761000000 160
9822 894468000000 160
9837 896175000000 160
9861 897882000000 160
9888 899589000000 160
9903 901296000000 160
9915 903003000000 160
9933 904710000000 160
9960 906417000000 160
9972 908124000000 160
9987 909831000000 160
10002 911538000000 160
10038 913245000000 160
10053 914952000000 160
10068 916659000000 160
10080 918366000000 160
10107 920073000000 160
10122 921780000000 160
10137 923487000000 160
10152 925194000000 160
10188 926901000000 160
10203 928608000000 160
10218 930315000000 160
10230 932022000000 160
10257 933729000000 160
10272 935436000000 160
10284 937143000000 160
10314 938850000000 160
10341 940557000000 160
10353 942264000000 160
10368 943971000000 160
10383 945678000000 160
10407 947385000000 160
10422 949092000000 160
10437 950799000000 160
10461 952506000000 160
10488 954213000000 160
10506 955920000000 160
10518 957627000000 160
10533 959334000000 160
10560 961041000000 160
10572 962748000000 160
10587 964455000000 160
10614 966162000000 160
10638 967869000000 160
10653 969576000000 160
10665 971283000000 160
10683 972990000000 160
10710 974697000000 160
10722 976404000000 160
10749 978111000000 160
10764 979818000000 160
10788 981525000000 160
10803 983232000000 160
10818 984939000000 160
10830 986646000000 160
10857 988353000000 160
10875 990060000000 160
10899 991767000000 160
10914 993474000000 160
10929 995181000000 160
10953 996888000000 160
10968 998595000000 160
