5 1707000000 160
20 3414000000 160
32 5121000000 160
47 6828000000 160
74 8535000000 160
86 10242000000 160
101 11949000000 160
128 13656000000 160
152 15363000000 160
170 17070000000 160
185 18777000000 160
197 20484000000 160
224 22191000000 160
239 23898000000 160
251 25605000000 160
278 27312000000 160
305 29019000000 160
317 30726000000 160
332 32433000000 160
350 34140000000 160
374 35847000000 160
389 37554000000 160
416 39261000000 160
428 40968000000 160
455 42675000000 160
470 44382000000 160
482 46089000000 160
497 47796000000 160
524 49503000000 160
539 51210000000 160
566 52917000000 160
578 54624000000 160
605 56331000000 160
620 58038000000 160
632 59745000000 160
647 61452000000 160
674 63159000000 160
686 64866000000 160
713 66573000000 160
731 68280000000 160
755 69987000000 160
770 71694000000 160
785 73401000000 160
797 75108000000 160
824 76815000000 160
851 78522000000 160
863 80229000000 160
878 81936000000 160
905 83643000000 160
920 85350000000 160
935 87057000000 160
950 88764000000 160
962 90471000000 160
1001 92178000000 160
1016 93885000000 160
1028 95592000000 160
1043 97299000000 160
1070 99006000000 160
1082 100713000000 160
1100 102420000000 160
1112 104127000000 160
1151 105834000000 160
1166 107541000000 160
1178 109248000000 160
1193 110955000000 160
1220 112662000000 160
1232 114369000000 160
1247 116076000000 160
1274 117783000000 160
1301 119490000000 160
1316 121197000000 160
1331 122904000000 160
1343 124611000000 160
1370 126318000000 160
1385 128025000000 160
1397 129732000000 160
1424 131439000000 160
1451 133146000000 160
1463 134853000000 160
1481 136560000000 160
1496 138267000000 160
1520 139974000000 160
1535 141681000000 160
1550 143388000000 160
1574 145095000000 160
1601 146802000000 160
1616 148509000000 160
1628 150216000000 160
1643 151923000000 160
1670 153630000000 160
1685 155337000000 160
1712 157044000000 160
1724 158751000000 160
1751 160458000000 160
1766 162165000000 160
1778 163872000000 160
1793 165579000000 160
1820 167286000000 160
1832 168993000000 160
1862 170700000000 160
1877 172407000000 160
1901 174114000000 160
1916 175821000000 160
1931 177528000000 160
1943 179235000000 160
1958 180942000000 160
1997 182649000000 160
2009 184356000000 160
2024 186063000000 160
2042 187770000000 160
2066 189477000000 160
2081 191184000000 160
2096 192891000000 160
2108 194598000000 160
2147 196305000000 160
2162 198012000000 160
2174 199719000000 160
2189 201426000000 160
2216 203133000000 160
2231 204840000000 160
2246 206547000000 160
2258 208254000000 160
2297 209961000000 160
2312 211668000000 160
2324 213375000000 160
2339 215082000000 160
2366 216789000000 160
2378 218496000000 160
2393 220203000000 160
2423 221910000000 160
2447 223617000000 160
2462 225324000000 160
2477 227031000000 160
2489 228738000000 160
2516 230445000000 160
2531 232152000000 160
2543 233859000000 160
2570 235566000000 160
2597 237273000000 160
2612 238980000000 160
2627 240687000000 160
2642 242394000000 160
2666 244101000000 160
2681 245808000000 160
2696 247515000000 160
2720 249222000000 160
2747 250929000000 160
2762 252636000000 160
2774 254343000000 160
2792 256050000000 160
2816 257757000000 160
2831 259464000000 160
2858 261171000000 160
2870 262878000000 160
2897 264585000000 160
2912 266292000000 160
2924 267999000000 160
2939 269706000000 160
2954 271413000000 160
2981 273120000000 160
3008 274827000000 160
3023 276534000000 160
3035 278241000000 160
3062 279948000000 160
3077 281655000000 160
3089 283362000000 160
3104 285069000000 160
3131 286776000000 160
3155 288483000000 160
3173 290190000000 160
3188 291897000000 160
3212 293604000000 160
3227 295311000000 160
3242 297018000000 160
3254 298725000000 160
3293 300432000000 160
3308 302139000000 160
3320 303846000000 160
3335 305553000000 160
3362 307260000000 160
3377 308967000000 160
3392 310674000000 160
3404 312381000000 160
3443 314088000000 160
3458 315795000000 160
3470 317502000000 160
3485 319209000000 160
3512 320916000000 160
3524 322623000000 160
3542 324330000000 160
3569 326037000000 160
3593 327744000000 160
3608 329451000000 160
3623 331158000000 160
3635 332865000000 160
3662 334572000000 160
3677 336279000000 160
3689 337986000000 160
3716 339693000000 160
3746 341400000000 160
3758 343107000000 160
3773 344814000000 160
3788 346521000000 160
3812 348228000000 160
3827 349935000000 160
3842 351642000000 160
3866 353349000000 160
3893 355056000000 160
3908 356763000000 160
3923 358470000000 160
3938 360177000000 160
3950 361884000000 160
3977 363591000000 160
4004 365298000000 160
4016 367005000000 160
4031 368712000000 160
4058 370419000000 160
4070 372126000000 160
4085 373833000000 160
4103 375540000000 160
4127 377247000000 160
4154 378954000000 160
4169 380661000000 160
4181 382368000000 160
4208 384075000000 160
4223 385782000000 160
4235 387489000000 160
4250 389196000000 160
4277 390903000000 160
4304 392610000000 160
4319 394317000000 160
4334 396024000000 160
4358 397731000000 160
4373 399438000000 160
4388 401145000000 160
4400 402852000000 160
4439 404559000000 160
4454 406266000000 160
4466 407973000000 160
4484 409680000000 160
4508 411387000000 160
4523 413094000000 160
4538 414801000000 160
4550 416508000000 160
4589 418215000000 160
4604 419922000000 160
4616 421629000000 160
4631 423336000000 160
4658 425043000000 160
4673 426750000000 160
4688 428457000000 160
4703 430164000000 160
4739 431871000000 160
4754 433578000000 160
4769 435285000000 160
4781 436992000000 160
4808 438699000000 160
4823 440406000000 160
4835 442113000000 160
4865 443820000000 160
4892 445527000000 160
4904 447234000000 160
4919 448941000000 160
4934 450648000000 160
4946 452355000000 160
4973 454062000000 160
4988 455769000000 160
5012 457476000000 160
5027 459183000000 160
5054 460890000000 160
5069 462597000000 160
5084 464304000000 160
5096 466011000000 160
5123 467718000000 160
5150 469425000000 160
5162 471132000000 160
5177 472839000000 160
5204 474546000000 160
5216 476253000000 160
5234 477960000000 160
5249 479667000000 160
5273 481374000000 160
5300 483081000000 160
5315 484788000000 160
5327 486495000000 160
5354 488202000000 160
5369 489909000000 160
5381 491616000000 160
5396 493323000000 160
5426 495030000000 160
5450 496737000000 160
5465 498444000000 160
5480 500151000000 160
5504 501858000000 160
5519 503565000000 160
5534 505272000000 160
5546 506979000000 160
5585 508686000000 160
5600 510393000000 160
5615 512100000000 160
5630 513807000000 160
5654 515514000000 160
5669 517221000000 160
5684 518928000000 160
5696 520635000000 160
5735 522342000000 160
5750 524049000000 160
5762 525756000000 160
5777 527463000000 160
5807 529170000000 160
5819 530877000000 160
5834 532584000000 160
5849 534291000000 160
5885 535998000000 160
5900 537705000000 160
5915 539412000000 160
5927 541119000000 160
5942 542826000000 160
5969 544533000000 160
5984 546240000000 160
6011 547947000000 160
6026 549654000000 160
6050 551361000000 160
6065 553068000000 160
6080 554775000000 160
6092 556482000000 160
6119 558189000000 160
6134 559896000000 160
6158 561603000000 160
6176 563310000000 160
6200 565017000000 160
6215 566724000000 160
6230 568431000000 160
6242 570138000000 160
6269 571845000000 160
6284 573552000000 160
6308 575259000000 160
6323 576966000000 160
6350 578673000000 160
6365 580380000000 160
6380 582087000000 160
6395 583794000000 160
6419 585501000000 160
6446 587208000000 160
6461 588915000000 160
6473 590622000000 160
6500 592329000000 160
6515 594036000000 160
6527 595743000000 160
6545 597450000000 160
6572 599157000000 160
6596 600864000000 160
6611 602571000000 160
6626 604278000000 160
6650 605985000000 160
6665 607692000000 160
6680 609399000000 160
6692 611106000000 160
6731 612813000000 160
6746 614520000000 160
6761 616227000000 160
6776 617934000000 160
6800 619641000000 160
6815 621348000000 160
6830 623055000000 160
6842 624762000000 160
6881 626469000000 160
6896 628176000000 160
6908 629883000000 160
6926 631590000000 160
6941 633297000000 160
6965 635004000000 160
6980 636711000000 160
6995 638418000000 160
7019 640125000000 160
7046 641832000000 160
7061 643539000000 160
7073 645246000000 160
7088 646953000000 160
7118 648660000000 160
7130 650367000000 160
7157 652074000000 160
7172 653781000000 160
7196 655488000000 160
7211 657195000000 160
7226 658902000000 160
7238 660609000000 160
7265 662316000000 160
7280 664023000000 160
7307 665730000000 160
7322 667437000000 160
7346 669144000000 160
7361 670851000000 160
7376 672558000000 160
7388 674265000000 160
7415 675972000000 160
7430 677679000000 160
7454 679386000000 160
7469 681093000000 160
7499 682800000000 160
7511 684507000000 160
7526 686214000000 160
7541 687921000000 160
7565 689628000000 160
7592 691335000000 160
7607 693042000000 160
7619 694749000000 160
7646 696456000000 160
7661 698163000000 160
7676 699870000000 160
7691 701577000000 160
7718 703284000000 160
7742 704991000000 160
7757 706698000000 160
7772 708405000000 160
7796 710112000000 160
7811 711819000000 160
7826 713526000000 160
7838 715233000000 160
7868 716940000000 160
7892 718647000000 160
7907 720354000000 160
7922 722061000000 160
7934 723768000000 160
7961 725475000000 160
7976 727182000000 160
7988 728889000000 160
8015 730596000000 160
8042 732303000000 160
8057 734010000000 160
8072 735717000000 160
8087 737424000000 160
8111 739131000000 160
8126 740838000000 160
8141 742545000000 160
8165 744252000000 160
8192 745959000000 160
8207 747666000000 160
8219 749373000000 160
8237 751080000000 160
8264 752787000000 160
8276 754494000000 160
8303 756201000000 160
8318 757908000000 160
8342 759615000000 160
8357 761322000000 160
8372 763029000000 160
8384 764736000000 160
8411 766443000000 160
8426 768150000000 160
8453 769857000000 160
8468 771564000000 160
8492 773271000000 160
8507 774978000000 160
8522 776685000000 160
8534 778392000000 160
8561 780099000000 160
8576 781806000000 160
8600 783513000000 160
8618 785220000000 160
8645 786927000000 160
8657 788634000000 160
8672 790341000000 160
8687 792048000000 160
8711 793755000000 160
8738 795462000000 160
8753 797169000000 160
8765 798876000000 160
8792 800583000000 160
8810 802290000000 160
8822 803997000000 160
8837 805704000000 160
8864 807411000000 160
8888 809118000000 160
8903 810825000000 160
8918 812532000000 160
8930 814239000000 160
8957 815946000000 160
8969 817653000000 160
8987 819360000000 160
9002 821067000000 160
9038 822774000000 160
9053 824481000000 160
9068 826188000000 160
9080 827895000000 160
9107 829602000000 160
9122 831309000000 160
9134 833016000000 160
9161 834723000000 160
9191 836430000000 160
9203 838137000000 160
9218 839844000000 160
9233 841551000000 160
9257 843258000000 160
9272 844965000000 160
9287 846672000000 160
9311 848379000000 160
9338 850086000000 160
9353 851793000000 160
9368 853500000000 160
9383 855207000000 160
9410 856914000000 160
9422 858621000000 160
9437 860328000000 160
9464 862035000000 160
9488 863742000000 160
9503 865449000000 160
9518 867156000000 160
9530 868863000000 160
9560 870570000000 160
9572 872277000000 160
9599 873984000000 160
9614 875691000000 160
9638 877398000000 160
9653 879105000000 160
9668 880812000000 160
9680 882519000000 160
9707 884226000000 160
9722 885933000000 160
9749 887640000000 160
9764 889347000000 160
9791 891054000000 160
9803 892761000000 160
9818 894468000000 160
9833 896175000000 160
9857 897882000000 160
9884 899589000000 160
9899 901296000000 160
9911 903003000000 160
9929 904710000000 160
9956 906417000000 160
9968 908124000000 160
9983 909831000000 160
9998 911538000000 160
10034 913245000000 160
10049 914952000000 160
10064 916659000000 160
10076 918366000000 160
10103 920073000000 160
10118 921780000000 160
10133 923487000000 160
10148 925194000000 160
10184 926901000000 160
10199 928608000000 160
10214 930315000000 160
10226 932022000000 160
10253 933729000000 160
10268 935436000000 160
10280 937143000000 160
10310 938850000000 160
10337 940557000000 160
10349 942264000000 160
10364 943971000000 160
10379 945678000000 160
10403 947385000000 160
10418 949092000000 160
10433 950799000000 160
10457 952506000000 160
10484 954213000000 160
10502 955920000000 160
10514 957627000000 160
10529 959334000000 160
10556 961041000000 160
10568 962748000000 160
10583 964455000000 160
10610 966162000000 160
10634 967869000000 160
10649 969576000000 160
10661 971283000000 160
10679 972990000000 160
10706 974697000000 160
10718 976404000000 160
10745 978111000000 160
10760 979818000000 160
10784 981525000000 160
10799 983232000000 160
10814 984939000000 160
10826 986646000000 160
10853 988353000000 160
10871 990060000000 160
10895 991767000000 160
10910 993474000000 160
10925 995181000000 160
10949 996888000000 160
10964 998595000000 160
