10 1707000000 160
25 3414000000 160
37 5121000000 160
52 6828000000 160
79 8535000000 160
91 10242000000 160
106 11949000000 160
133 13656000000 160
157 15363000000 160
175 17070000000 160
190 18777000000 160
202 20484000000 160
229 22191000000 160
244 23898000000 160
256 25605000000 160
283 27312000000 160
310 29019000000 160
322 30726000000 160
337 32433000000 160
355 34140000000 160
379 35847000000 160
394 37554000000 160
421 39261000000 160
433 40968000000 160
460 42675000000 160
475 44382000000 160
487 46089000000 160
502 47796000000 160
529 49503000000 160
544 51210000000 160
571 52917000000 160
583 54624000000 160
610 56331000000 160
625 58038000000 160
637 59745000000 160
652 61452000000 160
679 63159000000 160
691 64866000000 160
718 66573000000 160
736 68280000000 160
760 69987000000 160
775 71694000000 160
790 73401000000 160
802 75108000000 160
829 76815000000 160
856 78522000000 160
868 80229000000 160
883 81936000000 160
910 83643000000 160
925 85350000000 160
940 87057000000 160
955 88764000000 160
967 90471000000 160
1006 92178000000 160
1021 93885000000 160
1033 95592000000 160
1048 97299000000 160
1075 99006000000 160
1087 100713000000 160
1105 102420000000 160
1117 104127000000 160
1156 105834000000 160
1171 107541000000 160
1183 109248000000 160
1198 110955000000 160
1225 112662000000 160
1237 114369000000 160
1252 116076000000 160
1279 117783000000 160
1306 119490000000 160
1321 121197000000 160
1336 122904000000 160
1348 124611000000 160
1375 126318000000 160
1390 128025000000 160
1402 129732000000 160
1429 131439000000 160
1456 133146000000 160
1468 134853000000 160
1486 136560000000 160
1501 138267000000 160
1525 139974000000 160
1540 141681000000 160
1555 143388000000 160
1579 145095000000 160
1606 146802000000 160
1621 148509000000 160
1633 150216000000 160
1648 151923000000 160
1675 153630000000 160
1690 155337000000 160
1717 157044000000 160
1729 158751000000 160
1756 160458000000 160
1771 162165000000 160
1783 163872000000 160
1798 165579000000 160
1825 167286000000 160
1837 168993000000 160
1867 170700000000 160
1882 172407000000 160
1906 174114000000 160
1921 175821000000 160
1936 177528000000 160
1948 179235000000 160
1963 180942000000 160
2002 182649000000 160
2014 184356000000 160
2029 186063000000 160
2047 187770000000 160
2071 189477000000 160
2086 191184000000 160
2101 192891000000 160
2113 194598000000 160
2152 196305000000 160
2167 198012000000 160
2179 199719000000 160
2194 201426000000 160
2221 203133000000 160
2236 204840000000 160
2251 206547000000 160
2263 208254000000 160
2302 209961000000 160
2317 211668000000 160
2329 213375000000 160
2344 215082000000 160
2371 216789000000 160
2383 218496000000 160
2398 220203000000 160
2428 221910000000 160
2452 223617000000 160
2467 225324000000 160
2482 227031000000 160
2494 228738000000 160
2521 230445000000 160
2536 232152000000 160
2548 233859000000 160
2575 235566000000 160
2602 237273000000 160
2617 238980000000 160
2632 240687000000 160
2647 242394000000 160
2671 244101000000 160
2686 245808000000 160
2701 247515000000 160
2725 249222000000 160
2752 250929000000 160
2767 252636000000 160
2779 254343000000 160
2797 256050000000 160
2821 257757000000 160
2836 259464000000 160
2863 261171000000 160
2875 262878000000 160
2902 264585000000 160
2917 266292000000 160
2929 267999000000 160
2944 269706000000 160
2959 271413000000 160
2986 273120000000 160
3013 274827000000 160
3028 276534000000 160
3040 278241000000 160
3067 279948000000 160
3082 281655000000 160
3094 283362000000 160
3109 285069000000 160
3136 286776000000 160
3160 288483000000 160
3178 290190000000 160
3193 291897000000 160
3217 293604000000 160
3232 295311000000 160
3247 297018000000 160
3259 298725000000 160
3298 300432000000 160
3313 302139000000 160
3325 303846000000 160
3340 305553000000 160
3367 307260000000 160
3382 308967000000 160
3397 310674000000 160
3409 312381000000 160
3448 314088000000 160
3463 315795000000 160
3475 317502000000 160
3490 319209000000 160
3517 320916000000 160
3529 322623000000 160
3547 324330000000 160
3574 326037000000 160
3598 327744000000 160
3613 329451000000 160
3628 331158000000 160
3640 332865000000 160
3667 334572000000 160
3682 336279000000 160
3694 337986000000 160
3721 339693000000 160
3751 341400000000 160
3763 343107000000 160
3778 344814000000 160
3793 346521000000 160
3817 348228000000 160
3832 349935000000 160
3847 351642000000 160
3871 353349000000 160
3898 355056000000 160
3913 356763000000 160
3928 358470000000 160
3943 360177000000 160
3955 361884000000 160
3982 363591000000 160
4009 365298000000 160
4021 367005000000 160
4036 368712000000 160
4063 370419000000 160
4075 372126000000 160
4090 373833000000 160
4108 375540000000 160
4132 377247000000 160
4159 378954000000 160
4174 380661000000 160
4186 382368000000 160
4213 384075000000 160
4228 385782000000 160
4240 387489000000 160
4255 389196000000 160
4282 390903000000 160
4309 392610000000 160
4324 394317000000 160
4339 396024000000 160
4363 397731000000 160
4378 399438000000 160
4393 401145000000 160
4405 402852000000 160
4444 404559000000 160
4459 406266000000 160
4471 407973000000 160
4489 409680000000 160
4513 411387000000 160
4528 413094000000 160
4543 414801000000 160
4555 416508000000 160
4594 418215000000 160
4609 419922000000 160
4621 421629000000 160
4636 423336000000 160
4663 425043000000 160
4678 426750000000 160
4693 428457000000 160
4708 430164000000 160
4744 431871000000 160
4759 433578000000 160
4774 435285000000 160
4786 436992000000 160
4813 438699000000 160
4828 440406000000 160
4840 442113000000 160
4870 443820000000 160
4897 445527000000 160
4909 447234000000 160
4924 448941000000 160
4939 450648000000 160
4951 452355000000 160
4978 454062000000 160
4993 455769000000 160
5017 457476000000 160
5032 459183000000 160
5059 460890000000 160
5074 462597000000 160
5089 464304000000 160
5101 466011000000 160
5128 467718000000 160
5155 469425000000 160
5167 471132000000 160
5182 472839000000 160
5209 474546000000 160
5221 476253000000 160
5239 477960000000 160
5254 479667000000 160
5278 481374000000 160
5305 483081000000 160
5320 484788000000 160
5332 486495000000 160
5359 488202000000 160
5374 489909000000 160
5386 491616000000 160
5401 493323000000 160
5431 495030000000 160
5455 496737000000 160
5470 498444000000 160
5485 500151000000 160
5509 501858000000 160
5524 503565000000 160
5539 505272000000 160
5551 506979000000 160
5590 508686000000 160
5605 510393000000 160
5620 512100000000 160
5635 513807000000 160
5659 515514000000 160
5674 517221000000 160
5689 518928000000 160
5701 520635000000 160
5740 522342000000 160
5755 524049000000 160
5767 525756000000 160
5782 527463000000 160
5812 529170000000 160
5824 530877000000 160
5839 532584000000 160
5854 534291000000 160
5890 535998000000 160
5905 537705000000 160
5920 539412000000 160
5932 541119000000 160
5947 542826000000 160
5974 544533000000 160
5989 546240000000 160
6016 547947000000 160
6031 549654000000 160
6055 551361000000 160
6070 553068000000 160
6085 554775000000 160
6097 556482000000 160
6124 558189000000 160
6139 559896000000 160
6163 561603000000 160
6181 563310000000 160
6205 565017000000 160
6220 566724000000 160
6235 568431000000 160
6247 570138000000 160
6274 571845000000 160
6289 573552000000 160
6313 575259000000 160
6328 576966000000 160
6355 578673000000 160
6370 580380000000 160
6385 582087000000 160
6400 583794000000 160
6424 585501000000 160
6451 587208000000 160
6466 588915000000 160
6478 590622000000 160
6505 592329000000 160
6520 594036000000 160
6532 595743000000 160
6550 597450000000 160
6577 599157000000 160
6601 600864000000 160
6616 602571000000 160
6631 604278000000 160
6655 605985000000 160
6670 607692000000 160
6685 609399000000 160
6697 611106000000 160
6736 612813000000 160
6751 614520000000 160
6766 616227000000 160
6781 617934000000 160
6805 619641000000 160
6820 621348000000 160
6835 623055000000 160
6847 624762000000 160
6886 626469000000 160
6901 628176000000 160
6913 629883000000 160
6931 631590000000 160
6946 633297000000 160
6970 635004000000 160
6985 636711000000 160
7000 638418000000 160
7024 640125000000 160
7051 641832000000 160
7066 643539000000 160
7078 645246000000 160
7093 646953000000 160
7123 648660000000 160
7135 650367000000 160
7162 652074000000 160
7177 653781000000 160
7201 655488000000 160
7216 657195000000 160
7231 658902000000 160
7243 660609000000 160
7270 662316000000 160
7285 664023000000 160
7312 665730000000 160
7327 667437000000 160
7351 669144000000 160
7366 670851000000 160
7381 672558000000 160
7393 674265000000 160
7420 675972000000 160
7435 677679000000 160
7459 679386000000 160
7474 681093000000 160
7504 682800000000 160
7516 684507000000 160
7531 686214000000 160
7546 687921000000 160
7570 689628000000 160
7597 691335000000 160
7612 693042000000 160
7624 694749000000 160
7651 696456000000 160
7666 698163000000 160
7681 699870000000 160
7696 701577000000 160
7723 703284000000 160
7747 704991000000 160
7762 706698000000 160
7777 708405000000 160
7801 710112000000 160
7816 711819000000 160
7831 713526000000 160
7843 715233000000 160
7873 716940000000 160
7897 718647000000 160
7912 720354000000 160
7927 722061000000 160
7939 723768000000 160
7966 725475000000 160
7981 727182000000 160
7993 728889000000 160
8020 730596000000 160
8047 732303000000 160
8062 734010000000 160
8077 735717000000 160
8092 737424000000 160
8116 739131000000 160
8131 740838000000 160
8146 742545000000 160
8170 744252000000 160
8197 745959000000 160
8212 747666000000 160
8224 749373000000 160
8242 751080000000 160
8269 752787000000 160
8281 754494000000 160
8308 756201000000 160
8323 757908000000 160
8347 759615000000 160
8362 761322000000 160
8377 763029000000 160
8389 764736000000 160
8416 766443000000 160
8431 768150000000 160
8458 769857000000 160
8473 771564000000 160
8497 773271000000 160
8512 774978000000 160
8527 776685000000 160
8539 778392000000 160
8566 780099000000 160
8581 781806000000 160
8605 783513000000 160
8623 785220000000 160
8650 786927000000 160
8662 788634000000 160
8677 790341000000 160
8692 792048000000 160
8716 793755000000 160
8743 795462000000 160
8758 797169000000 160
8770 798876000000 160
8797 800583000000 160
8815 802290000000 160
8827 803997000000 160
8842 805704000000 160
8869 807411000000 160
8893 809118000000 160
8908 810825000000 160
8923 812532000000 160
8935 814239000000 160
8962 815946000000 160
8974 817653000000 160
8992 819360000000 160
9007 821067000000 160
9043 822774000000 160
9058 824481000000 160
9073 826188000000 160
9085 827895000000 160
9112 829602000000 160
9127 831309000000 160
9139 833016000000 160
9166 834723000000 160
9196 836430000000 160
9208 838137000000 160
9223 839844000000 160
9238 841551000000 160
9262 843258000000 160
9277 844965000000 160
9292 846672000000 160
9316 848379000000 160
9343 850086000000 160
9358 851793000000 160
9373 853500000000 160
9388 855207000000 160
9415 856914000000 160
9427 858621000000 160
9442 860328000000 160
9469 862035000000 160
9493 863742000000 160
9508 865449000000 160
9523 867156000000 160
9535 868863000000 160
9565 870570000000 160
9577 872277000000 160
9604 873984000000 160
9619 875691000000 160
9643 877398000000 160
9658 879105000000 160
9673 880812000000 160
9685 882519000000 160
9712 884226000000 160
9727 885933000000 160
9754 887640000000 160
9769 889347000000 160
9796 891054000000 160
9808 892761000000 160
9823 894468000000 160
9838 896175000000 160
9862 897882000000 160
9889 899589000000 160
9904 901296000000 160
9916 903003000000 160
9934 904710000000 160
9961 906417000000 160
9973 908124000000 160
9988 909831000000 160
10003 911538000000 160
10039 913245000000 160
10054 914952000000 160
10069 916659000000 160
10081 918366000000 160
10108 920073000000 160
10123 921780000000 160
10138 923487000000 160
10153 925194000000 160
10189 926901000000 160
10204 928608000000 160
10219 930315000000 160
10231 932022000000 160
10258 933729000000 160
10273 935436000000 160
10285 937143000000 160
10315 938850000000 160
10342 940557000000 160
10354 942264000000 160
10369 943971000000 160
10384 945678000000 160
10408 947385000000 160
10423 949092000000 160
10438 950799000000 160
10462 952506000000 160
10489 954213000000 160
10507 955920000000 160
10519 957627000000 160
10534 959334000000 160
10561 961041000000 160
10573 962748000000 160
10588 964455000000 160
10615 966162000000 160
10639 967869000000 160
10654 969576000000 160
10666 971283000000 160
10684 972990000000 160
10711 974697000000 160
10723 976404000000 160
10750 978111000000 160
10765 979818000000 160
10789 981525000000 160
10804 983232000000 160
10819 984939000000 160
10831 986646000000 160
10858 988353000000 160
10876 990060000000 160
10900 991767000000 160
10915 993474000000 160
10930 995181000000 160
10954 996888000000 160
10969 998595000000 160
