122 13037000000 1358
272 26074000000 1358
410 39111000000 1358
560 52148000000 1358
707 65185000000 1358
845 78222000000 1358
995 91259000000 1358
1133 104296000000 1358
1268 117333000000 1358
1418 130370000000 1358
1568 143407000000 1358
1706 156444000000 1358
1853 169481000000 1358
1991 182518000000 1358
2141 195555000000 1358
2279 208592000000 1358
2414 221629000000 1358
2564 234666000000 1358
2714 247703000000 1358
2852 260740000000 1358
3002 273777000000 1358
3149 286814000000 1358
3287 299851000000 1358
3425 312888000000 1358
3563 325925000000 1358
3710 338962000000 1358
3860 351999000000 1358
3998 365036000000 1358
4148 378073000000 1358
4295 391110000000 1358
4433 404147000000 1358
4571 417184000000 1358
4721 430221000000 1358
4856 443258000000 1358
5006 456295000000 1358
5144 469332000000 1358
5294 482369000000 1358
5444 495406000000 1358
5579 508443000000 1358
5717 521480000000 1358
5867 534517000000 1358
6005 547554000000 1358
6152 560591000000 1358
6302 573628000000 1358
6440 586665000000 1358
6590 599702000000 1358
6725 612739000000 1358
6863 625776000000 1358
7013 638813000000 1358
7151 651850000000 1358
7298 664887000000 1358
7448 677924000000 1358
7586 690961000000 1358
7736 703998000000 1358
7886 717035000000 1358
8009 730072000000 1358
8159 743109000000 1358
8297 756146000000 1358
8447 769183000000 1358
8594 782220000000 1358
8732 795257000000 1358
8882 808294000000 1358
9032 821331000000 1358
9155 834368000000 1358
9305 847405000000 1358
9455 860442000000 1358
9593 873479000000 1358
9740 886516000000 1358
9878 899553000000 1358
10028 912590000000 1358
10166 925627000000 1358
10301 938664000000 1358
10451 951701000000 1358
10601 964738000000 1358
10739 977775000000 1358
10889 990812000000 1358
