163 17067000000 64
343 34134000000 64
532 51201000000 64
724 68268000000 64
913 85335000000 64
1093 102402000000 64
1294 119469000000 64
1474 136536000000 64
1663 153603000000 64
1855 170670000000 64
2035 187737000000 64
2224 204804000000 64
2416 221871000000 64
2605 238938000000 64
2785 256005000000 64
2974 273072000000 64
3166 290139000000 64
3355 307206000000 64
3535 324273000000 64
3739 341340000000 64
3916 358407000000 64
4096 375474000000 64
4297 392541000000 64
4477 409608000000 64
4666 426675000000 64
4858 443742000000 64
5047 460809000000 64
5227 477876000000 64
5419 494943000000 64
5608 512010000000 64
5800 529077000000 64
5977 546144000000 64
6169 563211000000 64
6358 580278000000 64
6538 597345000000 64
6739 614412000000 64
6919 631479000000 64
7111 648546000000 64
7300 665613000000 64
7492 682680000000 64
7669 699747000000 64
7849 716814000000 64
8050 733881000000 64
8230 750948000000 64
8419 768015000000 64
8611 785082000000 64
8803 802149000000 64
8980 819216000000 64
9184 836283000000 64
9361 853350000000 64
9553 870417000000 64
9742 887484000000 64
9922 904551000000 64
10111 921618000000 64
10303 938685000000 64
10495 955752000000 64
10672 972819000000 64
10864 989886000000 64
