58 6960000000 1450
139 13920000000 1450
211 20880000000 1450
289 27840000000 1450
361 34800000000 1450
442 41760000000 1450
508 48720000000 1450
592 55680000000 1450
661 62640000000 1450
742 69600000000 1450
811 76560000000 1450
892 83520000000 1450
973 90480000000 1450
1054 97440000000 1450
1138 104400000000 1450
1204 111360000000 1450
1285 118320000000 1450
1357 125280000000 1450
1435 132240000000 1450
1507 139200000000 1450
1588 146160000000 1450
1654 153120000000 1450
1738 160080000000 1450
1807 167040000000 1450
1888 174000000000 1450
1969 180960000000 1450
2053 187920000000 1450
2119 194880000000 1450
2200 201840000000 1450
2284 208800000000 1450
2350 215760000000 1450
2434 222720000000 1450
2503 229680000000 1450
2581 236640000000 1450
2653 243600000000 1450
2734 250560000000 1450
2803 257520000000 1450
2884 264480000000 1450
2965 271440000000 1450
3046 278400000000 1450
3115 285360000000 1450
3199 292320000000 1450
3265 299280000000 1450
3346 306240000000 1450
3430 313200000000 1450
3496 320160000000 1450
3580 327120000000 1450
3649 334080000000 1450
3727 341040000000 1450
3799 348000000000 1450
3880 354960000000 1450
3961 361920000000 1450
4042 368880000000 1450
4114 375840000000 1450
4195 382800000000 1450
4261 389760000000 1450
4345 396720000000 1450
4414 403680000000 1450
4495 410640000000 1450
4576 417600000000 1450
4645 424560000000 1450
4726 431520000000 1450
4795 438480000000 1450
4879 445440000000 1450
4957 452400000000 1450
5038 459360000000 1450
5110 466320000000 1450
5188 473280000000 1450
5260 480240000000 1450
5341 487200000000 1450
5407 494160000000 1450
5491 501120000000 1450
5560 508080000000 1450
5641 515040000000 1450
5722 522000000000 1450
5791 528960000000 1450
5872 535920000000 1450
5953 542880000000 1450
6037 549840000000 1450
6103 556800000000 1450
6187 563760000000 1450
6256 570720000000 1450
6334 577680000000 1450
6406 584640000000 1450
6487 591600000000 1450
6556 598560000000 1450
6637 605520000000 1450
6706 612480000000 1450
6787 619440000000 1450
6868 626400000000 1450
6952 633360000000 1450
7030 640320000000 1450
7099 647280000000 1450
7183 654240000000 1450
7249 661200000000 1450
7333 668160000000 1450
7402 675120000000 1450
7480 682080000000 1450
7552 689040000000 1450
7633 696000000000 1450
7702 702960000000 1450
7783 709920000000 1450
7855 716880000000 1450
7945 723840000000 1450
8026 730800000000 1450
8098 737760000000 1450
8176 744720000000 1450
8248 751680000000 1450
8329 758640000000 1450
8398 765600000000 1450
8479 772560000000 1450
8548 779520000000 1450
8632 786480000000 1450
8698 793440000000 1450
8779 800400000000 1450
8851 807360000000 1450
8941 814320000000 1450
9013 821280000000 1450
9094 828240000000 1450
9172 835200000000 1450
9244 842160000000 1450
9325 849120000000 1450
9394 856080000000 1450
9475 863040000000 1450
9544 870000000000 1450
9625 876960000000 1450
9694 883920000000 1450
9778 890880000000 1450
9844 897840000000 1450
9940 904800000000 1450
10009 911760000000 1450
10087 918720000000 1450
10171 925680000000 1450
10240 932640000000 1450
10321 939600000000 1450
10390 946560000000 1450
10471 953520000000 1450
10540 960480000000 1450
10621 967440000000 1450
10693 974400000000 1450
10771 981360000000 1450
10840 988320000000 1450
10936 995280000000 1450
