57 6960000000 1450
138 13920000000 1450
210 20880000000 1450
288 27840000000 1450
360 34800000000 1450
441 41760000000 1450
507 48720000000 1450
591 55680000000 1450
660 62640000000 1450
741 69600000000 1450
810 76560000000 1450
891 83520000000 1450
972 90480000000 1450
1053 97440000000 1450
1137 104400000000 1450
1203 111360000000 1450
1284 118320000000 1450
1356 125280000000 1450
1434 132240000000 1450
1506 139200000000 1450
1587 146160000000 1450
1653 153120000000 1450
1737 160080000000 1450
1806 167040000000 1450
1887 174000000000 1450
1968 180960000000 1450
2052 187920000000 1450
2118 194880000000 1450
2199 201840000000 1450
2283 208800000000 1450
2349 215760000000 1450
2433 222720000000 1450
2502 229680000000 1450
2580 236640000000 1450
2652 243600000000 1450
2733 250560000000 1450
2802 257520000000 1450
2883 264480000000 1450
2964 271440000000 1450
3045 278400000000 1450
3114 285360000000 1450
3198 292320000000 1450
3264 299280000000 1450
3345 306240000000 1450
3429 313200000000 1450
3495 320160000000 1450
3579 327120000000 1450
3648 334080000000 1450
3726 341040000000 1450
3798 348000000000 1450
3879 354960000000 1450
3960 361920000000 1450
4041 368880000000 1450
4113 375840000000 1450
4194 382800000000 1450
4260 389760000000 1450
4344 396720000000 1450
4413 403680000000 1450
4494 410640000000 1450
4575 417600000000 1450
4644 424560000000 1450
4725 431520000000 1450
4794 438480000000 1450
4878 445440000000 1450
4956 452400000000 1450
5037 459360000000 1450
5109 466320000000 1450
5187 473280000000 1450
5259 480240000000 1450
5340 487200000000 1450
5406 494160000000 1450
5490 501120000000 1450
5559 508080000000 1450
5640 515040000000 1450
5721 522000000000 1450
5790 528960000000 1450
5871 535920000000 1450
5952 542880000000 1450
6036 549840000000 1450
6102 556800000000 1450
6186 563760000000 1450
6255 570720000000 1450
6333 577680000000 1450
6405 584640000000 1450
6486 591600000000 1450
6555 598560000000 1450
6636 605520000000 1450
6705 612480000000 1450
6786 619440000000 1450
6867 626400000000 1450
6951 633360000000 1450
7029 640320000000 1450
7098 647280000000 1450
7182 654240000000 1450
7248 661200000000 1450
7332 668160000000 1450
7401 675120000000 1450
7479 682080000000 1450
7551 689040000000 1450
7632 696000000000 1450
7701 702960000000 1450
7782 709920000000 1450
7854 716880000000 1450
7944 723840000000 1450
8025 730800000000 1450
8097 737760000000 1450
8175 744720000000 1450
8247 751680000000 1450
8328 758640000000 1450
8397 765600000000 1450
8478 772560000000 1450
8547 779520000000 1450
8631 786480000000 1450
8697 793440000000 1450
8778 800400000000 1450
8850 807360000000 1450
8940 814320000000 1450
9012 821280000000 1450
9093 828240000000 1450
9171 835200000000 1450
9243 842160000000 1450
9324 849120000000 1450
9393 856080000000 1450
9474 863040000000 1450
9543 870000000000 1450
9624 876960000000 1450
9693 883920000000 1450
9777 890880000000 1450
9843 897840000000 1450
9939 904800000000 1450
10008 911760000000 1450
10086 918720000000 1450
10170 925680000000 1450
10239 932640000000 1450
10320 939600000000 1450
10389 946560000000 1450
10470 953520000000 1450
10539 960480000000 1450
10620 967440000000 1450
10692 974400000000 1450
10770 981360000000 1450
10839 988320000000 1450
10935 995280000000 1450
