64 10299000000 1450
145 19008000000 1450
217 24906000000 1450
295 33370000000 1450
367 38760000000 1450
448 47028000000 1450
514 52884000000 1450
598 60546000000 1450
667 66402000000 1450
748 74712000000 1450
817 79920000000 1450
898 88188000000 1450
979 94890000000 1450
1060 101706000000 1450
1144 110016000000 1450
1210 115872000000 1450
1291 123758000000 1450
1363 129726000000 1450
1441 137994000000 1450
1513 143244000000 1450
1594 151512000000 1450
1660 157410000000 1450
1744 165030000000 1450
1813 170886000000 1450
1894 179196000000 1450
1975 184404000000 1450
2059 192714000000 1450
2125 199575000000 1450
2206 206190000000 1450
2290 214752000000 1450
2356 220692000000 1450
2440 228354000000 1450
2509 234210000000 1450
2587 242478000000 1450
2659 247944000000 1450
2740 255996000000 1450
2809 261894000000 1450
2890 269730000000 1450
2971 275370000000 1450
3052 283680000000 1450
3121 289104000000 1450
3205 297198000000 1450
3271 304512000000 1450
3352 311484000000 1450
3436 319320000000 1450
3502 325176000000 1450
3586 333270000000 1450
3655 338694000000 1450
3733 347004000000 1450
3805 352860000000 1450
3886 360480000000 1450
3967 366378000000 1450
4048 374646000000 1450
4120 379896000000 1450
4201 388192000000 1450
4267 394300000000 1450
4351 402018000000 1450
4420 409281000000 1450
4501 416184000000 1450
4582 423804000000 1450
4651 429660000000 1450
4732 437970000000 1450
4801 443178000000 1450
4885 451488000000 1450
4963 457344000000 1450
5044 464964000000 1450
5116 470862000000 1450
5194 479186000000 1450
5266 484660000000 1450
5347 492984000000 1450
5413 498882000000 1450
5497 506502000000 1450
5566 513966000000 1450
5647 520668000000 1450
5728 528288000000 1450
5797 534186000000 1450
5878 542454000000 1450
5959 547662000000 1450
6043 555972000000 1450
6109 561828000000 1450
6193 569546000000 1450
6262 575654000000 1450
6340 583950000000 1450
6412 589200000000 1450
6493 597468000000 1450
6562 603567000000 1450
6643 610986000000 1450
6712 618651000000 1450
6793 625152000000 1450
6874 632988000000 1450
6958 638670000000 1450
7036 646938000000 1450
7105 652362000000 1450
7189 660540000000 1450
7255 666648000000 1450
7339 674526000000 1450
7408 680166000000 1450
7486 688476000000 1450
7558 694116000000 1450
7639 701952000000 1450
7708 708252000000 1450
7789 715902000000 1450
7861 723378000000 1450
7951 729636000000 1450
8032 737904000000 1450
8104 743154000000 1450
8182 751506000000 1450
8254 757656000000 1450
8335 765276000000 1450
8404 771132000000 1450
8485 779442000000 1450
8554 784650000000 1450
8638 792960000000 1450
8704 798816000000 1450
8785 806436000000 1450
8857 812937000000 1450
8947 820602000000 1450
9019 828063000000 1450
9100 834120000000 1450
9178 842542000000 1450
9250 847974000000 1450
9331 856242000000 1450
9400 862140000000 1450
9481 869760000000 1450
9550 875658000000 1450
9631 883926000000 1450
9700 889134000000 1450
9784 897444000000 1450
9850 903300000000 1450
9946 910962000000 1450
10015 917622000000 1450
10093 925086000000 1450
10177 932888000000 1450
10246 938940000000 1450
10327 947250000000 1450
10396 952458000000 1450
10477 960726000000 1450
10546 966624000000 1450
10627 974244000000 1450
10699 980142000000 1450
10777 988410000000 1450
10846 993618000000 1450
