54 7511000000 1450
135 16265000000 1450
207 22334000000 1450
285 30386000000 1450
357 36284000000 1450
438 44120000000 1450
504 49760000000 1450
588 58070000000 1450
657 63710000000 1450
738 71588000000 1450
807 77444000000 1450
888 85496000000 1450
969 91186000000 1450
1050 99566000000 1450
1134 105449000000 1450
1200 113084000000 1450
1281 120749000000 1450
1353 127250000000 1450
1431 134870000000 1450
1503 140768000000 1450
1584 149036000000 1450
1650 154244000000 1450
1734 162554000000 1450
1803 168410000000 1450
1884 176072000000 1450
1965 182180000000 1450
2049 190574000000 1450
2115 195782000000 1450
2196 204050000000 1450
2280 210350000000 1450
2346 217568000000 1450
2430 225476000000 1450
2499 231734000000 1450
2577 239354000000 1450
2649 245252000000 1450
2730 253520000000 1450
2799 258770000000 1450
2880 267038000000 1450
2961 273146000000 1450
3042 280892000000 1450
3111 286748000000 1450
3195 295058000000 1450
3261 300266000000 1450
3342 308534000000 1450
3426 315035000000 1450
3492 322052000000 1450
3576 330161000000 1450
3645 336218000000 1450
3723 343838000000 1450
3795 349736000000 1450
3876 358032000000 1450
3957 363534000000 1450
4038 371858000000 1450
4110 377756000000 1450
4191 385592000000 1450
4257 391232000000 1450
4341 399542000000 1450
4410 404966000000 1450
4491 413060000000 1450
4572 419720000000 1450
4641 426752000000 1450
4722 434846000000 1450
4791 440702000000 1450
4875 448852000000 1450
4953 454500000000 1450
5034 462824000000 1450
5106 468506000000 1450
5184 476342000000 1450
5256 482240000000 1450
5337 490508000000 1450
5403 495716000000 1450
5487 504026000000 1450
5556 509882000000 1450
5637 517544000000 1450
5718 524405000000 1450
5787 531668000000 1450
5868 539386000000 1450
5949 545494000000 1450
6033 553832000000 1450
6099 559040000000 1450
6183 567350000000 1450
6252 573206000000 1450
6330 580826000000 1450
6402 586724000000 1450
6483 594992000000 1450
6552 600242000000 1450
6633 608510000000 1450
6702 614366000000 1450
6783 622028000000 1450
6864 629174000000 1450
6948 636530000000 1450
7026 644150000000 1450
7095 650006000000 1450
7179 658316000000 1450
7245 663524000000 1450
7329 671834000000 1450
7398 677690000000 1450
7476 685310000000 1450
7548 691208000000 1450
7629 699476000000 1450
7698 704726000000 1450
7779 712994000000 1450
7851 718976000000 1450
7941 726848000000 1450
8022 734111000000 1450
8094 741014000000 1450
8172 748634000000 1450
8244 754532000000 1450
8325 762800000000 1450
8394 768224000000 1450
8475 776318000000 1450
8544 782174000000 1450
8628 790052000000 1450
8694 795692000000 1450
8775 803960000000 1450
8847 809538000000 1450
8937 817814000000 1450
9009 823712000000 1450
9090 831764000000 1450
9168 838796000000 1450
9240 845498000000 1450
9321 853550000000 1450
9390 859016000000 1450
9471 867284000000 1450
9540 873140000000 1450
9621 880802000000 1450
9690 886658000000 1450
9774 894968000000 1450
9840 900316000000 1450
9936 908822000000 1450
10005 914678000000 1450
10083 922298000000 1450
10167 928397000000 1450
10236 936464000000 1450
10317 943523000000 1450
10386 949982000000 1450
10467 958250000000 1450
10536 963500000000 1450
10617 971768000000 1450
10689 977666000000 1450
10767 985286000000 1450
10836 991282000000 1450
10932 999788000000 1450
