162 20216000000 64
342 35814000000 64
531 53002000000 64
723 71006000000 64
912 88306000000 64
1092 103898000000 64
1293 122968000000 64
1473 139202000000 64
1662 154790000000 64
1854 173998000000 64
2034 190132000000 64
2223 207398000000 64
2415 223180000000 64
2604 242596000000 64
2784 258188000000 64
2973 275488000000 64
3165 293492000000 64
3354 309936000000 64
3534 326384000000 64
3738 345064000000 64
3915 361688000000 64
4095 377174000000 64
4296 396886000000 64
4476 412478000000 64
4665 429778000000 64
4857 446068000000 64
5046 465082000000 64
5226 480674000000 64
5418 498012000000 64
5607 515978000000 64
5799 531572000000 64
5976 548764000000 64
6168 566768000000 64
6357 584068000000 64
6537 599660000000 64
6738 619372000000 64
6918 634964000000 64
7110 653186000000 64
7299 668956000000 64
7491 686718000000 64
7668 703054000000 64
7848 718646000000 64
8049 738358000000 64
8229 753950000000 64
8418 771250000000 64
8610 789254000000 64
8802 807476000000 64
8979 822146000000 64
9183 841864000000 64
9360 857344000000 64
9552 873472000000 64
9741 891844000000 64
9921 908240000000 64
10110 925540000000 64
10302 941132000000 64
10494 961794000000 64
10671 976436000000 64
10863 994490000000 64
