59 8581000000 1450
140 17938000000 1450
212 23836000000 1450
290 31456000000 1450
362 37354000000 1450
443 45622000000 1450
509 50830000000 1450
593 59224000000 1450
662 65332000000 1450
743 72994000000 1450
812 78850000000 1450
893 87118000000 1450
974 92368000000 1450
1055 100636000000 1450
1139 107941000000 1450
1205 114154000000 1450
1286 122422000000 1450
1358 128320000000 1450
1436 136156000000 1450
1508 141838000000 1450
1589 150218000000 1450
1655 155908000000 1450
1739 163960000000 1450
1808 169816000000 1450
1889 177910000000 1450
1970 183334000000 1450
2054 191644000000 1450
2120 197284000000 1450
2201 205120000000 1450
2285 212626000000 1450
2351 219070000000 1450
2435 226948000000 1450
2504 232804000000 1450
2582 241184000000 1450
2654 246658000000 1450
2735 254926000000 1450
2804 260824000000 1450
2885 268444000000 1450
2966 274300000000 1450
3047 282610000000 1450
3116 287818000000 1450
3200 296128000000 1450
3266 302185000000 1450
3347 309604000000 1450
3431 317311000000 1450
3497 323770000000 1450
3581 331572000000 1450
3650 337624000000 1450
3728 345934000000 1450
3800 351142000000 1450
3881 359410000000 1450
3962 365308000000 1450
4043 372928000000 1450
4115 378826000000 1450
4196 387094000000 1450
4262 392302000000 1450
4346 400612000000 1450
4415 406870000000 1450
4496 414130000000 1450
4577 422164000000 1450
4646 428590000000 1450
4727 436252000000 1450
4796 442108000000 1450
4880 450418000000 1450
4958 455626000000 1450
5039 463894000000 1450
5111 469792000000 1450
5189 477412000000 1450
5261 483310000000 1450
5342 491578000000 1450
5408 496786000000 1450
5492 505096000000 1450
5561 511723000000 1450
5642 519166000000 1450
5723 527017000000 1450
5792 533116000000 1450
5873 540952000000 1450
5954 546592000000 1450
6038 554902000000 1450
6104 560542000000 1450
6188 568420000000 1450
6257 574276000000 1450
6335 582328000000 1450
6407 587794000000 1450
6488 596062000000 1450
6557 601940000000 1450
6638 609916000000 1450
6707 616576000000 1450
6788 624082000000 1450
6869 631501000000 1450
6953 637600000000 1450
7031 645868000000 1450
7100 651076000000 1450
7184 659386000000 1450
7250 665242000000 1450
7334 672904000000 1450
7403 678760000000 1450
7481 687070000000 1450
7553 692474000000 1450
7634 700882000000 1450
7703 706780000000 1450
7784 714400000000 1450
7856 721102000000 1450
7946 728566000000 1450
8027 736186000000 1450
8099 742084000000 1450
8177 750352000000 1450
8249 755602000000 1450
8330 763870000000 1450
8399 769726000000 1450
8480 777388000000 1450
8549 783468000000 1450
8633 791890000000 1450
8699 797098000000 1450
8780 805366000000 1450
8852 811264000000 1450
8942 818884000000 1450
9014 825787000000 1450
9095 833050000000 1450
9173 840670000000 1450
9245 846568000000 1450
9326 854836000000 1450
9395 860086000000 1450
9476 868354000000 1450
9545 874504000000 1450
9626 882424000000 1450
9695 888064000000 1450
9779 896374000000 1450
9845 901798000000 1450
9941 909892000000 1450
10010 915748000000 1450
10088 923584000000 1450
10172 930472000000 1450
10241 937534000000 1450
10322 945628000000 1450
10391 951052000000 1450
10472 959320000000 1450
10541 965254000000 1450
10622 973174000000 1450
10694 979072000000 1450
10772 987340000000 1450
10841 992548000000 1450
