57 8153000000 1450
138 17510000000 1450
210 23408000000 1450
288 31028000000 1450
360 36926000000 1450
441 45194000000 1450
507 50402000000 1450
591 58712000000 1450
660 64568000000 1450
741 72370000000 1450
810 78422000000 1450
891 86690000000 1450
972 91940000000 1450
1053 100208000000 1450
1137 107111000000 1450
1203 113726000000 1450
1284 121994000000 1450
1356 127892000000 1450
1434 135512000000 1450
1506 141410000000 1450
1587 149678000000 1450
1653 154886000000 1450
1737 163364000000 1450
1806 169388000000 1450
1887 177050000000 1450
1968 182906000000 1450
2052 191216000000 1450
2118 196424000000 1450
2199 204692000000 1450
2283 211796000000 1450
2349 218210000000 1450
2433 226520000000 1450
2502 232376000000 1450
2580 240212000000 1450
2652 245894000000 1450
2733 254330000000 1450
2802 259964000000 1450
2883 268016000000 1450
2964 273872000000 1450
3045 281966000000 1450
3114 287390000000 1450
3198 295700000000 1450
3264 301340000000 1450
3345 309176000000 1450
3429 316481000000 1450
3495 323126000000 1450
3579 331004000000 1450
3648 336860000000 1450
3726 345366000000 1450
3798 350714000000 1450
3879 358982000000 1450
3960 364880000000 1450
4041 372500000000 1450
4113 378398000000 1450
4194 386666000000 1450
4260 391874000000 1450
4344 400184000000 1450
4413 406040000000 1450
4494 413702000000 1450
4575 420965000000 1450
4644 427826000000 1450
4725 435712000000 1450
4794 441680000000 1450
4878 449990000000 1450
4956 455198000000 1450
5037 463466000000 1450
5109 469364000000 1450
5187 476984000000 1450
5259 482882000000 1450
5340 491150000000 1450
5406 496358000000 1450
5490 504668000000 1450
5559 510524000000 1450
5640 518186000000 1450
5721 525874000000 1450
5790 532688000000 1450
5871 540308000000 1450
5952 546164000000 1450
6036 554474000000 1450
6102 559682000000 1450
6186 567992000000 1450
6255 573848000000 1450
6333 581468000000 1450
6405 587366000000 1450
6486 595634000000 1450
6555 600884000000 1450
6636 609152000000 1450
6705 615461000000 1450
6786 623222000000 1450
6867 630671000000 1450
6951 637172000000 1450
7029 645008000000 1450
7098 650648000000 1450
7182 658958000000 1450
7248 664598000000 1450
7332 672476000000 1450
7401 678332000000 1450
7479 686384000000 1450
7551 691850000000 1450
7632 700146000000 1450
7701 706052000000 1450
7782 713972000000 1450
7854 720272000000 1450
7944 728138000000 1450
8025 735356000000 1450
8097 741656000000 1450
8175 749924000000 1450
8247 755174000000 1450
8328 763442000000 1450
8397 769298000000 1450
8478 776960000000 1450
8547 782816000000 1450
8631 791154000000 1450
8697 796614000000 1450
8778 804938000000 1450
8850 810836000000 1450
8940 818456000000 1450
9012 824957000000 1450
9093 832622000000 1450
9171 840041000000 1450
9243 846140000000 1450
9324 854408000000 1450
9393 859658000000 1450
9474 867926000000 1450
9543 873824000000 1450
9624 881500000000 1450
9693 887608000000 1450
9777 895946000000 1450
9843 901154000000 1450
9939 909464000000 1450
10008 915320000000 1450
10086 922940000000 1450
10170 929642000000 1450
10239 937106000000 1450
10320 944768000000 1450
10389 950624000000 1450
10470 958892000000 1450
10539 964142000000 1450
10620 972466000000 1450
10692 978616000000 1450
10770 986480000000 1450
10839 992120000000 1450
