60 8795000000 1450
141 18152000000 1450
213 24050000000 1450
291 31670000000 1450
363 37568000000 1450
444 45836000000 1450
510 51100000000 1450
594 59662000000 1450
663 65546000000 1450
744 73208000000 1450
813 79064000000 1450
894 87332000000 1450
975 92798000000 1450
1056 100850000000 1450
1140 108356000000 1450
1206 114584000000 1450
1287 122636000000 1450
1359 128534000000 1450
1437 136586000000 1450
1509 142136000000 1450
1590 150656000000 1450
1656 156338000000 1450
1740 164174000000 1450
1809 170030000000 1450
1890 178124000000 1450
1971 183548000000 1450
2055 191858000000 1450
2121 197915000000 1450
2202 205334000000 1450
2286 213041000000 1450
2352 219500000000 1450
2436 227162000000 1450
2505 233130000000 1450
2583 241622000000 1450
2655 246872000000 1450
2736 255140000000 1450
2805 261038000000 1450
2886 268658000000 1450
2967 274514000000 1450
3048 282824000000 1450
3117 288032000000 1450
3201 296342000000 1450
3267 302600000000 1450
3348 309818000000 1450
3432 317726000000 1450
3498 324096000000 1450
3582 331982000000 1450
3651 337838000000 1450
3729 346148000000 1450
3801 351356000000 1450
3882 359624000000 1450
3963 365522000000 1450
4044 373142000000 1450
4116 379040000000 1450
4197 387308000000 1450
4263 392516000000 1450
4347 400826000000 1450
4416 407285000000 1450
4497 414484000000 1450
4578 422747000000 1450
4647 428804000000 1450
4728 436466000000 1450
4797 442322000000 1450
4881 450632000000 1450
4959 456056000000 1450
5040 464108000000 1450
5112 470006000000 1450
5190 477842000000 1450
5262 483524000000 1450
5343 491792000000 1450
5409 497216000000 1450
5493 505450000000 1450
5562 512306000000 1450
5643 519596000000 1450
5724 527432000000 1450
5793 533330000000 1450
5874 541382000000 1450
5955 546806000000 1450
6039 555116000000 1450
6105 560972000000 1450
6189 568634000000 1450
6258 574490000000 1450
6336 582758000000 1450
6408 588008000000 1450
6489 596444000000 1450
6558 602510000000 1450
6639 610130000000 1450
6708 616991000000 1450
6789 624296000000 1450
6870 631916000000 1450
6954 637814000000 1450
7032 646082000000 1450
7101 651290000000 1450
7185 659600000000 1450
7251 665456000000 1450
7335 673118000000 1450
7404 678974000000 1450
7482 687480000000 1450
7554 692828000000 1450
7635 701096000000 1450
7704 706994000000 1450
7785 714614000000 1450
7857 721718000000 1450
7947 728780000000 1450
8028 736400000000 1450
8100 742298000000 1450
8178 750566000000 1450
8250 755816000000 1450
8331 764084000000 1450
8400 769940000000 1450
8481 777798000000 1450
8550 783794000000 1450
8634 792104000000 1450
8700 797312000000 1450
8781 805580000000 1450
8853 811478000000 1450
8943 819098000000 1450
9015 826202000000 1450
9096 833264000000 1450
9174 841100000000 1450
9246 846782000000 1450
9327 855050000000 1450
9396 860516000000 1450
9477 868792000000 1450
9546 874802000000 1450
9627 882638000000 1450
9696 888278000000 1450
9780 896588000000 1450
9846 902228000000 1450
9942 910106000000 1450
10011 915962000000 1450
10089 924014000000 1450
10173 930887000000 1450
10242 937748000000 1450
10323 946058000000 1450
10392 951266000000 1450
10473 959758000000 1450
10542 965768000000 1450
10623 973388000000 1450
10695 979286000000 1450
10773 987554000000 1450
10842 992762000000 1450
