163 20224000000 64
343 35822000000 64
532 53016000000 64
724 71014000000 64
913 88320000000 64
1093 103906000000 64
1294 122982000000 64
1474 139210000000 64
1663 154804000000 64
1855 174012000000 64
2035 190140000000 64
2224 207406000000 64
2416 223194000000 64
2605 242610000000 64
2785 258196000000 64
2974 275502000000 64
3166 293500000000 64
3355 309950000000 64
3535 326392000000 64
3739 345072000000 64
3916 361696000000 64
4096 377182000000 64
4297 396900000000 64
4477 412486000000 64
4666 429792000000 64
4858 446082000000 64
5047 465096000000 64
5227 480682000000 64
5419 498020000000 64
5608 515986000000 64
5800 531586000000 64
5977 548778000000 64
6169 566776000000 64
6358 584082000000 64
6538 599668000000 64
6739 619386000000 64
6919 634972000000 64
7111 653194000000 64
7300 668970000000 64
7492 686732000000 64
7669 703068000000 64
7849 718654000000 64
8050 738372000000 64
8230 753958000000 64
8419 771264000000 64
8611 789262000000 64
8803 807484000000 64
8980 822154000000 64
9184 841878000000 64
9361 857358000000 64
9553 873486000000 64
9742 891858000000 64
9922 908248000000 64
10111 925554000000 64
10303 941140000000 64
10495 961802000000 64
10672 976444000000 64
10864 994498000000 64
