2 1821000000 160
17 3528000000 160
29 5235000000 160
44 6942000000 160
71 10494000000 160
83 10830000000 160
98 12063000000 160
125 14892000000 160
149 19203000000 160
167 20229000000 160
182 21213000000 160
194 21549000000 160
221 24887000000 160
236 26085000000 160
248 26421000000 160
275 29616000000 160
302 32941000000 160
314 33705000000 160
329 34689000000 160
347 35457000000 160
371 37977000000 160
386 39603000000 160
413 40572000000 160
425 43335000000 160
452 46031000000 160
467 47439000000 160
479 48207000000 160
494 49191000000 160
521 51025000000 160
536 53121000000 160
563 55512000000 160
575 56853000000 160
602 58907000000 160
617 61389000000 160
629 61725000000 160
644 62709000000 160
671 64549000000 160
683 66597000000 160
710 69993000000 160
728 71019000000 160
752 71997000000 160
767 74907000000 160
782 75891000000 160
794 76227000000 160
821 77639000000 160
848 81366000000 160
860 83511000000 160
875 84495000000 160
902 85693000000 160
917 88425000000 160
932 89409000000 160
947 90177000000 160
959 90729000000 160
998 95889000000 160
1013 97245000000 160
1025 98013000000 160
1040 98997000000 160
1067 101901000000 160
1079 102885000000 160
1097 103911000000 160
1109 104247000000 160
1148 110211000000 160
1163 111195000000 160
1175 111531000000 160
1190 112515000000 160
1217 115853000000 160
1229 116403000000 160
1244 117387000000 160
1271 119175000000 160
1298 123301000000 160
1313 124713000000 160
1328 125697000000 160
1340 126033000000 160
1367 128943000000 160
1382 130569000000 160
1394 130905000000 160
1421 133899000000 160
1448 136997000000 160
1460 138189000000 160
1478 139215000000 160
1493 139983000000 160
1517 141819000000 160
1532 144087000000 160
1547 144639000000 160
1571 147819000000 160
1598 149873000000 160
1613 151923000000 160
1625 152691000000 160
1640 153675000000 160
1667 154909000000 160
1682 157605000000 160
1709 159594000000 160
1721 161337000000 160
1748 162963000000 160
1763 165873000000 160
1775 166209000000 160
1790 167193000000 160
1817 168605000000 160
1829 171081000000 160
1859 174318000000 160
1874 175503000000 160
1898 176053000000 160
1913 179391000000 160
1928 180375000000 160
1940 180711000000 160
1955 181695000000 160
1994 185448000000 160
2006 187995000000 160
2021 188979000000 160
2039 189747000000 160
2063 192909000000 160
2078 193893000000 160
2093 194661000000 160
2105 195213000000 160
2144 200172000000 160
2159 201729000000 160
2171 202497000000 160
2186 203481000000 160
2213 206171000000 160
2228 207411000000 160
2243 208395000000 160
2255 208731000000 160
2294 214267000000 160
2309 215679000000 160
2321 216015000000 160
2336 216999000000 160
2363 219909000000 160
2375 220887000000 160
2390 221871000000 160
2420 223299000000 160
2444 227143000000 160
2459 229197000000 160
2474 230181000000 160
2486 230517000000 160
2513 232785000000 160
2528 235053000000 160
2540 235389000000 160
2567 237981000000 160
2594 240623000000 160
2609 242715000000 160
2624 243699000000 160
2639 244467000000 160
2663 245875000000 160
2678 248571000000 160
2693 249123000000 160
2717 252303000000 160
2744 253929000000 160
2759 256191000000 160
2771 257175000000 160
2789 258201000000 160
2813 258965000000 160
2828 262089000000 160
2855 263877000000 160
2867 265821000000 160
2894 267019000000 160
2909 270357000000 160
2921 270693000000 160
2936 271677000000 160
2951 272661000000 160
2978 275607000000 160
3005 278400000000 160
3020 279987000000 160
3032 280323000000 160
3059 283875000000 160
3074 284859000000 160
3086 285195000000 160
3101 286179000000 160
3128 289731000000 160
3152 292479000000 160
3170 293505000000 160
3185 294273000000 160
3209 297179000000 160
3224 298377000000 160
3239 298929000000 160
3251 299697000000 160
3290 303826000000 160
3305 306213000000 160
3317 306981000000 160
3332 307965000000 160
3359 310269000000 160
3374 311895000000 160
3389 312879000000 160
3401 313215000000 160
3440 317908000000 160
3455 320163000000 160
3467 320499000000 160
3482 321483000000 160
3509 323751000000 160
3521 325371000000 160
3539 326397000000 160
3566 327582000000 160
3590 331199000000 160
3605 333681000000 160
3620 334665000000 160
3632 335001000000 160
3659 336841000000 160
3674 339537000000 160
3686 339873000000 160
3713 342063000000 160
3743 344679000000 160
3755 347199000000 160
3770 348183000000 160
3785 348735000000 160
3809 349931000000 160
3824 353055000000 160
3839 353607000000 160
3863 356787000000 160
3890 357985000000 160
3905 360675000000 160
3920 361701000000 160
3935 362685000000 160
3947 363021000000 160
3974 366573000000 160
4001 367959000000 160
4013 370305000000 160
4028 371289000000 160
4055 374841000000 160
4067 375177000000 160
4082 376161000000 160
4100 377187000000 160
4124 380091000000 160
4151 382683000000 160
4166 384471000000 160
4178 384807000000 160
4205 388145000000 160
4220 389343000000 160
4232 389679000000 160
4247 390663000000 160
4274 393571000000 160
4301 397005000000 160
4316 397989000000 160
4331 398757000000 160
4355 401021000000 160
4370 402861000000 160
4385 403413000000 160
4397 404181000000 160
4436 407467000000 160
4451 410481000000 160
4463 411465000000 160
4481 412491000000 160
4505 414111000000 160
4520 416379000000 160
4535 417363000000 160
4547 417699000000 160
4586 421562000000 160
4601 424647000000 160
4613 424983000000 160
4628 425967000000 160
4655 427807000000 160
4670 429897000000 160
4685 430881000000 160
4700 431865000000 160
4736 435255000000 160
4751 438165000000 160
4766 439149000000 160
4778 439485000000 160
4805 440897000000 160
4820 444021000000 160
4832 444357000000 160
4862 446388000000 160
4889 448777000000 160
4901 451683000000 160
4916 452667000000 160
4931 453219000000 160
4943 453987000000 160
4970 457539000000 160
4985 457875000000 160
5009 461070000000 160
5024 462255000000 160
5051 465201000000 160
5066 466185000000 160
5081 467169000000 160
5093 467505000000 160
5120 471057000000 160
5147 472242000000 160
5159 474789000000 160
5174 475773000000 160
5201 479111000000 160
5213 479661000000 160
5231 480687000000 160
5246 481671000000 160
5270 483933000000 160
5297 486765000000 160
5312 488955000000 160
5324 489291000000 160
5351 491987000000 160
5366 493827000000 160
5378 494163000000 160
5393 495147000000 160
5423 497413000000 160
5447 501489000000 160
5462 502473000000 160
5477 503025000000 160
5501 505077000000 160
5516 507345000000 160
5531 507897000000 160
5543 508665000000 160
5582 511121000000 160
5597 514965000000 160
5612 515991000000 160
5627 516975000000 160
5651 518167000000 160
5666 520863000000 160
5681 521847000000 160
5693 522183000000 160
5732 525417000000 160
5747 529131000000 160
5759 529467000000 160
5774 530451000000 160
5804 531905000000 160
5816 534381000000 160
5831 535365000000 160
5846 536349000000 160
5882 539311000000 160
5897 542649000000 160
5912 543633000000 160
5924 543969000000 160
5939 544953000000 160
5966 548289000000 160
5981 548883000000 160
6008 550470000000 160
6023 553047000000 160
6047 556167000000 160
6062 557151000000 160
6077 557703000000 160
6089 558471000000 160
6116 562023000000 160
6131 562359000000 160
6155 565152000000 160
6173 566781000000 160
6197 569471000000 160
6212 570669000000 160
6227 571653000000 160
6239 571989000000 160
6266 574899000000 160
6281 576525000000 160
6305 579273000000 160
6320 580257000000 160
6347 582953000000 160
6362 584187000000 160
6377 585171000000 160
6392 586155000000 160
6416 587989000000 160
6443 591048000000 160
6458 593439000000 160
6470 593775000000 160
6497 596043000000 160
6512 598311000000 160
6524 598647000000 160
6542 599673000000 160
6569 601511000000 160
6593 605571000000 160
6608 606957000000 160
6623 607509000000 160
6647 609133000000 160
6662 611829000000 160
6677 612165000000 160
6689 613149000000 160
6728 614976000000 160
6743 619491000000 160
6758 620475000000 160
6773 621459000000 160
6797 622223000000 160
6812 625347000000 160
6827 626331000000 160
6839 626667000000 160
6878 628857000000 160
6893 633615000000 160
6905 633951000000 160
6923 634977000000 160
6938 635961000000 160
6962 638865000000 160
6977 639849000000 160
6992 640833000000 160
7016 643581000000 160
7043 647133000000 160
7058 648117000000 160
7070 648453000000 160
7085 649437000000 160
7115 652773000000 160
7127 653367000000 160
7154 654753000000 160
7169 657315000000 160
7193 660223000000 160
7208 661635000000 160
7223 662187000000 160
7235 662955000000 160
7262 665865000000 160
7277 666843000000 160
7304 669477000000 160
7319 671265000000 160
7343 673313000000 160
7358 675153000000 160
7373 676137000000 160
7385 676473000000 160
7412 678955000000 160
7427 681009000000 160
7451 683757000000 160
7466 684741000000 160
7496 687051000000 160
7508 688671000000 160
7523 689655000000 160
7538 690639000000 160
7562 692045000000 160
7589 695130000000 160
7604 697923000000 160
7616 698259000000 160
7643 700099000000 160
7658 702579000000 160
7673 703173000000 160
7688 704157000000 160
7715 705567000000 160
7739 709854000000 160
7754 711441000000 160
7769 711993000000 160
7793 713189000000 160
7808 716313000000 160
7823 716649000000 160
7835 717633000000 160
7865 718659000000 160
7889 723975000000 160
7904 724959000000 160
7919 725943000000 160
7931 726279000000 160
7958 729831000000 160
7973 730815000000 160
7985 731151000000 160
8012 733140000000 160
8039 738099000000 160
8054 738477000000 160
8069 739461000000 160
8084 740445000000 160
8108 743349000000 160
8123 744333000000 160
8138 745317000000 160
8162 747663000000 160
8189 751189000000 160
8204 752601000000 160
8216 752937000000 160
8234 753963000000 160
8261 756657000000 160
8273 757851000000 160
8300 758835000000 160
8315 761799000000 160
8339 764279000000 160
8354 766119000000 160
8369 766455000000 160
8381 767439000000 160
8408 769921000000 160
8423 771369000000 160
8450 773559000000 160
8465 775749000000 160
8489 777369000000 160
8504 779637000000 160
8519 780621000000 160
8531 780957000000 160
8558 783011000000 160
8573 785493000000 160
8597 788241000000 160
8615 789267000000 160
8642 791107000000 160
8654 793155000000 160
8669 794139000000 160
8684 795123000000 160
8708 796101000000 160
8735 799413000000 160
8750 802407000000 160
8762 802743000000 160
8789 803941000000 160
8807 807063000000 160
8819 807657000000 160
8834 808641000000 160
8861 809193000000 160
8885 813936000000 160
8900 815925000000 160
8915 816477000000 160
8927 817245000000 160
8954 820797000000 160
8966 821133000000 160
8984 822159000000 160
8999 823143000000 160
9035 828459000000 160
9050 829443000000 160
9065 830427000000 160
9077 830763000000 160
9104 834101000000 160
9119 835299000000 160
9131 835635000000 160
9158 837222000000 160
9188 842197000000 160
9200 842961000000 160
9215 843945000000 160
9230 844929000000 160
9254 847191000000 160
9269 848817000000 160
9284 849801000000 160
9308 851946000000 160
9335 855245000000 160
9350 856869000000 160
9365 857463000000 160
9380 858447000000 160
9407 860713000000 160
9419 862335000000 160
9434 863319000000 160
9461 866283000000 160
9485 868335000000 160
9500 870603000000 160
9515 870939000000 160
9527 871923000000 160
9557 874019000000 160
9569 875853000000 160
9596 877641000000 160
9611 880233000000 160
9635 881425000000 160
9650 884121000000 160
9665 885105000000 160
9677 885441000000 160
9704 886853000000 160
9719 889977000000 160
9746 892365000000 160
9761 893751000000 160
9788 894949000000 160
9800 897639000000 160
9815 898623000000 160
9830 899607000000 160
9854 899943000000 160
9881 903495000000 160
9896 906675000000 160
9908 907227000000 160
9926 908253000000 160
9953 911589000000 160
9965 912141000000 160
9980 913125000000 160
9995 913677000000 160
10031 918219000000 160
10046 920409000000 160
10061 920745000000 160
10073 921729000000 160
10100 925067000000 160
10115 925659000000 160
10130 926643000000 160
10145 927627000000 160
10181 932314000000 160
10196 933927000000 160
10211 934911000000 160
10223 935247000000 160
10250 938157000000 160
10265 939783000000 160
10277 940119000000 160
10307 941547000000 160
10334 946253000000 160
10346 947445000000 160
10361 948429000000 160
10376 949413000000 160
10400 951247000000 160
10415 953301000000 160
10430 954285000000 160
10454 956028000000 160
10481 959301000000 160
10499 961353000000 160
10511 961947000000 160
10526 962931000000 160
10553 964553000000 160
10565 966819000000 160
10580 967803000000 160
10607 970767000000 160
10631 972391000000 160
10646 975087000000 160
10658 975423000000 160
10676 976449000000 160
10703 977861000000 160
10715 980337000000 160
10742 981924000000 160
10757 984717000000 160
10781 985267000000 160
10796 988605000000 160
10811 989589000000 160
10823 989925000000 160
10850 990909000000 160
10868 994503000000 160
10892 996648000000 160
10907 998235000000 160
10922 999219000000 160
