122 17289000000 1358
272 29997000000 1358
410 43347000000 1358
560 56865000000 1358
707 70005000000 1358
845 83523000000 1358
995 97041000000 1358
1133 109795000000 1358
1268 121559000000 1358
1418 134649000000 1358
1568 147831000000 1358
1706 161349000000 1358
1853 174727000000 1358
1991 188007000000 1358
2141 201525000000 1358
2279 214065000000 1358
2414 226085000000 1358
2564 239133000000 1358
2714 252315000000 1358
2852 265833000000 1358
3002 279351000000 1358
3149 292491000000 1358
3287 306009000000 1358
3425 318559000000 1358
3563 330355000000 1358
3710 343617000000 1358
3860 356799000000 1358
3998 370317000000 1358
4148 383835000000 1358
4295 396975000000 1358
4433 410493000000 1358
4571 422941000000 1358
4721 434625000000 1358
4856 448143000000 1358
5006 461563000000 1358
5144 474801000000 1358
5294 488319000000 1358
5444 501501000000 1358
5579 514977000000 1358
5717 527211000000 1358
5867 539109000000 1358
6005 552627000000 1358
6152 566103000000 1358
6302 579285000000 1358
6440 592803000000 1358
6590 606293000000 1358
6725 619461000000 1358
6863 631695000000 1358
7013 643621000000 1358
7151 657111000000 1358
7298 670629000000 1358
7448 683769000000 1358
7586 697287000000 1358
7736 710805000000 1358
7886 723987000000 1358
8009 735965000000 1358
8159 748413000000 1358
8297 761595000000 1358
8447 775113000000 1358
8594 788309000000 1358
8732 801771000000 1358
8882 815289000000 1358
9032 828257000000 1358
9155 840235000000 1358
9305 852897000000 1358
9455 866079000000 1358
9593 879597000000 1358
9740 893115000000 1358
9878 906255000000 1358
10028 919773000000 1358
10166 932611000000 1358
10301 944547000000 1358
10451 957381000000 1358
10601 970563000000 1358
10739 984081000000 1358
10889 997599000000 1358
