0 1765000000 160
15 3472000000 160
27 5179000000 160
42 6886000000 160
69 10438000000 160
81 10774000000 160
96 12007000000 160
123 14836000000 160
147 19147000000 160
165 20159000000 160
180 21157000000 160
192 21493000000 160
219 24831000000 160
234 26029000000 160
246 26365000000 160
273 29560000000 160
300 32885000000 160
312 33649000000 160
327 34633000000 160
345 35401000000 160
369 37921000000 160
384 39547000000 160
411 40300000000 160
423 43279000000 160
450 45761000000 160
465 47383000000 160
477 48151000000 160
492 49135000000 160
519 50755000000 160
534 53051000000 160
561 55456000000 160
573 56797000000 160
600 58851000000 160
615 61333000000 160
627 61669000000 160
642 62653000000 160
669 64493000000 160
681 66541000000 160
708 69937000000 160
726 70963000000 160
750 71941000000 160
765 74851000000 160
780 75835000000 160
792 76171000000 160
819 77583000000 160
846 81109000000 160
858 83455000000 160
873 84439000000 160
900 85421000000 160
915 88369000000 160
930 89353000000 160
945 90121000000 160
957 90673000000 160
996 95833000000 160
1011 97189000000 160
1023 97957000000 160
1038 98941000000 160
1065 101845000000 160
1077 102829000000 160
1095 103855000000 160
1107 104191000000 160
1146 110155000000 160
1161 111139000000 160
1173 111475000000 160
1188 112459000000 160
1215 115797000000 160
1227 116347000000 160
1242 117331000000 160
1269 119119000000 160
1296 123245000000 160
1311 124657000000 160
1326 125641000000 160
1338 125977000000 160
1365 128673000000 160
1380 130513000000 160
1392 130849000000 160
1419 133642000000 160
1446 136511000000 160
1458 138133000000 160
1476 139159000000 160
1491 139927000000 160
1515 141763000000 160
1530 144031000000 160
1545 144583000000 160
1569 147763000000 160
1596 149817000000 160
1611 151651000000 160
1623 152635000000 160
1638 153619000000 160
1665 154853000000 160
1680 157549000000 160
1707 159538000000 160
1719 161281000000 160
1746 162907000000 160
1761 165817000000 160
1773 166153000000 160
1788 167137000000 160
1815 168549000000 160
1827 171025000000 160
1857 174262000000 160
1872 175447000000 160
1896 175997000000 160
1911 179335000000 160
1926 180319000000 160
1938 180655000000 160
1953 181639000000 160
1992 185392000000 160
2004 187939000000 160
2019 188923000000 160
2037 189691000000 160
2061 192853000000 160
2076 193837000000 160
2091 194389000000 160
2103 195157000000 160
2142 199915000000 160
2157 201673000000 160
2169 202441000000 160
2184 203425000000 160
2211 206115000000 160
2226 207355000000 160
2241 208339000000 160
2253 208675000000 160
2292 213997000000 160
2307 215623000000 160
2319 215959000000 160
2334 216943000000 160
2361 219639000000 160
2373 220831000000 160
2388 221815000000 160
2418 223243000000 160
2442 227087000000 160
2457 229141000000 160
2472 230125000000 160
2484 230461000000 160
2511 232729000000 160
2526 234997000000 160
2538 235333000000 160
2565 237925000000 160
2592 240567000000 160
2607 242659000000 160
2622 243643000000 160
2637 244195000000 160
2661 245819000000 160
2676 248515000000 160
2691 249067000000 160
2715 252247000000 160
2742 253873000000 160
2757 256135000000 160
2769 257119000000 160
2787 258145000000 160
2811 258909000000 160
2826 262033000000 160
2853 263821000000 160
2865 265765000000 160
2892 266963000000 160
2907 270301000000 160
2919 270637000000 160
2934 271621000000 160
2949 272605000000 160
2976 275551000000 160
3003 278344000000 160
3018 279931000000 160
3030 280267000000 160
3057 283819000000 160
3072 284803000000 160
3084 285139000000 160
3099 286123000000 160
3126 289459000000 160
3150 292423000000 160
3168 293449000000 160
3183 294217000000 160
3207 297123000000 160
3222 298321000000 160
3237 298873000000 160
3249 299641000000 160
3288 303556000000 160
3303 305941000000 160
3315 306925000000 160
3330 307909000000 160
3357 309999000000 160
3372 311839000000 160
3387 312823000000 160
3399 313159000000 160
3438 317651000000 160
3453 320107000000 160
3465 320443000000 160
3480 321427000000 160
3507 323695000000 160
3519 325315000000 160
3537 326341000000 160
3564 327526000000 160
3588 331143000000 160
3603 333625000000 160
3618 334609000000 160
3630 334945000000 160
3657 336785000000 160
3672 339481000000 160
3684 339817000000 160
3711 342007000000 160
3741 344623000000 160
3753 347143000000 160
3768 348127000000 160
3783 348679000000 160
3807 349875000000 160
3822 352999000000 160
3837 353335000000 160
3861 356731000000 160
3888 357715000000 160
3903 360619000000 160
3918 361645000000 160
3933 362629000000 160
3945 362965000000 160
3972 366517000000 160
3999 367903000000 160
4011 370249000000 160
4026 371233000000 160
4053 374785000000 160
4065 375121000000 160
4080 376105000000 160
4098 377131000000 160
4122 380035000000 160
4149 382627000000 160
4164 384415000000 160
4176 384751000000 160
4203 387875000000 160
4218 389287000000 160
4230 389623000000 160
4245 390607000000 160
4272 393301000000 160
4299 396949000000 160
4314 397933000000 160
4329 398485000000 160
4353 400965000000 160
4368 402805000000 160
4383 403357000000 160
4395 404125000000 160
4434 407210000000 160
4449 410425000000 160
4461 411409000000 160
4479 412435000000 160
4503 414055000000 160
4518 416323000000 160
4533 417307000000 160
4545 417643000000 160
4584 421506000000 160
4599 424591000000 160
4611 424927000000 160
4626 425911000000 160
4653 427751000000 160
4668 429841000000 160
4683 430825000000 160
4698 431809000000 160
4734 435199000000 160
4749 438109000000 160
4764 439093000000 160
4776 439429000000 160
4803 440627000000 160
4818 443749000000 160
4830 444301000000 160
4860 446332000000 160
4887 448507000000 160
4899 451627000000 160
4914 452611000000 160
4929 453163000000 160
4941 453931000000 160
4968 457483000000 160
4983 457819000000 160
5007 460813000000 160
5022 462199000000 160
5049 465145000000 160
5064 466129000000 160
5079 467113000000 160
5091 467449000000 160
5118 470787000000 160
5145 471985000000 160
5157 474733000000 160
5172 475717000000 160
5199 478841000000 160
5211 479605000000 160
5229 480631000000 160
5244 481615000000 160
5268 483877000000 160
5295 486709000000 160
5310 488899000000 160
5322 489235000000 160
5349 491931000000 160
5364 493771000000 160
5376 494107000000 160
5391 495091000000 160
5421 497357000000 160
5445 501433000000 160
5460 502417000000 160
5475 502969000000 160
5499 505021000000 160
5514 507289000000 160
5529 507625000000 160
5541 508609000000 160
5580 511065000000 160
5595 514909000000 160
5610 515935000000 160
5625 516919000000 160
5649 518111000000 160
5664 520807000000 160
5679 521791000000 160
5691 522127000000 160
5730 525160000000 160
5745 529075000000 160
5757 529411000000 160
5772 530395000000 160
5802 531635000000 160
5814 534325000000 160
5829 535309000000 160
5844 536293000000 160
5880 539041000000 160
5895 542593000000 160
5910 543577000000 160
5922 543913000000 160
5937 544897000000 160
5964 548233000000 160
5979 548827000000 160
6006 550414000000 160
6021 552775000000 160
6045 556111000000 160
6060 557095000000 160
6075 557647000000 160
6087 558415000000 160
6114 561753000000 160
6129 562303000000 160
6153 565096000000 160
6171 566725000000 160
6195 569201000000 160
6210 570613000000 160
6225 571597000000 160
6237 571933000000 160
6264 574843000000 160
6279 576469000000 160
6303 579217000000 160
6318 580201000000 160
6345 582897000000 160
6360 584131000000 160
6375 585115000000 160
6390 586099000000 160
6414 587933000000 160
6441 590992000000 160
6456 593383000000 160
6468 593719000000 160
6495 595987000000 160
6510 598039000000 160
6522 598591000000 160
6540 599617000000 160
6567 601455000000 160
6591 605515000000 160
6606 606901000000 160
6621 607453000000 160
6645 609077000000 160
6660 611773000000 160
6675 612109000000 160
6687 613093000000 160
6726 614505000000 160
6741 619435000000 160
6756 620419000000 160
6771 621403000000 160
6795 621953000000 160
6810 625291000000 160
6825 626275000000 160
6837 626611000000 160
6876 628801000000 160
6891 633559000000 160
6903 633895000000 160
6921 634921000000 160
6936 635905000000 160
6960 638809000000 160
6975 639793000000 160
6990 640777000000 160
7014 643324000000 160
7041 647077000000 160
7056 648061000000 160
7068 648397000000 160
7083 649381000000 160
7113 652503000000 160
7125 653311000000 160
7152 654697000000 160
7167 657259000000 160
7191 660167000000 160
7206 661579000000 160
7221 661915000000 160
7233 662899000000 160
7260 665809000000 160
7275 666787000000 160
7302 669220000000 160
7317 671209000000 160
7341 673257000000 160
7356 675097000000 160
7371 676081000000 160
7383 676417000000 160
7410 678899000000 160
7425 680953000000 160
7449 683701000000 160
7464 684685000000 160
7494 686995000000 160
7506 688615000000 160
7521 689599000000 160
7536 690583000000 160
7560 691989000000 160
7587 695074000000 160
7602 697867000000 160
7614 698203000000 160
7641 699829000000 160
7656 702523000000 160
7671 703117000000 160
7686 704101000000 160
7713 705081000000 160
7737 709798000000 160
7752 711385000000 160
7767 711937000000 160
7791 712919000000 160
7806 716257000000 160
7821 716593000000 160
7833 717577000000 160
7863 718603000000 160
7887 723919000000 160
7902 724903000000 160
7917 725887000000 160
7929 726223000000 160
7956 729775000000 160
7971 730759000000 160
7983 731095000000 160
8010 732883000000 160
8037 738043000000 160
8052 738421000000 160
8067 739405000000 160
8082 740389000000 160
8106 743079000000 160
8121 744277000000 160
8136 745261000000 160
8160 747607000000 160
8187 751133000000 160
8202 752329000000 160
8214 752881000000 160
8232 753907000000 160
8259 756601000000 160
8271 757795000000 160
8298 758779000000 160
8313 761743000000 160
8337 764223000000 160
8352 766063000000 160
8367 766399000000 160
8379 767383000000 160
8406 769865000000 160
8421 771313000000 160
8448 773503000000 160
8463 775693000000 160
8487 777313000000 160
8502 779581000000 160
8517 780565000000 160
8529 780901000000 160
8556 782955000000 160
8571 785437000000 160
8595 787984000000 160
8613 789211000000 160
8640 790837000000 160
8652 793099000000 160
8667 794083000000 160
8682 795067000000 160
8706 795831000000 160
8733 799156000000 160
8748 802351000000 160
8760 802687000000 160
8787 803885000000 160
8805 807007000000 160
8817 807601000000 160
8832 808585000000 160
8859 809137000000 160
8883 813880000000 160
8898 815869000000 160
8913 816205000000 160
8925 817189000000 160
8952 820741000000 160
8964 821077000000 160
8982 822103000000 160
8997 823087000000 160
9033 828403000000 160
9048 829387000000 160
9063 830371000000 160
9075 830707000000 160
9102 834045000000 160
9117 835243000000 160
9129 835579000000 160
9156 837166000000 160
9186 842141000000 160
9198 842905000000 160
9213 843889000000 160
9228 844873000000 160
9252 847135000000 160
9267 848761000000 160
9282 849745000000 160
9306 851689000000 160
9333 855189000000 160
9348 856813000000 160
9363 857407000000 160
9378 858391000000 160
9405 860441000000 160
9417 862279000000 160
9432 863263000000 160
9459 866227000000 160
9483 868279000000 160
9498 870547000000 160
9513 870883000000 160
9525 871867000000 160
9555 873749000000 160
9567 875797000000 160
9594 877585000000 160
9609 880177000000 160
9633 881155000000 160
9648 884065000000 160
9663 885049000000 160
9675 885385000000 160
9702 886797000000 160
9717 889921000000 160
9744 892309000000 160
9759 893695000000 160
9786 894893000000 160
9798 897583000000 160
9813 898567000000 160
9828 899551000000 160
9852 899887000000 160
9879 903439000000 160
9894 906619000000 160
9906 907171000000 160
9924 908197000000 160
9951 911533000000 160
9963 912085000000 160
9978 913069000000 160
9993 913621000000 160
10029 918163000000 160
10044 920353000000 160
10059 920689000000 160
10071 921673000000 160
10098 925011000000 160
10113 925603000000 160
10128 926587000000 160
10143 927571000000 160
10179 932258000000 160
10194 933871000000 160
10209 934855000000 160
10221 935191000000 160
10248 938101000000 160
10263 939727000000 160
10275 940063000000 160
10305 941290000000 160
10332 946197000000 160
10344 947389000000 160
10359 948373000000 160
10374 949357000000 160
10398 951191000000 160
10413 953245000000 160
10428 954013000000 160
10452 955972000000 160
10479 959245000000 160
10497 961297000000 160
10509 961891000000 160
10524 962875000000 160
10551 964283000000 160
10563 966763000000 160
10578 967747000000 160
10605 970495000000 160
10629 972121000000 160
10644 975031000000 160
10656 975367000000 160
10674 976393000000 160
10701 977805000000 160
10713 980281000000 160
10740 981868000000 160
10755 984661000000 160
10779 985211000000 160
10794 988549000000 160
10809 989533000000 160
10821 989869000000 160
10848 990853000000 160
10866 994447000000 160
10890 996391000000 160
10905 998179000000 160
10920 999163000000 160
