56 7939000000 1450
137 17095000000 1450
209 23194000000 1450
287 30814000000 1450
359 36712000000 1450
440 44980000000 1450
506 50188000000 1450
590 58498000000 1450
659 64354000000 1450
740 72016000000 1450
809 78040000000 1450
890 86476000000 1450
971 91726000000 1450
1052 99994000000 1450
1136 106696000000 1450
1202 113512000000 1450
1283 121780000000 1450
1355 127678000000 1450
1433 135298000000 1450
1505 141196000000 1450
1586 149464000000 1450
1652 154672000000 1450
1736 162982000000 1450
1805 169034000000 1450
1886 176836000000 1450
1967 182692000000 1450
2051 191002000000 1450
2117 196210000000 1450
2198 204478000000 1450
2282 211381000000 1450
2348 217996000000 1450
2432 226306000000 1450
2501 232162000000 1450
2579 239782000000 1450
2651 245680000000 1450
2732 253948000000 1450
2801 259394000000 1450
2882 267802000000 1450
2963 273658000000 1450
3044 281536000000 1450
3113 287176000000 1450
3197 295486000000 1450
3263 300910000000 1450
3344 308962000000 1450
3428 315865000000 1450
3494 322696000000 1450
3578 330790000000 1450
3647 336646000000 1450
3725 344698000000 1450
3797 350388000000 1450
3878 358768000000 1450
3959 364450000000 1450
4040 372286000000 1450
4112 378184000000 1450
4193 386452000000 1450
4259 391660000000 1450
4343 399970000000 1450
4412 405826000000 1450
4493 413488000000 1450
4574 420550000000 1450
4643 427612000000 1450
4724 435274000000 1450
4793 441354000000 1450
4877 449776000000 1450
4955 454984000000 1450
5036 463252000000 1450
5108 469150000000 1450
5186 476770000000 1450
5258 482668000000 1450
5339 490936000000 1450
5405 496144000000 1450
5489 504454000000 1450
5558 510310000000 1450
5639 517972000000 1450
5720 525235000000 1450
5789 532390000000 1450
5870 540094000000 1450
5951 545950000000 1450
6035 554260000000 1450
6101 559468000000 1450
6185 567778000000 1450
6254 573634000000 1450
6332 581254000000 1450
6404 587152000000 1450
6485 595420000000 1450
6554 600670000000 1450
6635 608938000000 1450
6704 614822000000 1450
6785 622736000000 1450
6866 630256000000 1450
6950 636958000000 1450
7028 644578000000 1450
7097 650434000000 1450
7181 658744000000 1450
7247 664168000000 1450
7331 672262000000 1450
7400 678118000000 1450
7478 685954000000 1450
7550 691636000000 1450
7631 699904000000 1450
7700 705398000000 1450
7781 713702000000 1450
7853 719857000000 1450
7943 727708000000 1450
8024 734941000000 1450
8096 741442000000 1450
8174 749494000000 1450
8246 754960000000 1450
8327 763228000000 1450
8396 769084000000 1450
8477 776746000000 1450
8546 782602000000 1450
8630 790912000000 1450
8696 796176000000 1450
8777 804696000000 1450
8849 810622000000 1450
8939 818242000000 1450
9011 824542000000 1450
9092 832408000000 1450
9170 839626000000 1450
9242 845926000000 1450
9323 854194000000 1450
9392 859444000000 1450
9473 867712000000 1450
9542 873568000000 1450
9623 881230000000 1450
9692 887170000000 1450
9776 895704000000 1450
9842 900940000000 1450
9938 909250000000 1450
10007 915106000000 1450
10085 922726000000 1450
10169 929227000000 1450
10238 936892000000 1450
10319 944353000000 1450
10388 950410000000 1450
10469 958678000000 1450
10538 963928000000 1450
10619 972196000000 1450
10691 978178000000 1450
10769 986050000000 1450
10838 991906000000 1450
