11 2073000000 160
26 3780000000 160
38 5487000000 160
53 7194000000 160
80 10746000000 160
92 11082000000 160
107 12315000000 160
134 15546000000 160
158 19455000000 160
176 20481000000 160
191 21465000000 160
203 21801000000 160
230 25353000000 160
245 26337000000 160
257 26673000000 160
284 30069000000 160
311 33407000000 160
323 33957000000 160
338 34941000000 160
356 35967000000 160
380 38443000000 160
395 39855000000 160
422 41241000000 160
434 43587000000 160
461 46497000000 160
476 47907000000 160
488 48459000000 160
503 49443000000 160
530 51707000000 160
545 53373000000 160
572 55965000000 160
584 57321000000 160
611 59587000000 160
626 61641000000 160
638 61977000000 160
653 62961000000 160
680 65015000000 160
692 66849000000 160
719 70245000000 160
737 71271000000 160
761 72463000000 160
776 75159000000 160
791 76143000000 160
803 76479000000 160
830 78105000000 160
857 81819000000 160
869 83763000000 160
884 84747000000 160
911 86159000000 160
926 88677000000 160
941 89661000000 160
956 90645000000 160
968 91195000000 160
1007 96342000000 160
1022 97713000000 160
1034 98265000000 160
1049 99249000000 160
1076 102369000000 160
1088 103137000000 160
1106 104163000000 160
1118 104715000000 160
1157 110463000000 160
1172 111447000000 160
1184 111783000000 160
1199 112767000000 160
1226 116319000000 160
1238 116655000000 160
1253 117639000000 160
1280 119628000000 160
1307 123767000000 160
1322 124965000000 160
1337 125949000000 160
1349 126285000000 160
1376 129409000000 160
1391 130821000000 160
1403 131157000000 160
1430 134352000000 160
1457 137463000000 160
1469 138441000000 160
1487 139467000000 160
1502 140451000000 160
1526 142499000000 160
1541 144339000000 160
1556 145308000000 160
1580 148071000000 160
1607 150339000000 160
1622 152391000000 160
1634 152943000000 160
1649 153927000000 160
1676 155591000000 160
1691 157857000000 160
1718 160248000000 160
1730 161589000000 160
1757 163429000000 160
1772 166125000000 160
1784 166461000000 160
1799 167445000000 160
1826 169071000000 160
1838 171333000000 160
1868 174771000000 160
1883 175755000000 160
1907 176519000000 160
1922 179643000000 160
1937 180627000000 160
1949 180963000000 160
1964 182161000000 160
2003 185901000000 160
2015 188247000000 160
2030 189231000000 160
2048 190257000000 160
2072 193161000000 160
2087 194145000000 160
2102 195129000000 160
2114 195465000000 160
2153 200625000000 160
2168 202197000000 160
2180 202749000000 160
2195 203733000000 160
2222 206853000000 160
2237 207663000000 160
2252 208647000000 160
2264 208983000000 160
2303 214733000000 160
2318 215931000000 160
2330 216267000000 160
2345 217251000000 160
2372 220375000000 160
2384 221139000000 160
2399 222123000000 160
2429 223953000000 160
2453 227823000000 160
2468 229449000000 160
2483 230433000000 160
2495 230769000000 160
2522 233465000000 160
2537 235305000000 160
2549 235641000000 160
2576 238434000000 160
2603 241305000000 160
2618 242967000000 160
2633 243951000000 160
2648 244935000000 160
2672 246341000000 160
2687 248823000000 160
2702 249591000000 160
2726 252555000000 160
2753 254395000000 160
2768 256659000000 160
2780 257427000000 160
2798 258453000000 160
2822 259647000000 160
2837 262341000000 160
2864 264330000000 160
2876 266073000000 160
2903 267485000000 160
2918 270609000000 160
2930 270945000000 160
2945 271929000000 160
2960 273127000000 160
2987 275859000000 160
3014 279054000000 160
3029 280239000000 160
3041 280575000000 160
3068 284127000000 160
3083 285111000000 160
3095 285447000000 160
3110 286431000000 160
3137 290184000000 160
3161 292731000000 160
3179 293757000000 160
3194 294741000000 160
3218 297645000000 160
3233 298629000000 160
3248 299397000000 160
3260 299949000000 160
3299 304493000000 160
3314 306681000000 160
3326 307233000000 160
3341 308217000000 160
3368 310951000000 160
3383 312147000000 160
3398 313131000000 160
3410 313467000000 160
3449 318789000000 160
3464 320415000000 160
3476 320751000000 160
3491 321735000000 160
3518 324217000000 160
3530 325623000000 160
3548 326649000000 160
3575 328035000000 160
3599 331665000000 160
3614 333933000000 160
3629 334917000000 160
3641 335253000000 160
3668 337307000000 160
3683 339789000000 160
3695 340125000000 160
3722 342717000000 160
3752 345403000000 160
3764 347451000000 160
3779 348435000000 160
3794 349419000000 160
3818 350397000000 160
3833 353307000000 160
3848 354075000000 160
3872 357039000000 160
3899 358451000000 160
3914 361143000000 160
3929 361953000000 160
3944 362937000000 160
3956 363487000000 160
3983 366825000000 160
4010 368412000000 160
4022 370557000000 160
4037 371541000000 160
4064 375093000000 160
4076 375429000000 160
4091 376413000000 160
4109 377439000000 160
4133 380343000000 160
4160 383136000000 160
4175 384723000000 160
4187 385059000000 160
4214 388611000000 160
4229 389595000000 160
4241 389931000000 160
4256 390915000000 160
4283 394253000000 160
4310 397257000000 160
4325 398241000000 160
4340 399225000000 160
4364 401701000000 160
4379 403113000000 160
4394 403881000000 160
4406 404433000000 160
4445 408134000000 160
4460 410949000000 160
4472 411717000000 160
4490 412743000000 160
4514 414793000000 160
4529 416631000000 160
4544 417615000000 160
4556 417951000000 160
4595 422229000000 160
4610 424899000000 160
4622 425235000000 160
4637 426219000000 160
4664 428273000000 160
4679 430149000000 160
4694 431133000000 160
4709 432318000000 160
4745 435721000000 160
4760 438417000000 160
4775 439401000000 160
4787 439737000000 160
4814 441363000000 160
4829 444273000000 160
4841 444609000000 160
4871 446841000000 160
4898 449459000000 160
4910 451935000000 160
4925 452919000000 160
4940 453687000000 160
4952 454453000000 160
4979 457791000000 160
4994 458559000000 160
5018 461523000000 160
5033 462507000000 160
5060 465669000000 160
5075 466437000000 160
5090 467421000000 160
5102 467757000000 160
5129 471309000000 160
5156 472695000000 160
5168 475041000000 160
5183 476025000000 160
5210 479577000000 160
5222 479913000000 160
5240 480939000000 160
5255 481923000000 160
5279 484613000000 160
5306 487419000000 160
5321 489207000000 160
5333 489543000000 160
5360 492667000000 160
5375 494079000000 160
5387 494415000000 160
5402 495399000000 160
5432 498137000000 160
5456 501741000000 160
5471 502725000000 160
5486 503709000000 160
5510 505543000000 160
5525 507597000000 160
5540 508365000000 160
5552 508917000000 160
5591 511788000000 160
5606 515433000000 160
5621 516243000000 160
5636 517227000000 160
5660 518633000000 160
5675 521115000000 160
5690 522099000000 160
5702 522435000000 160
5741 526084000000 160
5756 529383000000 160
5768 529719000000 160
5783 530703000000 160
5813 532371000000 160
5825 534633000000 160
5840 535617000000 160
5855 536601000000 160
5891 539777000000 160
5906 542901000000 160
5921 543885000000 160
5933 544221000000 160
5948 545419000000 160
5975 548757000000 160
5990 549135000000 160
6017 551124000000 160
6032 553515000000 160
6056 556419000000 160
6071 557403000000 160
6086 558171000000 160
6098 558723000000 160
6125 562275000000 160
6140 562827000000 160
6164 565605000000 160
6182 567033000000 160
6206 570153000000 160
6221 570921000000 160
6236 571905000000 160
6248 572241000000 160
6275 575579000000 160
6290 576777000000 160
6314 579525000000 160
6329 580509000000 160
6356 583419000000 160
6371 584439000000 160
6386 585423000000 160
6401 586407000000 160
6425 588455000000 160
6452 591501000000 160
6467 593691000000 160
6479 594027000000 160
6506 596509000000 160
6521 598563000000 160
6533 598899000000 160
6551 599925000000 160
6578 602193000000 160
6602 606225000000 160
6617 607209000000 160
6632 607977000000 160
6656 609599000000 160
6671 612081000000 160
6686 612849000000 160
6698 613401000000 160
6737 615643000000 160
6752 619959000000 160
6767 620727000000 160
6782 621711000000 160
6806 622689000000 160
6821 625599000000 160
6836 626583000000 160
6848 626919000000 160
6887 629738000000 160
6902 633867000000 160
6914 634203000000 160
6932 635229000000 160
6947 636213000000 160
6971 639117000000 160
6986 640101000000 160
7001 641085000000 160
7025 643833000000 160
7052 647385000000 160
7067 648369000000 160
7079 648705000000 160
7094 649689000000 160
7124 653283000000 160
7136 653619000000 160
7163 655206000000 160
7178 657783000000 160
7202 660903000000 160
7217 661887000000 160
7232 662655000000 160
7244 663207000000 160
7271 666331000000 160
7286 667311000000 160
7313 669930000000 160
7328 671517000000 160
7352 673779000000 160
7367 675405000000 160
7382 676389000000 160
7394 676725000000 160
7421 679421000000 160
7436 681261000000 160
7460 684009000000 160
7475 684993000000 160
7505 687517000000 160
7517 688923000000 160
7532 689907000000 160
7547 690891000000 160
7571 692511000000 160
7598 695583000000 160
7613 698175000000 160
7625 698511000000 160
7652 700565000000 160
7667 703047000000 160
7682 703425000000 160
7697 704409000000 160
7724 706249000000 160
7748 710307000000 160
7763 711693000000 160
7778 712461000000 160
7802 713655000000 160
7817 716565000000 160
7832 717117000000 160
7844 717885000000 160
7874 719339000000 160
7898 724443000000 160
7913 725211000000 160
7928 726195000000 160
7940 726531000000 160
7967 730083000000 160
7982 731067000000 160
7994 731403000000 160
8021 733593000000 160
8048 738351000000 160
8063 738729000000 160
8078 739713000000 160
8093 740697000000 160
8117 743601000000 160
8132 744585000000 160
8147 745569000000 160
8171 748116000000 160
8198 751869000000 160
8213 752853000000 160
8225 753189000000 160
8243 754215000000 160
8270 757339000000 160
8282 758103000000 160
8309 759489000000 160
8324 762267000000 160
8348 764745000000 160
8363 766371000000 160
8378 766923000000 160
8390 767691000000 160
8417 770387000000 160
8432 771837000000 160
8459 774012000000 160
8474 776001000000 160
8498 777835000000 160
8513 779889000000 160
8528 780873000000 160
8540 781209000000 160
8567 783477000000 160
8582 785745000000 160
8606 788493000000 160
8624 789519000000 160
8651 791573000000 160
8663 793407000000 160
8678 794391000000 160
8693 795375000000 160
8717 796567000000 160
8744 799866000000 160
8759 802659000000 160
8771 802995000000 160
8798 804621000000 160
8816 807573000000 160
8828 807909000000 160
8843 808893000000 160
8870 809875000000 160
8894 814590000000 160
8909 816177000000 160
8924 816945000000 160
8936 817497000000 160
8963 821049000000 160
8975 821601000000 160
8993 822411000000 160
9008 823395000000 160
9044 828711000000 160
9059 829695000000 160
9074 830679000000 160
9086 831015000000 160
9113 834567000000 160
9128 835551000000 160
9140 835887000000 160
9167 837675000000 160
9197 842663000000 160
9209 843213000000 160
9224 844197000000 160
9239 845181000000 160
9263 847657000000 160
9278 849069000000 160
9293 850053000000 160
9317 852399000000 160
9344 855711000000 160
9359 857337000000 160
9374 857715000000 160
9389 858699000000 160
9416 861395000000 160
9428 862587000000 160
9443 863571000000 160
9470 866751000000 160
9494 868801000000 160
9509 870855000000 160
9524 871407000000 160
9536 872175000000 160
9566 874485000000 160
9578 876105000000 160
9605 878295000000 160
9620 880485000000 160
9644 881891000000 160
9659 884373000000 160
9674 885357000000 160
9686 885693000000 160
9713 887533000000 160
9728 890229000000 160
9755 892818000000 160
9770 894003000000 160
9797 895629000000 160
9809 897891000000 160
9824 898875000000 160
9839 899859000000 160
9863 900409000000 160
9890 903948000000 160
9905 907143000000 160
9917 907479000000 160
9935 908505000000 160
9962 912057000000 160
9974 912393000000 160
9989 913377000000 160
10004 914145000000 160
10040 918672000000 160
10055 920661000000 160
10070 921213000000 160
10082 921981000000 160
10109 925533000000 160
10124 926127000000 160
10139 926895000000 160
10154 927879000000 160
10190 932981000000 160
10205 934179000000 160
10220 935163000000 160
10232 935499000000 160
10259 938623000000 160
10274 940035000000 160
10286 940371000000 160
10316 942000000000 160
10343 946719000000 160
10355 947697000000 160
10370 948681000000 160
10385 949665000000 160
10409 951713000000 160
10424 953553000000 160
10439 954537000000 160
10463 956481000000 160
10490 959767000000 160
10508 961863000000 160
10520 962199000000 160
10535 963183000000 160
10562 965235000000 160
10574 967071000000 160
10589 968055000000 160
10616 971235000000 160
10640 972857000000 160
10655 975339000000 160
10667 975891000000 160
10685 976701000000 160
10712 978541000000 160
10724 980589000000 160
10751 982377000000 160
10766 984969000000 160
10790 985733000000 160
10805 988857000000 160
10820 989841000000 160
10832 990177000000 160
10859 991375000000 160
10877 994755000000 160
10901 997101000000 160
10916 998487000000 160
10931 999471000000 160
