8 1989000000 160
23 3696000000 160
35 5403000000 160
50 7110000000 160
77 10662000000 160
89 10998000000 160
104 12231000000 160
131 15261000000 160
155 19371000000 160
173 20397000000 160
188 21381000000 160
200 21717000000 160
227 25269000000 160
242 26253000000 160
254 26589000000 160
281 29985000000 160
308 33323000000 160
320 33873000000 160
335 34857000000 160
353 35883000000 160
377 38359000000 160
392 39771000000 160
419 40941000000 160
431 43503000000 160
458 46199000000 160
473 47823000000 160
485 48375000000 160
500 49359000000 160
527 51409000000 160
542 53289000000 160
569 55881000000 160
581 57021000000 160
608 59289000000 160
623 61557000000 160
635 61893000000 160
650 62877000000 160
677 64931000000 160
689 66765000000 160
716 70161000000 160
734 71187000000 160
758 72379000000 160
773 75075000000 160
788 76059000000 160
800 76395000000 160
827 78021000000 160
854 81534000000 160
866 83679000000 160
881 84663000000 160
908 86075000000 160
923 88593000000 160
938 89577000000 160
953 90561000000 160
965 91111000000 160
1004 96258000000 160
1019 97629000000 160
1031 98181000000 160
1046 99165000000 160
1073 102285000000 160
1085 103053000000 160
1103 104079000000 160
1115 104415000000 160
1154 110379000000 160
1169 111363000000 160
1181 111699000000 160
1196 112683000000 160
1223 116235000000 160
1235 116571000000 160
1250 117555000000 160
1277 119544000000 160
1304 123683000000 160
1319 124881000000 160
1334 125865000000 160
1346 126201000000 160
1373 129111000000 160
1388 130737000000 160
1400 131073000000 160
1427 134067000000 160
1454 137165000000 160
1466 138357000000 160
1484 139383000000 160
1499 140367000000 160
1523 142201000000 160
1538 144255000000 160
1553 145224000000 160
1577 147987000000 160
1604 150255000000 160
1619 152091000000 160
1631 152859000000 160
1646 153843000000 160
1673 155507000000 160
1688 157773000000 160
1715 159963000000 160
1727 161505000000 160
1754 163345000000 160
1769 166041000000 160
1781 166377000000 160
1796 167361000000 160
1823 168987000000 160
1835 171249000000 160
1865 174687000000 160
1880 175671000000 160
1904 176435000000 160
1919 179559000000 160
1934 180543000000 160
1946 180879000000 160
1961 181863000000 160
2000 185817000000 160
2012 188163000000 160
2027 189147000000 160
2045 190173000000 160
2069 193077000000 160
2084 194061000000 160
2099 194829000000 160
2111 195381000000 160
2150 200340000000 160
2165 202113000000 160
2177 202665000000 160
2192 203649000000 160
2219 206769000000 160
2234 207579000000 160
2249 208563000000 160
2261 208899000000 160
2300 214435000000 160
2315 215847000000 160
2327 216183000000 160
2342 217167000000 160
2369 220077000000 160
2381 221055000000 160
2396 222039000000 160
2426 223668000000 160
2450 227525000000 160
2465 229365000000 160
2480 230349000000 160
2492 230685000000 160
2519 233167000000 160
2534 235221000000 160
2546 235557000000 160
2573 238350000000 160
2600 241221000000 160
2615 242883000000 160
2630 243867000000 160
2645 244635000000 160
2669 246257000000 160
2684 248739000000 160
2699 249507000000 160
2723 252471000000 160
2750 254311000000 160
2765 256575000000 160
2777 257343000000 160
2795 258369000000 160
2819 259347000000 160
2834 262257000000 160
2861 264246000000 160
2873 265989000000 160
2900 267401000000 160
2915 270525000000 160
2927 270861000000 160
2942 271845000000 160
2957 272829000000 160
2984 275775000000 160
3011 278769000000 160
3026 280155000000 160
3038 280491000000 160
3065 284043000000 160
3080 285027000000 160
3092 285363000000 160
3107 286347000000 160
3134 289899000000 160
3158 292647000000 160
3176 293673000000 160
3191 294657000000 160
3215 297561000000 160
3230 298545000000 160
3245 299313000000 160
3257 299865000000 160
3296 304195000000 160
3311 306381000000 160
3323 307149000000 160
3338 308133000000 160
3365 310653000000 160
3380 312063000000 160
3395 313047000000 160
3407 313383000000 160
3446 318491000000 160
3461 320331000000 160
3473 320667000000 160
3488 321651000000 160
3515 324133000000 160
3527 325539000000 160
3545 326565000000 160
3572 327951000000 160
3596 331581000000 160
3611 333849000000 160
3626 334833000000 160
3638 335169000000 160
3665 337223000000 160
3680 339705000000 160
3692 340041000000 160
3719 342432000000 160
3749 345319000000 160
3761 347367000000 160
3776 348351000000 160
3791 349119000000 160
3815 350313000000 160
3830 353223000000 160
3845 353775000000 160
3869 356955000000 160
3896 358153000000 160
3911 361059000000 160
3926 361869000000 160
3941 362853000000 160
3953 363189000000 160
3980 366741000000 160
4007 368328000000 160
4019 370473000000 160
4034 371457000000 160
4061 375009000000 160
4073 375345000000 160
4088 376329000000 160
4106 377355000000 160
4130 380259000000 160
4157 383052000000 160
4172 384639000000 160
4184 384975000000 160
4211 388313000000 160
4226 389511000000 160
4238 389847000000 160
4253 390831000000 160
4280 393955000000 160
4307 397173000000 160
4322 398157000000 160
4337 398925000000 160
4361 401403000000 160
4376 403029000000 160
4391 403797000000 160
4403 404349000000 160
4442 407849000000 160
4457 410865000000 160
4469 411633000000 160
4487 412659000000 160
4511 414493000000 160
4526 416547000000 160
4541 417531000000 160
4553 417867000000 160
4592 422145000000 160
4607 424815000000 160
4619 425151000000 160
4634 426135000000 160
4661 428189000000 160
4676 430065000000 160
4691 431049000000 160
4706 432033000000 160
4742 435637000000 160
4757 438333000000 160
4772 439317000000 160
4784 439653000000 160
4811 441279000000 160
4826 444189000000 160
4838 444525000000 160
4868 446757000000 160
4895 449161000000 160
4907 451851000000 160
4922 452835000000 160
4937 453603000000 160
4949 454155000000 160
4976 457707000000 160
4991 458259000000 160
5015 461238000000 160
5030 462423000000 160
5057 465369000000 160
5072 466353000000 160
5087 467337000000 160
5099 467673000000 160
5126 471225000000 160
5153 472611000000 160
5165 474957000000 160
5180 475941000000 160
5207 479279000000 160
5219 479829000000 160
5237 480855000000 160
5252 481839000000 160
5276 484315000000 160
5303 487134000000 160
5318 489123000000 160
5330 489459000000 160
5357 492369000000 160
5372 493995000000 160
5384 494331000000 160
5399 495315000000 160
5429 498053000000 160
5453 501657000000 160
5468 502641000000 160
5483 503409000000 160
5507 505459000000 160
5522 507513000000 160
5537 508065000000 160
5549 508833000000 160
5588 511704000000 160
5603 515349000000 160
5618 516159000000 160
5633 517143000000 160
5657 518549000000 160
5672 521031000000 160
5687 522015000000 160
5699 522351000000 160
5738 525799000000 160
5753 529299000000 160
5765 529635000000 160
5780 530619000000 160
5810 532073000000 160
5822 534549000000 160
5837 535533000000 160
5852 536517000000 160
5888 539479000000 160
5903 542817000000 160
5918 543801000000 160
5930 544137000000 160
5945 545121000000 160
5972 548673000000 160
5987 549051000000 160
6014 550839000000 160
6029 553215000000 160
6053 556335000000 160
6068 557319000000 160
6083 558087000000 160
6095 558639000000 160
6122 562191000000 160
6137 562743000000 160
6161 565521000000 160
6179 566949000000 160
6203 569639000000 160
6218 570837000000 160
6233 571821000000 160
6245 572157000000 160
6272 575281000000 160
6287 576693000000 160
6311 579441000000 160
6326 580425000000 160
6353 583335000000 160
6368 584355000000 160
6383 585339000000 160
6398 586323000000 160
6422 588371000000 160
6449 591417000000 160
6464 593607000000 160
6476 593943000000 160
6503 596425000000 160
6518 598479000000 160
6530 598815000000 160
6548 599841000000 160
6575 602109000000 160
6599 605940000000 160
6614 607125000000 160
6629 607893000000 160
6653 609515000000 160
6668 611997000000 160
6683 612549000000 160
6695 613317000000 160
6734 615144000000 160
6749 619659000000 160
6764 620643000000 160
6779 621627000000 160
6803 622391000000 160
6818 625515000000 160
6833 626499000000 160
6845 626835000000 160
6884 629440000000 160
6899 633783000000 160
6911 634119000000 160
6929 635145000000 160
6944 636129000000 160
6968 639033000000 160
6983 640017000000 160
6998 641001000000 160
7022 643749000000 160
7049 647301000000 160
7064 648285000000 160
7076 648621000000 160
7091 649605000000 160
7121 653199000000 160
7133 653535000000 160
7160 655122000000 160
7175 657699000000 160
7199 660605000000 160
7214 661803000000 160
7229 662355000000 160
7241 663123000000 160
7268 666247000000 160
7283 667227000000 160
7310 669645000000 160
7325 671433000000 160
7349 673695000000 160
7364 675321000000 160
7379 676305000000 160
7391 676641000000 160
7418 679337000000 160
7433 681177000000 160
7457 683925000000 160
7472 684909000000 160
7502 687433000000 160
7514 688839000000 160
7529 689823000000 160
7544 690807000000 160
7568 692427000000 160
7595 695499000000 160
7610 698091000000 160
7622 698427000000 160
7649 700481000000 160
7664 702963000000 160
7679 703341000000 160
7694 704325000000 160
7721 705735000000 160
7745 710223000000 160
7760 711609000000 160
7775 712377000000 160
7799 713357000000 160
7814 716481000000 160
7829 717033000000 160
7841 717801000000 160
7871 719041000000 160
7895 724143000000 160
7910 725127000000 160
7925 726111000000 160
7937 726447000000 160
7964 729999000000 160
7979 730983000000 160
7991 731319000000 160
8018 733308000000 160
8045 738267000000 160
8060 738645000000 160
8075 739629000000 160
8090 740613000000 160
8114 743517000000 160
8129 744501000000 160
8144 745485000000 160
8168 748032000000 160
8195 751571000000 160
8210 752769000000 160
8222 753105000000 160
8240 754131000000 160
8267 757255000000 160
8279 758019000000 160
8306 759204000000 160
8321 762183000000 160
8345 764661000000 160
8360 766287000000 160
8375 766839000000 160
8387 767607000000 160
8414 770303000000 160
8429 771537000000 160
8456 773928000000 160
8471 775917000000 160
8495 777751000000 160
8510 779805000000 160
8525 780789000000 160
8537 781125000000 160
8564 783393000000 160
8579 785661000000 160
8603 788409000000 160
8621 789435000000 160
8648 791275000000 160
8660 793323000000 160
8675 794307000000 160
8690 795291000000 160
8714 796269000000 160
8741 799782000000 160
8756 802575000000 160
8768 802911000000 160
8795 804323000000 160
8813 807489000000 160
8825 807825000000 160
8840 808809000000 160
8867 809791000000 160
8891 814305000000 160
8906 816093000000 160
8921 816645000000 160
8933 817413000000 160
8960 820965000000 160
8972 821517000000 160
8990 822327000000 160
9005 823311000000 160
9041 828627000000 160
9056 829611000000 160
9071 830595000000 160
9083 830931000000 160
9110 834483000000 160
9125 835467000000 160
9137 835803000000 160
9164 837591000000 160
9194 842579000000 160
9206 843129000000 160
9221 844113000000 160
9236 845097000000 160
9260 847573000000 160
9275 848985000000 160
9290 849969000000 160
9314 852114000000 160
9341 855627000000 160
9356 857253000000 160
9371 857631000000 160
9386 858615000000 160
9413 861095000000 160
9425 862503000000 160
9440 863487000000 160
9467 866667000000 160
9491 868717000000 160
9506 870771000000 160
9521 871323000000 160
9533 872091000000 160
9563 874187000000 160
9575 876021000000 160
9602 878010000000 160
9617 880401000000 160
9641 881593000000 160
9656 884289000000 160
9671 885273000000 160
9683 885609000000 160
9710 887235000000 160
9725 890145000000 160
9752 892734000000 160
9767 893919000000 160
9794 895331000000 160
9806 897807000000 160
9821 898791000000 160
9836 899775000000 160
9860 900325000000 160
9887 903864000000 160
9902 907059000000 160
9914 907395000000 160
9932 908421000000 160
9959 911973000000 160
9971 912309000000 160
9986 913293000000 160
10001 914061000000 160
10037 918588000000 160
10052 920577000000 160
10067 921129000000 160
10079 921897000000 160
10106 925449000000 160
10121 925827000000 160
10136 926811000000 160
10151 927795000000 160
10187 932897000000 160
10202 934095000000 160
10217 935079000000 160
10229 935415000000 160
10256 938539000000 160
10271 939951000000 160
10283 940287000000 160
10313 941715000000 160
10340 946635000000 160
10352 947613000000 160
10367 948597000000 160
10382 949581000000 160
10406 951629000000 160
10421 953469000000 160
10436 954453000000 160
10460 956397000000 160
10487 959683000000 160
10505 961779000000 160
10517 962115000000 160
10532 963099000000 160
10559 964937000000 160
10571 966987000000 160
10586 967971000000 160
10613 970935000000 160
10637 972559000000 160
10652 975255000000 160
10664 975807000000 160
10682 976617000000 160
10709 978243000000 160
10721 980505000000 160
10748 982293000000 160
10763 984885000000 160
10787 985649000000 160
10802 988773000000 160
10817 989757000000 160
10829 990093000000 160
10856 991291000000 160
10874 994671000000 160
10898 996816000000 160
10913 998403000000 160
10928 999387000000 160
