118 15843000000 1358
268 29025000000 1358
406 42543000000 1358
556 55921000000 1358
703 69201000000 1358
841 82719000000 1358
991 95901000000 1358
1129 108135000000 1358
1264 120327000000 1358
1414 133509000000 1358
1564 147027000000 1358
1702 160545000000 1358
1849 173685000000 1358
1987 187203000000 1358
2137 200637000000 1358
2275 212405000000 1358
2410 224853000000 1358
2560 237993000000 1358
2710 251511000000 1358
2848 265029000000 1358
2998 278211000000 1358
3145 291687000000 1358
3283 305205000000 1358
3421 316675000000 1358
3559 329337000000 1358
3706 342757000000 1358
3856 355995000000 1358
3994 369513000000 1358
4144 382695000000 1358
4291 396171000000 1358
4429 409475000000 1358
4567 421159000000 1358
4717 433821000000 1358
4852 447339000000 1358
5002 460479000000 1358
5140 473997000000 1358
5290 487487000000 1358
5440 500697000000 1358
5575 513745000000 1358
5713 525457000000 1358
5863 538305000000 1358
6001 551823000000 1358
6148 564963000000 1358
6298 578481000000 1358
6436 591999000000 1358
6586 605181000000 1358
6721 618015000000 1358
6859 630035000000 1358
7009 642789000000 1358
7147 656307000000 1358
7294 669545000000 1358
7444 682965000000 1358
7582 696483000000 1358
7732 709665000000 1358
7882 722327000000 1358
8005 734305000000 1358
8155 747273000000 1358
8293 760791000000 1358
8443 774309000000 1358
8590 787449000000 1358
8728 800967000000 1358
8878 814261000000 1358
9028 826597000000 1358
9151 838575000000 1358
9301 851757000000 1358
9451 865275000000 1358
9589 878793000000 1358
9736 891933000000 1358
9874 905451000000 1358
10024 918969000000 1358
10162 931081000000 1358
10297 943101000000 1358
10447 956381000000 1358
10597 969759000000 1358
10735 983277000000 1358
10885 996459000000 1358
