112 13869000000 1358
262 27603000000 1358
400 40897000000 1358
550 54303000000 1358
697 67779000000 1358
835 80961000000 1358
985 93623000000 1358
1123 105643000000 1358
1258 118785000000 1358
1408 132303000000 1358
1558 145821000000 1358
1696 159003000000 1358
1843 172479000000 1358
1981 185829000000 1358
2131 198109000000 1358
2269 210129000000 1358
2404 223269000000 1358
2554 236787000000 1358
2704 250305000000 1358
2842 263487000000 1358
2992 277005000000 1358
3139 290481000000 1358
3277 302379000000 1358
3415 314613000000 1358
3553 327991000000 1358
3700 341271000000 1358
3850 354789000000 1358
3988 367971000000 1358
4138 381489000000 1358
4285 394965000000 1358
4423 406649000000 1358
4561 419097000000 1358
4711 432615000000 1358
4846 445755000000 1358
4996 459273000000 1358
5134 472679000000 1358
5284 485973000000 1358
5434 499491000000 1358
5569 510919000000 1358
5707 523581000000 1358
5857 537099000000 1358
5995 550281000000 1358
6142 563757000000 1358
6292 577275000000 1358
6430 590457000000 1358
6580 603761000000 1358
6715 615655000000 1358
6853 628065000000 1358
7003 641583000000 1358
7141 654765000000 1358
7288 668241000000 1358
7438 681759000000 1358
7576 694941000000 1358
7726 708031000000 1358
7876 720051000000 1358
7999 732549000000 1358
8149 746067000000 1358
8287 759557000000 1358
8437 772767000000 1358
8584 786243000000 1358
8722 799453000000 1358
8872 812301000000 1358
9022 824321000000 1358
9145 837033000000 1358
9295 850551000000 1358
9445 864069000000 1358
9583 877251000000 1358
9730 890727000000 1358
9868 904245000000 1358
10018 916571000000 1358
10156 928591000000 1358
10291 941615000000 1358
10441 955035000000 1358
10591 968553000000 1358
10729 981735000000 1358
10879 995253000000 1358
