14 3492000000 1464
41 6240000000 1464
68 10087000000 1464
95 11835000000 1464
110 14511000000 1464
161 20208000000 1464
179 21234000000 1464
206 22982000000 1464
233 26106000000 1464
260 27828000000 1464
299 32748000000 1464
326 34710000000 1464
341 35806000000 1464
383 39624000000 1464
398 41290000000 1464
437 44768000000 1464
464 48228000000 1464
491 49212000000 1464
518 52458000000 1464
548 54528000000 1464
587 57858000000 1464
614 61410000000 1464
641 62730000000 1464
656 63928000000 1464
695 68004000000 1464
722 70998000000 1464
764 74286000000 1464
779 75912000000 1464
806 77232000000 1464
833 81186000000 1464
872 84516000000 1464
887 85770000000 1464
929 89430000000 1464
944 90638000000 1464
983 93848000000 1464
1010 98034000000 1464
1037 99018000000 1464
1064 102906000000 1464
1091 103890000000 1464
1121 105868000000 1464
1160 111216000000 1464
1187 112536000000 1464
1214 115232000000 1464
1241 117408000000 1464
1256 118593000000 1464
1310 124734000000 1464
1325 125718000000 1464
1352 127038000000 1464
1379 130590000000 1464
1406 132111000000 1464
1445 136832000000 1464
1472 139194000000 1464
1490 140388000000 1464
1529 144108000000 1464
1544 145629000000 1464
1583 148824000000 1464
1610 152712000000 1464
1637 153696000000 1464
1679 156556000000 1464
1694 158811000000 1464
1733 162342000000 1464
1760 165894000000 1464
1787 167214000000 1464
1802 168198000000 1464
1841 172287000000 1464
1871 175524000000 1464
1910 178342000000 1464
1925 180396000000 1464
1952 181716000000 1464
1979 185469000000 1464
2018 189000000000 1464
2033 190124000000 1464
2075 193914000000 1464
2090 195178000000 1464
2129 197502000000 1464
2156 202518000000 1464
2183 203502000000 1464
2210 207390000000 1464
2240 208416000000 1464
2267 209736000000 1464
2306 215700000000 1464
2333 217020000000 1464
2360 219288000000 1464
2387 221892000000 1464
2402 222876000000 1464
2456 229218000000 1464
2471 230202000000 1464
2498 231522000000 1464
2525 235074000000 1464
2552 236394000000 1464
2591 240944000000 1464
2621 243720000000 1464
2636 244956000000 1464
2675 248592000000 1464
2690 249912000000 1464
2729 253308000000 1464
2756 257196000000 1464
2783 258180000000 1464
2825 260612000000 1464
2840 263094000000 1464
2879 266826000000 1464
2906 270378000000 1464
2933 271698000000 1464
2948 272682000000 1464
2990 276612000000 1464
3017 280008000000 1464
3056 282184000000 1464
3071 284880000000 1464
3098 286200000000 1464
3125 289780000000 1464
3164 293484000000 1464
3182 294706000000 1464
3221 298398000000 1464
3236 299718000000 1464
3275 301558000000 1464
3302 307002000000 1464
3329 307986000000 1464
3371 311702000000 1464
3386 312900000000 1464
3413 314220000000 1464
3452 320184000000 1464
3479 321504000000 1464
3506 323344000000 1464
3533 326376000000 1464
3551 327402000000 1464
3602 333488000000 1464
3617 334686000000 1464
3644 336006000000 1464
3671 339558000000 1464
3698 340878000000 1464
3737 345056000000 1464
3767 348204000000 1464
3782 349496000000 1464
3821 352648000000 1464
3836 354396000000 1464
3875 357792000000 1464
3902 361680000000 1464
3932 362706000000 1464
3971 364668000000 1464
3986 367578000000 1464
4025 371310000000 1464
4052 374434000000 1464
4079 376182000000 1464
4094 377166000000 1464
4136 381096000000 1464
4163 384492000000 1464
4190 386240000000 1464
4217 389364000000 1464
4244 390684000000 1464
4271 393892000000 1464
4313 398010000000 1464
4328 399246000000 1464
4367 402882000000 1464
4382 404202000000 1464
4409 405614000000 1464
4448 411486000000 1464
4475 412470000000 1464
4517 415758000000 1464
4532 417384000000 1464
4559 418704000000 1464
4598 424668000000 1464
4625 425988000000 1464
4640 427400000000 1464
4682 430902000000 1464
4697 431886000000 1464
4748 437544000000 1464
4763 439170000000 1464
4790 440490000000 1464
4817 444070000000 1464
4844 445362000000 1464
4874 449210000000 1464
4913 452688000000 1464
4928 454008000000 1464
4967 456704000000 1464
4982 458880000000 1464
5021 462276000000 1464
5063 466206000000 1464
5078 467190000000 1464
5105 468724000000 1464
5132 472062000000 1464
5171 475794000000 1464
5198 478490000000 1464
5225 480666000000 1464
5243 481692000000 1464
5282 485580000000 1464
5309 488976000000 1464
5336 490296000000 1464
5363 493848000000 1464
5390 495168000000 1464
5417 498004000000 1464
5459 502494000000 1464
5474 503786000000 1464
5513 507366000000 1464
5528 508686000000 1464
5555 509670000000 1464
5594 515970000000 1464
5624 516996000000 1464
5663 519814000000 1464
5678 521868000000 1464
5705 523188000000 1464
5744 529152000000 1464
5771 530472000000 1464
5786 531456000000 1464
5828 535386000000 1464
5843 536370000000 1464
5894 541600000000 1464
5909 543654000000 1464
5936 544974000000 1464
5963 548638000000 1464
5993 549888000000 1464
6020 553536000000 1464
6059 557172000000 1464
6074 558492000000 1464
6113 560760000000 1464
6128 563364000000 1464
6167 566760000000 1464
6209 570690000000 1464
6224 571674000000 1464
6251 572994000000 1464
6278 576546000000 1464
6317 580278000000 1464
6344 582546000000 1464
6374 585192000000 1464
6389 586176000000 1464
6428 590064000000 1464
6455 593460000000 1464
6482 594780000000 1464
6509 598388000000 1464
6536 599652000000 1464
6566 602186000000 1464
6605 606978000000 1464
6620 608298000000 1464
6659 611850000000 1464
6674 613170000000 1464
6701 614154000000 1464
6755 620496000000 1464
6770 621480000000 1464
6809 623870000000 1464
6824 626352000000 1464
6851 627672000000 1464
6890 633636000000 1464
6917 634956000000 1464
6935 635982000000 1464
6974 639870000000 1464
6989 640854000000 1464
7040 645656000000 1464
7055 648138000000 1464
7082 649458000000 1464
7109 653178000000 1464
7139 654372000000 1464
7166 658104000000 1464
7205 661656000000 1464
7220 662976000000 1464
7259 664816000000 1464
7274 667848000000 1464
7316 671286000000 1464
7355 675174000000 1464
7370 676158000000 1464
7397 677478000000 1464
7424 681030000000 1464
7463 684762000000 1464
7490 686602000000 1464
7520 689676000000 1464
7535 690660000000 1464
7574 694334000000 1464
7601 697944000000 1464
7628 699264000000 1464
7655 702928000000 1464
7685 704178000000 1464
7712 706298000000 1464
7751 711462000000 1464
7766 712782000000 1464
7805 716120000000 1464
7820 717654000000 1464
7847 718638000000 1464
7901 724980000000 1464
7916 725964000000 1464
7955 727926000000 1464
7970 730836000000 1464
7997 732156000000 1464
8036 737692000000 1464
8066 739482000000 1464
8081 740466000000 1464
8120 744354000000 1464
8135 745338000000 1464
8186 749712000000 1464
8201 752678000000 1464
8228 753942000000 1464
8258 757332000000 1464
8285 758856000000 1464
8312 762588000000 1464
8351 766140000000 1464
8366 767460000000 1464
8393 768872000000 1464
8435 772374000000 1464
8462 775770000000 1464
8501 779230000000 1464
8516 780642000000 1464
8543 781962000000 1464
8570 785514000000 1464
8609 789246000000 1464
8627 790700000000 1464
8666 794160000000 1464
8681 795144000000 1464
8720 798390000000 1464
8747 802428000000 1464
8774 803748000000 1464
8801 807468000000 1464
8831 808662000000 1464
8846 810410000000 1464
8897 815946000000 1464
8912 817266000000 1464
8951 820176000000 1464
8978 822138000000 1464
8996 823164000000 1464
9047 829464000000 1464
9062 830448000000 1464
9089 831982000000 1464
9116 835320000000 1464
9143 836640000000 1464
9182 841748000000 1464
9212 843966000000 1464
9227 844950000000 1464
9266 848838000000 1464
9281 849822000000 1464
9320 853768000000 1464
9347 857218000000 1464
9377 858468000000 1464
9404 861444000000 1464
9431 863340000000 1464
9458 867072000000 1464
9497 870624000000 1464
9512 871944000000 1464
9539 872928000000 1464
9581 876858000000 1464
9608 880254000000 1464
9647 883286000000 1464
9662 885126000000 1464
9689 886446000000 1464
9716 889998000000 1464
9758 893772000000 1464
9773 894756000000 1464
9812 898644000000 1464
9827 899628000000 1464
9866 902446000000 1464
9893 906996000000 1464
9920 908232000000 1464
9950 912050000000 1464
9977 913146000000 1464
9992 914466000000 1464
10043 920430000000 1464
10058 921750000000 1464
10097 924232000000 1464
10127 926664000000 1464
10142 927648000000 1464
10193 933948000000 1464
10208 934932000000 1464
10235 936252000000 1464
10262 939804000000 1464
10289 941124000000 1464
10331 945846000000 1464
10358 948450000000 1464
10373 949434000000 1464
10412 953322000000 1464
10427 954334000000 1464
10466 958038000000 1464
10493 961786000000 1464
10523 962952000000 1464
10550 965556000000 1464
10577 967824000000 1464
10604 971556000000 1464
10643 975108000000 1464
10670 976428000000 1464
10688 977454000000 1464
10727 981342000000 1464
10754 984738000000 1464
10793 987128000000 1464
10808 989610000000 1464
10835 990930000000 1464
10862 994482000000 1464
10904 998256000000 1464
10919 999240000000 1464
