116 15189000000 1358
266 28623000000 1358
404 42141000000 1358
554 55323000000 1358
701 68799000000 1358
839 82317000000 1358
989 95499000000 1358
1127 107305000000 1358
1262 119925000000 1358
1412 133107000000 1358
1562 146625000000 1358
1700 159919000000 1358
1847 173283000000 1358
1985 186801000000 1358
2135 199769000000 1358
2273 211575000000 1358
2408 224451000000 1358
2558 237591000000 1358
2708 251109000000 1358
2846 264627000000 1358
2996 277809000000 1358
3143 291285000000 1358
3281 304179000000 1358
3419 316059000000 1358
3557 328935000000 1358
3704 342075000000 1358
3854 355593000000 1358
3992 369111000000 1358
4142 382293000000 1358
4289 395769000000 1358
4427 408645000000 1358
4565 420329000000 1358
4715 433419000000 1358
4850 446769000000 1358
5000 460077000000 1358
5138 473595000000 1358
5288 486777000000 1358
5438 500295000000 1358
5573 512915000000 1358
5711 524599000000 1358
5861 537903000000 1358
5999 551421000000 1358
6146 564561000000 1358
6296 578079000000 1358
6434 591485000000 1358
6584 604779000000 1358
6719 617185000000 1358
6857 628869000000 1358
7007 642387000000 1358
7145 655905000000 1358
7292 669045000000 1358
7442 682563000000 1358
7580 696081000000 1358
7730 709263000000 1358
7880 721497000000 1358
8003 733605000000 1358
8153 746871000000 1358
8291 760389000000 1358
8441 773571000000 1358
8588 787047000000 1358
8726 800565000000 1358
8876 813747000000 1358
9026 825981000000 1358
9149 838173000000 1358
9299 851355000000 1358
9449 864873000000 1358
9587 878335000000 1358
9734 891531000000 1358
9872 905049000000 1358
10022 918231000000 1358
10160 930251000000 1358
10295 942699000000 1358
10445 955839000000 1358
10595 969357000000 1358
10733 982875000000 1358
10883 996057000000 1358
