61 9009000000 1450
142 18366000000 1450
214 24264000000 1450
292 32100000000 1450
364 37782000000 1450
445 46078000000 1450
511 51754000000 1450
595 59904000000 1450
664 65760000000 1450
745 73638000000 1450
814 79278000000 1450
895 87546000000 1450
976 93429000000 1450
1057 101064000000 1450
1141 108771000000 1450
1207 115014000000 1450
1288 122850000000 1450
1360 128748000000 1450
1438 137072000000 1450
1510 142574000000 1450
1591 150870000000 1450
1657 156768000000 1450
1741 164388000000 1450
1810 170244000000 1450
1891 178554000000 1450
1972 183762000000 1450
2056 192072000000 1450
2122 198330000000 1450
2203 205548000000 1450
2287 213456000000 1450
2353 219714000000 1450
2437 227460000000 1450
2506 233540000000 1450
2584 241836000000 1450
2656 247086000000 1450
2737 255354000000 1450
2806 261252000000 1450
2887 268872000000 1450
2968 274728000000 1450
3049 283038000000 1450
3118 288246000000 1450
3202 296556000000 1450
3268 303015000000 1450
3349 310032000000 1450
3433 318225000000 1450
3499 324534000000 1450
3583 332196000000 1450
3652 338052000000 1450
3730 346362000000 1450
3802 351570000000 1450
3883 359838000000 1450
3964 365736000000 1450
4045 373356000000 1450
4117 379254000000 1450
4198 387522000000 1450
4264 392730000000 1450
4348 401040000000 1450
4417 407812000000 1450
4498 415110000000 1450
4579 423162000000 1450
4648 429018000000 1450
4729 436896000000 1450
4798 442536000000 1450
4882 450846000000 1450
4960 456486000000 1450
5041 464322000000 1450
5113 470220000000 1450
5191 478272000000 1450
5263 483738000000 1450
5344 492006000000 1450
5410 497758000000 1450
5494 505860000000 1450
5563 512721000000 1450
5644 520026000000 1450
5725 527646000000 1450
5794 533544000000 1450
5875 541812000000 1450
5956 547020000000 1450
6040 555330000000 1450
6106 561186000000 1450
6190 568848000000 1450
6259 574704000000 1450
6337 582972000000 1450
6409 588362000000 1450
6490 596826000000 1450
6559 602724000000 1450
6640 610344000000 1450
6709 617406000000 1450
6790 624510000000 1450
6871 632130000000 1450
6955 638028000000 1450
7033 646296000000 1450
7102 651504000000 1450
7186 659814000000 1450
7252 665670000000 1450
7336 673332000000 1450
7405 679356000000 1450
7483 687834000000 1450
7555 693042000000 1450
7636 701310000000 1450
7705 707208000000 1450
7786 714828000000 1450
7858 722133000000 1450
7948 728994000000 1450
8029 736614000000 1450
8101 742512000000 1450
8179 750780000000 1450
8251 756030000000 1450
8332 764298000000 1450
8401 770322000000 1450
8482 778152000000 1450
8551 784008000000 1450
8635 792318000000 1450
8701 797742000000 1450
8782 805794000000 1450
8854 811692000000 1450
8944 819528000000 1450
9016 826818000000 1450
9097 833478000000 1450
9175 841530000000 1450
9247 846996000000 1450
9328 855264000000 1450
9397 861142000000 1450
9478 869118000000 1450
9547 875016000000 1450
9628 883068000000 1450
9697 888492000000 1450
9781 896802000000 1450
9847 902658000000 1450
9943 910320000000 1450
10012 916377000000 1450
10090 924444000000 1450
10174 931302000000 1450
10243 937962000000 1450
10324 946272000000 1450
10393 951676000000 1450
10474 960084000000 1450
10543 965982000000 1450
10624 973602000000 1450
10696 979500000000 1450
10774 987768000000 1450
10843 992976000000 1450
