62 9439000000 1450
143 18580000000 1450
215 24478000000 1450
293 32530000000 1450
365 37996000000 1450
446 46516000000 1450
512 52240000000 1450
596 60118000000 1450
665 65974000000 1450
746 74068000000 1450
815 79492000000 1450
896 87760000000 1450
977 94060000000 1450
1058 101278000000 1450
1142 109186000000 1450
1208 115444000000 1450
1289 123064000000 1450
1361 128990000000 1450
1439 137510000000 1450
1511 142816000000 1450
1592 151084000000 1450
1658 156982000000 1450
1742 164602000000 1450
1811 170458000000 1450
1892 178768000000 1450
1973 183976000000 1450
2057 192286000000 1450
2123 198745000000 1450
2204 205762000000 1450
2288 213871000000 1450
2354 219984000000 1450
2438 227870000000 1450
2507 233782000000 1450
2585 242050000000 1450
2657 247300000000 1450
2738 255568000000 1450
2807 261466000000 1450
2888 269086000000 1450
2969 274942000000 1450
3050 283252000000 1450
3119 288460000000 1450
3203 296770000000 1450
3269 303430000000 1450
3350 310344000000 1450
3434 318864000000 1450
3500 324748000000 1450
3584 332410000000 1450
3653 338266000000 1450
3731 346576000000 1450
3803 352000000000 1450
3884 360052000000 1450
3965 365950000000 1450
4046 373786000000 1450
4118 379468000000 1450
4199 387736000000 1450
4265 393160000000 1450
4349 401338000000 1450
4418 408451000000 1450
4499 415540000000 1450
4580 423376000000 1450
4649 429232000000 1450
4730 437326000000 1450
4799 442750000000 1450
4883 451060000000 1450
4961 456916000000 1450
5042 464536000000 1450
5114 470434000000 1450
5192 478702000000 1450
5264 483952000000 1450
5345 492304000000 1450
5411 498454000000 1450
5495 506074000000 1450
5564 513136000000 1450
5645 520240000000 1450
5726 527860000000 1450
5795 533758000000 1450
5876 542026000000 1450
5957 547234000000 1450
6041 555544000000 1450
6107 561400000000 1450
6191 569062000000 1450
6260 574918000000 1450
6338 583298000000 1450
6410 588772000000 1450
6491 597040000000 1450
6560 602938000000 1450
6641 610558000000 1450
6710 617821000000 1450
6791 624724000000 1450
6872 632344000000 1450
6956 638242000000 1450
7034 646510000000 1450
7103 651718000000 1450
7187 660028000000 1450
7253 665884000000 1450
7337 673686000000 1450
7406 679738000000 1450
7484 688048000000 1450
7556 693256000000 1450
7637 701524000000 1450
7706 707422000000 1450
7787 715042000000 1450
7859 722548000000 1450
7949 729208000000 1450
8030 737044000000 1450
8102 742726000000 1450
8180 750994000000 1450
8252 756460000000 1450
8333 764652000000 1450
8402 770704000000 1450
8483 778582000000 1450
8552 784222000000 1450
8636 792532000000 1450
8702 798172000000 1450
8783 806008000000 1450
8855 812107000000 1450
8945 819958000000 1450
9017 827233000000 1450
9098 833692000000 1450
9176 841960000000 1450
9248 847210000000 1450
9329 855646000000 1450
9398 861712000000 1450
9479 869332000000 1450
9548 875230000000 1450
9629 883498000000 1450
9698 888706000000 1450
9782 897016000000 1450
9848 902872000000 1450
9944 910534000000 1450
10013 916792000000 1450
10091 924658000000 1450
10175 931918000000 1450
10244 938176000000 1450
10325 946654000000 1450
10394 952030000000 1450
10475 960298000000 1450
10544 966196000000 1450
10625 973816000000 1450
10697 979714000000 1450
10775 987982000000 1450
10844 993190000000 1450
