1 1793000000 160
16 3500000000 160
28 5207000000 160
43 6914000000 160
70 10466000000 160
82 10802000000 160
97 12035000000 160
124 14864000000 160
148 19175000000 160
166 20201000000 160
181 21185000000 160
193 21521000000 160
220 24859000000 160
235 26057000000 160
247 26393000000 160
274 29588000000 160
301 32913000000 160
313 33677000000 160
328 34661000000 160
346 35429000000 160
370 37949000000 160
385 39575000000 160
412 40328000000 160
424 43307000000 160
451 46003000000 160
466 47411000000 160
478 48179000000 160
493 49163000000 160
520 50783000000 160
535 53093000000 160
562 55484000000 160
574 56825000000 160
601 58879000000 160
616 61361000000 160
628 61697000000 160
643 62681000000 160
670 64521000000 160
682 66569000000 160
709 69965000000 160
727 70991000000 160
751 71969000000 160
766 74879000000 160
781 75863000000 160
793 76199000000 160
820 77611000000 160
847 81137000000 160
859 83483000000 160
874 84467000000 160
901 85449000000 160
916 88397000000 160
931 89381000000 160
946 90149000000 160
958 90701000000 160
997 95861000000 160
1012 97217000000 160
1024 97985000000 160
1039 98969000000 160
1066 101873000000 160
1078 102857000000 160
1096 103883000000 160
1108 104219000000 160
1147 110183000000 160
1162 111167000000 160
1174 111503000000 160
1189 112487000000 160
1216 115825000000 160
1228 116375000000 160
1243 117359000000 160
1270 119147000000 160
1297 123273000000 160
1312 124685000000 160
1327 125669000000 160
1339 126005000000 160
1366 128915000000 160
1381 130541000000 160
1393 130877000000 160
1420 133670000000 160
1447 136755000000 160
1459 138161000000 160
1477 139187000000 160
1492 139955000000 160
1516 141791000000 160
1531 144059000000 160
1546 144611000000 160
1570 147791000000 160
1597 149845000000 160
1612 151679000000 160
1624 152663000000 160
1639 153647000000 160
1666 154881000000 160
1681 157577000000 160
1708 159566000000 160
1720 161309000000 160
1747 162935000000 160
1762 165845000000 160
1774 166181000000 160
1789 167165000000 160
1816 168577000000 160
1828 171053000000 160
1858 174290000000 160
1873 175475000000 160
1897 176025000000 160
1912 179363000000 160
1927 180347000000 160
1939 180683000000 160
1954 181667000000 160
1993 185420000000 160
2005 187967000000 160
2020 188951000000 160
2038 189719000000 160
2062 192881000000 160
2077 193865000000 160
2092 194417000000 160
2104 195185000000 160
2143 200144000000 160
2158 201701000000 160
2170 202469000000 160
2185 203453000000 160
2212 206143000000 160
2227 207383000000 160
2242 208367000000 160
2254 208703000000 160
2293 214239000000 160
2308 215651000000 160
2320 215987000000 160
2335 216971000000 160
2362 219667000000 160
2374 220859000000 160
2389 221843000000 160
2419 223271000000 160
2443 227115000000 160
2458 229169000000 160
2473 230153000000 160
2485 230489000000 160
2512 232757000000 160
2527 235025000000 160
2539 235361000000 160
2566 237953000000 160
2593 240595000000 160
2608 242687000000 160
2623 243671000000 160
2638 244439000000 160
2662 245847000000 160
2677 248543000000 160
2692 249095000000 160
2716 252275000000 160
2743 253901000000 160
2758 256163000000 160
2770 257147000000 160
2788 258173000000 160
2812 258937000000 160
2827 262061000000 160
2854 263849000000 160
2866 265793000000 160
2893 266991000000 160
2908 270329000000 160
2920 270665000000 160
2935 271649000000 160
2950 272633000000 160
2977 275579000000 160
3004 278372000000 160
3019 279959000000 160
3031 280295000000 160
3058 283847000000 160
3073 284831000000 160
3085 285167000000 160
3100 286151000000 160
3127 289703000000 160
3151 292451000000 160
3169 293477000000 160
3184 294245000000 160
3208 297151000000 160
3223 298349000000 160
3238 298901000000 160
3250 299669000000 160
3289 303798000000 160
3304 305969000000 160
3316 306953000000 160
3331 307937000000 160
3358 310027000000 160
3373 311867000000 160
3388 312851000000 160
3400 313187000000 160
3439 317880000000 160
3454 320135000000 160
3466 320471000000 160
3481 321455000000 160
3508 323723000000 160
3520 325343000000 160
3538 326369000000 160
3565 327554000000 160
3589 331171000000 160
3604 333653000000 160
3619 334637000000 160
3631 334973000000 160
3658 336813000000 160
3673 339509000000 160
3685 339845000000 160
3712 342035000000 160
3742 344651000000 160
3754 347171000000 160
3769 348155000000 160
3784 348707000000 160
3808 349903000000 160
3823 353027000000 160
3838 353579000000 160
3862 356759000000 160
3889 357957000000 160
3904 360647000000 160
3919 361673000000 160
3934 362657000000 160
3946 362993000000 160
3973 366545000000 160
4000 367931000000 160
4012 370277000000 160
4027 371261000000 160
4054 374813000000 160
4066 375149000000 160
4081 376133000000 160
4099 377159000000 160
4123 380063000000 160
4150 382655000000 160
4165 384443000000 160
4177 384779000000 160
4204 388117000000 160
4219 389315000000 160
4231 389651000000 160
4246 390635000000 160
4273 393329000000 160
4300 396977000000 160
4315 397961000000 160
4330 398729000000 160
4354 400993000000 160
4369 402833000000 160
4384 403385000000 160
4396 404153000000 160
4435 407238000000 160
4450 410453000000 160
4462 411437000000 160
4480 412463000000 160
4504 414083000000 160
4519 416351000000 160
4534 417335000000 160
4546 417671000000 160
4585 421534000000 160
4600 424619000000 160
4612 424955000000 160
4627 425939000000 160
4654 427779000000 160
4669 429869000000 160
4684 430853000000 160
4699 431837000000 160
4735 435227000000 160
4750 438137000000 160
4765 439121000000 160
4777 439457000000 160
4804 440869000000 160
4819 443993000000 160
4831 444329000000 160
4861 446360000000 160
4888 448535000000 160
4900 451655000000 160
4915 452639000000 160
4930 453191000000 160
4942 453959000000 160
4969 457511000000 160
4984 457847000000 160
5008 460841000000 160
5023 462227000000 160
5050 465173000000 160
5065 466157000000 160
5080 467141000000 160
5092 467477000000 160
5119 471029000000 160
5146 472214000000 160
5158 474761000000 160
5173 475745000000 160
5200 478869000000 160
5212 479633000000 160
5230 480659000000 160
5245 481643000000 160
5269 483905000000 160
5296 486737000000 160
5311 488927000000 160
5323 489263000000 160
5350 491959000000 160
5365 493799000000 160
5377 494135000000 160
5392 495119000000 160
5422 497385000000 160
5446 501461000000 160
5461 502445000000 160
5476 502997000000 160
5500 505049000000 160
5515 507317000000 160
5530 507869000000 160
5542 508637000000 160
5581 511093000000 160
5596 514937000000 160
5611 515963000000 160
5626 516947000000 160
5650 518139000000 160
5665 520835000000 160
5680 521819000000 160
5692 522155000000 160
5731 525389000000 160
5746 529103000000 160
5758 529439000000 160
5773 530423000000 160
5803 531877000000 160
5815 534353000000 160
5830 535337000000 160
5845 536321000000 160
5881 539069000000 160
5896 542621000000 160
5911 543605000000 160
5923 543941000000 160
5938 544925000000 160
5965 548261000000 160
5980 548855000000 160
6007 550442000000 160
6022 553019000000 160
6046 556139000000 160
6061 557123000000 160
6076 557675000000 160
6088 558443000000 160
6115 561995000000 160
6130 562331000000 160
6154 565124000000 160
6172 566753000000 160
6196 569229000000 160
6211 570641000000 160
6226 571625000000 160
6238 571961000000 160
6265 574871000000 160
6280 576497000000 160
6304 579245000000 160
6319 580229000000 160
6346 582925000000 160
6361 584159000000 160
6376 585143000000 160
6391 586127000000 160
6415 587961000000 160
6442 591020000000 160
6457 593411000000 160
6469 593747000000 160
6496 596015000000 160
6511 598067000000 160
6523 598619000000 160
6541 599645000000 160
6568 601483000000 160
6592 605543000000 160
6607 606929000000 160
6622 607481000000 160
6646 609105000000 160
6661 611801000000 160
6676 612137000000 160
6688 613121000000 160
6727 614747000000 160
6742 619463000000 160
6757 620447000000 160
6772 621431000000 160
6796 621981000000 160
6811 625319000000 160
6826 626303000000 160
6838 626639000000 160
6877 628829000000 160
6892 633587000000 160
6904 633923000000 160
6922 634949000000 160
6937 635933000000 160
6961 638837000000 160
6976 639821000000 160
6991 640805000000 160
7015 643553000000 160
7042 647105000000 160
7057 648089000000 160
7069 648425000000 160
7084 649409000000 160
7114 652531000000 160
7126 653339000000 160
7153 654725000000 160
7168 657287000000 160
7192 660195000000 160
7207 661607000000 160
7222 662159000000 160
7234 662927000000 160
7261 665837000000 160
7276 666815000000 160
7303 669248000000 160
7318 671237000000 160
7342 673285000000 160
7357 675125000000 160
7372 676109000000 160
7384 676445000000 160
7411 678927000000 160
7426 680981000000 160
7450 683729000000 160
7465 684713000000 160
7495 687023000000 160
7507 688643000000 160
7522 689627000000 160
7537 690611000000 160
7561 692017000000 160
7588 695102000000 160
7603 697895000000 160
7615 698231000000 160
7642 700071000000 160
7657 702551000000 160
7672 703145000000 160
7687 704129000000 160
7714 705323000000 160
7738 709826000000 160
7753 711413000000 160
7768 711965000000 160
7792 712947000000 160
7807 716285000000 160
7822 716621000000 160
7834 717605000000 160
7864 718631000000 160
7888 723947000000 160
7903 724931000000 160
7918 725915000000 160
7930 726251000000 160
7957 729803000000 160
7972 730787000000 160
7984 731123000000 160
8011 732911000000 160
8038 738071000000 160
8053 738449000000 160
8068 739433000000 160
8083 740417000000 160
8107 743107000000 160
8122 744305000000 160
8137 745289000000 160
8161 747635000000 160
8188 751161000000 160
8203 752357000000 160
8215 752909000000 160
8233 753935000000 160
8260 756629000000 160
8272 757823000000 160
8299 758807000000 160
8314 761771000000 160
8338 764251000000 160
8353 766091000000 160
8368 766427000000 160
8380 767411000000 160
8407 769893000000 160
8422 771341000000 160
8449 773531000000 160
8464 775721000000 160
8488 777341000000 160
8503 779609000000 160
8518 780593000000 160
8530 780929000000 160
8557 782983000000 160
8572 785465000000 160
8596 788012000000 160
8614 789239000000 160
8641 791079000000 160
8653 793127000000 160
8668 794111000000 160
8683 795095000000 160
8707 795859000000 160
8734 799385000000 160
8749 802379000000 160
8761 802715000000 160
8788 803913000000 160
8806 807035000000 160
8818 807629000000 160
8833 808613000000 160
8860 809165000000 160
8884 813908000000 160
8899 815897000000 160
8914 816233000000 160
8926 817217000000 160
8953 820769000000 160
8965 821105000000 160
8983 822131000000 160
8998 823115000000 160
9034 828431000000 160
9049 829415000000 160
9064 830399000000 160
9076 830735000000 160
9103 834073000000 160
9118 835271000000 160
9130 835607000000 160
9157 837194000000 160
9187 842169000000 160
9199 842933000000 160
9214 843917000000 160
9229 844901000000 160
9253 847163000000 160
9268 848789000000 160
9283 849773000000 160
9307 851918000000 160
9334 855217000000 160
9349 856841000000 160
9364 857435000000 160
9379 858419000000 160
9406 860469000000 160
9418 862307000000 160
9433 863291000000 160
9460 866255000000 160
9484 868307000000 160
9499 870575000000 160
9514 870911000000 160
9526 871895000000 160
9556 873991000000 160
9568 875825000000 160
9595 877613000000 160
9610 880205000000 160
9634 881183000000 160
9649 884093000000 160
9664 885077000000 160
9676 885413000000 160
9703 886825000000 160
9718 889949000000 160
9745 892337000000 160
9760 893723000000 160
9787 894921000000 160
9799 897611000000 160
9814 898595000000 160
9829 899579000000 160
9853 899915000000 160
9880 903467000000 160
9895 906647000000 160
9907 907199000000 160
9925 908225000000 160
9952 911561000000 160
9964 912113000000 160
9979 913097000000 160
9994 913649000000 160
10030 918191000000 160
10045 920381000000 160
10060 920717000000 160
10072 921701000000 160
10099 925039000000 160
10114 925631000000 160
10129 926615000000 160
10144 927599000000 160
10180 932286000000 160
10195 933899000000 160
10210 934883000000 160
10222 935219000000 160
10249 938129000000 160
10264 939755000000 160
10276 940091000000 160
10306 941318000000 160
10333 946225000000 160
10345 947417000000 160
10360 948401000000 160
10375 949385000000 160
10399 951219000000 160
10414 953273000000 160
10429 954257000000 160
10453 956000000000 160
10480 959273000000 160
10498 961325000000 160
10510 961919000000 160
10525 962903000000 160
10552 964525000000 160
10564 966791000000 160
10579 967775000000 160
10606 970523000000 160
10630 972149000000 160
10645 975059000000 160
10657 975395000000 160
10675 976421000000 160
10702 977833000000 160
10714 980309000000 160
10741 981896000000 160
10756 984689000000 160
10780 985239000000 160
10795 988577000000 160
10810 989561000000 160
10822 989897000000 160
10849 990881000000 160
10867 994475000000 160
10891 996419000000 160
10906 998207000000 160
10921 999191000000 160
