164 20232000000 64
344 35830000000 64
533 53058000000 64
725 71022000000 64
914 88334000000 64
1094 103914000000 64
1295 122996000000 64
1475 139218000000 64
1664 154818000000 64
1856 174026000000 64
2036 190148000000 64
2225 207414000000 64
2417 223208000000 64
2606 242624000000 64
2786 258204000000 64
2975 275516000000 64
3167 293508000000 64
3356 309964000000 64
3536 326400000000 64
3740 345080000000 64
3917 361704000000 64
4097 377190000000 64
4298 396914000000 64
4478 412494000000 64
4667 429806000000 64
4859 446096000000 64
5048 465110000000 64
5228 480690000000 64
5420 498028000000 64
5609 515994000000 64
5801 531600000000 64
5978 548792000000 64
6170 566784000000 64
6359 584096000000 64
6539 599676000000 64
6740 619400000000 64
6920 634980000000 64
7112 653202000000 64
7301 668984000000 64
7493 686746000000 64
7670 703082000000 64
7850 718662000000 64
8051 738386000000 64
8231 753966000000 64
8420 771278000000 64
8612 789270000000 64
8804 807492000000 64
8981 822162000000 64
9185 841892000000 64
9362 857372000000 64
9554 873500000000 64
9743 891872000000 64
9923 908256000000 64
10112 925568000000 64
10304 941148000000 64
10496 961810000000 64
10673 976452000000 64
10865 994506000000 64
