13 2604000000 1464
40 5208000000 1464
67 7812000000 1464
94 10416000000 1464
109 13020000000 1464
160 15624000000 1464
178 18228000000 1464
205 20832000000 1464
232 23436000000 1464
259 26040000000 1464
298 28644000000 1464
325 31248000000 1464
340 33852000000 1464
382 36456000000 1464
397 39060000000 1464
436 41664000000 1464
463 44268000000 1464
490 46872000000 1464
517 49476000000 1464
547 52080000000 1464
586 54684000000 1464
613 57288000000 1464
640 59892000000 1464
655 62496000000 1464
694 65100000000 1464
721 67704000000 1464
763 70308000000 1464
778 72912000000 1464
805 75516000000 1464
832 78120000000 1464
871 80724000000 1464
886 83328000000 1464
928 85932000000 1464
943 88536000000 1464
982 91140000000 1464
1009 93744000000 1464
1036 96348000000 1464
1063 98952000000 1464
1090 101556000000 1464
1120 104160000000 1464
1159 106764000000 1464
1186 109368000000 1464
1213 111972000000 1464
1240 114576000000 1464
1255 117180000000 1464
1309 119784000000 1464
1324 122388000000 1464
1351 124992000000 1464
1378 127596000000 1464
1405 130200000000 1464
1444 132804000000 1464
1471 135408000000 1464
1489 138012000000 1464
1528 140616000000 1464
1543 143220000000 1464
1582 145824000000 1464
1609 148428000000 1464
1636 151032000000 1464
1678 153636000000 1464
1693 156240000000 1464
1732 158844000000 1464
1759 161448000000 1464
1786 164052000000 1464
1801 166656000000 1464
1840 169260000000 1464
1870 171864000000 1464
1909 174468000000 1464
1924 177072000000 1464
1951 179676000000 1464
1978 182280000000 1464
2017 184884000000 1464
2032 187488000000 1464
2074 190092000000 1464
2089 192696000000 1464
2128 195300000000 1464
2155 197904000000 1464
2182 200508000000 1464
2209 203112000000 1464
2239 205716000000 1464
2266 208320000000 1464
2305 210924000000 1464
2332 213528000000 1464
2359 216132000000 1464
2386 218736000000 1464
2401 221340000000 1464
2455 223944000000 1464
2470 226548000000 1464
2497 229152000000 1464
2524 231756000000 1464
2551 234360000000 1464
2590 236964000000 1464
2620 239568000000 1464
2635 242172000000 1464
2674 244776000000 1464
2689 247380000000 1464
2728 249984000000 1464
2755 252588000000 1464
2782 255192000000 1464
2824 257796000000 1464
2839 260400000000 1464
2878 263004000000 1464
2905 265608000000 1464
2932 268212000000 1464
2947 270816000000 1464
2989 273420000000 1464
3016 276024000000 1464
3055 278628000000 1464
3070 281232000000 1464
3097 283836000000 1464
3124 286440000000 1464
3163 289044000000 1464
3181 291648000000 1464
3220 294252000000 1464
3235 296856000000 1464
3274 299460000000 1464
3301 302064000000 1464
3328 304668000000 1464
3370 307272000000 1464
3385 309876000000 1464
3412 312480000000 1464
3451 315084000000 1464
3478 317688000000 1464
3505 320292000000 1464
3532 322896000000 1464
3550 325500000000 1464
3601 328104000000 1464
3616 330708000000 1464
3643 333312000000 1464
3670 335916000000 1464
3697 338520000000 1464
3736 341124000000 1464
3766 343728000000 1464
3781 346332000000 1464
3820 348936000000 1464
3835 351540000000 1464
3874 354144000000 1464
3901 356748000000 1464
3931 359352000000 1464
3970 361956000000 1464
3985 364560000000 1464
4024 367164000000 1464
4051 369768000000 1464
4078 372372000000 1464
4093 374976000000 1464
4135 377580000000 1464
4162 380184000000 1464
4189 382788000000 1464
4216 385392000000 1464
4243 387996000000 1464
4270 390600000000 1464
4312 393204000000 1464
4327 395808000000 1464
4366 398412000000 1464
4381 401016000000 1464
4408 403620000000 1464
4447 406224000000 1464
4474 408828000000 1464
4516 411432000000 1464
4531 414036000000 1464
4558 416640000000 1464
4597 419244000000 1464
4624 421848000000 1464
4639 424452000000 1464
4681 427056000000 1464
4696 429660000000 1464
4747 432264000000 1464
4762 434868000000 1464
4789 437472000000 1464
4816 440076000000 1464
4843 442680000000 1464
4873 445284000000 1464
4912 447888000000 1464
4927 450492000000 1464
4966 453096000000 1464
4981 455700000000 1464
5020 458304000000 1464
5062 460908000000 1464
5077 463512000000 1464
5104 466116000000 1464
5131 468720000000 1464
5170 471324000000 1464
5197 473928000000 1464
5224 476532000000 1464
5242 479136000000 1464
5281 481740000000 1464
5308 484344000000 1464
5335 486948000000 1464
5362 489552000000 1464
5389 492156000000 1464
5416 494760000000 1464
5458 497364000000 1464
5473 499968000000 1464
5512 502572000000 1464
5527 505176000000 1464
5554 507780000000 1464
5593 510384000000 1464
5623 512988000000 1464
5662 515592000000 1464
5677 518196000000 1464
5704 520800000000 1464
5743 523404000000 1464
5770 526008000000 1464
5785 528612000000 1464
5827 531216000000 1464
5842 533820000000 1464
5893 536424000000 1464
5908 539028000000 1464
5935 541632000000 1464
5962 544236000000 1464
5992 546840000000 1464
6019 549444000000 1464
6058 552048000000 1464
6073 554652000000 1464
6112 557256000000 1464
6127 559860000000 1464
6166 562464000000 1464
6208 565068000000 1464
6223 567672000000 1464
6250 570276000000 1464
6277 572880000000 1464
6316 575484000000 1464
6343 578088000000 1464
6373 580692000000 1464
6388 583296000000 1464
6427 585900000000 1464
6454 588504000000 1464
6481 591108000000 1464
6508 593712000000 1464
6535 596316000000 1464
6565 598920000000 1464
6604 601524000000 1464
6619 604128000000 1464
6658 606732000000 1464
6673 609336000000 1464
6700 611940000000 1464
6754 614544000000 1464
6769 617148000000 1464
6808 619752000000 1464
6823 622356000000 1464
6850 624960000000 1464
6889 627564000000 1464
6916 630168000000 1464
6934 632772000000 1464
6973 635376000000 1464
6988 637980000000 1464
7039 640584000000 1464
7054 643188000000 1464
7081 645792000000 1464
7108 648396000000 1464
7138 651000000000 1464
7165 653604000000 1464
7204 656208000000 1464
7219 658812000000 1464
7258 661416000000 1464
7273 664020000000 1464
7315 666624000000 1464
7354 669228000000 1464
7369 671832000000 1464
7396 674436000000 1464
7423 677040000000 1464
7462 679644000000 1464
7489 682248000000 1464
7519 684852000000 1464
7534 687456000000 1464
7573 690060000000 1464
7600 692664000000 1464
7627 695268000000 1464
7654 697872000000 1464
7684 700476000000 1464
7711 703080000000 1464
7750 705684000000 1464
7765 708288000000 1464
7804 710892000000 1464
7819 713496000000 1464
7846 716100000000 1464
7900 718704000000 1464
7915 721308000000 1464
7954 723912000000 1464
7969 726516000000 1464
7996 729120000000 1464
8035 731724000000 1464
8065 734328000000 1464
8080 736932000000 1464
8119 739536000000 1464
8134 742140000000 1464
8185 744744000000 1464
8200 747348000000 1464
8227 749952000000 1464
8257 752556000000 1464
8284 755160000000 1464
8311 757764000000 1464
8350 760368000000 1464
8365 762972000000 1464
8392 765576000000 1464
8434 768180000000 1464
8461 770784000000 1464
8500 773388000000 1464
8515 775992000000 1464
8542 778596000000 1464
8569 781200000000 1464
8608 783804000000 1464
8626 786408000000 1464
8665 789012000000 1464
8680 791616000000 1464
8719 794220000000 1464
8746 796824000000 1464
8773 799428000000 1464
8800 802032000000 1464
8830 804636000000 1464
8845 807240000000 1464
8896 809844000000 1464
8911 812448000000 1464
8950 815052000000 1464
8977 817656000000 1464
8995 820260000000 1464
9046 822864000000 1464
9061 825468000000 1464
9088 828072000000 1464
9115 830676000000 1464
9142 833280000000 1464
9181 835884000000 1464
9211 838488000000 1464
9226 841092000000 1464
9265 843696000000 1464
9280 846300000000 1464
9319 848904000000 1464
9346 851508000000 1464
9376 854112000000 1464
9403 856716000000 1464
9430 859320000000 1464
9457 861924000000 1464
9496 864528000000 1464
9511 867132000000 1464
9538 869736000000 1464
9580 872340000000 1464
9607 874944000000 1464
9646 877548000000 1464
9661 880152000000 1464
9688 882756000000 1464
9715 885360000000 1464
9757 887964000000 1464
9772 890568000000 1464
9811 893172000000 1464
9826 895776000000 1464
9865 898380000000 1464
9892 900984000000 1464
9919 903588000000 1464
9949 906192000000 1464
9976 908796000000 1464
9991 911400000000 1464
10042 914004000000 1464
10057 916608000000 1464
10096 919212000000 1464
10126 921816000000 1464
10141 924420000000 1464
10192 927024000000 1464
10207 929628000000 1464
10234 932232000000 1464
10261 934836000000 1464
10288 937440000000 1464
10330 940044000000 1464
10357 942648000000 1464
10372 945252000000 1464
10411 947856000000 1464
10426 950460000000 1464
10465 953064000000 1464
10492 955668000000 1464
10522 958272000000 1464
10549 960876000000 1464
10576 963480000000 1464
10603 966084000000 1464
10642 968688000000 1464
10669 971292000000 1464
10687 973896000000 1464
10726 976500000000 1464
10753 979104000000 1464
10792 981708000000 1464
10807 984312000000 1464
10834 986916000000 1464
10861 989520000000 1464
10903 992124000000 1464
10918 994728000000 1464
10957 997332000000 1464
10972 999936000000 1464
