61 6960000000 1450
142 13920000000 1450
214 20880000000 1450
292 27840000000 1450
364 34800000000 1450
445 41760000000 1450
511 48720000000 1450
595 55680000000 1450
664 62640000000 1450
745 69600000000 1450
814 76560000000 1450
895 83520000000 1450
976 90480000000 1450
1057 97440000000 1450
1141 104400000000 1450
1207 111360000000 1450
1288 118320000000 1450
1360 125280000000 1450
1438 132240000000 1450
1510 139200000000 1450
1591 146160000000 1450
1657 153120000000 1450
1741 160080000000 1450
1810 167040000000 1450
1891 174000000000 1450
1972 180960000000 1450
2056 187920000000 1450
2122 194880000000 1450
2203 201840000000 1450
2287 208800000000 1450
2353 215760000000 1450
2437 222720000000 1450
2506 229680000000 1450
2584 236640000000 1450
2656 243600000000 1450
2737 250560000000 1450
2806 257520000000 1450
2887 264480000000 1450
2968 271440000000 1450
3049 278400000000 1450
3118 285360000000 1450
3202 292320000000 1450
3268 299280000000 1450
3349 306240000000 1450
3433 313200000000 1450
3499 320160000000 1450
3583 327120000000 1450
3652 334080000000 1450
3730 341040000000 1450
3802 348000000000 1450
3883 354960000000 1450
3964 361920000000 1450
4045 368880000000 1450
4117 375840000000 1450
4198 382800000000 1450
4264 389760000000 1450
4348 396720000000 1450
4417 403680000000 1450
4498 410640000000 1450
4579 417600000000 1450
4648 424560000000 1450
4729 431520000000 1450
4798 438480000000 1450
4882 445440000000 1450
4960 452400000000 1450
5041 459360000000 1450
5113 466320000000 1450
5191 473280000000 1450
5263 480240000000 1450
5344 487200000000 1450
5410 494160000000 1450
5494 501120000000 1450
5563 508080000000 1450
5644 515040000000 1450
5725 522000000000 1450
5794 528960000000 1450
5875 535920000000 1450
5956 542880000000 1450
6040 549840000000 1450
6106 556800000000 1450
6190 563760000000 1450
6259 570720000000 1450
6337 577680000000 1450
6409 584640000000 1450
6490 591600000000 1450
6559 598560000000 1450
6640 605520000000 1450
6709 612480000000 1450
6790 619440000000 1450
6871 626400000000 1450
6955 633360000000 1450
7033 640320000000 1450
7102 647280000000 1450
7186 654240000000 1450
7252 661200000000 1450
7336 668160000000 1450
7405 675120000000 1450
7483 682080000000 1450
7555 689040000000 1450
7636 696000000000 1450
7705 702960000000 1450
7786 709920000000 1450
7858 716880000000 1450
7948 723840000000 1450
8029 730800000000 1450
8101 737760000000 1450
8179 744720000000 1450
8251 751680000000 1450
8332 758640000000 1450
8401 765600000000 1450
8482 772560000000 1450
8551 779520000000 1450
8635 786480000000 1450
8701 793440000000 1450
8782 800400000000 1450
8854 807360000000 1450
8944 814320000000 1450
9016 821280000000 1450
9097 828240000000 1450
9175 835200000000 1450
9247 842160000000 1450
9328 849120000000 1450
9397 856080000000 1450
9478 863040000000 1450
9547 870000000000 1450
9628 876960000000 1450
9697 883920000000 1450
9781 890880000000 1450
9847 897840000000 1450
9943 904800000000 1450
10012 911760000000 1450
10090 918720000000 1450
10174 925680000000 1450
10243 932640000000 1450
10324 939600000000 1450
10393 946560000000 1450
10474 953520000000 1450
10543 960480000000 1450
10624 967440000000 1450
10696 974400000000 1450
10774 981360000000 1450
10843 988320000000 1450
10939 995280000000 1450
