112 13037000000 1358
262 26074000000 1358
400 39111000000 1358
550 52148000000 1358
697 65185000000 1358
835 78222000000 1358
985 91259000000 1358
1123 104296000000 1358
1258 117333000000 1358
1408 130370000000 1358
1558 143407000000 1358
1696 156444000000 1358
1843 169481000000 1358
1981 182518000000 1358
2131 195555000000 1358
2269 208592000000 1358
2404 221629000000 1358
2554 234666000000 1358
2704 247703000000 1358
2842 260740000000 1358
2992 273777000000 1358
3139 286814000000 1358
3277 299851000000 1358
3415 312888000000 1358
3553 325925000000 1358
3700 338962000000 1358
3850 351999000000 1358
3988 365036000000 1358
4138 378073000000 1358
4285 391110000000 1358
4423 404147000000 1358
4561 417184000000 1358
4711 430221000000 1358
4846 443258000000 1358
4996 456295000000 1358
5134 469332000000 1358
5284 482369000000 1358
5434 495406000000 1358
5569 508443000000 1358
5707 521480000000 1358
5857 534517000000 1358
5995 547554000000 1358
6142 560591000000 1358
6292 573628000000 1358
6430 586665000000 1358
6580 599702000000 1358
6715 612739000000 1358
6853 625776000000 1358
7003 638813000000 1358
7141 651850000000 1358
7288 664887000000 1358
7438 677924000000 1358
7576 690961000000 1358
7726 703998000000 1358
7876 717035000000 1358
7999 730072000000 1358
8149 743109000000 1358
8287 756146000000 1358
8437 769183000000 1358
8584 782220000000 1358
8722 795257000000 1358
8872 808294000000 1358
9022 821331000000 1358
9145 834368000000 1358
9295 847405000000 1358
9445 860442000000 1358
9583 873479000000 1358
9730 886516000000 1358
9868 899553000000 1358
10018 912590000000 1358
10156 925627000000 1358
10291 938664000000 1358
10441 951701000000 1358
10591 964738000000 1358
10729 977775000000 1358
10879 990812000000 1358
