1 1707000000 160
16 3414000000 160
28 5121000000 160
43 6828000000 160
70 8535000000 160
82 10242000000 160
97 11949000000 160
124 13656000000 160
148 15363000000 160
166 17070000000 160
181 18777000000 160
193 20484000000 160
220 22191000000 160
235 23898000000 160
247 25605000000 160
274 27312000000 160
301 29019000000 160
313 30726000000 160
328 32433000000 160
346 34140000000 160
370 35847000000 160
385 37554000000 160
412 39261000000 160
424 40968000000 160
451 42675000000 160
466 44382000000 160
478 46089000000 160
493 47796000000 160
520 49503000000 160
535 51210000000 160
562 52917000000 160
574 54624000000 160
601 56331000000 160
616 58038000000 160
628 59745000000 160
643 61452000000 160
670 63159000000 160
682 64866000000 160
709 66573000000 160
727 68280000000 160
751 69987000000 160
766 71694000000 160
781 73401000000 160
793 75108000000 160
820 76815000000 160
847 78522000000 160
859 80229000000 160
874 81936000000 160
901 83643000000 160
916 85350000000 160
931 87057000000 160
946 88764000000 160
958 90471000000 160
997 92178000000 160
1012 93885000000 160
1024 95592000000 160
1039 97299000000 160
1066 99006000000 160
1078 100713000000 160
1096 102420000000 160
1108 104127000000 160
1147 105834000000 160
1162 107541000000 160
1174 109248000000 160
1189 110955000000 160
1216 112662000000 160
1228 114369000000 160
1243 116076000000 160
1270 117783000000 160
1297 119490000000 160
1312 121197000000 160
1327 122904000000 160
1339 124611000000 160
1366 126318000000 160
1381 128025000000 160
1393 129732000000 160
1420 131439000000 160
1447 133146000000 160
1459 134853000000 160
1477 136560000000 160
1492 138267000000 160
1516 139974000000 160
1531 141681000000 160
1546 143388000000 160
1570 145095000000 160
1597 146802000000 160
1612 148509000000 160
1624 150216000000 160
1639 151923000000 160
1666 153630000000 160
1681 155337000000 160
1708 157044000000 160
1720 158751000000 160
1747 160458000000 160
1762 162165000000 160
1774 163872000000 160
1789 165579000000 160
1816 167286000000 160
1828 168993000000 160
1858 170700000000 160
1873 172407000000 160
1897 174114000000 160
1912 175821000000 160
1927 177528000000 160
1939 179235000000 160
1954 180942000000 160
1993 182649000000 160
2005 184356000000 160
2020 186063000000 160
2038 187770000000 160
2062 189477000000 160
2077 191184000000 160
2092 192891000000 160
2104 194598000000 160
2143 196305000000 160
2158 198012000000 160
2170 199719000000 160
2185 201426000000 160
2212 203133000000 160
2227 204840000000 160
2242 206547000000 160
2254 208254000000 160
2293 209961000000 160
2308 211668000000 160
2320 213375000000 160
2335 215082000000 160
2362 216789000000 160
2374 218496000000 160
2389 220203000000 160
2419 221910000000 160
2443 223617000000 160
2458 225324000000 160
2473 227031000000 160
2485 228738000000 160
2512 230445000000 160
2527 232152000000 160
2539 233859000000 160
2566 235566000000 160
2593 237273000000 160
2608 238980000000 160
2623 240687000000 160
2638 242394000000 160
2662 244101000000 160
2677 245808000000 160
2692 247515000000 160
2716 249222000000 160
2743 250929000000 160
2758 252636000000 160
2770 254343000000 160
2788 256050000000 160
2812 257757000000 160
2827 259464000000 160
2854 261171000000 160
2866 262878000000 160
2893 264585000000 160
2908 266292000000 160
2920 267999000000 160
2935 269706000000 160
2950 271413000000 160
2977 273120000000 160
3004 274827000000 160
3019 276534000000 160
3031 278241000000 160
3058 279948000000 160
3073 281655000000 160
3085 283362000000 160
3100 285069000000 160
3127 286776000000 160
3151 288483000000 160
3169 290190000000 160
3184 291897000000 160
3208 293604000000 160
3223 295311000000 160
3238 297018000000 160
3250 298725000000 160
3289 300432000000 160
3304 302139000000 160
3316 303846000000 160
3331 305553000000 160
3358 307260000000 160
3373 308967000000 160
3388 310674000000 160
3400 312381000000 160
3439 314088000000 160
3454 315795000000 160
3466 317502000000 160
3481 319209000000 160
3508 320916000000 160
3520 322623000000 160
3538 324330000000 160
3565 326037000000 160
3589 327744000000 160
3604 329451000000 160
3619 331158000000 160
3631 332865000000 160
3658 334572000000 160
3673 336279000000 160
3685 337986000000 160
3712 339693000000 160
3742 341400000000 160
3754 343107000000 160
3769 344814000000 160
3784 346521000000 160
3808 348228000000 160
3823 349935000000 160
3838 351642000000 160
3862 353349000000 160
3889 355056000000 160
3904 356763000000 160
3919 358470000000 160
3934 360177000000 160
3946 361884000000 160
3973 363591000000 160
4000 365298000000 160
4012 367005000000 160
4027 368712000000 160
4054 370419000000 160
4066 372126000000 160
4081 373833000000 160
4099 375540000000 160
4123 377247000000 160
4150 378954000000 160
4165 380661000000 160
4177 382368000000 160
4204 384075000000 160
4219 385782000000 160
4231 387489000000 160
4246 389196000000 160
4273 390903000000 160
4300 392610000000 160
4315 394317000000 160
4330 396024000000 160
4354 397731000000 160
4369 399438000000 160
4384 401145000000 160
4396 402852000000 160
4435 404559000000 160
4450 406266000000 160
4462 407973000000 160
4480 409680000000 160
4504 411387000000 160
4519 413094000000 160
4534 414801000000 160
4546 416508000000 160
4585 418215000000 160
4600 419922000000 160
4612 421629000000 160
4627 423336000000 160
4654 425043000000 160
4669 426750000000 160
4684 428457000000 160
4699 430164000000 160
4735 431871000000 160
4750 433578000000 160
4765 435285000000 160
4777 436992000000 160
4804 438699000000 160
4819 440406000000 160
4831 442113000000 160
4861 443820000000 160
4888 445527000000 160
4900 447234000000 160
4915 448941000000 160
4930 450648000000 160
4942 452355000000 160
4969 454062000000 160
4984 455769000000 160
5008 457476000000 160
5023 459183000000 160
5050 460890000000 160
5065 462597000000 160
5080 464304000000 160
5092 466011000000 160
5119 467718000000 160
5146 469425000000 160
5158 471132000000 160
5173 472839000000 160
5200 474546000000 160
5212 476253000000 160
5230 477960000000 160
5245 479667000000 160
5269 481374000000 160
5296 483081000000 160
5311 484788000000 160
5323 486495000000 160
5350 488202000000 160
5365 489909000000 160
5377 491616000000 160
5392 493323000000 160
5422 495030000000 160
5446 496737000000 160
5461 498444000000 160
5476 500151000000 160
5500 501858000000 160
5515 503565000000 160
5530 505272000000 160
5542 506979000000 160
5581 508686000000 160
5596 510393000000 160
5611 512100000000 160
5626 513807000000 160
5650 515514000000 160
5665 517221000000 160
5680 518928000000 160
5692 520635000000 160
5731 522342000000 160
5746 524049000000 160
5758 525756000000 160
5773 527463000000 160
5803 529170000000 160
5815 530877000000 160
5830 532584000000 160
5845 534291000000 160
5881 535998000000 160
5896 537705000000 160
5911 539412000000 160
5923 541119000000 160
5938 542826000000 160
5965 544533000000 160
5980 546240000000 160
6007 547947000000 160
6022 549654000000 160
6046 551361000000 160
6061 553068000000 160
6076 554775000000 160
6088 556482000000 160
6115 558189000000 160
6130 559896000000 160
6154 561603000000 160
6172 563310000000 160
6196 565017000000 160
6211 566724000000 160
6226 568431000000 160
6238 570138000000 160
6265 571845000000 160
6280 573552000000 160
6304 575259000000 160
6319 576966000000 160
6346 578673000000 160
6361 580380000000 160
6376 582087000000 160
6391 583794000000 160
6415 585501000000 160
6442 587208000000 160
6457 588915000000 160
6469 590622000000 160
6496 592329000000 160
6511 594036000000 160
6523 595743000000 160
6541 597450000000 160
6568 599157000000 160
6592 600864000000 160
6607 602571000000 160
6622 604278000000 160
6646 605985000000 160
6661 607692000000 160
6676 609399000000 160
6688 611106000000 160
6727 612813000000 160
6742 614520000000 160
6757 616227000000 160
6772 617934000000 160
6796 619641000000 160
6811 621348000000 160
6826 623055000000 160
6838 624762000000 160
6877 626469000000 160
6892 628176000000 160
6904 629883000000 160
6922 631590000000 160
6937 633297000000 160
6961 635004000000 160
6976 636711000000 160
6991 638418000000 160
7015 640125000000 160
7042 641832000000 160
7057 643539000000 160
7069 645246000000 160
7084 646953000000 160
7114 648660000000 160
7126 650367000000 160
7153 652074000000 160
7168 653781000000 160
7192 655488000000 160
7207 657195000000 160
7222 658902000000 160
7234 660609000000 160
7261 662316000000 160
7276 664023000000 160
7303 665730000000 160
7318 667437000000 160
7342 669144000000 160
7357 670851000000 160
7372 672558000000 160
7384 674265000000 160
7411 675972000000 160
7426 677679000000 160
7450 679386000000 160
7465 681093000000 160
7495 682800000000 160
7507 684507000000 160
7522 686214000000 160
7537 687921000000 160
7561 689628000000 160
7588 691335000000 160
7603 693042000000 160
7615 694749000000 160
7642 696456000000 160
7657 698163000000 160
7672 699870000000 160
7687 701577000000 160
7714 703284000000 160
7738 704991000000 160
7753 706698000000 160
7768 708405000000 160
7792 710112000000 160
7807 711819000000 160
7822 713526000000 160
7834 715233000000 160
7864 716940000000 160
7888 718647000000 160
7903 720354000000 160
7918 722061000000 160
7930 723768000000 160
7957 725475000000 160
7972 727182000000 160
7984 728889000000 160
8011 730596000000 160
8038 732303000000 160
8053 734010000000 160
8068 735717000000 160
8083 737424000000 160
8107 739131000000 160
8122 740838000000 160
8137 742545000000 160
8161 744252000000 160
8188 745959000000 160
8203 747666000000 160
8215 749373000000 160
8233 751080000000 160
8260 752787000000 160
8272 754494000000 160
8299 756201000000 160
8314 757908000000 160
8338 759615000000 160
8353 761322000000 160
8368 763029000000 160
8380 764736000000 160
8407 766443000000 160
8422 768150000000 160
8449 769857000000 160
8464 771564000000 160
8488 773271000000 160
8503 774978000000 160
8518 776685000000 160
8530 778392000000 160
8557 780099000000 160
8572 781806000000 160
8596 783513000000 160
8614 785220000000 160
8641 786927000000 160
8653 788634000000 160
8668 790341000000 160
8683 792048000000 160
8707 793755000000 160
8734 795462000000 160
8749 797169000000 160
8761 798876000000 160
8788 800583000000 160
8806 802290000000 160
8818 803997000000 160
8833 805704000000 160
8860 807411000000 160
8884 809118000000 160
8899 810825000000 160
8914 812532000000 160
8926 814239000000 160
8953 815946000000 160
8965 817653000000 160
8983 819360000000 160
8998 821067000000 160
9034 822774000000 160
9049 824481000000 160
9064 826188000000 160
9076 827895000000 160
9103 829602000000 160
9118 831309000000 160
9130 833016000000 160
9157 834723000000 160
9187 836430000000 160
9199 838137000000 160
9214 839844000000 160
9229 841551000000 160
9253 843258000000 160
9268 844965000000 160
9283 846672000000 160
9307 848379000000 160
9334 850086000000 160
9349 851793000000 160
9364 853500000000 160
9379 855207000000 160
9406 856914000000 160
9418 858621000000 160
9433 860328000000 160
9460 862035000000 160
9484 863742000000 160
9499 865449000000 160
9514 867156000000 160
9526 868863000000 160
9556 870570000000 160
9568 872277000000 160
9595 873984000000 160
9610 875691000000 160
9634 877398000000 160
9649 879105000000 160
9664 880812000000 160
9676 882519000000 160
9703 884226000000 160
9718 885933000000 160
9745 887640000000 160
9760 889347000000 160
9787 891054000000 160
9799 892761000000 160
9814 894468000000 160
9829 896175000000 160
9853 897882000000 160
9880 899589000000 160
9895 901296000000 160
9907 903003000000 160
9925 904710000000 160
9952 906417000000 160
9964 908124000000 160
9979 909831000000 160
9994 911538000000 160
10030 913245000000 160
10045 914952000000 160
10060 916659000000 160
10072 918366000000 160
10099 920073000000 160
10114 921780000000 160
10129 923487000000 160
10144 925194000000 160
10180 926901000000 160
10195 928608000000 160
10210 930315000000 160
10222 932022000000 160
10249 933729000000 160
10264 935436000000 160
10276 937143000000 160
10306 938850000000 160
10333 940557000000 160
10345 942264000000 160
10360 943971000000 160
10375 945678000000 160
10399 947385000000 160
10414 949092000000 160
10429 950799000000 160
10453 952506000000 160
10480 954213000000 160
10498 955920000000 160
10510 957627000000 160
10525 959334000000 160
10552 961041000000 160
10564 962748000000 160
10579 964455000000 160
10606 966162000000 160
10630 967869000000 160
10645 969576000000 160
10657 971283000000 160
10675 972990000000 160
10702 974697000000 160
10714 976404000000 160
10741 978111000000 160
10756 979818000000 160
10780 981525000000 160
10795 983232000000 160
10810 984939000000 160
10822 986646000000 160
10849 988353000000 160
10867 990060000000 160
10891 991767000000 160
10906 993474000000 160
10921 995181000000 160
10945 996888000000 160
10960 998595000000 160
