2 1707000000 160
17 3414000000 160
29 5121000000 160
44 6828000000 160
71 8535000000 160
83 10242000000 160
98 11949000000 160
125 13656000000 160
149 15363000000 160
167 17070000000 160
182 18777000000 160
194 20484000000 160
221 22191000000 160
236 23898000000 160
248 25605000000 160
275 27312000000 160
302 29019000000 160
314 30726000000 160
329 32433000000 160
347 34140000000 160
371 35847000000 160
386 37554000000 160
413 39261000000 160
425 40968000000 160
452 42675000000 160
467 44382000000 160
479 46089000000 160
494 47796000000 160
521 49503000000 160
536 51210000000 160
563 52917000000 160
575 54624000000 160
602 56331000000 160
617 58038000000 160
629 59745000000 160
644 61452000000 160
671 63159000000 160
683 64866000000 160
710 66573000000 160
728 68280000000 160
752 69987000000 160
767 71694000000 160
782 73401000000 160
794 75108000000 160
821 76815000000 160
848 78522000000 160
860 80229000000 160
875 81936000000 160
902 83643000000 160
917 85350000000 160
932 87057000000 160
947 88764000000 160
959 90471000000 160
998 92178000000 160
1013 93885000000 160
1025 95592000000 160
1040 97299000000 160
1067 99006000000 160
1079 100713000000 160
1097 102420000000 160
1109 104127000000 160
1148 105834000000 160
1163 107541000000 160
1175 109248000000 160
1190 110955000000 160
1217 112662000000 160
1229 114369000000 160
1244 116076000000 160
1271 117783000000 160
1298 119490000000 160
1313 121197000000 160
1328 122904000000 160
1340 124611000000 160
1367 126318000000 160
1382 128025000000 160
1394 129732000000 160
1421 131439000000 160
1448 133146000000 160
1460 134853000000 160
1478 136560000000 160
1493 138267000000 160
1517 139974000000 160
1532 141681000000 160
1547 143388000000 160
1571 145095000000 160
1598 146802000000 160
1613 148509000000 160
1625 150216000000 160
1640 151923000000 160
1667 153630000000 160
1682 155337000000 160
1709 157044000000 160
1721 158751000000 160
1748 160458000000 160
1763 162165000000 160
1775 163872000000 160
1790 165579000000 160
1817 167286000000 160
1829 168993000000 160
1859 170700000000 160
1874 172407000000 160
1898 174114000000 160
1913 175821000000 160
1928 177528000000 160
1940 179235000000 160
1955 180942000000 160
1994 182649000000 160
2006 184356000000 160
2021 186063000000 160
2039 187770000000 160
2063 189477000000 160
2078 191184000000 160
2093 192891000000 160
2105 194598000000 160
2144 196305000000 160
2159 198012000000 160
2171 199719000000 160
2186 201426000000 160
2213 203133000000 160
2228 204840000000 160
2243 206547000000 160
2255 208254000000 160
2294 209961000000 160
2309 211668000000 160
2321 213375000000 160
2336 215082000000 160
2363 216789000000 160
2375 218496000000 160
2390 220203000000 160
2420 221910000000 160
2444 223617000000 160
2459 225324000000 160
2474 227031000000 160
2486 228738000000 160
2513 230445000000 160
2528 232152000000 160
2540 233859000000 160
2567 235566000000 160
2594 237273000000 160
2609 238980000000 160
2624 240687000000 160
2639 242394000000 160
2663 244101000000 160
2678 245808000000 160
2693 247515000000 160
2717 249222000000 160
2744 250929000000 160
2759 252636000000 160
2771 254343000000 160
2789 256050000000 160
2813 257757000000 160
2828 259464000000 160
2855 261171000000 160
2867 262878000000 160
2894 264585000000 160
2909 266292000000 160
2921 267999000000 160
2936 269706000000 160
2951 271413000000 160
2978 273120000000 160
3005 274827000000 160
3020 276534000000 160
3032 278241000000 160
3059 279948000000 160
3074 281655000000 160
3086 283362000000 160
3101 285069000000 160
3128 286776000000 160
3152 288483000000 160
3170 290190000000 160
3185 291897000000 160
3209 293604000000 160
3224 295311000000 160
3239 297018000000 160
3251 298725000000 160
3290 300432000000 160
3305 302139000000 160
3317 303846000000 160
3332 305553000000 160
3359 307260000000 160
3374 308967000000 160
3389 310674000000 160
3401 312381000000 160
3440 314088000000 160
3455 315795000000 160
3467 317502000000 160
3482 319209000000 160
3509 320916000000 160
3521 322623000000 160
3539 324330000000 160
3566 326037000000 160
3590 327744000000 160
3605 329451000000 160
3620 331158000000 160
3632 332865000000 160
3659 334572000000 160
3674 336279000000 160
3686 337986000000 160
3713 339693000000 160
3743 341400000000 160
3755 343107000000 160
3770 344814000000 160
3785 346521000000 160
3809 348228000000 160
3824 349935000000 160
3839 351642000000 160
3863 353349000000 160
3890 355056000000 160
3905 356763000000 160
3920 358470000000 160
3935 360177000000 160
3947 361884000000 160
3974 363591000000 160
4001 365298000000 160
4013 367005000000 160
4028 368712000000 160
4055 370419000000 160
4067 372126000000 160
4082 373833000000 160
4100 375540000000 160
4124 377247000000 160
4151 378954000000 160
4166 380661000000 160
4178 382368000000 160
4205 384075000000 160
4220 385782000000 160
4232 387489000000 160
4247 389196000000 160
4274 390903000000 160
4301 392610000000 160
4316 394317000000 160
4331 396024000000 160
4355 397731000000 160
4370 399438000000 160
4385 401145000000 160
4397 402852000000 160
4436 404559000000 160
4451 406266000000 160
4463 407973000000 160
4481 409680000000 160
4505 411387000000 160
4520 413094000000 160
4535 414801000000 160
4547 416508000000 160
4586 418215000000 160
4601 419922000000 160
4613 421629000000 160
4628 423336000000 160
4655 425043000000 160
4670 426750000000 160
4685 428457000000 160
4700 430164000000 160
4736 431871000000 160
4751 433578000000 160
4766 435285000000 160
4778 436992000000 160
4805 438699000000 160
4820 440406000000 160
4832 442113000000 160
4862 443820000000 160
4889 445527000000 160
4901 447234000000 160
4916 448941000000 160
4931 450648000000 160
4943 452355000000 160
4970 454062000000 160
4985 455769000000 160
5009 457476000000 160
5024 459183000000 160
5051 460890000000 160
5066 462597000000 160
5081 464304000000 160
5093 466011000000 160
5120 467718000000 160
5147 469425000000 160
5159 471132000000 160
5174 472839000000 160
5201 474546000000 160
5213 476253000000 160
5231 477960000000 160
5246 479667000000 160
5270 481374000000 160
5297 483081000000 160
5312 484788000000 160
5324 486495000000 160
5351 488202000000 160
5366 489909000000 160
5378 491616000000 160
5393 493323000000 160
5423 495030000000 160
5447 496737000000 160
5462 498444000000 160
5477 500151000000 160
5501 501858000000 160
5516 503565000000 160
5531 505272000000 160
5543 506979000000 160
5582 508686000000 160
5597 510393000000 160
5612 512100000000 160
5627 513807000000 160
5651 515514000000 160
5666 517221000000 160
5681 518928000000 160
5693 520635000000 160
5732 522342000000 160
5747 524049000000 160
5759 525756000000 160
5774 527463000000 160
5804 529170000000 160
5816 530877000000 160
5831 532584000000 160
5846 534291000000 160
5882 535998000000 160
5897 537705000000 160
5912 539412000000 160
5924 541119000000 160
5939 542826000000 160
5966 544533000000 160
5981 546240000000 160
6008 547947000000 160
6023 549654000000 160
6047 551361000000 160
6062 553068000000 160
6077 554775000000 160
6089 556482000000 160
6116 558189000000 160
6131 559896000000 160
6155 561603000000 160
6173 563310000000 160
6197 565017000000 160
6212 566724000000 160
6227 568431000000 160
6239 570138000000 160
6266 571845000000 160
6281 573552000000 160
6305 575259000000 160
6320 576966000000 160
6347 578673000000 160
6362 580380000000 160
6377 582087000000 160
6392 583794000000 160
6416 585501000000 160
6443 587208000000 160
6458 588915000000 160
6470 590622000000 160
6497 592329000000 160
6512 594036000000 160
6524 595743000000 160
6542 597450000000 160
6569 599157000000 160
6593 600864000000 160
6608 602571000000 160
6623 604278000000 160
6647 605985000000 160
6662 607692000000 160
6677 609399000000 160
6689 611106000000 160
6728 612813000000 160
6743 614520000000 160
6758 616227000000 160
6773 617934000000 160
6797 619641000000 160
6812 621348000000 160
6827 623055000000 160
6839 624762000000 160
6878 626469000000 160
6893 628176000000 160
6905 629883000000 160
6923 631590000000 160
6938 633297000000 160
6962 635004000000 160
6977 636711000000 160
6992 638418000000 160
7016 640125000000 160
7043 641832000000 160
7058 643539000000 160
7070 645246000000 160
7085 646953000000 160
7115 648660000000 160
7127 650367000000 160
7154 652074000000 160
7169 653781000000 160
7193 655488000000 160
7208 657195000000 160
7223 658902000000 160
7235 660609000000 160
7262 662316000000 160
7277 664023000000 160
7304 665730000000 160
7319 667437000000 160
7343 669144000000 160
7358 670851000000 160
7373 672558000000 160
7385 674265000000 160
7412 675972000000 160
7427 677679000000 160
7451 679386000000 160
7466 681093000000 160
7496 682800000000 160
7508 684507000000 160
7523 686214000000 160
7538 687921000000 160
7562 689628000000 160
7589 691335000000 160
7604 693042000000 160
7616 694749000000 160
7643 696456000000 160
7658 698163000000 160
7673 699870000000 160
7688 701577000000 160
7715 703284000000 160
7739 704991000000 160
7754 706698000000 160
7769 708405000000 160
7793 710112000000 160
7808 711819000000 160
7823 713526000000 160
7835 715233000000 160
7865 716940000000 160
7889 718647000000 160
7904 720354000000 160
7919 722061000000 160
7931 723768000000 160
7958 725475000000 160
7973 727182000000 160
7985 728889000000 160
8012 730596000000 160
8039 732303000000 160
8054 734010000000 160
8069 735717000000 160
8084 737424000000 160
8108 739131000000 160
8123 740838000000 160
8138 742545000000 160
8162 744252000000 160
8189 745959000000 160
8204 747666000000 160
8216 749373000000 160
8234 751080000000 160
8261 752787000000 160
8273 754494000000 160
8300 756201000000 160
8315 757908000000 160
8339 759615000000 160
8354 761322000000 160
8369 763029000000 160
8381 764736000000 160
8408 766443000000 160
8423 768150000000 160
8450 769857000000 160
8465 771564000000 160
8489 773271000000 160
8504 774978000000 160
8519 776685000000 160
8531 778392000000 160
8558 780099000000 160
8573 781806000000 160
8597 783513000000 160
8615 785220000000 160
8642 786927000000 160
8654 788634000000 160
8669 790341000000 160
8684 792048000000 160
8708 793755000000 160
8735 795462000000 160
8750 797169000000 160
8762 798876000000 160
8789 800583000000 160
8807 802290000000 160
8819 803997000000 160
8834 805704000000 160
8861 807411000000 160
8885 809118000000 160
8900 810825000000 160
8915 812532000000 160
8927 814239000000 160
8954 815946000000 160
8966 817653000000 160
8984 819360000000 160
8999 821067000000 160
9035 822774000000 160
9050 824481000000 160
9065 826188000000 160
9077 827895000000 160
9104 829602000000 160
9119 831309000000 160
9131 833016000000 160
9158 834723000000 160
9188 836430000000 160
9200 838137000000 160
9215 839844000000 160
9230 841551000000 160
9254 843258000000 160
9269 844965000000 160
9284 846672000000 160
9308 848379000000 160
9335 850086000000 160
9350 851793000000 160
9365 853500000000 160
9380 855207000000 160
9407 856914000000 160
9419 858621000000 160
9434 860328000000 160
9461 862035000000 160
9485 863742000000 160
9500 865449000000 160
9515 867156000000 160
9527 868863000000 160
9557 870570000000 160
9569 872277000000 160
9596 873984000000 160
9611 875691000000 160
9635 877398000000 160
9650 879105000000 160
9665 880812000000 160
9677 882519000000 160
9704 884226000000 160
9719 885933000000 160
9746 887640000000 160
9761 889347000000 160
9788 891054000000 160
9800 892761000000 160
9815 894468000000 160
9830 896175000000 160
9854 897882000000 160
9881 899589000000 160
9896 901296000000 160
9908 903003000000 160
9926 904710000000 160
9953 906417000000 160
9965 908124000000 160
9980 909831000000 160
9995 911538000000 160
10031 913245000000 160
10046 914952000000 160
10061 916659000000 160
10073 918366000000 160
10100 920073000000 160
10115 921780000000 160
10130 923487000000 160
10145 925194000000 160
10181 926901000000 160
10196 928608000000 160
10211 930315000000 160
10223 932022000000 160
10250 933729000000 160
10265 935436000000 160
10277 937143000000 160
10307 938850000000 160
10334 940557000000 160
10346 942264000000 160
10361 943971000000 160
10376 945678000000 160
10400 947385000000 160
10415 949092000000 160
10430 950799000000 160
10454 952506000000 160
10481 954213000000 160
10499 955920000000 160
10511 957627000000 160
10526 959334000000 160
10553 961041000000 160
10565 962748000000 160
10580 964455000000 160
10607 966162000000 160
10631 967869000000 160
10646 969576000000 160
10658 971283000000 160
10676 972990000000 160
10703 974697000000 160
10715 976404000000 160
10742 978111000000 160
10757 979818000000 160
10781 981525000000 160
10796 983232000000 160
10811 984939000000 160
10823 986646000000 160
10850 988353000000 160
10868 990060000000 160
10892 991767000000 160
10907 993474000000 160
10922 995181000000 160
10946 996888000000 160
10961 998595000000 160
