59 6960000000 1450
140 13920000000 1450
212 20880000000 1450
290 27840000000 1450
362 34800000000 1450
443 41760000000 1450
509 48720000000 1450
593 55680000000 1450
662 62640000000 1450
743 69600000000 1450
812 76560000000 1450
893 83520000000 1450
974 90480000000 1450
1055 97440000000 1450
1139 104400000000 1450
1205 111360000000 1450
1286 118320000000 1450
1358 125280000000 1450
1436 132240000000 1450
1508 139200000000 1450
1589 146160000000 1450
1655 153120000000 1450
1739 160080000000 1450
1808 167040000000 1450
1889 174000000000 1450
1970 180960000000 1450
2054 187920000000 1450
2120 194880000000 1450
2201 201840000000 1450
2285 208800000000 1450
2351 215760000000 1450
2435 222720000000 1450
2504 229680000000 1450
2582 236640000000 1450
2654 243600000000 1450
2735 250560000000 1450
2804 257520000000 1450
2885 264480000000 1450
2966 271440000000 1450
3047 278400000000 1450
3116 285360000000 1450
3200 292320000000 1450
3266 299280000000 1450
3347 306240000000 1450
3431 313200000000 1450
3497 320160000000 1450
3581 327120000000 1450
3650 334080000000 1450
3728 341040000000 1450
3800 348000000000 1450
3881 354960000000 1450
3962 361920000000 1450
4043 368880000000 1450
4115 375840000000 1450
4196 382800000000 1450
4262 389760000000 1450
4346 396720000000 1450
4415 403680000000 1450
4496 410640000000 1450
4577 417600000000 1450
4646 424560000000 1450
4727 431520000000 1450
4796 438480000000 1450
4880 445440000000 1450
4958 452400000000 1450
5039 459360000000 1450
5111 466320000000 1450
5189 473280000000 1450
5261 480240000000 1450
5342 487200000000 1450
5408 494160000000 1450
5492 501120000000 1450
5561 508080000000 1450
5642 515040000000 1450
5723 522000000000 1450
5792 528960000000 1450
5873 535920000000 1450
5954 542880000000 1450
6038 549840000000 1450
6104 556800000000 1450
6188 563760000000 1450
6257 570720000000 1450
6335 577680000000 1450
6407 584640000000 1450
6488 591600000000 1450
6557 598560000000 1450
6638 605520000000 1450
6707 612480000000 1450
6788 619440000000 1450
6869 626400000000 1450
6953 633360000000 1450
7031 640320000000 1450
7100 647280000000 1450
7184 654240000000 1450
7250 661200000000 1450
7334 668160000000 1450
7403 675120000000 1450
7481 682080000000 1450
7553 689040000000 1450
7634 696000000000 1450
7703 702960000000 1450
7784 709920000000 1450
7856 716880000000 1450
7946 723840000000 1450
8027 730800000000 1450
8099 737760000000 1450
8177 744720000000 1450
8249 751680000000 1450
8330 758640000000 1450
8399 765600000000 1450
8480 772560000000 1450
8549 779520000000 1450
8633 786480000000 1450
8699 793440000000 1450
8780 800400000000 1450
8852 807360000000 1450
8942 814320000000 1450
9014 821280000000 1450
9095 828240000000 1450
9173 835200000000 1450
9245 842160000000 1450
9326 849120000000 1450
9395 856080000000 1450
9476 863040000000 1450
9545 870000000000 1450
9626 876960000000 1450
9695 883920000000 1450
9779 890880000000 1450
9845 897840000000 1450
9941 904800000000 1450
10010 911760000000 1450
10088 918720000000 1450
10172 925680000000 1450
10241 932640000000 1450
10322 939600000000 1450
10391 946560000000 1450
10472 953520000000 1450
10541 960480000000 1450
10622 967440000000 1450
10694 974400000000 1450
10772 981360000000 1450
10841 988320000000 1450
10937 995280000000 1450
