65 6960000000 1450
146 13920000000 1450
218 20880000000 1450
296 27840000000 1450
368 34800000000 1450
449 41760000000 1450
515 48720000000 1450
599 55680000000 1450
668 62640000000 1450
749 69600000000 1450
818 76560000000 1450
899 83520000000 1450
980 90480000000 1450
1061 97440000000 1450
1145 104400000000 1450
1211 111360000000 1450
1292 118320000000 1450
1364 125280000000 1450
1442 132240000000 1450
1514 139200000000 1450
1595 146160000000 1450
1661 153120000000 1450
1745 160080000000 1450
1814 167040000000 1450
1895 174000000000 1450
1976 180960000000 1450
2060 187920000000 1450
2126 194880000000 1450
2207 201840000000 1450
2291 208800000000 1450
2357 215760000000 1450
2441 222720000000 1450
2510 229680000000 1450
2588 236640000000 1450
2660 243600000000 1450
2741 250560000000 1450
2810 257520000000 1450
2891 264480000000 1450
2972 271440000000 1450
3053 278400000000 1450
3122 285360000000 1450
3206 292320000000 1450
3272 299280000000 1450
3353 306240000000 1450
3437 313200000000 1450
3503 320160000000 1450
3587 327120000000 1450
3656 334080000000 1450
3734 341040000000 1450
3806 348000000000 1450
3887 354960000000 1450
3968 361920000000 1450
4049 368880000000 1450
4121 375840000000 1450
4202 382800000000 1450
4268 389760000000 1450
4352 396720000000 1450
4421 403680000000 1450
4502 410640000000 1450
4583 417600000000 1450
4652 424560000000 1450
4733 431520000000 1450
4802 438480000000 1450
4886 445440000000 1450
4964 452400000000 1450
5045 459360000000 1450
5117 466320000000 1450
5195 473280000000 1450
5267 480240000000 1450
5348 487200000000 1450
5414 494160000000 1450
5498 501120000000 1450
5567 508080000000 1450
5648 515040000000 1450
5729 522000000000 1450
5798 528960000000 1450
5879 535920000000 1450
5960 542880000000 1450
6044 549840000000 1450
6110 556800000000 1450
6194 563760000000 1450
6263 570720000000 1450
6341 577680000000 1450
6413 584640000000 1450
6494 591600000000 1450
6563 598560000000 1450
6644 605520000000 1450
6713 612480000000 1450
6794 619440000000 1450
6875 626400000000 1450
6959 633360000000 1450
7037 640320000000 1450
7106 647280000000 1450
7190 654240000000 1450
7256 661200000000 1450
7340 668160000000 1450
7409 675120000000 1450
7487 682080000000 1450
7559 689040000000 1450
7640 696000000000 1450
7709 702960000000 1450
7790 709920000000 1450
7862 716880000000 1450
7952 723840000000 1450
8033 730800000000 1450
8105 737760000000 1450
8183 744720000000 1450
8255 751680000000 1450
8336 758640000000 1450
8405 765600000000 1450
8486 772560000000 1450
8555 779520000000 1450
8639 786480000000 1450
8705 793440000000 1450
8786 800400000000 1450
8858 807360000000 1450
8948 814320000000 1450
9020 821280000000 1450
9101 828240000000 1450
9179 835200000000 1450
9251 842160000000 1450
9332 849120000000 1450
9401 856080000000 1450
9482 863040000000 1450
9551 870000000000 1450
9632 876960000000 1450
9701 883920000000 1450
9785 890880000000 1450
9851 897840000000 1450
9947 904800000000 1450
10016 911760000000 1450
10094 918720000000 1450
10178 925680000000 1450
10247 932640000000 1450
10328 939600000000 1450
10397 946560000000 1450
10478 953520000000 1450
10547 960480000000 1450
10628 967440000000 1450
10700 974400000000 1450
10778 981360000000 1450
10847 988320000000 1450
10943 995280000000 1450
