54 6960000000 1450
135 13920000000 1450
207 20880000000 1450
285 27840000000 1450
357 34800000000 1450
438 41760000000 1450
504 48720000000 1450
588 55680000000 1450
657 62640000000 1450
738 69600000000 1450
807 76560000000 1450
888 83520000000 1450
969 90480000000 1450
1050 97440000000 1450
1134 104400000000 1450
1200 111360000000 1450
1281 118320000000 1450
1353 125280000000 1450
1431 132240000000 1450
1503 139200000000 1450
1584 146160000000 1450
1650 153120000000 1450
1734 160080000000 1450
1803 167040000000 1450
1884 174000000000 1450
1965 180960000000 1450
2049 187920000000 1450
2115 194880000000 1450
2196 201840000000 1450
2280 208800000000 1450
2346 215760000000 1450
2430 222720000000 1450
2499 229680000000 1450
2577 236640000000 1450
2649 243600000000 1450
2730 250560000000 1450
2799 257520000000 1450
2880 264480000000 1450
2961 271440000000 1450
3042 278400000000 1450
3111 285360000000 1450
3195 292320000000 1450
3261 299280000000 1450
3342 306240000000 1450
3426 313200000000 1450
3492 320160000000 1450
3576 327120000000 1450
3645 334080000000 1450
3723 341040000000 1450
3795 348000000000 1450
3876 354960000000 1450
3957 361920000000 1450
4038 368880000000 1450
4110 375840000000 1450
4191 382800000000 1450
4257 389760000000 1450
4341 396720000000 1450
4410 403680000000 1450
4491 410640000000 1450
4572 417600000000 1450
4641 424560000000 1450
4722 431520000000 1450
4791 438480000000 1450
4875 445440000000 1450
4953 452400000000 1450
5034 459360000000 1450
5106 466320000000 1450
5184 473280000000 1450
5256 480240000000 1450
5337 487200000000 1450
5403 494160000000 1450
5487 501120000000 1450
5556 508080000000 1450
5637 515040000000 1450
5718 522000000000 1450
5787 528960000000 1450
5868 535920000000 1450
5949 542880000000 1450
6033 549840000000 1450
6099 556800000000 1450
6183 563760000000 1450
6252 570720000000 1450
6330 577680000000 1450
6402 584640000000 1450
6483 591600000000 1450
6552 598560000000 1450
6633 605520000000 1450
6702 612480000000 1450
6783 619440000000 1450
6864 626400000000 1450
6948 633360000000 1450
7026 640320000000 1450
7095 647280000000 1450
7179 654240000000 1450
7245 661200000000 1450
7329 668160000000 1450
7398 675120000000 1450
7476 682080000000 1450
7548 689040000000 1450
7629 696000000000 1450
7698 702960000000 1450
7779 709920000000 1450
7851 716880000000 1450
7941 723840000000 1450
8022 730800000000 1450
8094 737760000000 1450
8172 744720000000 1450
8244 751680000000 1450
8325 758640000000 1450
8394 765600000000 1450
8475 772560000000 1450
8544 779520000000 1450
8628 786480000000 1450
8694 793440000000 1450
8775 800400000000 1450
8847 807360000000 1450
8937 814320000000 1450
9009 821280000000 1450
9090 828240000000 1450
9168 835200000000 1450
9240 842160000000 1450
9321 849120000000 1450
9390 856080000000 1450
9471 863040000000 1450
9540 870000000000 1450
9621 876960000000 1450
9690 883920000000 1450
9774 890880000000 1450
9840 897840000000 1450
9936 904800000000 1450
10005 911760000000 1450
10083 918720000000 1450
10167 925680000000 1450
10236 932640000000 1450
10317 939600000000 1450
10386 946560000000 1450
10467 953520000000 1450
10536 960480000000 1450
10617 967440000000 1450
10689 974400000000 1450
10767 981360000000 1450
10836 988320000000 1450
10932 995280000000 1450
