119 13037000000 1358
269 26074000000 1358
407 39111000000 1358
557 52148000000 1358
704 65185000000 1358
842 78222000000 1358
992 91259000000 1358
1130 104296000000 1358
1265 117333000000 1358
1415 130370000000 1358
1565 143407000000 1358
1703 156444000000 1358
1850 169481000000 1358
1988 182518000000 1358
2138 195555000000 1358
2276 208592000000 1358
2411 221629000000 1358
2561 234666000000 1358
2711 247703000000 1358
2849 260740000000 1358
2999 273777000000 1358
3146 286814000000 1358
3284 299851000000 1358
3422 312888000000 1358
3560 325925000000 1358
3707 338962000000 1358
3857 351999000000 1358
3995 365036000000 1358
4145 378073000000 1358
4292 391110000000 1358
4430 404147000000 1358
4568 417184000000 1358
4718 430221000000 1358
4853 443258000000 1358
5003 456295000000 1358
5141 469332000000 1358
5291 482369000000 1358
5441 495406000000 1358
5576 508443000000 1358
5714 521480000000 1358
5864 534517000000 1358
6002 547554000000 1358
6149 560591000000 1358
6299 573628000000 1358
6437 586665000000 1358
6587 599702000000 1358
6722 612739000000 1358
6860 625776000000 1358
7010 638813000000 1358
7148 651850000000 1358
7295 664887000000 1358
7445 677924000000 1358
7583 690961000000 1358
7733 703998000000 1358
7883 717035000000 1358
8006 730072000000 1358
8156 743109000000 1358
8294 756146000000 1358
8444 769183000000 1358
8591 782220000000 1358
8729 795257000000 1358
8879 808294000000 1358
9029 821331000000 1358
9152 834368000000 1358
9302 847405000000 1358
9452 860442000000 1358
9590 873479000000 1358
9737 886516000000 1358
9875 899553000000 1358
10025 912590000000 1358
10163 925627000000 1358
10298 938664000000 1358
10448 951701000000 1358
10598 964738000000 1358
10736 977775000000 1358
10886 990812000000 1358
