8 1707000000 160
23 3414000000 160
35 5121000000 160
50 6828000000 160
77 8535000000 160
89 10242000000 160
104 11949000000 160
131 13656000000 160
155 15363000000 160
173 17070000000 160
188 18777000000 160
200 20484000000 160
227 22191000000 160
242 23898000000 160
254 25605000000 160
281 27312000000 160
308 29019000000 160
320 30726000000 160
335 32433000000 160
353 34140000000 160
377 35847000000 160
392 37554000000 160
419 39261000000 160
431 40968000000 160
458 42675000000 160
473 44382000000 160
485 46089000000 160
500 47796000000 160
527 49503000000 160
542 51210000000 160
569 52917000000 160
581 54624000000 160
608 56331000000 160
623 58038000000 160
635 59745000000 160
650 61452000000 160
677 63159000000 160
689 64866000000 160
716 66573000000 160
734 68280000000 160
758 69987000000 160
773 71694000000 160
788 73401000000 160
800 75108000000 160
827 76815000000 160
854 78522000000 160
866 80229000000 160
881 81936000000 160
908 83643000000 160
923 85350000000 160
938 87057000000 160
953 88764000000 160
965 90471000000 160
1004 92178000000 160
1019 93885000000 160
1031 95592000000 160
1046 97299000000 160
1073 99006000000 160
1085 100713000000 160
1103 102420000000 160
1115 104127000000 160
1154 105834000000 160
1169 107541000000 160
1181 109248000000 160
1196 110955000000 160
1223 112662000000 160
1235 114369000000 160
1250 116076000000 160
1277 117783000000 160
1304 119490000000 160
1319 121197000000 160
1334 122904000000 160
1346 124611000000 160
1373 126318000000 160
1388 128025000000 160
1400 129732000000 160
1427 131439000000 160
1454 133146000000 160
1466 134853000000 160
1484 136560000000 160
1499 138267000000 160
1523 139974000000 160
1538 141681000000 160
1553 143388000000 160
1577 145095000000 160
1604 146802000000 160
1619 148509000000 160
1631 150216000000 160
1646 151923000000 160
1673 153630000000 160
1688 155337000000 160
1715 157044000000 160
1727 158751000000 160
1754 160458000000 160
1769 162165000000 160
1781 163872000000 160
1796 165579000000 160
1823 167286000000 160
1835 168993000000 160
1865 170700000000 160
1880 172407000000 160
1904 174114000000 160
1919 175821000000 160
1934 177528000000 160
1946 179235000000 160
1961 180942000000 160
2000 182649000000 160
2012 184356000000 160
2027 186063000000 160
2045 187770000000 160
2069 189477000000 160
2084 191184000000 160
2099 192891000000 160
2111 194598000000 160
2150 196305000000 160
2165 198012000000 160
2177 199719000000 160
2192 201426000000 160
2219 203133000000 160
2234 204840000000 160
2249 206547000000 160
2261 208254000000 160
2300 209961000000 160
2315 211668000000 160
2327 213375000000 160
2342 215082000000 160
2369 216789000000 160
2381 218496000000 160
2396 220203000000 160
2426 221910000000 160
2450 223617000000 160
2465 225324000000 160
2480 227031000000 160
2492 228738000000 160
2519 230445000000 160
2534 232152000000 160
2546 233859000000 160
2573 235566000000 160
2600 237273000000 160
2615 238980000000 160
2630 240687000000 160
2645 242394000000 160
2669 244101000000 160
2684 245808000000 160
2699 247515000000 160
2723 249222000000 160
2750 250929000000 160
2765 252636000000 160
2777 254343000000 160
2795 256050000000 160
2819 257757000000 160
2834 259464000000 160
2861 261171000000 160
2873 262878000000 160
2900 264585000000 160
2915 266292000000 160
2927 267999000000 160
2942 269706000000 160
2957 271413000000 160
2984 273120000000 160
3011 274827000000 160
3026 276534000000 160
3038 278241000000 160
3065 279948000000 160
3080 281655000000 160
3092 283362000000 160
3107 285069000000 160
3134 286776000000 160
3158 288483000000 160
3176 290190000000 160
3191 291897000000 160
3215 293604000000 160
3230 295311000000 160
3245 297018000000 160
3257 298725000000 160
3296 300432000000 160
3311 302139000000 160
3323 303846000000 160
3338 305553000000 160
3365 307260000000 160
3380 308967000000 160
3395 310674000000 160
3407 312381000000 160
3446 314088000000 160
3461 315795000000 160
3473 317502000000 160
3488 319209000000 160
3515 320916000000 160
3527 322623000000 160
3545 324330000000 160
3572 326037000000 160
3596 327744000000 160
3611 329451000000 160
3626 331158000000 160
3638 332865000000 160
3665 334572000000 160
3680 336279000000 160
3692 337986000000 160
3719 339693000000 160
3749 341400000000 160
3761 343107000000 160
3776 344814000000 160
3791 346521000000 160
3815 348228000000 160
3830 349935000000 160
3845 351642000000 160
3869 353349000000 160
3896 355056000000 160
3911 356763000000 160
3926 358470000000 160
3941 360177000000 160
3953 361884000000 160
3980 363591000000 160
4007 365298000000 160
4019 367005000000 160
4034 368712000000 160
4061 370419000000 160
4073 372126000000 160
4088 373833000000 160
4106 375540000000 160
4130 377247000000 160
4157 378954000000 160
4172 380661000000 160
4184 382368000000 160
4211 384075000000 160
4226 385782000000 160
4238 387489000000 160
4253 389196000000 160
4280 390903000000 160
4307 392610000000 160
4322 394317000000 160
4337 396024000000 160
4361 397731000000 160
4376 399438000000 160
4391 401145000000 160
4403 402852000000 160
4442 404559000000 160
4457 406266000000 160
4469 407973000000 160
4487 409680000000 160
4511 411387000000 160
4526 413094000000 160
4541 414801000000 160
4553 416508000000 160
4592 418215000000 160
4607 419922000000 160
4619 421629000000 160
4634 423336000000 160
4661 425043000000 160
4676 426750000000 160
4691 428457000000 160
4706 430164000000 160
4742 431871000000 160
4757 433578000000 160
4772 435285000000 160
4784 436992000000 160
4811 438699000000 160
4826 440406000000 160
4838 442113000000 160
4868 443820000000 160
4895 445527000000 160
4907 447234000000 160
4922 448941000000 160
4937 450648000000 160
4949 452355000000 160
4976 454062000000 160
4991 455769000000 160
5015 457476000000 160
5030 459183000000 160
5057 460890000000 160
5072 462597000000 160
5087 464304000000 160
5099 466011000000 160
5126 467718000000 160
5153 469425000000 160
5165 471132000000 160
5180 472839000000 160
5207 474546000000 160
5219 476253000000 160
5237 477960000000 160
5252 479667000000 160
5276 481374000000 160
5303 483081000000 160
5318 484788000000 160
5330 486495000000 160
5357 488202000000 160
5372 489909000000 160
5384 491616000000 160
5399 493323000000 160
5429 495030000000 160
5453 496737000000 160
5468 498444000000 160
5483 500151000000 160
5507 501858000000 160
5522 503565000000 160
5537 505272000000 160
5549 506979000000 160
5588 508686000000 160
5603 510393000000 160
5618 512100000000 160
5633 513807000000 160
5657 515514000000 160
5672 517221000000 160
5687 518928000000 160
5699 520635000000 160
5738 522342000000 160
5753 524049000000 160
5765 525756000000 160
5780 527463000000 160
5810 529170000000 160
5822 530877000000 160
5837 532584000000 160
5852 534291000000 160
5888 535998000000 160
5903 537705000000 160
5918 539412000000 160
5930 541119000000 160
5945 542826000000 160
5972 544533000000 160
5987 546240000000 160
6014 547947000000 160
6029 549654000000 160
6053 551361000000 160
6068 553068000000 160
6083 554775000000 160
6095 556482000000 160
6122 558189000000 160
6137 559896000000 160
6161 561603000000 160
6179 563310000000 160
6203 565017000000 160
6218 566724000000 160
6233 568431000000 160
6245 570138000000 160
6272 571845000000 160
6287 573552000000 160
6311 575259000000 160
6326 576966000000 160
6353 578673000000 160
6368 580380000000 160
6383 582087000000 160
6398 583794000000 160
6422 585501000000 160
6449 587208000000 160
6464 588915000000 160
6476 590622000000 160
6503 592329000000 160
6518 594036000000 160
6530 595743000000 160
6548 597450000000 160
6575 599157000000 160
6599 600864000000 160
6614 602571000000 160
6629 604278000000 160
6653 605985000000 160
6668 607692000000 160
6683 609399000000 160
6695 611106000000 160
6734 612813000000 160
6749 614520000000 160
6764 616227000000 160
6779 617934000000 160
6803 619641000000 160
6818 621348000000 160
6833 623055000000 160
6845 624762000000 160
6884 626469000000 160
6899 628176000000 160
6911 629883000000 160
6929 631590000000 160
6944 633297000000 160
6968 635004000000 160
6983 636711000000 160
6998 638418000000 160
7022 640125000000 160
7049 641832000000 160
7064 643539000000 160
7076 645246000000 160
7091 646953000000 160
7121 648660000000 160
7133 650367000000 160
7160 652074000000 160
7175 653781000000 160
7199 655488000000 160
7214 657195000000 160
7229 658902000000 160
7241 660609000000 160
7268 662316000000 160
7283 664023000000 160
7310 665730000000 160
7325 667437000000 160
7349 669144000000 160
7364 670851000000 160
7379 672558000000 160
7391 674265000000 160
7418 675972000000 160
7433 677679000000 160
7457 679386000000 160
7472 681093000000 160
7502 682800000000 160
7514 684507000000 160
7529 686214000000 160
7544 687921000000 160
7568 689628000000 160
7595 691335000000 160
7610 693042000000 160
7622 694749000000 160
7649 696456000000 160
7664 698163000000 160
7679 699870000000 160
7694 701577000000 160
7721 703284000000 160
7745 704991000000 160
7760 706698000000 160
7775 708405000000 160
7799 710112000000 160
7814 711819000000 160
7829 713526000000 160
7841 715233000000 160
7871 716940000000 160
7895 718647000000 160
7910 720354000000 160
7925 722061000000 160
7937 723768000000 160
7964 725475000000 160
7979 727182000000 160
7991 728889000000 160
8018 730596000000 160
8045 732303000000 160
8060 734010000000 160
8075 735717000000 160
8090 737424000000 160
8114 739131000000 160
8129 740838000000 160
8144 742545000000 160
8168 744252000000 160
8195 745959000000 160
8210 747666000000 160
8222 749373000000 160
8240 751080000000 160
8267 752787000000 160
8279 754494000000 160
8306 756201000000 160
8321 757908000000 160
8345 759615000000 160
8360 761322000000 160
8375 763029000000 160
8387 764736000000 160
8414 766443000000 160
8429 768150000000 160
8456 769857000000 160
8471 771564000000 160
8495 773271000000 160
8510 774978000000 160
8525 776685000000 160
8537 778392000000 160
8564 780099000000 160
8579 781806000000 160
8603 783513000000 160
8621 785220000000 160
8648 786927000000 160
8660 788634000000 160
8675 790341000000 160
8690 792048000000 160
8714 793755000000 160
8741 795462000000 160
8756 797169000000 160
8768 798876000000 160
8795 800583000000 160
8813 802290000000 160
8825 803997000000 160
8840 805704000000 160
8867 807411000000 160
8891 809118000000 160
8906 810825000000 160
8921 812532000000 160
8933 814239000000 160
8960 815946000000 160
8972 817653000000 160
8990 819360000000 160
9005 821067000000 160
9041 822774000000 160
9056 824481000000 160
9071 826188000000 160
9083 827895000000 160
9110 829602000000 160
9125 831309000000 160
9137 833016000000 160
9164 834723000000 160
9194 836430000000 160
9206 838137000000 160
9221 839844000000 160
9236 841551000000 160
9260 843258000000 160
9275 844965000000 160
9290 846672000000 160
9314 848379000000 160
9341 850086000000 160
9356 851793000000 160
9371 853500000000 160
9386 855207000000 160
9413 856914000000 160
9425 858621000000 160
9440 860328000000 160
9467 862035000000 160
9491 863742000000 160
9506 865449000000 160
9521 867156000000 160
9533 868863000000 160
9563 870570000000 160
9575 872277000000 160
9602 873984000000 160
9617 875691000000 160
9641 877398000000 160
9656 879105000000 160
9671 880812000000 160
9683 882519000000 160
9710 884226000000 160
9725 885933000000 160
9752 887640000000 160
9767 889347000000 160
9794 891054000000 160
9806 892761000000 160
9821 894468000000 160
9836 896175000000 160
9860 897882000000 160
9887 899589000000 160
9902 901296000000 160
9914 903003000000 160
9932 904710000000 160
9959 906417000000 160
9971 908124000000 160
9986 909831000000 160
10001 911538000000 160
10037 913245000000 160
10052 914952000000 160
10067 916659000000 160
10079 918366000000 160
10106 920073000000 160
10121 921780000000 160
10136 923487000000 160
10151 925194000000 160
10187 926901000000 160
10202 928608000000 160
10217 930315000000 160
10229 932022000000 160
10256 933729000000 160
10271 935436000000 160
10283 937143000000 160
10313 938850000000 160
10340 940557000000 160
10352 942264000000 160
10367 943971000000 160
10382 945678000000 160
10406 947385000000 160
10421 949092000000 160
10436 950799000000 160
10460 952506000000 160
10487 954213000000 160
10505 955920000000 160
10517 957627000000 160
10532 959334000000 160
10559 961041000000 160
10571 962748000000 160
10586 964455000000 160
10613 966162000000 160
10637 967869000000 160
10652 969576000000 160
10664 971283000000 160
10682 972990000000 160
10709 974697000000 160
10721 976404000000 160
10748 978111000000 160
10763 979818000000 160
10787 981525000000 160
10802 983232000000 160
10817 984939000000 160
10829 986646000000 160
10856 988353000000 160
10874 990060000000 160
10898 991767000000 160
10913 993474000000 160
10928 995181000000 160
10952 996888000000 160
10967 998595000000 160
