0 1707000000 160
15 3414000000 160
27 5121000000 160
42 6828000000 160
69 8535000000 160
81 10242000000 160
96 11949000000 160
123 13656000000 160
147 15363000000 160
165 17070000000 160
180 18777000000 160
192 20484000000 160
219 22191000000 160
234 23898000000 160
246 25605000000 160
273 27312000000 160
300 29019000000 160
312 30726000000 160
327 32433000000 160
345 34140000000 160
369 35847000000 160
384 37554000000 160
411 39261000000 160
423 40968000000 160
450 42675000000 160
465 44382000000 160
477 46089000000 160
492 47796000000 160
519 49503000000 160
534 51210000000 160
561 52917000000 160
573 54624000000 160
600 56331000000 160
615 58038000000 160
627 59745000000 160
642 61452000000 160
669 63159000000 160
681 64866000000 160
708 66573000000 160
726 68280000000 160
750 69987000000 160
765 71694000000 160
780 73401000000 160
792 75108000000 160
819 76815000000 160
846 78522000000 160
858 80229000000 160
873 81936000000 160
900 83643000000 160
915 85350000000 160
930 87057000000 160
945 88764000000 160
957 90471000000 160
996 92178000000 160
1011 93885000000 160
1023 95592000000 160
1038 97299000000 160
1065 99006000000 160
1077 100713000000 160
1095 102420000000 160
1107 104127000000 160
1146 105834000000 160
1161 107541000000 160
1173 109248000000 160
1188 110955000000 160
1215 112662000000 160
1227 114369000000 160
1242 116076000000 160
1269 117783000000 160
1296 119490000000 160
1311 121197000000 160
1326 122904000000 160
1338 124611000000 160
1365 126318000000 160
1380 128025000000 160
1392 129732000000 160
1419 131439000000 160
1446 133146000000 160
1458 134853000000 160
1476 136560000000 160
1491 138267000000 160
1515 139974000000 160
1530 141681000000 160
1545 143388000000 160
1569 145095000000 160
1596 146802000000 160
1611 148509000000 160
1623 150216000000 160
1638 151923000000 160
1665 153630000000 160
1680 155337000000 160
1707 157044000000 160
1719 158751000000 160
1746 160458000000 160
1761 162165000000 160
1773 163872000000 160
1788 165579000000 160
1815 167286000000 160
1827 168993000000 160
1857 170700000000 160
1872 172407000000 160
1896 174114000000 160
1911 175821000000 160
1926 177528000000 160
1938 179235000000 160
1953 180942000000 160
1992 182649000000 160
2004 184356000000 160
2019 186063000000 160
2037 187770000000 160
2061 189477000000 160
2076 191184000000 160
2091 192891000000 160
2103 194598000000 160
2142 196305000000 160
2157 198012000000 160
2169 199719000000 160
2184 201426000000 160
2211 203133000000 160
2226 204840000000 160
2241 206547000000 160
2253 208254000000 160
2292 209961000000 160
2307 211668000000 160
2319 213375000000 160
2334 215082000000 160
2361 216789000000 160
2373 218496000000 160
2388 220203000000 160
2418 221910000000 160
2442 223617000000 160
2457 225324000000 160
2472 227031000000 160
2484 228738000000 160
2511 230445000000 160
2526 232152000000 160
2538 233859000000 160
2565 235566000000 160
2592 237273000000 160
2607 238980000000 160
2622 240687000000 160
2637 242394000000 160
2661 244101000000 160
2676 245808000000 160
2691 247515000000 160
2715 249222000000 160
2742 250929000000 160
2757 252636000000 160
2769 254343000000 160
2787 256050000000 160
2811 257757000000 160
2826 259464000000 160
2853 261171000000 160
2865 262878000000 160
2892 264585000000 160
2907 266292000000 160
2919 267999000000 160
2934 269706000000 160
2949 271413000000 160
2976 273120000000 160
3003 274827000000 160
3018 276534000000 160
3030 278241000000 160
3057 279948000000 160
3072 281655000000 160
3084 283362000000 160
3099 285069000000 160
3126 286776000000 160
3150 288483000000 160
3168 290190000000 160
3183 291897000000 160
3207 293604000000 160
3222 295311000000 160
3237 297018000000 160
3249 298725000000 160
3288 300432000000 160
3303 302139000000 160
3315 303846000000 160
3330 305553000000 160
3357 307260000000 160
3372 308967000000 160
3387 310674000000 160
3399 312381000000 160
3438 314088000000 160
3453 315795000000 160
3465 317502000000 160
3480 319209000000 160
3507 320916000000 160
3519 322623000000 160
3537 324330000000 160
3564 326037000000 160
3588 327744000000 160
3603 329451000000 160
3618 331158000000 160
3630 332865000000 160
3657 334572000000 160
3672 336279000000 160
3684 337986000000 160
3711 339693000000 160
3741 341400000000 160
3753 343107000000 160
3768 344814000000 160
3783 346521000000 160
3807 348228000000 160
3822 349935000000 160
3837 351642000000 160
3861 353349000000 160
3888 355056000000 160
3903 356763000000 160
3918 358470000000 160
3933 360177000000 160
3945 361884000000 160
3972 363591000000 160
3999 365298000000 160
4011 367005000000 160
4026 368712000000 160
4053 370419000000 160
4065 372126000000 160
4080 373833000000 160
4098 375540000000 160
4122 377247000000 160
4149 378954000000 160
4164 380661000000 160
4176 382368000000 160
4203 384075000000 160
4218 385782000000 160
4230 387489000000 160
4245 389196000000 160
4272 390903000000 160
4299 392610000000 160
4314 394317000000 160
4329 396024000000 160
4353 397731000000 160
4368 399438000000 160
4383 401145000000 160
4395 402852000000 160
4434 404559000000 160
4449 406266000000 160
4461 407973000000 160
4479 409680000000 160
4503 411387000000 160
4518 413094000000 160
4533 414801000000 160
4545 416508000000 160
4584 418215000000 160
4599 419922000000 160
4611 421629000000 160
4626 423336000000 160
4653 425043000000 160
4668 426750000000 160
4683 428457000000 160
4698 430164000000 160
4734 431871000000 160
4749 433578000000 160
4764 435285000000 160
4776 436992000000 160
4803 438699000000 160
4818 440406000000 160
4830 442113000000 160
4860 443820000000 160
4887 445527000000 160
4899 447234000000 160
4914 448941000000 160
4929 450648000000 160
4941 452355000000 160
4968 454062000000 160
4983 455769000000 160
5007 457476000000 160
5022 459183000000 160
5049 460890000000 160
5064 462597000000 160
5079 464304000000 160
5091 466011000000 160
5118 467718000000 160
5145 469425000000 160
5157 471132000000 160
5172 472839000000 160
5199 474546000000 160
5211 476253000000 160
5229 477960000000 160
5244 479667000000 160
5268 481374000000 160
5295 483081000000 160
5310 484788000000 160
5322 486495000000 160
5349 488202000000 160
5364 489909000000 160
5376 491616000000 160
5391 493323000000 160
5421 495030000000 160
5445 496737000000 160
5460 498444000000 160
5475 500151000000 160
5499 501858000000 160
5514 503565000000 160
5529 505272000000 160
5541 506979000000 160
5580 508686000000 160
5595 510393000000 160
5610 512100000000 160
5625 513807000000 160
5649 515514000000 160
5664 517221000000 160
5679 518928000000 160
5691 520635000000 160
5730 522342000000 160
5745 524049000000 160
5757 525756000000 160
5772 527463000000 160
5802 529170000000 160
5814 530877000000 160
5829 532584000000 160
5844 534291000000 160
5880 535998000000 160
5895 537705000000 160
5910 539412000000 160
5922 541119000000 160
5937 542826000000 160
5964 544533000000 160
5979 546240000000 160
6006 547947000000 160
6021 549654000000 160
6045 551361000000 160
6060 553068000000 160
6075 554775000000 160
6087 556482000000 160
6114 558189000000 160
6129 559896000000 160
6153 561603000000 160
6171 563310000000 160
6195 565017000000 160
6210 566724000000 160
6225 568431000000 160
6237 570138000000 160
6264 571845000000 160
6279 573552000000 160
6303 575259000000 160
6318 576966000000 160
6345 578673000000 160
6360 580380000000 160
6375 582087000000 160
6390 583794000000 160
6414 585501000000 160
6441 587208000000 160
6456 588915000000 160
6468 590622000000 160
6495 592329000000 160
6510 594036000000 160
6522 595743000000 160
6540 597450000000 160
6567 599157000000 160
6591 600864000000 160
6606 602571000000 160
6621 604278000000 160
6645 605985000000 160
6660 607692000000 160
6675 609399000000 160
6687 611106000000 160
6726 612813000000 160
6741 614520000000 160
6756 616227000000 160
6771 617934000000 160
6795 619641000000 160
6810 621348000000 160
6825 623055000000 160
6837 624762000000 160
6876 626469000000 160
6891 628176000000 160
6903 629883000000 160
6921 631590000000 160
6936 633297000000 160
6960 635004000000 160
6975 636711000000 160
6990 638418000000 160
7014 640125000000 160
7041 641832000000 160
7056 643539000000 160
7068 645246000000 160
7083 646953000000 160
7113 648660000000 160
7125 650367000000 160
7152 652074000000 160
7167 653781000000 160
7191 655488000000 160
7206 657195000000 160
7221 658902000000 160
7233 660609000000 160
7260 662316000000 160
7275 664023000000 160
7302 665730000000 160
7317 667437000000 160
7341 669144000000 160
7356 670851000000 160
7371 672558000000 160
7383 674265000000 160
7410 675972000000 160
7425 677679000000 160
7449 679386000000 160
7464 681093000000 160
7494 682800000000 160
7506 684507000000 160
7521 686214000000 160
7536 687921000000 160
7560 689628000000 160
7587 691335000000 160
7602 693042000000 160
7614 694749000000 160
7641 696456000000 160
7656 698163000000 160
7671 699870000000 160
7686 701577000000 160
7713 703284000000 160
7737 704991000000 160
7752 706698000000 160
7767 708405000000 160
7791 710112000000 160
7806 711819000000 160
7821 713526000000 160
7833 715233000000 160
7863 716940000000 160
7887 718647000000 160
7902 720354000000 160
7917 722061000000 160
7929 723768000000 160
7956 725475000000 160
7971 727182000000 160
7983 728889000000 160
8010 730596000000 160
8037 732303000000 160
8052 734010000000 160
8067 735717000000 160
8082 737424000000 160
8106 739131000000 160
8121 740838000000 160
8136 742545000000 160
8160 744252000000 160
8187 745959000000 160
8202 747666000000 160
8214 749373000000 160
8232 751080000000 160
8259 752787000000 160
8271 754494000000 160
8298 756201000000 160
8313 757908000000 160
8337 759615000000 160
8352 761322000000 160
8367 763029000000 160
8379 764736000000 160
8406 766443000000 160
8421 768150000000 160
8448 769857000000 160
8463 771564000000 160
8487 773271000000 160
8502 774978000000 160
8517 776685000000 160
8529 778392000000 160
8556 780099000000 160
8571 781806000000 160
8595 783513000000 160
8613 785220000000 160
8640 786927000000 160
8652 788634000000 160
8667 790341000000 160
8682 792048000000 160
8706 793755000000 160
8733 795462000000 160
8748 797169000000 160
8760 798876000000 160
8787 800583000000 160
8805 802290000000 160
8817 803997000000 160
8832 805704000000 160
8859 807411000000 160
8883 809118000000 160
8898 810825000000 160
8913 812532000000 160
8925 814239000000 160
8952 815946000000 160
8964 817653000000 160
8982 819360000000 160
8997 821067000000 160
9033 822774000000 160
9048 824481000000 160
9063 826188000000 160
9075 827895000000 160
9102 829602000000 160
9117 831309000000 160
9129 833016000000 160
9156 834723000000 160
9186 836430000000 160
9198 838137000000 160
9213 839844000000 160
9228 841551000000 160
9252 843258000000 160
9267 844965000000 160
9282 846672000000 160
9306 848379000000 160
9333 850086000000 160
9348 851793000000 160
9363 853500000000 160
9378 855207000000 160
9405 856914000000 160
9417 858621000000 160
9432 860328000000 160
9459 862035000000 160
9483 863742000000 160
9498 865449000000 160
9513 867156000000 160
9525 868863000000 160
9555 870570000000 160
9567 872277000000 160
9594 873984000000 160
9609 875691000000 160
9633 877398000000 160
9648 879105000000 160
9663 880812000000 160
9675 882519000000 160
9702 884226000000 160
9717 885933000000 160
9744 887640000000 160
9759 889347000000 160
9786 891054000000 160
9798 892761000000 160
9813 894468000000 160
9828 896175000000 160
9852 897882000000 160
9879 899589000000 160
9894 901296000000 160
9906 903003000000 160
9924 904710000000 160
9951 906417000000 160
9963 908124000000 160
9978 909831000000 160
9993 911538000000 160
10029 913245000000 160
10044 914952000000 160
10059 916659000000 160
10071 918366000000 160
10098 920073000000 160
10113 921780000000 160
10128 923487000000 160
10143 925194000000 160
10179 926901000000 160
10194 928608000000 160
10209 930315000000 160
10221 932022000000 160
10248 933729000000 160
10263 935436000000 160
10275 937143000000 160
10305 938850000000 160
10332 940557000000 160
10344 942264000000 160
10359 943971000000 160
10374 945678000000 160
10398 947385000000 160
10413 949092000000 160
10428 950799000000 160
10452 952506000000 160
10479 954213000000 160
10497 955920000000 160
10509 957627000000 160
10524 959334000000 160
10551 961041000000 160
10563 962748000000 160
10578 964455000000 160
10605 966162000000 160
10629 967869000000 160
10644 969576000000 160
10656 971283000000 160
10674 972990000000 160
10701 974697000000 160
10713 976404000000 160
10740 978111000000 160
10755 979818000000 160
10779 981525000000 160
10794 983232000000 160
10809 984939000000 160
10821 986646000000 160
10848 988353000000 160
10866 990060000000 160
10890 991767000000 160
10905 993474000000 160
10920 995181000000 160
10944 996888000000 160
10959 998595000000 160
