162 17067000000 64
342 34134000000 64
531 51201000000 64
723 68268000000 64
912 85335000000 64
1092 102402000000 64
1293 119469000000 64
1473 136536000000 64
1662 153603000000 64
1854 170670000000 64
2034 187737000000 64
2223 204804000000 64
2415 221871000000 64
2604 238938000000 64
2784 256005000000 64
2973 273072000000 64
3165 290139000000 64
3354 307206000000 64
3534 324273000000 64
3738 341340000000 64
3915 358407000000 64
4095 375474000000 64
4296 392541000000 64
4476 409608000000 64
4665 426675000000 64
4857 443742000000 64
5046 460809000000 64
5226 477876000000 64
5418 494943000000 64
5607 512010000000 64
5799 529077000000 64
5976 546144000000 64
6168 563211000000 64
6357 580278000000 64
6537 597345000000 64
6738 614412000000 64
6918 631479000000 64
7110 648546000000 64
7299 665613000000 64
7491 682680000000 64
7668 699747000000 64
7848 716814000000 64
8049 733881000000 64
8229 750948000000 64
8418 768015000000 64
8610 785082000000 64
8802 802149000000 64
8979 819216000000 64
9183 836283000000 64
9360 853350000000 64
9552 870417000000 64
9741 887484000000 64
9921 904551000000 64
10110 921618000000 64
10302 938685000000 64
10494 955752000000 64
10671 972819000000 64
10863 989886000000 64
