113 13037000000 1358
263 26074000000 1358
401 39111000000 1358
551 52148000000 1358
698 65185000000 1358
836 78222000000 1358
986 91259000000 1358
1124 104296000000 1358
1259 117333000000 1358
1409 130370000000 1358
1559 143407000000 1358
1697 156444000000 1358
1844 169481000000 1358
1982 182518000000 1358
2132 195555000000 1358
2270 208592000000 1358
2405 221629000000 1358
2555 234666000000 1358
2705 247703000000 1358
2843 260740000000 1358
2993 273777000000 1358
3140 286814000000 1358
3278 299851000000 1358
3416 312888000000 1358
3554 325925000000 1358
3701 338962000000 1358
3851 351999000000 1358
3989 365036000000 1358
4139 378073000000 1358
4286 391110000000 1358
4424 404147000000 1358
4562 417184000000 1358
4712 430221000000 1358
4847 443258000000 1358
4997 456295000000 1358
5135 469332000000 1358
5285 482369000000 1358
5435 495406000000 1358
5570 508443000000 1358
5708 521480000000 1358
5858 534517000000 1358
5996 547554000000 1358
6143 560591000000 1358
6293 573628000000 1358
6431 586665000000 1358
6581 599702000000 1358
6716 612739000000 1358
6854 625776000000 1358
7004 638813000000 1358
7142 651850000000 1358
7289 664887000000 1358
7439 677924000000 1358
7577 690961000000 1358
7727 703998000000 1358
7877 717035000000 1358
8000 730072000000 1358
8150 743109000000 1358
8288 756146000000 1358
8438 769183000000 1358
8585 782220000000 1358
8723 795257000000 1358
8873 808294000000 1358
9023 821331000000 1358
9146 834368000000 1358
9296 847405000000 1358
9446 860442000000 1358
9584 873479000000 1358
9731 886516000000 1358
9869 899553000000 1358
10019 912590000000 1358
10157 925627000000 1358
10292 938664000000 1358
10442 951701000000 1358
10592 964738000000 1358
10730 977775000000 1358
10880 990812000000 1358
