115 14907000000 1358
265 28464000000 1358
403 42021000000 1358
553 55242000000 1358
700 68757000000 1358
838 82314000000 1358
988 95320000000 1358
1126 107157000000 1358
1261 119859000000 1358
1411 133248000000 1358
1561 146805000000 1358
1699 160026000000 1358
1846 173541000000 1358
1984 187098000000 1358
2134 199889000000 1358
2272 211726000000 1358
2407 224853000000 1358
2557 238032000000 1358
2707 251589000000 1358
2845 265034000000 1358
2995 278367000000 1358
3142 291882000000 1358
3280 304458000000 1358
3418 316510000000 1358
3556 329637000000 1358
3703 342816000000 1358
3853 356373000000 1358
3991 369930000000 1358
4141 383151000000 1358
4288 396666000000 1358
4426 409279000000 1358
4564 421079000000 1358
4714 434421000000 1358
4849 447642000000 1358
4999 461157000000 1358
5137 474714000000 1358
5287 487935000000 1358
5437 501492000000 1358
5572 513932000000 1358
5710 525648000000 1358
5860 539205000000 1358
5998 552706000000 1358
6145 565941000000 1358
6295 579498000000 1358
6433 592719000000 1358
6583 606276000000 1358
6718 618501000000 1358
6856 630432000000 1358
7006 643989000000 1358
7144 657546000000 1358
7291 670725000000 1358
7441 684282000000 1358
7579 697839000000 1358
7729 711060000000 1358
7879 723327000000 1358
8002 735272000000 1358
8152 748773000000 1358
8290 762330000000 1358
8440 775551000000 1358
8587 789066000000 1358
8725 802623000000 1358
8875 815844000000 1358
9025 827896000000 1358
9148 840336000000 1358
9298 853557000000 1358
9448 867114000000 1358
9586 880419000000 1358
9733 893850000000 1358
9871 907407000000 1358
10021 920413000000 1358
10159 932465000000 1358
10294 945162000000 1358
10444 958341000000 1358
10594 971898000000 1358
10732 985455000000 1358
10882 998676000000 1358
