62 9449000000 1450
143 18592000000 1450
215 24511000000 1450
293 32583000000 1450
365 38068000000 1450
446 46609000000 1450
512 52353000000 1450
596 60250000000 1450
665 66127000000 1450
746 74241000000 1450
815 79684000000 1450
896 87973000000 1450
977 94294000000 1450
1058 101530000000 1450
1142 109459000000 1450
1208 115738000000 1450
1289 123376000000 1450
1361 129323000000 1450
1439 137864000000 1450
1511 143188000000 1450
1592 151477000000 1450
1658 157396000000 1450
1742 165034000000 1450
1811 170911000000 1450
1892 179242000000 1450
1973 184468000000 1450
2057 192799000000 1450
2123 199279000000 1450
2204 206314000000 1450
2288 214444000000 1450
2354 220578000000 1450
2438 228482000000 1450
2507 234415000000 1450
2585 242704000000 1450
2657 247972000000 1450
2738 256261000000 1450
2807 262180000000 1450
2888 269818000000 1450
2969 275695000000 1450
3050 284026000000 1450
3119 289252000000 1450
3203 297583000000 1450
3269 304264000000 1450
3350 311196000000 1450
3434 319737000000 1450
3500 325642000000 1450
3584 333322000000 1450
3653 339199000000 1450
3731 347530000000 1450
3803 352973000000 1450
3884 361045000000 1450
3965 366964000000 1450
4046 374819000000 1450
4118 380521000000 1450
4199 388810000000 1450
4265 394253000000 1450
4349 402451000000 1450
4418 409585000000 1450
4499 416694000000 1450
4580 424549000000 1450
4649 430426000000 1450
4730 438540000000 1450
4799 443983000000 1450
4883 452314000000 1450
4961 458191000000 1450
5042 465829000000 1450
5114 471748000000 1450
5192 480037000000 1450
5264 485305000000 1450
5345 493678000000 1450
5411 499849000000 1450
5495 507487000000 1450
5564 514570000000 1450
5645 521695000000 1450
5726 529333000000 1450
5795 535252000000 1450
5876 543541000000 1450
5957 548767000000 1450
6041 557098000000 1450
6107 562975000000 1450
6191 570655000000 1450
6260 576532000000 1450
6338 584933000000 1450
6410 590425000000 1450
6491 598714000000 1450
6560 604633000000 1450
6641 612271000000 1450
6710 619555000000 1450
6791 626479000000 1450
6872 634117000000 1450
6956 640036000000 1450
7034 648325000000 1450
7103 653551000000 1450
7187 661882000000 1450
7253 667759000000 1450
7337 675579000000 1450
7406 681652000000 1450
7484 689983000000 1450
7556 695209000000 1450
7637 703498000000 1450
7706 709417000000 1450
7787 717055000000 1450
7859 724582000000 1450
7949 731263000000 1450
8030 739118000000 1450
8102 744820000000 1450
8180 753109000000 1450
8252 758594000000 1450
8333 766806000000 1450
8402 772879000000 1450
8483 780776000000 1450
8552 786436000000 1450
8636 794767000000 1450
8702 800427000000 1450
8783 808282000000 1450
8855 814402000000 1450
8945 822273000000 1450
9017 829567000000 1450
9098 836047000000 1450
9176 844336000000 1450
9248 849604000000 1450
9329 858061000000 1450
9398 864148000000 1450
9479 871786000000 1450
9548 877705000000 1450
9629 885994000000 1450
9698 891220000000 1450
9782 899551000000 1450
9848 905428000000 1450
9944 913108000000 1450
10013 919387000000 1450
10091 927274000000 1450
10175 934552000000 1450
10244 940831000000 1450
10325 949330000000 1450
10394 954724000000 1450
10475 963013000000 1450
10544 968932000000 1450
10625 976570000000 1450
10697 982489000000 1450
10775 990778000000 1450
10844 996004000000 1450
