60 8802000000 1450
141 18162000000 1450
213 24081000000 1450
291 31719000000 1450
363 37638000000 1450
444 45927000000 1450
510 51209000000 1450
594 59792000000 1450
663 65697000000 1450
744 73377000000 1450
813 79254000000 1450
894 87543000000 1450
975 93028000000 1450
1056 101100000000 1450
1140 108627000000 1450
1206 114874000000 1450
1287 122946000000 1450
1359 128865000000 1450
1437 136937000000 1450
1509 142506000000 1450
1590 151047000000 1450
1656 156749000000 1450
1740 164604000000 1450
1809 170481000000 1450
1890 178595000000 1450
1971 184038000000 1450
2055 192369000000 1450
2121 198447000000 1450
2202 205884000000 1450
2286 213612000000 1450
2352 220092000000 1450
2436 227772000000 1450
2505 233761000000 1450
2583 242274000000 1450
2655 247542000000 1450
2736 255831000000 1450
2805 261750000000 1450
2886 269388000000 1450
2967 275265000000 1450
3048 283596000000 1450
3117 288822000000 1450
3201 297153000000 1450
3267 303432000000 1450
3348 310668000000 1450
3432 318597000000 1450
3498 324988000000 1450
3582 332892000000 1450
3651 338769000000 1450
3729 347100000000 1450
3801 352326000000 1450
3882 360615000000 1450
3963 366534000000 1450
4044 374172000000 1450
4116 380091000000 1450
4197 388380000000 1450
4263 393606000000 1450
4347 401937000000 1450
4416 408417000000 1450
4497 415634000000 1450
4578 423918000000 1450
4647 429996000000 1450
4728 437676000000 1450
4797 443553000000 1450
4881 451884000000 1450
4959 457327000000 1450
5040 465399000000 1450
5112 471318000000 1450
5190 479173000000 1450
5262 484875000000 1450
5343 493164000000 1450
5409 498607000000 1450
5493 506861000000 1450
5562 513738000000 1450
5643 521048000000 1450
5724 528903000000 1450
5793 534822000000 1450
5874 542894000000 1450
5955 548337000000 1450
6039 556668000000 1450
6105 562545000000 1450
6189 570225000000 1450
6258 576102000000 1450
6336 584391000000 1450
6408 589659000000 1450
6489 598116000000 1450
6558 604203000000 1450
6639 611841000000 1450
6708 618723000000 1450
6789 626049000000 1450
6870 633687000000 1450
6954 639606000000 1450
7032 647895000000 1450
7101 653121000000 1450
7185 661452000000 1450
7251 667329000000 1450
7335 675009000000 1450
7404 680886000000 1450
7482 689413000000 1450
7554 694779000000 1450
7635 703068000000 1450
7704 708987000000 1450
7785 716625000000 1450
7857 723750000000 1450
7947 730833000000 1450
8028 738471000000 1450
8100 744390000000 1450
8178 752679000000 1450
8250 757947000000 1450
8331 766236000000 1450
8400 772113000000 1450
8481 779989000000 1450
8550 786006000000 1450
8634 794337000000 1450
8700 799563000000 1450
8781 807852000000 1450
8853 813771000000 1450
8943 821409000000 1450
9015 828534000000 1450
9096 835617000000 1450
9174 843472000000 1450
9246 849174000000 1450
9327 857463000000 1450
9396 862948000000 1450
9477 871244000000 1450
9546 877275000000 1450
9627 885130000000 1450
9696 890790000000 1450
9780 899121000000 1450
9846 904781000000 1450
9942 912678000000 1450
10011 918555000000 1450
10089 926627000000 1450
10173 933519000000 1450
10242 940401000000 1450
10323 948732000000 1450
10392 953958000000 1450
10473 962471000000 1450
10542 968502000000 1450
10623 976140000000 1450
10695 982059000000 1450
10773 990348000000 1450
10842 995574000000 1450
