2 1821000000 160
17 3528000000 160
29 5235000000 160
44 6942000000 160
71 10509000000 160
83 10845000000 160
98 12063000000 160
125 14895000000 160
149 19218000000 160
167 20247000000 160
182 21234000000 160
194 21570000000 160
221 24922000000 160
236 26124000000 160
248 26460000000 160
275 29658000000 160
302 32996000000 160
314 33762000000 160
329 34749000000 160
347 35519000000 160
371 38049000000 160
386 39681000000 160
413 40652000000 160
425 43416000000 160
452 46123000000 160
467 47536000000 160
479 48306000000 160
494 49293000000 160
521 51134000000 160
536 53238000000 160
563 55632000000 160
575 56973000000 160
602 59035000000 160
617 61527000000 160
629 61863000000 160
644 62850000000 160
671 64697000000 160
683 66753000000 160
710 70152000000 160
728 71181000000 160
752 72162000000 160
767 75084000000 160
782 76071000000 160
794 76407000000 160
821 77824000000 160
848 81564000000 160
860 83709000000 160
875 84696000000 160
902 85898000000 160
917 88641000000 160
932 89628000000 160
947 90398000000 160
959 90951000000 160
998 96126000000 160
1013 97483000000 160
1025 98253000000 160
1040 99240000000 160
1067 102156000000 160
1079 103143000000 160
1097 104172000000 160
1109 104508000000 160
1148 110487000000 160
1163 111474000000 160
1175 111810000000 160
1190 112797000000 160
1217 116149000000 160
1229 116700000000 160
1244 117687000000 160
1271 119478000000 160
1298 123614000000 160
1313 125031000000 160
1328 126018000000 160
1340 126354000000 160
1367 129276000000 160
1382 130908000000 160
1394 131244000000 160
1421 134241000000 160
1448 137350000000 160
1460 138546000000 160
1478 139575000000 160
1493 140345000000 160
1517 142188000000 160
1532 144465000000 160
1547 145018000000 160
1571 148200000000 160
1598 150262000000 160
1613 152320000000 160
1625 153090000000 160
1640 154077000000 160
1667 155315000000 160
1682 158022000000 160
1709 160014000000 160
1721 161757000000 160
1748 163389000000 160
1763 166311000000 160
1775 166647000000 160
1790 167634000000 160
1817 169051000000 160
1829 171537000000 160
1859 174777000000 160
1874 175965000000 160
1898 176516000000 160
1913 179868000000 160
1928 180855000000 160
1940 181191000000 160
1955 182178000000 160
1994 185946000000 160
2006 188493000000 160
2021 189480000000 160
2039 190250000000 160
2063 193425000000 160
2078 194412000000 160
2093 195182000000 160
2105 195735000000 160
2144 200709000000 160
2159 202267000000 160
2171 203037000000 160
2186 204024000000 160
2213 206725000000 160
2228 207969000000 160
2243 208956000000 160
2255 209292000000 160
2294 214841000000 160
2309 216258000000 160
2321 216594000000 160
2336 217581000000 160
2363 220503000000 160
2375 221484000000 160
2390 222471000000 160
2420 223902000000 160
2444 227753000000 160
2459 229815000000 160
2474 230802000000 160
2486 231138000000 160
2513 233415000000 160
2528 235692000000 160
2540 236028000000 160
2567 238623000000 160
2594 241272000000 160
2609 243372000000 160
2624 244359000000 160
2639 245129000000 160
2663 246542000000 160
2678 249249000000 160
2693 249802000000 160
2717 252984000000 160
2744 254616000000 160
2759 256887000000 160
2771 257874000000 160
2789 258903000000 160
2813 259669000000 160
2828 262806000000 160
2855 264597000000 160
2867 266541000000 160
2894 267743000000 160
2909 271095000000 160
2921 271431000000 160
2936 272418000000 160
2951 273405000000 160
2978 276363000000 160
3005 279159000000 160
3020 280749000000 160
3032 281085000000 160
3059 284652000000 160
3074 285639000000 160
3086 285975000000 160
3101 286962000000 160
3128 290529000000 160
3152 293277000000 160
3170 294306000000 160
3185 295076000000 160
3209 297994000000 160
3224 299196000000 160
3239 299749000000 160
3251 300519000000 160
3290 304661000000 160
3305 307051000000 160
3317 307821000000 160
3332 308808000000 160
3359 311121000000 160
3374 312753000000 160
3389 313740000000 160
3401 314076000000 160
3440 318779000000 160
3455 321042000000 160
3467 321378000000 160
3482 322365000000 160
3509 324642000000 160
3521 326268000000 160
3539 327297000000 160
3566 328485000000 160
3590 332107000000 160
3605 334599000000 160
3620 335586000000 160
3632 335922000000 160
3659 337769000000 160
3674 340476000000 160
3686 340812000000 160
3713 343005000000 160
3743 345626000000 160
3755 348156000000 160
3770 349143000000 160
3785 349696000000 160
3809 350896000000 160
3824 354033000000 160
3839 354586000000 160
3863 357768000000 160
3890 358970000000 160
3905 361671000000 160
3920 362700000000 160
3935 363687000000 160
3947 364023000000 160
3974 367590000000 160
4001 368979000000 160
4013 371325000000 160
4028 372312000000 160
4055 375879000000 160
4067 376215000000 160
4082 377202000000 160
4100 378231000000 160
4124 381147000000 160
4151 383742000000 160
4166 385533000000 160
4178 385869000000 160
4205 389221000000 160
4220 390423000000 160
4232 390759000000 160
4247 391746000000 160
4274 394666000000 160
4301 398103000000 160
4316 399090000000 160
4331 399860000000 160
4355 402133000000 160
4370 403980000000 160
4385 404533000000 160
4397 405303000000 160
4436 408599000000 160
4451 411618000000 160
4463 412605000000 160
4481 413634000000 160
4505 415260000000 160
4520 417537000000 160
4535 418524000000 160
4547 418860000000 160
4586 422731000000 160
4601 425826000000 160
4613 426162000000 160
4628 427149000000 160
4655 428996000000 160
4670 431094000000 160
4685 432081000000 160
4700 433068000000 160
4736 436461000000 160
4751 439383000000 160
4766 440370000000 160
4778 440706000000 160
4805 442123000000 160
4820 445260000000 160
4832 445596000000 160
4862 447630000000 160
4889 450022000000 160
4901 452940000000 160
4916 453927000000 160
4931 454480000000 160
4943 455250000000 160
4970 458817000000 160
4985 459153000000 160
5009 462351000000 160
5024 463539000000 160
5051 466497000000 160
5066 467484000000 160
5081 468471000000 160
5093 468807000000 160
5120 472374000000 160
5147 473562000000 160
5159 476109000000 160
5174 477096000000 160
5201 480448000000 160
5213 480999000000 160
5231 482028000000 160
5246 483015000000 160
5270 485286000000 160
5297 488124000000 160
5312 490317000000 160
5324 490653000000 160
5351 493360000000 160
5366 495207000000 160
5378 495543000000 160
5393 496530000000 160
5423 498805000000 160
5447 502887000000 160
5462 503874000000 160
5477 504427000000 160
5501 506487000000 160
5516 508764000000 160
5531 509317000000 160
5543 510087000000 160
5582 512551000000 160
5597 516402000000 160
5612 517431000000 160
5627 518418000000 160
5651 519614000000 160
5666 522321000000 160
5681 523308000000 160
5693 523644000000 160
5732 526884000000 160
5747 530610000000 160
5759 530946000000 160
5774 531933000000 160
5804 533392000000 160
5816 535878000000 160
5831 536865000000 160
5846 537852000000 160
5882 540815000000 160
5897 544167000000 160
5912 545154000000 160
5924 545490000000 160
5939 546477000000 160
5966 549827000000 160
5981 550422000000 160
6008 552012000000 160
6023 554591000000 160
6047 557724000000 160
6062 558711000000 160
6077 559264000000 160
6089 560034000000 160
6116 563601000000 160
6131 563937000000 160
6155 566733000000 160
6173 568365000000 160
6197 571066000000 160
6212 572268000000 160
6227 573255000000 160
6239 573591000000 160
6266 576513000000 160
6281 578145000000 160
6305 580893000000 160
6320 581880000000 160
6347 584587000000 160
6362 585825000000 160
6377 586812000000 160
6392 587799000000 160
6416 589640000000 160
6443 592707000000 160
6458 595101000000 160
6470 595437000000 160
6497 597714000000 160
6512 599991000000 160
6524 600327000000 160
6542 601356000000 160
6569 603201000000 160
6593 607269000000 160
6608 608658000000 160
6623 609211000000 160
6647 610841000000 160
6662 613548000000 160
6677 613884000000 160
6689 614871000000 160
6728 616704000000 160
6743 621228000000 160
6758 622215000000 160
6773 623202000000 160
6797 623968000000 160
6812 627105000000 160
6827 628092000000 160
6839 628428000000 160
6878 630621000000 160
6893 635394000000 160
6905 635730000000 160
6923 636759000000 160
6938 637746000000 160
6962 640662000000 160
6977 641649000000 160
6992 642636000000 160
7016 645384000000 160
7043 648951000000 160
7058 649938000000 160
7070 650274000000 160
7085 651261000000 160
7115 654611000000 160
7127 655206000000 160
7154 656595000000 160
7169 659158000000 160
7193 662078000000 160
7208 663495000000 160
7223 664048000000 160
7235 664818000000 160
7262 667740000000 160
7277 668721000000 160
7304 671358000000 160
7319 673149000000 160
7343 675205000000 160
7358 677052000000 160
7373 678039000000 160
7385 678375000000 160
7412 680867000000 160
7427 682929000000 160
7451 685677000000 160
7466 686664000000 160
7496 688983000000 160
7508 690609000000 160
7523 691596000000 160
7538 692583000000 160
7562 693994000000 160
7589 697089000000 160
7604 699885000000 160
7616 700221000000 160
7643 702068000000 160
7658 704558000000 160
7673 705153000000 160
7688 706140000000 160
7715 707555000000 160
7739 711852000000 160
7754 713442000000 160
7769 713995000000 160
7793 715195000000 160
7808 718332000000 160
7823 718668000000 160
7835 719655000000 160
7865 720684000000 160
7889 726012000000 160
7904 726999000000 160
7919 727986000000 160
7931 728322000000 160
7958 731889000000 160
7973 732876000000 160
7985 733212000000 160
8012 735204000000 160
8039 740178000000 160
8054 740556000000 160
8069 741543000000 160
8084 742530000000 160
8108 745446000000 160
8123 746433000000 160
8138 747420000000 160
8162 749766000000 160
8189 753305000000 160
8204 754722000000 160
8216 755058000000 160
8234 756087000000 160
8261 758792000000 160
8273 759990000000 160
8300 760977000000 160
8315 763942000000 160
8339 766432000000 160
8354 768279000000 160
8369 768615000000 160
8381 769602000000 160
8408 772094000000 160
8423 773547000000 160
8450 775740000000 160
8465 777933000000 160
8489 779559000000 160
8504 781836000000 160
8519 782823000000 160
8531 783159000000 160
8558 785221000000 160
8573 787713000000 160
8597 790461000000 160
8615 791490000000 160
8642 793337000000 160
8654 795393000000 160
8669 796380000000 160
8684 797367000000 160
8708 798348000000 160
8735 801672000000 160
8750 804669000000 160
8762 805005000000 160
8789 806207000000 160
8807 809342000000 160
8819 809937000000 160
8834 810924000000 160
8861 811477000000 160
8885 816234000000 160
8900 818226000000 160
8915 818779000000 160
8927 819549000000 160
8954 823116000000 160
8966 823452000000 160
8984 824481000000 160
8999 825468000000 160
9035 830796000000 160
9050 831783000000 160
9065 832770000000 160
9077 833106000000 160
9104 836458000000 160
9119 837660000000 160
9131 837996000000 160
9158 839586000000 160
9188 844574000000 160
9200 845340000000 160
9215 846327000000 160
9230 847314000000 160
9254 849585000000 160
9269 851217000000 160
9284 852204000000 160
9308 854349000000 160
9335 857659000000 160
9350 859289000000 160
9365 859884000000 160
9380 860871000000 160
9407 863146000000 160
9419 864774000000 160
9434 865761000000 160
9461 868726000000 160
9485 870786000000 160
9500 873063000000 160
9515 873399000000 160
9527 874386000000 160
9557 876490000000 160
9569 878331000000 160
9596 880122000000 160
9611 882717000000 160
9635 883913000000 160
9650 886620000000 160
9665 887607000000 160
9677 887943000000 160
9704 889360000000 160
9719 892497000000 160
9746 894885000000 160
9761 896274000000 160
9788 897476000000 160
9800 900177000000 160
9815 901164000000 160
9830 902151000000 160
9854 902487000000 160
9881 906054000000 160
9896 909236000000 160
9908 909789000000 160
9926 910818000000 160
9953 914168000000 160
9965 914721000000 160
9980 915708000000 160
9995 916261000000 160
10031 920817000000 160
10046 923010000000 160
10061 923346000000 160
10073 924333000000 160
10100 927685000000 160
10115 928278000000 160
10130 929265000000 160
10145 930252000000 160
10181 934949000000 160
10196 936567000000 160
10211 937554000000 160
10223 937890000000 160
10250 940812000000 160
10265 942444000000 160
10277 942780000000 160
10307 944211000000 160
10334 948928000000 160
10346 950124000000 160
10361 951111000000 160
10376 952098000000 160
10400 953939000000 160
10415 956001000000 160
10430 956988000000 160
10454 958731000000 160
10481 962013000000 160
10499 964073000000 160
10511 964668000000 160
10526 965655000000 160
10553 967283000000 160
10565 969558000000 160
10580 970545000000 160
10607 973510000000 160
10631 975140000000 160
10646 977847000000 160
10658 978183000000 160
10676 979212000000 160
10703 980629000000 160
10715 983115000000 160
10742 984705000000 160
10757 987501000000 160
10781 988052000000 160
10796 991404000000 160
10811 992391000000 160
10823 992727000000 160
10850 993714000000 160
10868 997323000000 160
10892 999468000000 160
