162 20234000000 64
342 35877000000 64
531 53119000000 64
723 71168000000 64
912 88522000000 64
1092 104159000000 64
1293 123280000000 64
1473 139562000000 64
1662 155196000000 64
1854 174457000000 64
2034 190636000000 64
2223 207956000000 64
2415 223783000000 64
2604 243253000000 64
2784 258890000000 64
2973 276244000000 64
3165 294293000000 64
3354 310787000000 64
3534 327284000000 64
3738 346012000000 64
3915 362687000000 64
4095 378218000000 64
4296 397984000000 64
4476 413621000000 64
4665 430975000000 64
4857 447310000000 64
5046 466378000000 64
5226 482015000000 64
5418 499406000000 64
5607 517418000000 64
5799 533058000000 64
5976 550303000000 64
6168 568352000000 64
6357 585706000000 64
6537 601343000000 64
6738 621109000000 64
6918 636746000000 64
7110 655025000000 64
7299 670837000000 64
7491 688649000000 64
7668 705034000000 64
7848 720671000000 64
8049 740437000000 64
8229 756074000000 64
8418 773428000000 64
8610 791477000000 64
8802 809756000000 64
8979 824468000000 64
9183 844240000000 64
9360 859765000000 64
9552 875941000000 64
9741 894364000000 64
9921 910805000000 64
10110 928159000000 64
10302 943796000000 64
10494 964515000000 64
10671 979199000000 64
10863 997310000000 64
