3 1849000000 160
18 3556000000 160
30 5263000000 160
45 6970000000 160
72 10537000000 160
84 10873000000 160
99 12091000000 160
126 15124000000 160
150 19246000000 160
168 20275000000 160
183 21262000000 160
195 21598000000 160
222 24950000000 160
237 26152000000 160
249 26488000000 160
276 29686000000 160
303 33024000000 160
315 33790000000 160
330 34777000000 160
348 35547000000 160
372 38077000000 160
387 39709000000 160
414 40680000000 160
426 43444000000 160
453 46151000000 160
468 47564000000 160
480 48334000000 160
495 49321000000 160
522 51162000000 160
537 53266000000 160
564 55660000000 160
576 57001000000 160
603 59278000000 160
618 61555000000 160
630 61891000000 160
645 62878000000 160
672 64725000000 160
684 66781000000 160
711 70180000000 160
729 71209000000 160
753 72190000000 160
768 75112000000 160
783 76099000000 160
795 76435000000 160
822 77852000000 160
849 81592000000 160
861 83737000000 160
876 84724000000 160
903 85926000000 160
918 88669000000 160
933 89656000000 160
948 90426000000 160
960 90979000000 160
999 96154000000 160
1014 97511000000 160
1026 98281000000 160
1041 99268000000 160
1068 102184000000 160
1080 103171000000 160
1098 104200000000 160
1110 104536000000 160
1149 110515000000 160
1164 111502000000 160
1176 111838000000 160
1191 112825000000 160
1218 116177000000 160
1230 116728000000 160
1245 117715000000 160
1272 119506000000 160
1299 123642000000 160
1314 125059000000 160
1329 126046000000 160
1341 126382000000 160
1368 129304000000 160
1383 130936000000 160
1395 131272000000 160
1422 134269000000 160
1449 137378000000 160
1461 138574000000 160
1479 139603000000 160
1494 140373000000 160
1518 142431000000 160
1533 144493000000 160
1548 145046000000 160
1572 148228000000 160
1599 150290000000 160
1614 152348000000 160
1626 153118000000 160
1641 154105000000 160
1668 155343000000 160
1683 158050000000 160
1710 160042000000 160
1722 161785000000 160
1749 163417000000 160
1764 166339000000 160
1776 166675000000 160
1791 167662000000 160
1818 169079000000 160
1830 171565000000 160
1860 174805000000 160
1875 175993000000 160
1899 176544000000 160
1914 179896000000 160
1929 180883000000 160
1941 181219000000 160
1956 182206000000 160
1995 185974000000 160
2007 188521000000 160
2022 189508000000 160
2040 190278000000 160
2064 193453000000 160
2079 194440000000 160
2094 195210000000 160
2106 195763000000 160
2145 200737000000 160
2160 202295000000 160
2172 203065000000 160
2187 204052000000 160
2214 206753000000 160
2229 207997000000 160
2244 208984000000 160
2256 209320000000 160
2295 214869000000 160
2310 216286000000 160
2322 216622000000 160
2337 217609000000 160
2364 220531000000 160
2376 221512000000 160
2391 222499000000 160
2421 224131000000 160
2445 227996000000 160
2460 229843000000 160
2475 230830000000 160
2487 231166000000 160
2514 233443000000 160
2529 235720000000 160
2541 236056000000 160
2568 238651000000 160
2595 241517000000 160
2610 243400000000 160
2625 244387000000 160
2640 245157000000 160
2664 246570000000 160
2679 249277000000 160
2694 249830000000 160
2718 253012000000 160
2745 254644000000 160
2760 256915000000 160
2772 257902000000 160
2790 258931000000 160
2814 259697000000 160
2829 262834000000 160
2856 264625000000 160
2868 266569000000 160
2895 267771000000 160
2910 271123000000 160
2922 271459000000 160
2937 272446000000 160
2952 273433000000 160
2979 276391000000 160
3006 279388000000 160
3021 280777000000 160
3033 281113000000 160
3060 284680000000 160
3075 285667000000 160
3087 286003000000 160
3102 286990000000 160
3129 290557000000 160
3153 293305000000 160
3171 294334000000 160
3186 295104000000 160
3210 298022000000 160
3225 299224000000 160
3240 299777000000 160
3252 300547000000 160
3291 304689000000 160
3306 307079000000 160
3318 307849000000 160
3333 308836000000 160
3360 311149000000 160
3375 312781000000 160
3390 313768000000 160
3402 314104000000 160
3441 319022000000 160
3456 321070000000 160
3468 321406000000 160
3483 322393000000 160
3510 324670000000 160
3522 326296000000 160
3540 327325000000 160
3567 328513000000 160
3591 332135000000 160
3606 334627000000 160
3621 335614000000 160
3633 335950000000 160
3660 337797000000 160
3675 340504000000 160
3687 340840000000 160
3714 343234000000 160
3744 345654000000 160
3756 348184000000 160
3771 349171000000 160
3786 349941000000 160
3810 350924000000 160
3825 354061000000 160
3840 354614000000 160
3864 357796000000 160
3891 358998000000 160
3906 361699000000 160
3921 362728000000 160
3936 363715000000 160
3948 364051000000 160
3975 367618000000 160
4002 369007000000 160
4014 371353000000 160
4029 372340000000 160
4056 375907000000 160
4068 376243000000 160
4083 377230000000 160
4101 378259000000 160
4125 381175000000 160
4152 383770000000 160
4167 385561000000 160
4179 385897000000 160
4206 389249000000 160
4221 390451000000 160
4233 390787000000 160
4248 391774000000 160
4275 394911000000 160
4302 398131000000 160
4317 399118000000 160
4332 399888000000 160
4356 402376000000 160
4371 404008000000 160
4386 404561000000 160
4398 405331000000 160
4437 408627000000 160
4452 411646000000 160
4464 412633000000 160
4482 413662000000 160
4506 415288000000 160
4521 417565000000 160
4536 418552000000 160
4548 418888000000 160
4587 422759000000 160
4602 425854000000 160
4614 426190000000 160
4629 427177000000 160
4656 429024000000 160
4671 431122000000 160
4686 432109000000 160
4701 433096000000 160
4737 436489000000 160
4752 439411000000 160
4767 440398000000 160
4779 440734000000 160
4806 442151000000 160
4821 445288000000 160
4833 445624000000 160
4863 447658000000 160
4890 450050000000 160
4902 452968000000 160
4917 453955000000 160
4932 454508000000 160
4944 455278000000 160
4971 458845000000 160
4986 459398000000 160
5010 462379000000 160
5025 463567000000 160
5052 466525000000 160
5067 467512000000 160
5082 468499000000 160
5094 468835000000 160
5121 472402000000 160
5148 473590000000 160
5160 476137000000 160
5175 477124000000 160
5202 480476000000 160
5214 481027000000 160
5232 482056000000 160
5247 483043000000 160
5271 485529000000 160
5298 488152000000 160
5313 490345000000 160
5325 490681000000 160
5352 493603000000 160
5367 495235000000 160
5379 495571000000 160
5394 496558000000 160
5424 498833000000 160
5448 502915000000 160
5463 503902000000 160
5478 504672000000 160
5502 506515000000 160
5517 508792000000 160
5532 509345000000 160
5544 510115000000 160
5583 512579000000 160
5598 516430000000 160
5613 517459000000 160
5628 518446000000 160
5652 519642000000 160
5667 522349000000 160
5682 523336000000 160
5694 523672000000 160
5733 526912000000 160
5748 530638000000 160
5760 530974000000 160
5775 531961000000 160
5805 533420000000 160
5817 535906000000 160
5832 536893000000 160
5847 537880000000 160
5883 540843000000 160
5898 544195000000 160
5913 545182000000 160
5925 545518000000 160
5940 546505000000 160
5967 549855000000 160
5982 550450000000 160
6009 552241000000 160
6024 554619000000 160
6048 557752000000 160
6063 558739000000 160
6078 559292000000 160
6090 560062000000 160
6117 563629000000 160
6132 563965000000 160
6156 566761000000 160
6174 568393000000 160
6198 571094000000 160
6213 572296000000 160
6228 573283000000 160
6240 573619000000 160
6267 576756000000 160
6282 578173000000 160
6306 580921000000 160
6321 581908000000 160
6348 584615000000 160
6363 585853000000 160
6378 586840000000 160
6393 587827000000 160
6417 589668000000 160
6444 592735000000 160
6459 595129000000 160
6471 595465000000 160
6498 597742000000 160
6513 600019000000 160
6525 600355000000 160
6543 601384000000 160
6570 603229000000 160
6594 607498000000 160
6609 608686000000 160
6624 609239000000 160
6648 610869000000 160
6663 613576000000 160
6678 614129000000 160
6690 614899000000 160
6729 616732000000 160
6744 621256000000 160
6759 622243000000 160
6774 623230000000 160
6798 623996000000 160
6813 627133000000 160
6828 628120000000 160
6840 628456000000 160
6879 630864000000 160
6894 635422000000 160
6906 635758000000 160
6924 636787000000 160
6939 637774000000 160
6963 640690000000 160
6978 641677000000 160
6993 642664000000 160
7017 645412000000 160
7044 648979000000 160
7059 649966000000 160
7071 650302000000 160
7086 651289000000 160
7116 654639000000 160
7128 655234000000 160
7155 656623000000 160
7170 659186000000 160
7194 662321000000 160
7209 663523000000 160
7224 664076000000 160
7236 664846000000 160
7263 667768000000 160
7278 668749000000 160
7305 671386000000 160
7320 673177000000 160
7344 675233000000 160
7359 677080000000 160
7374 678067000000 160
7386 678403000000 160
7413 680895000000 160
7428 682957000000 160
7452 685705000000 160
7467 686692000000 160
7497 689011000000 160
7509 690637000000 160
7524 691624000000 160
7539 692611000000 160
7563 694022000000 160
7590 697117000000 160
7605 699913000000 160
7617 700249000000 160
7644 702096000000 160
7659 704586000000 160
7674 705181000000 160
7689 706168000000 160
7716 707583000000 160
7740 711880000000 160
7755 713470000000 160
7770 714023000000 160
7794 715223000000 160
7809 718360000000 160
7824 718696000000 160
7836 719683000000 160
7866 720927000000 160
7890 726040000000 160
7905 727027000000 160
7920 728014000000 160
7932 728350000000 160
7959 731917000000 160
7974 732904000000 160
7986 733240000000 160
8013 735232000000 160
8040 740206000000 160
8055 740584000000 160
8070 741571000000 160
8085 742558000000 160
8109 745474000000 160
8124 746461000000 160
8139 747448000000 160
8163 749794000000 160
8190 753548000000 160
8205 754750000000 160
8217 755086000000 160
8235 756115000000 160
8262 758820000000 160
8274 760018000000 160
8301 761206000000 160
8316 763970000000 160
8340 766460000000 160
8355 768307000000 160
8370 768643000000 160
8382 769630000000 160
8409 772122000000 160
8424 773575000000 160
8451 775768000000 160
8466 777961000000 160
8490 779587000000 160
8505 781864000000 160
8520 782851000000 160
8532 783187000000 160
8559 785249000000 160
8574 787741000000 160
8598 790489000000 160
8616 791518000000 160
8643 793365000000 160
8655 795421000000 160
8670 796408000000 160
8685 797395000000 160
8709 798376000000 160
8736 801700000000 160
8751 804697000000 160
8763 805033000000 160
8790 806450000000 160
8808 809370000000 160
8820 809965000000 160
8835 810952000000 160
8862 811505000000 160
8886 816262000000 160
8901 818254000000 160
8916 818807000000 160
8928 819577000000 160
8955 823144000000 160
8967 823480000000 160
8985 824509000000 160
9000 825496000000 160
9036 830824000000 160
9051 831811000000 160
9066 832798000000 160
9078 833134000000 160
9105 836701000000 160
9120 837688000000 160
9132 838024000000 160
9159 839614000000 160
9189 844602000000 160
9201 845368000000 160
9216 846355000000 160
9231 847342000000 160
9255 849613000000 160
9270 851245000000 160
9285 852232000000 160
9309 854377000000 160
9336 857687000000 160
9351 859317000000 160
9366 859912000000 160
9381 860899000000 160
9408 863174000000 160
9420 864802000000 160
9435 865789000000 160
9462 868754000000 160
9486 870814000000 160
9501 873091000000 160
9516 873427000000 160
9528 874414000000 160
9558 876518000000 160
9570 878359000000 160
9597 880351000000 160
9612 882745000000 160
9636 883941000000 160
9651 886648000000 160
9666 887635000000 160
9678 887971000000 160
9705 889603000000 160
9720 892525000000 160
9747 894913000000 160
9762 896302000000 160
9789 897504000000 160
9801 900205000000 160
9816 901192000000 160
9831 902179000000 160
9855 902515000000 160
9882 906082000000 160
9897 909481000000 160
9909 909817000000 160
9927 910846000000 160
9954 914196000000 160
9966 914749000000 160
9981 915736000000 160
9996 916289000000 160
10032 920845000000 160
10047 923038000000 160
10062 923374000000 160
10074 924361000000 160
10101 927713000000 160
10116 928306000000 160
10131 929293000000 160
10146 930280000000 160
10182 935178000000 160
10197 936595000000 160
10212 937582000000 160
10224 937918000000 160
10251 940840000000 160
10266 942472000000 160
10278 942808000000 160
10308 944239000000 160
10335 948956000000 160
10347 950152000000 160
10362 951139000000 160
10377 952126000000 160
10401 953967000000 160
10416 956029000000 160
10431 957016000000 160
10455 958759000000 160
10482 962041000000 160
10500 964101000000 160
10512 964696000000 160
10527 965683000000 160
10554 967311000000 160
10566 969586000000 160
10581 970573000000 160
10608 973538000000 160
10632 975168000000 160
10647 977875000000 160
10659 978211000000 160
10677 979240000000 160
10704 980872000000 160
10716 983143000000 160
10743 984733000000 160
10758 987529000000 160
10782 988080000000 160
10797 991432000000 160
10812 992419000000 160
10824 992755000000 160
10851 993742000000 160
10869 997351000000 160
10893 999496000000 160
