4 1877000000 160
19 3584000000 160
31 5291000000 160
46 6998000000 160
73 10565000000 160
85 10901000000 160
100 12119000000 160
127 15152000000 160
151 19274000000 160
169 20303000000 160
184 21290000000 160
196 21626000000 160
223 24978000000 160
238 26180000000 160
250 26516000000 160
277 29714000000 160
304 33052000000 160
316 33818000000 160
331 34805000000 160
349 35792000000 160
373 38105000000 160
388 39737000000 160
415 40909000000 160
427 43472000000 160
454 46179000000 160
469 47592000000 160
481 48362000000 160
496 49349000000 160
523 51190000000 160
538 53294000000 160
565 55688000000 160
577 57029000000 160
604 59306000000 160
619 61583000000 160
631 61919000000 160
646 62906000000 160
673 64968000000 160
685 66809000000 160
712 70208000000 160
730 71237000000 160
754 72218000000 160
769 75140000000 160
784 76127000000 160
796 76463000000 160
823 77880000000 160
850 81620000000 160
862 83765000000 160
877 84752000000 160
904 85954000000 160
919 88697000000 160
934 89684000000 160
949 90454000000 160
961 91007000000 160
1000 96182000000 160
1015 97539000000 160
1027 98309000000 160
1042 99296000000 160
1069 102429000000 160
1081 103199000000 160
1099 104228000000 160
1111 104564000000 160
1150 110543000000 160
1165 111530000000 160
1177 111866000000 160
1192 112853000000 160
1219 116205000000 160
1231 116756000000 160
1246 117743000000 160
1273 119534000000 160
1300 123670000000 160
1315 125087000000 160
1330 126074000000 160
1342 126410000000 160
1369 129332000000 160
1384 130964000000 160
1396 131300000000 160
1423 134297000000 160
1450 137406000000 160
1462 138602000000 160
1480 139631000000 160
1495 140401000000 160
1519 142459000000 160
1534 144521000000 160
1549 145291000000 160
1573 148256000000 160
1600 150533000000 160
1615 152376000000 160
1627 153146000000 160
1642 154133000000 160
1669 155371000000 160
1684 158078000000 160
1711 160271000000 160
1723 161813000000 160
1750 163445000000 160
1765 166367000000 160
1777 166703000000 160
1792 167690000000 160
1819 169107000000 160
1831 171593000000 160
1861 174833000000 160
1876 176021000000 160
1900 176572000000 160
1915 179924000000 160
1930 180911000000 160
1942 181247000000 160
1957 182234000000 160
1996 186002000000 160
2008 188549000000 160
2023 189536000000 160
2041 190306000000 160
2065 193481000000 160
2080 194468000000 160
2095 195238000000 160
2107 195791000000 160
2146 200765000000 160
2161 202323000000 160
2173 203093000000 160
2188 204080000000 160
2215 206781000000 160
2230 208025000000 160
2245 209012000000 160
2257 209348000000 160
2296 214897000000 160
2311 216314000000 160
2323 216650000000 160
2338 217637000000 160
2365 220559000000 160
2377 221540000000 160
2392 222527000000 160
2422 224159000000 160
2446 228024000000 160
2461 229871000000 160
2476 230858000000 160
2488 231194000000 160
2515 233686000000 160
2530 235748000000 160
2542 236084000000 160
2569 238679000000 160
2596 241760000000 160
2611 243428000000 160
2626 244415000000 160
2641 245185000000 160
2665 246598000000 160
2680 249305000000 160
2695 249858000000 160
2719 253040000000 160
2746 254672000000 160
2761 257160000000 160
2773 257930000000 160
2791 258959000000 160
2815 259725000000 160
2830 262862000000 160
2857 264653000000 160
2869 266597000000 160
2896 267799000000 160
2911 271151000000 160
2923 271487000000 160
2938 272474000000 160
2953 273461000000 160
2980 276419000000 160
3007 279416000000 160
3022 280805000000 160
3034 281141000000 160
3061 284708000000 160
3076 285695000000 160
3088 286031000000 160
3103 287018000000 160
3130 290585000000 160
3154 293333000000 160
3172 294362000000 160
3187 295132000000 160
3211 298050000000 160
3226 299252000000 160
3241 299805000000 160
3253 300575000000 160
3292 304717000000 160
3307 307107000000 160
3319 307877000000 160
3334 308864000000 160
3361 311177000000 160
3376 312809000000 160
3391 313796000000 160
3403 314132000000 160
3442 319050000000 160
3457 321098000000 160
3469 321434000000 160
3484 322421000000 160
3511 324913000000 160
3523 326324000000 160
3541 327353000000 160
3568 328541000000 160
3592 332163000000 160
3607 334655000000 160
3622 335642000000 160
3634 335978000000 160
3661 337825000000 160
3676 340532000000 160
3688 340868000000 160
3715 343262000000 160
3745 345682000000 160
3757 348212000000 160
3772 349199000000 160
3787 349969000000 160
3811 350952000000 160
3826 354089000000 160
3841 354642000000 160
3865 357824000000 160
3892 359026000000 160
3907 361727000000 160
3922 362756000000 160
3937 363743000000 160
3949 364079000000 160
3976 367646000000 160
4003 369236000000 160
4015 371381000000 160
4030 372368000000 160
4057 375935000000 160
4069 376271000000 160
4084 377258000000 160
4102 378287000000 160
4126 381203000000 160
4153 383798000000 160
4168 385589000000 160
4180 385925000000 160
4207 389277000000 160
4222 390479000000 160
4234 390815000000 160
4249 391802000000 160
4276 394939000000 160
4303 398159000000 160
4318 399146000000 160
4333 399916000000 160
4357 402404000000 160
4372 404036000000 160
4387 404589000000 160
4399 405359000000 160
4438 408870000000 160
4453 411674000000 160
4465 412661000000 160
4483 413690000000 160
4507 415316000000 160
4522 417593000000 160
4537 418580000000 160
4549 418916000000 160
4588 422787000000 160
4603 425882000000 160
4615 426218000000 160
4630 427205000000 160
4657 429052000000 160
4672 431150000000 160
4687 432137000000 160
4702 433124000000 160
4738 436517000000 160
4753 439439000000 160
4768 440426000000 160
4780 440762000000 160
4807 442179000000 160
4822 445316000000 160
4834 445652000000 160
4864 447686000000 160
4891 450078000000 160
4903 452996000000 160
4918 453983000000 160
4933 454536000000 160
4945 455306000000 160
4972 458873000000 160
4987 459426000000 160
5011 462407000000 160
5026 463595000000 160
5053 466553000000 160
5068 467540000000 160
5083 468527000000 160
5095 468863000000 160
5122 472430000000 160
5149 473618000000 160
5161 476165000000 160
5176 477152000000 160
5203 480504000000 160
5215 481055000000 160
5233 482084000000 160
5248 483071000000 160
5272 485557000000 160
5299 488381000000 160
5314 490373000000 160
5326 490709000000 160
5353 493631000000 160
5368 495263000000 160
5380 495599000000 160
5395 496586000000 160
5425 499076000000 160
5449 502943000000 160
5464 503930000000 160
5479 504700000000 160
5503 506543000000 160
5518 508820000000 160
5533 509373000000 160
5545 510143000000 160
5584 512607000000 160
5599 516458000000 160
5614 517487000000 160
5629 518474000000 160
5653 519670000000 160
5668 522377000000 160
5683 523364000000 160
5695 523700000000 160
5734 526940000000 160
5749 530666000000 160
5761 531002000000 160
5776 531989000000 160
5806 533448000000 160
5818 535934000000 160
5833 536921000000 160
5848 537908000000 160
5884 540871000000 160
5899 544223000000 160
5914 545210000000 160
5926 545546000000 160
5941 546533000000 160
5968 550100000000 160
5983 550478000000 160
6010 552269000000 160
6025 554647000000 160
6049 557780000000 160
6064 558767000000 160
6079 559320000000 160
6091 560090000000 160
6118 563657000000 160
6133 563993000000 160
6157 566789000000 160
6175 568421000000 160
6199 571122000000 160
6214 572324000000 160
6229 573311000000 160
6241 573647000000 160
6268 576784000000 160
6283 578201000000 160
6307 580949000000 160
6322 581936000000 160
6349 584858000000 160
6364 585881000000 160
6379 586868000000 160
6394 587855000000 160
6418 589696000000 160
6445 592763000000 160
6460 595157000000 160
6472 595493000000 160
6499 597770000000 160
6514 600047000000 160
6526 600383000000 160
6544 601412000000 160
6571 603257000000 160
6595 607526000000 160
6610 608714000000 160
6625 609267000000 160
6649 610897000000 160
6664 613604000000 160
6679 614157000000 160
6691 614927000000 160
6730 616760000000 160
6745 621284000000 160
6760 622271000000 160
6775 623258000000 160
6799 624024000000 160
6814 627161000000 160
6829 628148000000 160
6841 628484000000 160
6880 630892000000 160
6895 635450000000 160
6907 635786000000 160
6925 636815000000 160
6940 637802000000 160
6964 640718000000 160
6979 641705000000 160
6994 642692000000 160
7018 645440000000 160
7045 649007000000 160
7060 649994000000 160
7072 650330000000 160
7087 651317000000 160
7117 654667000000 160
7129 655262000000 160
7156 656651000000 160
7171 659431000000 160
7195 662349000000 160
7210 663551000000 160
7225 664104000000 160
7237 664874000000 160
7264 668011000000 160
7279 668777000000 160
7306 671414000000 160
7321 673205000000 160
7345 675261000000 160
7360 677108000000 160
7375 678095000000 160
7387 678431000000 160
7414 680923000000 160
7429 682985000000 160
7453 685733000000 160
7468 686720000000 160
7498 689039000000 160
7510 690665000000 160
7525 691652000000 160
7540 692639000000 160
7564 694050000000 160
7591 697346000000 160
7606 699941000000 160
7618 700277000000 160
7645 702124000000 160
7660 704831000000 160
7675 705209000000 160
7690 706196000000 160
7717 707611000000 160
7741 711908000000 160
7756 713498000000 160
7771 714051000000 160
7795 715251000000 160
7810 718388000000 160
7825 718724000000 160
7837 719711000000 160
7867 720955000000 160
7891 726068000000 160
7906 727055000000 160
7921 728042000000 160
7933 728378000000 160
7960 731945000000 160
7975 732932000000 160
7987 733268000000 160
8014 735260000000 160
8041 740234000000 160
8056 740612000000 160
8071 741599000000 160
8086 742586000000 160
8110 745502000000 160
8125 746489000000 160
8140 747476000000 160
8164 749822000000 160
8191 753576000000 160
8206 754778000000 160
8218 755114000000 160
8236 756143000000 160
8263 759063000000 160
8275 760046000000 160
8302 761234000000 160
8317 763998000000 160
8341 766488000000 160
8356 768335000000 160
8371 768888000000 160
8383 769658000000 160
8410 772150000000 160
8425 773603000000 160
8452 775796000000 160
8467 777989000000 160
8491 779615000000 160
8506 781892000000 160
8521 782879000000 160
8533 783215000000 160
8560 785277000000 160
8575 787769000000 160
8599 790517000000 160
8617 791546000000 160
8644 793393000000 160
8656 795449000000 160
8671 796436000000 160
8686 797423000000 160
8710 798404000000 160
8737 801728000000 160
8752 804725000000 160
8764 805061000000 160
8791 806478000000 160
8809 809398000000 160
8821 809993000000 160
8836 810980000000 160
8863 811965000000 160
8887 816491000000 160
8902 818282000000 160
8917 818835000000 160
8929 819605000000 160
8956 823172000000 160
8968 823508000000 160
8986 824537000000 160
9001 825524000000 160
9037 830852000000 160
9052 831839000000 160
9067 832826000000 160
9079 833162000000 160
9106 836729000000 160
9121 837716000000 160
9133 838052000000 160
9160 839642000000 160
9190 844845000000 160
9202 845396000000 160
9217 846383000000 160
9232 847370000000 160
9256 849641000000 160
9271 851273000000 160
9286 852260000000 160
9310 854405000000 160
9337 857715000000 160
9352 859562000000 160
9367 859940000000 160
9382 860927000000 160
9409 863202000000 160
9421 864830000000 160
9436 865817000000 160
9463 868782000000 160
9487 870842000000 160
9502 873119000000 160
9517 873455000000 160
9529 874442000000 160
9559 876546000000 160
9571 878387000000 160
9598 880379000000 160
9613 882773000000 160
9637 883969000000 160
9652 886676000000 160
9667 887663000000 160
9679 887999000000 160
9706 889631000000 160
9721 892553000000 160
9748 894941000000 160
9763 896330000000 160
9790 897747000000 160
9802 900233000000 160
9817 901220000000 160
9832 902207000000 160
9856 902543000000 160
9883 906311000000 160
9898 909509000000 160
9910 909845000000 160
9928 910874000000 160
9955 914224000000 160
9967 914777000000 160
9982 915764000000 160
9997 916317000000 160
10033 920873000000 160
10048 923066000000 160
10063 923619000000 160
10075 924389000000 160
10102 927956000000 160
10117 928334000000 160
10132 929321000000 160
10147 930308000000 160
10183 935206000000 160
10198 936623000000 160
10213 937610000000 160
10225 937946000000 160
10252 940868000000 160
10267 942500000000 160
10279 942836000000 160
10309 944267000000 160
10336 948984000000 160
10348 950180000000 160
10363 951167000000 160
10378 952154000000 160
10402 953995000000 160
10417 956057000000 160
10432 957044000000 160
10456 958787000000 160
10483 962069000000 160
10501 964129000000 160
10513 964724000000 160
10528 965711000000 160
10555 967556000000 160
10567 969614000000 160
10582 970601000000 160
10609 973566000000 160
10633 975196000000 160
10648 977903000000 160
10660 978239000000 160
10678 979268000000 160
10705 980900000000 160
10717 983171000000 160
10744 984761000000 160
10759 987557000000 160
10783 988323000000 160
10798 991460000000 160
10813 992447000000 160
10825 992783000000 160
10852 993770000000 160
10870 997379000000 160
10894 999524000000 160
