11 2073000000 160
26 3780000000 160
38 5487000000 160
53 7194000000 160
80 10761000000 160
92 11097000000 160
107 12315000000 160
134 15549000000 160
158 19470000000 160
176 20499000000 160
191 21486000000 160
203 21822000000 160
230 25389000000 160
245 26376000000 160
257 26712000000 160
284 30111000000 160
311 33463000000 160
323 34014000000 160
338 35001000000 160
356 36030000000 160
380 38516000000 160
395 39933000000 160
422 41322000000 160
434 43668000000 160
461 46590000000 160
476 48005000000 160
488 48558000000 160
503 49545000000 160
530 51818000000 160
545 53490000000 160
572 56085000000 160
584 57442000000 160
611 59717000000 160
626 61779000000 160
638 62115000000 160
653 63102000000 160
680 65164000000 160
692 67005000000 160
719 70404000000 160
737 71433000000 160
761 72629000000 160
776 75336000000 160
791 76323000000 160
803 76659000000 160
830 78291000000 160
857 82017000000 160
869 83961000000 160
884 84948000000 160
911 86365000000 160
926 88893000000 160
941 89880000000 160
956 90867000000 160
968 91418000000 160
1007 96579000000 160
1022 97952000000 160
1034 98505000000 160
1049 99492000000 160
1076 102625000000 160
1088 103395000000 160
1106 104424000000 160
1118 104977000000 160
1157 110739000000 160
1172 111726000000 160
1184 112062000000 160
1199 113049000000 160
1226 116616000000 160
1238 116952000000 160
1253 117939000000 160
1280 119931000000 160
1307 124081000000 160
1322 125283000000 160
1337 126270000000 160
1349 126606000000 160
1376 129743000000 160
1391 131160000000 160
1403 131496000000 160
1430 134694000000 160
1457 137817000000 160
1469 138798000000 160
1487 139827000000 160
1502 140814000000 160
1526 142870000000 160
1541 144717000000 160
1556 145688000000 160
1580 148452000000 160
1607 150729000000 160
1622 152789000000 160
1634 153342000000 160
1649 154329000000 160
1676 155999000000 160
1691 158274000000 160
1718 160668000000 160
1730 162009000000 160
1757 163856000000 160
1772 166563000000 160
1784 166899000000 160
1799 167886000000 160
1826 169518000000 160
1838 171789000000 160
1868 175230000000 160
1883 176217000000 160
1907 176983000000 160
1922 180120000000 160
1937 181107000000 160
1949 181443000000 160
1964 182645000000 160
2003 186399000000 160
2015 188745000000 160
2030 189732000000 160
2048 190761000000 160
2072 193677000000 160
2087 194664000000 160
2102 195651000000 160
2114 195987000000 160
2153 201162000000 160
2168 202736000000 160
2180 203289000000 160
2195 204276000000 160
2222 207409000000 160
2237 208221000000 160
2252 209208000000 160
2264 209544000000 160
2303 215308000000 160
2318 216510000000 160
2330 216846000000 160
2345 217833000000 160
2372 220970000000 160
2384 221736000000 160
2399 222723000000 160
2429 224556000000 160
2453 228435000000 160
2468 230067000000 160
2483 231054000000 160
2495 231390000000 160
2522 234097000000 160
2537 235944000000 160
2549 236280000000 160
2576 239076000000 160
2603 241956000000 160
2618 243624000000 160
2633 244611000000 160
2648 245598000000 160
2672 247009000000 160
2687 249501000000 160
2702 250271000000 160
2726 253236000000 160
2753 255083000000 160
2768 257356000000 160
2780 258126000000 160
2798 259155000000 160
2822 260353000000 160
2837 263058000000 160
2864 265050000000 160
2876 266793000000 160
2903 268210000000 160
2918 271347000000 160
2930 271683000000 160
2945 272670000000 160
2960 273872000000 160
2987 276615000000 160
3014 279813000000 160
3029 281001000000 160
3041 281337000000 160
3068 284904000000 160
3083 285891000000 160
3095 286227000000 160
3110 287214000000 160
3137 290982000000 160
3161 293529000000 160
3179 294558000000 160
3194 295545000000 160
3218 298461000000 160
3233 299448000000 160
3248 300218000000 160
3260 300771000000 160
3299 305329000000 160
3314 307520000000 160
3326 308073000000 160
3341 309060000000 160
3368 311805000000 160
3383 313005000000 160
3398 313992000000 160
3410 314328000000 160
3449 319662000000 160
3464 321294000000 160
3476 321630000000 160
3491 322617000000 160
3518 325109000000 160
3530 326520000000 160
3548 327549000000 160
3575 328938000000 160
3599 332574000000 160
3614 334851000000 160
3629 335838000000 160
3641 336174000000 160
3668 338236000000 160
3683 340728000000 160
3695 341064000000 160
3722 343659000000 160
3752 346352000000 160
3764 348408000000 160
3779 349395000000 160
3794 350382000000 160
3818 351363000000 160
3833 354285000000 160
3848 355055000000 160
3872 358020000000 160
3899 359437000000 160
3914 362140000000 160
3929 362952000000 160
3944 363939000000 160
3956 364490000000 160
3983 367842000000 160
4010 369432000000 160
4022 371577000000 160
4037 372564000000 160
4064 376131000000 160
4076 376467000000 160
4091 377454000000 160
4109 378483000000 160
4133 381399000000 160
4160 384195000000 160
4175 385785000000 160
4187 386121000000 160
4214 389688000000 160
4229 390675000000 160
4241 391011000000 160
4256 391998000000 160
4283 395350000000 160
4310 398355000000 160
4325 399342000000 160
4340 400329000000 160
4364 402815000000 160
4379 404232000000 160
4394 405002000000 160
4406 405555000000 160
4445 409267000000 160
4460 412087000000 160
4472 412857000000 160
4490 413886000000 160
4514 415944000000 160
4529 417789000000 160
4544 418776000000 160
4556 419112000000 160
4595 423399000000 160
4610 426078000000 160
4622 426414000000 160
4637 427401000000 160
4664 429463000000 160
4679 431346000000 160
4694 432333000000 160
4709 433521000000 160
4745 436928000000 160
4760 439635000000 160
4775 440622000000 160
4787 440958000000 160
4814 442590000000 160
4829 445512000000 160
4841 445848000000 160
4871 448083000000 160
4898 450706000000 160
4910 453192000000 160
4925 454179000000 160
4940 454949000000 160
4952 455717000000 160
4979 459069000000 160
4994 459839000000 160
5018 462804000000 160
5033 463791000000 160
5060 466966000000 160
5075 467736000000 160
5090 468723000000 160
5102 469059000000 160
5129 472626000000 160
5156 474015000000 160
5168 476361000000 160
5183 477348000000 160
5210 480915000000 160
5222 481251000000 160
5240 482280000000 160
5255 483267000000 160
5279 485968000000 160
5306 488778000000 160
5321 490569000000 160
5333 490905000000 160
5360 494042000000 160
5375 495459000000 160
5387 495795000000 160
5402 496782000000 160
5432 499531000000 160
5456 503139000000 160
5471 504126000000 160
5486 505113000000 160
5510 506954000000 160
5525 509016000000 160
5540 509786000000 160
5552 510339000000 160
5591 513219000000 160
5606 516871000000 160
5621 517683000000 160
5636 518670000000 160
5660 520081000000 160
5675 522573000000 160
5690 523560000000 160
5702 523896000000 160
5741 527552000000 160
5756 530862000000 160
5768 531198000000 160
5783 532185000000 160
5813 533859000000 160
5825 536130000000 160
5840 537117000000 160
5855 538104000000 160
5891 541282000000 160
5906 544419000000 160
5921 545406000000 160
5933 545742000000 160
5948 546944000000 160
5975 550296000000 160
5990 550674000000 160
6017 552666000000 160
6032 555060000000 160
6056 557976000000 160
6071 558963000000 160
6086 559733000000 160
6098 560286000000 160
6125 563853000000 160
6140 564406000000 160
6164 567186000000 160
6182 568617000000 160
6206 571750000000 160
6221 572520000000 160
6236 573507000000 160
6248 573843000000 160
6275 577195000000 160
6290 578397000000 160
6314 581145000000 160
6329 582132000000 160
6356 585054000000 160
6371 586077000000 160
6386 587064000000 160
6401 588051000000 160
6425 590107000000 160
6452 593160000000 160
6467 595353000000 160
6479 595689000000 160
6506 598181000000 160
6521 600243000000 160
6533 600579000000 160
6551 601608000000 160
6578 603885000000 160
6602 607923000000 160
6617 608910000000 160
6632 609680000000 160
6656 611308000000 160
6671 613800000000 160
6686 614570000000 160
6698 615123000000 160
6737 617372000000 160
6752 621697000000 160
6767 622467000000 160
6782 623454000000 160
6806 624435000000 160
6821 627357000000 160
6836 628344000000 160
6848 628680000000 160
6887 631504000000 160
6902 635646000000 160
6914 635982000000 160
6932 637011000000 160
6947 637998000000 160
6971 640914000000 160
6986 641901000000 160
7001 642888000000 160
7025 645636000000 160
7052 649203000000 160
7067 650190000000 160
7079 650526000000 160
7094 651513000000 160
7124 655122000000 160
7136 655458000000 160
7163 657048000000 160
7178 659627000000 160
7202 662760000000 160
7217 663747000000 160
7232 664517000000 160
7244 665070000000 160
7271 668207000000 160
7286 669190000000 160
7313 671811000000 160
7328 673401000000 160
7352 675672000000 160
7367 677304000000 160
7382 678291000000 160
7394 678627000000 160
7421 681334000000 160
7436 683181000000 160
7460 685929000000 160
7475 686916000000 160
7505 689450000000 160
7517 690861000000 160
7532 691848000000 160
7547 692835000000 160
7571 694461000000 160
7598 697542000000 160
7613 700137000000 160
7625 700473000000 160
7652 702535000000 160
7667 705027000000 160
7682 705405000000 160
7697 706392000000 160
7724 708239000000 160
7748 712305000000 160
7763 713694000000 160
7778 714464000000 160
7802 715662000000 160
7817 718584000000 160
7832 719137000000 160
7844 719907000000 160
7874 721366000000 160
7898 726481000000 160
7913 727251000000 160
7928 728238000000 160
7940 728574000000 160
7967 732141000000 160
7982 733128000000 160
7994 733464000000 160
8021 735657000000 160
8048 740430000000 160
8063 740808000000 160
8078 741795000000 160
8093 742782000000 160
8117 745698000000 160
8132 746685000000 160
8147 747672000000 160
8171 750219000000 160
8198 753987000000 160
8213 754974000000 160
8225 755310000000 160
8243 756339000000 160
8270 759476000000 160
8282 760242000000 160
8309 761631000000 160
8324 764411000000 160
8348 766899000000 160
8363 768531000000 160
8378 769084000000 160
8390 769854000000 160
8417 772561000000 160
8432 774016000000 160
8459 776193000000 160
8474 778185000000 160
8498 780026000000 160
8513 782088000000 160
8528 783075000000 160
8540 783411000000 160
8567 785688000000 160
8582 787965000000 160
8606 790713000000 160
8624 791742000000 160
8651 793804000000 160
8663 795645000000 160
8678 796632000000 160
8693 797619000000 160
8717 798815000000 160
8744 802125000000 160
8759 804921000000 160
8771 805257000000 160
8798 806889000000 160
8816 809853000000 160
8828 810189000000 160
8843 811176000000 160
8870 812161000000 160
8894 816888000000 160
8909 818478000000 160
8924 819248000000 160
8936 819801000000 160
8963 823368000000 160
8975 823921000000 160
8993 824733000000 160
9008 825720000000 160
9044 831048000000 160
9059 832035000000 160
9074 833022000000 160
9086 833358000000 160
9113 836925000000 160
9128 837912000000 160
9140 838248000000 160
9167 840039000000 160
9197 845041000000 160
9209 845592000000 160
9224 846579000000 160
9239 847566000000 160
9263 850052000000 160
9278 851469000000 160
9293 852456000000 160
9317 854802000000 160
9344 858126000000 160
9359 859758000000 160
9374 860136000000 160
9389 861123000000 160
9416 863830000000 160
9428 865026000000 160
9443 866013000000 160
9470 869195000000 160
9494 871253000000 160
9509 873315000000 160
9524 873868000000 160
9536 874638000000 160
9566 876957000000 160
9578 878583000000 160
9605 880776000000 160
9620 882969000000 160
9644 884380000000 160
9659 886872000000 160
9674 887859000000 160
9686 888195000000 160
9713 890042000000 160
9728 892749000000 160
9755 895338000000 160
9770 896526000000 160
9797 898158000000 160
9809 900429000000 160
9824 901416000000 160
9839 902403000000 160
9863 902954000000 160
9890 906507000000 160
9905 909705000000 160
9917 910041000000 160
9935 911070000000 160
9962 914637000000 160
9974 914973000000 160
9989 915960000000 160
10004 916730000000 160
10040 921270000000 160
10055 923262000000 160
10070 923815000000 160
10082 924585000000 160
10109 928152000000 160
10124 928747000000 160
10139 929517000000 160
10154 930504000000 160
10190 935617000000 160
10205 936819000000 160
10220 937806000000 160
10232 938142000000 160
10259 941279000000 160
10274 942696000000 160
10286 943032000000 160
10316 944664000000 160
10343 949395000000 160
10355 950376000000 160
10370 951363000000 160
10385 952350000000 160
10409 954406000000 160
10424 956253000000 160
10439 957240000000 160
10463 959184000000 160
10490 962480000000 160
10508 964584000000 160
10520 964920000000 160
10535 965907000000 160
10562 967967000000 160
10574 969810000000 160
10589 970797000000 160
10616 973979000000 160
10640 975607000000 160
10655 978099000000 160
10667 978652000000 160
10685 979464000000 160
10712 981311000000 160
10724 983367000000 160
10751 985158000000 160
10766 987753000000 160
10790 988519000000 160
10805 991656000000 160
10820 992643000000 160
10832 992979000000 160
10859 994181000000 160
10877 997575000000 160
10901 999921000000 160
