1 1793000000 160
16 3500000000 160
28 5207000000 160
43 6914000000 160
70 10481000000 160
82 10817000000 160
97 12035000000 160
124 14867000000 160
148 19190000000 160
166 20219000000 160
181 21206000000 160
193 21542000000 160
220 24894000000 160
235 26096000000 160
247 26432000000 160
274 29630000000 160
301 32968000000 160
313 33734000000 160
328 34721000000 160
346 35491000000 160
370 38021000000 160
385 39653000000 160
412 40407000000 160
424 43388000000 160
451 46095000000 160
466 47508000000 160
478 48278000000 160
493 49265000000 160
520 50891000000 160
535 53210000000 160
562 55604000000 160
574 56945000000 160
601 59007000000 160
616 61499000000 160
628 61835000000 160
643 62822000000 160
670 64669000000 160
682 66725000000 160
709 70124000000 160
727 71153000000 160
751 72134000000 160
766 75056000000 160
781 76043000000 160
793 76379000000 160
820 77796000000 160
847 81335000000 160
859 83681000000 160
874 84668000000 160
901 85653000000 160
916 88613000000 160
931 89600000000 160
946 90370000000 160
958 90923000000 160
997 96098000000 160
1012 97455000000 160
1024 98225000000 160
1039 99212000000 160
1066 102128000000 160
1078 103115000000 160
1096 104144000000 160
1108 104480000000 160
1147 110459000000 160
1162 111446000000 160
1174 111782000000 160
1189 112769000000 160
1216 116121000000 160
1228 116672000000 160
1243 117659000000 160
1270 119450000000 160
1297 123586000000 160
1312 125003000000 160
1327 125990000000 160
1339 126326000000 160
1366 129248000000 160
1381 130880000000 160
1393 131216000000 160
1420 134012000000 160
1447 137107000000 160
1459 138518000000 160
1477 139547000000 160
1492 140317000000 160
1516 142160000000 160
1531 144437000000 160
1546 144990000000 160
1570 148172000000 160
1597 150234000000 160
1612 152075000000 160
1624 153062000000 160
1639 154049000000 160
1666 155287000000 160
1681 157994000000 160
1708 159986000000 160
1720 161729000000 160
1747 163361000000 160
1762 166283000000 160
1774 166619000000 160
1789 167606000000 160
1816 169023000000 160
1828 171509000000 160
1858 174749000000 160
1873 175937000000 160
1897 176488000000 160
1912 179840000000 160
1927 180827000000 160
1939 181163000000 160
1954 182150000000 160
1993 185918000000 160
2005 188465000000 160
2020 189452000000 160
2038 190222000000 160
2062 193397000000 160
2077 194384000000 160
2092 194937000000 160
2104 195707000000 160
2143 200681000000 160
2158 202239000000 160
2170 203009000000 160
2185 203996000000 160
2212 206697000000 160
2227 207941000000 160
2242 208928000000 160
2254 209264000000 160
2293 214813000000 160
2308 216230000000 160
2320 216566000000 160
2335 217553000000 160
2362 220260000000 160
2374 221456000000 160
2389 222443000000 160
2419 223874000000 160
2443 227725000000 160
2458 229787000000 160
2473 230774000000 160
2485 231110000000 160
2512 233387000000 160
2527 235664000000 160
2539 236000000000 160
2566 238595000000 160
2593 241244000000 160
2608 243344000000 160
2623 244331000000 160
2638 245101000000 160
2662 246514000000 160
2677 249221000000 160
2692 249774000000 160
2716 252956000000 160
2743 254588000000 160
2758 256859000000 160
2770 257846000000 160
2788 258875000000 160
2812 259641000000 160
2827 262778000000 160
2854 264569000000 160
2866 266513000000 160
2893 267715000000 160
2908 271067000000 160
2920 271403000000 160
2935 272390000000 160
2950 273377000000 160
2977 276335000000 160
3004 279131000000 160
3019 280721000000 160
3031 281057000000 160
3058 284624000000 160
3073 285611000000 160
3085 285947000000 160
3100 286934000000 160
3127 290501000000 160
3151 293249000000 160
3169 294278000000 160
3184 295048000000 160
3208 297966000000 160
3223 299168000000 160
3238 299721000000 160
3250 300491000000 160
3289 304633000000 160
3304 306806000000 160
3316 307793000000 160
3331 308780000000 160
3358 310878000000 160
3373 312725000000 160
3388 313712000000 160
3400 314048000000 160
3439 318751000000 160
3454 321014000000 160
3466 321350000000 160
3481 322337000000 160
3508 324614000000 160
3520 326240000000 160
3538 327269000000 160
3565 328457000000 160
3589 332079000000 160
3604 334571000000 160
3619 335558000000 160
3631 335894000000 160
3658 337741000000 160
3673 340448000000 160
3685 340784000000 160
3712 342977000000 160
3742 345598000000 160
3754 348128000000 160
3769 349115000000 160
3784 349668000000 160
3808 350868000000 160
3823 354005000000 160
3838 354558000000 160
3862 357740000000 160
3889 358942000000 160
3904 361643000000 160
3919 362672000000 160
3934 363659000000 160
3946 363995000000 160
3973 367562000000 160
4000 368951000000 160
4012 371297000000 160
4027 372284000000 160
4054 375851000000 160
4066 376187000000 160
4081 377174000000 160
4099 378203000000 160
4123 381119000000 160
4150 383714000000 160
4165 385505000000 160
4177 385841000000 160
4204 389193000000 160
4219 390395000000 160
4231 390731000000 160
4246 391718000000 160
4273 394423000000 160
4300 398075000000 160
4315 399062000000 160
4330 399832000000 160
4354 402105000000 160
4369 403952000000 160
4384 404505000000 160
4396 405275000000 160
4435 408370000000 160
4450 411590000000 160
4462 412577000000 160
4480 413606000000 160
4504 415232000000 160
4519 417509000000 160
4534 418496000000 160
4546 418832000000 160
4585 422703000000 160
4600 425798000000 160
4612 426134000000 160
4627 427121000000 160
4654 428968000000 160
4669 431066000000 160
4684 432053000000 160
4699 433040000000 160
4735 436433000000 160
4750 439355000000 160
4765 440342000000 160
4777 440678000000 160
4804 442095000000 160
4819 445232000000 160
4831 445568000000 160
4861 447602000000 160
4888 449779000000 160
4900 452912000000 160
4915 453899000000 160
4930 454452000000 160
4942 455222000000 160
4969 458789000000 160
4984 459125000000 160
5008 462122000000 160
5023 463511000000 160
5050 466469000000 160
5065 467456000000 160
5080 468443000000 160
5092 468779000000 160
5119 472346000000 160
5146 473534000000 160
5158 476081000000 160
5173 477068000000 160
5200 480205000000 160
5212 480971000000 160
5230 482000000000 160
5245 482987000000 160
5269 485258000000 160
5296 488096000000 160
5311 490289000000 160
5323 490625000000 160
5350 493332000000 160
5365 495179000000 160
5377 495515000000 160
5392 496502000000 160
5422 498777000000 160
5446 502859000000 160
5461 503846000000 160
5476 504399000000 160
5500 506459000000 160
5515 508736000000 160
5530 509289000000 160
5542 510059000000 160
5581 512523000000 160
5596 516374000000 160
5611 517403000000 160
5626 518390000000 160
5650 519586000000 160
5665 522293000000 160
5680 523280000000 160
5692 523616000000 160
5731 526856000000 160
5746 530582000000 160
5758 530918000000 160
5773 531905000000 160
5803 533364000000 160
5815 535850000000 160
5830 536837000000 160
5845 537824000000 160
5881 540572000000 160
5896 544139000000 160
5911 545126000000 160
5923 545462000000 160
5938 546449000000 160
5965 549799000000 160
5980 550394000000 160
6007 551984000000 160
6022 554563000000 160
6046 557696000000 160
6061 558683000000 160
6076 559236000000 160
6088 560006000000 160
6115 563573000000 160
6130 563909000000 160
6154 566705000000 160
6172 568337000000 160
6196 570823000000 160
6211 572240000000 160
6226 573227000000 160
6238 573563000000 160
6265 576485000000 160
6280 578117000000 160
6304 580865000000 160
6319 581852000000 160
6346 584559000000 160
6361 585797000000 160
6376 586784000000 160
6391 587771000000 160
6415 589612000000 160
6442 592679000000 160
6457 595073000000 160
6469 595409000000 160
6496 597686000000 160
6511 599746000000 160
6523 600299000000 160
6541 601328000000 160
6568 603173000000 160
6592 607241000000 160
6607 608630000000 160
6622 609183000000 160
6646 610813000000 160
6661 613520000000 160
6676 613856000000 160
6688 614843000000 160
6727 616475000000 160
6742 621200000000 160
6757 622187000000 160
6772 623174000000 160
6796 623725000000 160
6811 627077000000 160
6826 628064000000 160
6838 628400000000 160
6877 630593000000 160
6892 635366000000 160
6904 635702000000 160
6922 636731000000 160
6937 637718000000 160
6961 640634000000 160
6976 641621000000 160
6991 642608000000 160
7015 645356000000 160
7042 648923000000 160
7057 649910000000 160
7069 650246000000 160
7084 651233000000 160
7114 654368000000 160
7126 655178000000 160
7153 656567000000 160
7168 659130000000 160
7192 662050000000 160
7207 663467000000 160
7222 664020000000 160
7234 664790000000 160
7261 667712000000 160
7276 668693000000 160
7303 671129000000 160
7318 673121000000 160
7342 675177000000 160
7357 677024000000 160
7372 678011000000 160
7384 678347000000 160
7411 680839000000 160
7426 682901000000 160
7450 685649000000 160
7465 686636000000 160
7495 688955000000 160
7507 690581000000 160
7522 691568000000 160
7537 692555000000 160
7561 693966000000 160
7588 697061000000 160
7603 699857000000 160
7615 700193000000 160
7642 702040000000 160
7657 704530000000 160
7672 705125000000 160
7687 706112000000 160
7714 707310000000 160
7738 711824000000 160
7753 713414000000 160
7768 713967000000 160
7792 714952000000 160
7807 718304000000 160
7822 718640000000 160
7834 719627000000 160
7864 720656000000 160
7888 725984000000 160
7903 726971000000 160
7918 727958000000 160
7930 728294000000 160
7957 731861000000 160
7972 732848000000 160
7984 733184000000 160
8011 734975000000 160
8038 740150000000 160
8053 740528000000 160
8068 741515000000 160
8083 742502000000 160
8107 745203000000 160
8122 746405000000 160
8137 747392000000 160
8161 749738000000 160
8188 753277000000 160
8203 754477000000 160
8215 755030000000 160
8233 756059000000 160
8260 758764000000 160
8272 759962000000 160
8299 760949000000 160
8314 763914000000 160
8338 766404000000 160
8353 768251000000 160
8368 768587000000 160
8380 769574000000 160
8407 772066000000 160
8422 773519000000 160
8449 775712000000 160
8464 777905000000 160
8488 779531000000 160
8503 781808000000 160
8518 782795000000 160
8530 783131000000 160
8557 785193000000 160
8572 787685000000 160
8596 790232000000 160
8614 791462000000 160
8641 793309000000 160
8653 795365000000 160
8668 796352000000 160
8683 797339000000 160
8707 798105000000 160
8734 801644000000 160
8749 804641000000 160
8761 804977000000 160
8788 806179000000 160
8806 809314000000 160
8818 809909000000 160
8833 810896000000 160
8860 811449000000 160
8884 816206000000 160
8899 818198000000 160
8914 818534000000 160
8926 819521000000 160
8953 823088000000 160
8965 823424000000 160
8983 824453000000 160
8998 825440000000 160
9034 830768000000 160
9049 831755000000 160
9064 832742000000 160
9076 833078000000 160
9103 836430000000 160
9118 837632000000 160
9130 837968000000 160
9157 839558000000 160
9187 844546000000 160
9199 845312000000 160
9214 846299000000 160
9229 847286000000 160
9253 849557000000 160
9268 851189000000 160
9283 852176000000 160
9307 854321000000 160
9334 857631000000 160
9349 859261000000 160
9364 859856000000 160
9379 860843000000 160
9406 862901000000 160
9418 864746000000 160
9433 865733000000 160
9460 868698000000 160
9484 870758000000 160
9499 873035000000 160
9514 873371000000 160
9526 874358000000 160
9556 876462000000 160
9568 878303000000 160
9595 880094000000 160
9610 882689000000 160
9634 883670000000 160
9649 886592000000 160
9664 887579000000 160
9676 887915000000 160
9703 889332000000 160
9718 892469000000 160
9745 894857000000 160
9760 896246000000 160
9787 897448000000 160
9799 900149000000 160
9814 901136000000 160
9829 902123000000 160
9853 902459000000 160
9880 906026000000 160
9895 909208000000 160
9907 909761000000 160
9925 910790000000 160
9952 914140000000 160
9964 914693000000 160
9979 915680000000 160
9994 916233000000 160
10030 920789000000 160
10045 922982000000 160
10060 923318000000 160
10072 924305000000 160
10099 927657000000 160
10114 928250000000 160
10129 929237000000 160
10144 930224000000 160
10180 934921000000 160
10195 936539000000 160
10210 937526000000 160
10222 937862000000 160
10249 940784000000 160
10264 942416000000 160
10276 942752000000 160
10306 943982000000 160
10333 948900000000 160
10345 950096000000 160
10360 951083000000 160
10375 952070000000 160
10399 953911000000 160
10414 955973000000 160
10429 956960000000 160
10453 958703000000 160
10480 961985000000 160
10498 964045000000 160
10510 964640000000 160
10525 965627000000 160
10552 967255000000 160
10564 969530000000 160
10579 970517000000 160
10606 973265000000 160
10630 974897000000 160
10645 977819000000 160
10657 978155000000 160
10675 979184000000 160
10702 980601000000 160
10714 983087000000 160
10741 984677000000 160
10756 987473000000 160
10780 988024000000 160
10795 991376000000 160
10810 992363000000 160
10822 992699000000 160
10849 993686000000 160
10867 997295000000 160
10891 999239000000 160
