55 7727000000 1450
136 16685000000 1450
208 22789000000 1450
286 30644000000 1450
358 36563000000 1450
439 44635000000 1450
505 50078000000 1450
589 58409000000 1450
658 64286000000 1450
739 71966000000 1450
808 77843000000 1450
889 86328000000 1450
970 91736000000 1450
1051 100025000000 1450
1135 106547000000 1450
1201 113582000000 1450
1282 121670000000 1450
1354 127790000000 1450
1432 135428000000 1450
1504 141347000000 1450
1585 149636000000 1450
1651 154862000000 1450
1735 163193000000 1450
1804 169070000000 1450
1885 176974000000 1450
1966 182963000000 1450
2050 191294000000 1450
2116 196520000000 1450
2197 204809000000 1450
2281 211331000000 1450
2347 218366000000 1450
2431 226496000000 1450
2500 232574000000 1450
2578 240212000000 1450
2650 246131000000 1450
2731 254420000000 1450
2800 259688000000 1450
2881 268201000000 1450
2962 274190000000 1450
3043 281870000000 1450
3112 287747000000 1450
3196 296078000000 1450
3262 301304000000 1450
3343 309593000000 1450
3427 316316000000 1450
3493 323150000000 1450
3577 331481000000 1450
3646 337358000000 1450
3724 345213000000 1450
3796 350915000000 1450
3877 359456000000 1450
3958 365025000000 1450
4039 373097000000 1450
4111 379016000000 1450
4192 387088000000 1450
4258 392531000000 1450
4342 400862000000 1450
4411 406522000000 1450
4492 414419000000 1450
4573 421301000000 1450
4642 428368000000 1450
4723 436265000000 1450
4792 442170000000 1450
4876 450725000000 1450
4954 456035000000 1450
5035 464324000000 1450
5107 470243000000 1450
5185 477881000000 1450
5257 483800000000 1450
5338 492089000000 1450
5404 497315000000 1450
5488 505646000000 1450
5557 511523000000 1450
5638 519203000000 1450
5719 526286000000 1450
5788 533439000000 1450
5869 541329000000 1450
5950 547262000000 1450
6034 555593000000 1450
6100 560819000000 1450
6184 569150000000 1450
6253 575027000000 1450
6331 582665000000 1450
6403 588584000000 1450
6484 596873000000 1450
6553 602141000000 1450
6634 610430000000 1450
6703 616307000000 1450
6784 624043000000 1450
6865 631579000000 1450
6949 638531000000 1450
7027 646169000000 1450
7096 652046000000 1450
7180 660377000000 1450
7246 665603000000 1450
7330 673934000000 1450
7399 679811000000 1450
7477 687449000000 1450
7549 693368000000 1450
7630 701657000000 1450
7699 706925000000 1450
7780 715270000000 1450
7852 721441000000 1450
7942 729324000000 1450
8023 736592000000 1450
8095 743315000000 1450
8173 751170000000 1450
8245 756872000000 1450
8326 765161000000 1450
8395 770821000000 1450
8476 778718000000 1450
8545 784595000000 1450
8629 792709000000 1450
8695 798152000000 1450
8776 806525000000 1450
8848 812479000000 1450
8938 820334000000 1450
9010 826454000000 1450
9091 834542000000 1450
9169 841577000000 1450
9241 848099000000 1450
9322 856388000000 1450
9391 861656000000 1450
9472 869945000000 1450
9541 875822000000 1450
9622 883502000000 1450
9691 889379000000 1450
9775 897822000000 1450
9841 903272000000 1450
9937 911603000000 1450
10006 917480000000 1450
10084 925118000000 1450
10168 931439000000 1450
10237 939326000000 1450
10318 946604000000 1450
10387 952883000000 1450
10468 961172000000 1450
10537 966440000000 1450
10618 974729000000 1450
10690 980648000000 1450
10768 988398000000 1450
10837 994499000000 1450
