58 8372000000 1450
139 17732000000 1450
211 23651000000 1450
289 31289000000 1450
361 37208000000 1450
442 45497000000 1450
508 50723000000 1450
592 59054000000 1450
661 65043000000 1450
742 72947000000 1450
811 78824000000 1450
892 87113000000 1450
973 92381000000 1450
1054 100670000000 1450
1138 107795000000 1450
1204 114227000000 1450
1285 122516000000 1450
1357 128435000000 1450
1435 136073000000 1450
1507 141992000000 1450
1588 150281000000 1450
1654 155689000000 1450
1738 164174000000 1450
1807 170051000000 1450
1888 177948000000 1450
1969 183608000000 1450
2053 191939000000 1450
2119 197382000000 1450
2200 205454000000 1450
2284 212780000000 1450
2350 219228000000 1450
2434 227342000000 1450
2503 233219000000 1450
2581 241291000000 1450
2653 246916000000 1450
2734 255401000000 1450
2803 261103000000 1450
2884 268958000000 1450
2965 274835000000 1450
3046 283166000000 1450
3115 288392000000 1450
3199 296723000000 1450
3265 302600000000 1450
3346 310238000000 1450
3430 317765000000 1450
3496 324446000000 1450
3580 332126000000 1450
3649 338171000000 1450
3727 346670000000 1450
3799 351896000000 1450
3880 360185000000 1450
3961 366104000000 1450
4042 373742000000 1450
4114 379661000000 1450
4195 387950000000 1450
4261 393176000000 1450
4345 401507000000 1450
4414 407585000000 1450
4495 415064000000 1450
4576 422750000000 1450
4645 429426000000 1450
4726 437246000000 1450
4795 443123000000 1450
4879 451454000000 1450
4957 456680000000 1450
5038 464969000000 1450
5110 470888000000 1450
5188 478526000000 1450
5260 484445000000 1450
5341 492734000000 1450
5407 497960000000 1450
5491 506291000000 1450
5560 512570000000 1450
5641 520044000000 1450
5722 527870000000 1450
5791 534392000000 1450
5872 542030000000 1450
5953 547907000000 1450
6037 556238000000 1450
6103 561681000000 1450
6187 569795000000 1450
6256 575672000000 1450
6334 583527000000 1450
6406 589229000000 1450
6487 597518000000 1450
6556 603003000000 1450
6637 611299000000 1450
6706 617690000000 1450
6787 625402000000 1450
6868 632855000000 1450
6952 639176000000 1450
7030 647248000000 1450
7099 652691000000 1450
7183 661022000000 1450
7249 666899000000 1450
7333 674579000000 1450
7402 680456000000 1450
7480 688745000000 1450
7552 694013000000 1450
7633 702526000000 1450
7702 708557000000 1450
7783 716195000000 1450
7855 722717000000 1450
7945 730403000000 1450
8026 737840000000 1450
8098 743960000000 1450
8176 752249000000 1450
8248 757517000000 1450
8329 765806000000 1450
8398 771683000000 1450
8479 779363000000 1450
8548 785240000000 1450
8632 793823000000 1450
8698 799133000000 1450
8779 807422000000 1450
8851 813341000000 1450
8941 820979000000 1450
9013 827702000000 1450
9094 835187000000 1450
9172 842825000000 1450
9244 848744000000 1450
9325 857033000000 1450
9394 862301000000 1450
9475 870590000000 1450
9544 876537000000 1450
9625 884427000000 1450
9694 890360000000 1450
9778 898691000000 1450
9844 903917000000 1450
9940 912248000000 1450
10009 918125000000 1450
10087 925763000000 1450
10171 932687000000 1450
10240 939971000000 1450
10321 947868000000 1450
10390 953528000000 1450
10471 961817000000 1450
10540 967330000000 1450
10621 975654000000 1450
10693 981629000000 1450
10771 989701000000 1450
10840 995144000000 1450
