54 7512000000 1450
135 16269000000 1450
207 22357000000 1450
285 30429000000 1450
357 36348000000 1450
438 44203000000 1450
504 49863000000 1450
588 58194000000 1450
657 63854000000 1450
738 71751000000 1450
807 77628000000 1450
888 85700000000 1450
969 91409000000 1450
1050 99810000000 1450
1134 105713000000 1450
1200 113367000000 1450
1281 121053000000 1450
1353 127575000000 1450
1431 135213000000 1450
1503 141132000000 1450
1584 149421000000 1450
1650 154647000000 1450
1734 162978000000 1450
1803 168855000000 1450
1884 176535000000 1450
1965 182664000000 1450
2049 191079000000 1450
2115 196305000000 1450
2196 204594000000 1450
2280 210915000000 1450
2346 218151000000 1450
2430 226080000000 1450
2499 232359000000 1450
2577 239997000000 1450
2649 245916000000 1450
2730 254205000000 1450
2799 259473000000 1450
2880 267762000000 1450
2961 273891000000 1450
3042 281655000000 1450
3111 287532000000 1450
3195 295863000000 1450
3261 301089000000 1450
3342 309378000000 1450
3426 315900000000 1450
3492 322935000000 1450
3576 331065000000 1450
3645 337143000000 1450
3723 344781000000 1450
3795 350700000000 1450
3876 359017000000 1450
3957 364537000000 1450
4038 372882000000 1450
4110 378801000000 1450
4191 386656000000 1450
4257 392316000000 1450
4341 400647000000 1450
4410 406090000000 1450
4491 414204000000 1450
4572 420885000000 1450
4641 427936000000 1450
4722 436050000000 1450
4791 441927000000 1450
4875 450097000000 1450
4953 455764000000 1450
5034 464109000000 1450
5106 469811000000 1450
5184 477666000000 1450
5256 483585000000 1450
5337 491874000000 1450
5403 497100000000 1450
5487 505431000000 1450
5556 511308000000 1450
5637 518988000000 1450
5718 525870000000 1450
5787 533154000000 1450
5868 540890000000 1450
5949 547019000000 1450
6033 555378000000 1450
6099 560604000000 1450
6183 568935000000 1450
6252 574812000000 1450
6330 582450000000 1450
6402 588369000000 1450
6483 596658000000 1450
6552 601926000000 1450
6633 610215000000 1450
6702 616092000000 1450
6783 623772000000 1450
6864 630939000000 1450
6948 638316000000 1450
7026 645954000000 1450
7095 651831000000 1450
7179 660162000000 1450
7245 665388000000 1450
7329 673719000000 1450
7398 679596000000 1450
7476 687234000000 1450
7548 693153000000 1450
7629 701442000000 1450
7698 706710000000 1450
7779 714999000000 1450
7851 721002000000 1450
7941 728892000000 1450
8022 736176000000 1450
8094 743100000000 1450
8172 750738000000 1450
8244 756657000000 1450
8325 764946000000 1450
8394 770389000000 1450
8475 778503000000 1450
8544 784380000000 1450
8628 792277000000 1450
8694 797937000000 1450
8775 806226000000 1450
8847 811823000000 1450
8937 820119000000 1450
9009 826038000000 1450
9090 834110000000 1450
9168 841161000000 1450
9240 847884000000 1450
9321 855956000000 1450
9390 861441000000 1450
9471 869730000000 1450
9540 875607000000 1450
9621 883287000000 1450
9690 889164000000 1450
9774 897495000000 1450
9840 902861000000 1450
9936 911388000000 1450
10005 917265000000 1450
10083 924903000000 1450
10167 931023000000 1450
10236 939111000000 1450
10317 946188000000 1450
10386 952668000000 1450
10467 960957000000 1450
10536 966225000000 1450
10617 974514000000 1450
10689 980433000000 1450
10767 988071000000 1450
10836 994088000000 1450
