10 2045000000 160
25 3752000000 160
37 5459000000 160
52 7166000000 160
79 10733000000 160
91 11069000000 160
106 12287000000 160
133 15521000000 160
157 19442000000 160
175 20471000000 160
190 21458000000 160
202 21794000000 160
229 25361000000 160
244 26348000000 160
256 26684000000 160
283 30083000000 160
310 33435000000 160
322 33986000000 160
337 34973000000 160
355 36002000000 160
379 38488000000 160
394 39905000000 160
421 41294000000 160
433 43640000000 160
460 46562000000 160
475 47977000000 160
487 48530000000 160
502 49517000000 160
529 51790000000 160
544 53462000000 160
571 56057000000 160
583 57197000000 160
610 59474000000 160
625 61751000000 160
637 62087000000 160
652 63074000000 160
679 65136000000 160
691 66977000000 160
718 70376000000 160
736 71405000000 160
760 72601000000 160
775 75308000000 160
790 76295000000 160
802 76631000000 160
829 78263000000 160
856 81989000000 160
868 83933000000 160
883 84920000000 160
910 86337000000 160
925 88865000000 160
940 89852000000 160
955 90839000000 160
967 91390000000 160
1006 96551000000 160
1021 97924000000 160
1033 98477000000 160
1048 99464000000 160
1075 102597000000 160
1087 103367000000 160
1105 104396000000 160
1117 104949000000 160
1156 110711000000 160
1171 111698000000 160
1183 112034000000 160
1198 113021000000 160
1225 116588000000 160
1237 116924000000 160
1252 117911000000 160
1279 119903000000 160
1306 124053000000 160
1321 125255000000 160
1336 126242000000 160
1348 126578000000 160
1375 129715000000 160
1390 131132000000 160
1402 131468000000 160
1429 134666000000 160
1456 137789000000 160
1468 138770000000 160
1486 139799000000 160
1501 140786000000 160
1525 142627000000 160
1540 144689000000 160
1555 145660000000 160
1579 148424000000 160
1606 150701000000 160
1621 152761000000 160
1633 153314000000 160
1648 154301000000 160
1675 155971000000 160
1690 158246000000 160
1717 160439000000 160
1729 161981000000 160
1756 163828000000 160
1771 166535000000 160
1783 166871000000 160
1798 167858000000 160
1825 169490000000 160
1837 171761000000 160
1867 175202000000 160
1882 176189000000 160
1906 176955000000 160
1921 180092000000 160
1936 181079000000 160
1948 181415000000 160
1963 182617000000 160
2002 186371000000 160
2014 188717000000 160
2029 189704000000 160
2047 190733000000 160
2071 193649000000 160
2086 194636000000 160
2101 195623000000 160
2113 195959000000 160
2152 201134000000 160
2167 202708000000 160
2179 203261000000 160
2194 204248000000 160
2221 207381000000 160
2236 208193000000 160
2251 209180000000 160
2263 209516000000 160
2302 215280000000 160
2317 216482000000 160
2329 216818000000 160
2344 217805000000 160
2371 220942000000 160
2383 221708000000 160
2398 222695000000 160
2428 224528000000 160
2452 228407000000 160
2467 230039000000 160
2482 231026000000 160
2494 231362000000 160
2521 233854000000 160
2536 235916000000 160
2548 236252000000 160
2575 239048000000 160
2602 241928000000 160
2617 243596000000 160
2632 244583000000 160
2647 245570000000 160
2671 246981000000 160
2686 249473000000 160
2701 250243000000 160
2725 253208000000 160
2752 255055000000 160
2767 257328000000 160
2779 258098000000 160
2797 259127000000 160
2821 260325000000 160
2836 263030000000 160
2863 265022000000 160
2875 266765000000 160
2902 268182000000 160
2917 271319000000 160
2929 271655000000 160
2944 272642000000 160
2959 273844000000 160
2986 276587000000 160
3013 279584000000 160
3028 280973000000 160
3040 281309000000 160
3067 284876000000 160
3082 285863000000 160
3094 286199000000 160
3109 287186000000 160
3136 290954000000 160
3160 293501000000 160
3178 294530000000 160
3193 295517000000 160
3217 298433000000 160
3232 299420000000 160
3247 300190000000 160
3259 300743000000 160
3298 305301000000 160
3313 307492000000 160
3325 308045000000 160
3340 309032000000 160
3367 311777000000 160
3382 312977000000 160
3397 313964000000 160
3409 314300000000 160
3448 319419000000 160
3463 321266000000 160
3475 321602000000 160
3490 322589000000 160
3517 325081000000 160
3529 326492000000 160
3547 327521000000 160
3574 328910000000 160
3598 332546000000 160
3613 334823000000 160
3628 335810000000 160
3640 336146000000 160
3667 338208000000 160
3682 340700000000 160
3694 341036000000 160
3721 343631000000 160
3751 346324000000 160
3763 348380000000 160
3778 349367000000 160
3793 350137000000 160
3817 351335000000 160
3832 354257000000 160
3847 355027000000 160
3871 357992000000 160
3898 359409000000 160
3913 362112000000 160
3928 362924000000 160
3943 363911000000 160
3955 364462000000 160
3982 367814000000 160
4009 369404000000 160
4021 371549000000 160
4036 372536000000 160
4063 376103000000 160
4075 376439000000 160
4090 377426000000 160
4108 378455000000 160
4132 381371000000 160
4159 384167000000 160
4174 385757000000 160
4186 386093000000 160
4213 389660000000 160
4228 390647000000 160
4240 390983000000 160
4255 391970000000 160
4282 395322000000 160
4309 398327000000 160
4324 399314000000 160
4339 400301000000 160
4363 402572000000 160
4378 404204000000 160
4393 404974000000 160
4405 405527000000 160
4444 409239000000 160
4459 412059000000 160
4471 412829000000 160
4489 413858000000 160
4513 415916000000 160
4528 417761000000 160
4543 418748000000 160
4555 419084000000 160
4594 423371000000 160
4609 426050000000 160
4621 426386000000 160
4636 427373000000 160
4663 429435000000 160
4678 431318000000 160
4693 432305000000 160
4708 433292000000 160
4744 436900000000 160
4759 439607000000 160
4774 440594000000 160
4786 440930000000 160
4813 442562000000 160
4828 445484000000 160
4840 445820000000 160
4870 448055000000 160
4897 450678000000 160
4909 453164000000 160
4924 454151000000 160
4939 454921000000 160
4951 455689000000 160
4978 459041000000 160
4993 459594000000 160
5017 462776000000 160
5032 463763000000 160
5059 466938000000 160
5074 467708000000 160
5089 468695000000 160
5101 469031000000 160
5128 472598000000 160
5155 473987000000 160
5167 476333000000 160
5182 477320000000 160
5209 480887000000 160
5221 481223000000 160
5239 482252000000 160
5254 483239000000 160
5278 485940000000 160
5305 488549000000 160
5320 490541000000 160
5332 490877000000 160
5359 493799000000 160
5374 495431000000 160
5386 495767000000 160
5401 496754000000 160
5431 499503000000 160
5455 503111000000 160
5470 504098000000 160
5485 504868000000 160
5509 506926000000 160
5524 508988000000 160
5539 509758000000 160
5551 510311000000 160
5590 513191000000 160
5605 516843000000 160
5620 517655000000 160
5635 518642000000 160
5659 520053000000 160
5674 522545000000 160
5689 523532000000 160
5701 523868000000 160
5740 527524000000 160
5755 530834000000 160
5767 531170000000 160
5782 532157000000 160
5812 533831000000 160
5824 536102000000 160
5839 537089000000 160
5854 538076000000 160
5890 541254000000 160
5905 544391000000 160
5920 545378000000 160
5932 545714000000 160
5947 546701000000 160
5974 550268000000 160
5989 550646000000 160
6016 552638000000 160
6031 555032000000 160
6055 557948000000 160
6070 558935000000 160
6085 559705000000 160
6097 560258000000 160
6124 563825000000 160
6139 564378000000 160
6163 567158000000 160
6181 568589000000 160
6205 571505000000 160
6220 572492000000 160
6235 573479000000 160
6247 573815000000 160
6274 576952000000 160
6289 578369000000 160
6313 581117000000 160
6328 582104000000 160
6355 585026000000 160
6370 586049000000 160
6385 587036000000 160
6400 588023000000 160
6424 590079000000 160
6451 593132000000 160
6466 595325000000 160
6478 595661000000 160
6505 598153000000 160
6520 600215000000 160
6532 600551000000 160
6550 601580000000 160
6577 603857000000 160
6601 607694000000 160
6616 608882000000 160
6631 609652000000 160
6655 611280000000 160
6670 613772000000 160
6685 614325000000 160
6697 615095000000 160
6736 617344000000 160
6751 621669000000 160
6766 622439000000 160
6781 623426000000 160
6805 624407000000 160
6820 627329000000 160
6835 628316000000 160
6847 628652000000 160
6886 631261000000 160
6901 635618000000 160
6913 635954000000 160
6931 636983000000 160
6946 637970000000 160
6970 640886000000 160
6985 641873000000 160
7000 642860000000 160
7024 645608000000 160
7051 649175000000 160
7066 650162000000 160
7078 650498000000 160
7093 651485000000 160
7123 655094000000 160
7135 655430000000 160
7162 657020000000 160
7177 659599000000 160
7201 662517000000 160
7216 663719000000 160
7231 664489000000 160
7243 665042000000 160
7270 668179000000 160
7285 669162000000 160
7312 671783000000 160
7327 673373000000 160
7351 675644000000 160
7366 677276000000 160
7381 678263000000 160
7393 678599000000 160
7420 681306000000 160
7435 683153000000 160
7459 685901000000 160
7474 686888000000 160
7504 689422000000 160
7516 690833000000 160
7531 691820000000 160
7546 692807000000 160
7570 694433000000 160
7597 697514000000 160
7612 700109000000 160
7624 700445000000 160
7651 702507000000 160
7666 704999000000 160
7681 705377000000 160
7696 706364000000 160
7723 708211000000 160
7747 712277000000 160
7762 713666000000 160
7777 714436000000 160
7801 715634000000 160
7816 718556000000 160
7831 719109000000 160
7843 719879000000 160
7873 721123000000 160
7897 726236000000 160
7912 727223000000 160
7927 728210000000 160
7939 728546000000 160
7966 732113000000 160
7981 733100000000 160
7993 733436000000 160
8020 735629000000 160
8047 740402000000 160
8062 740780000000 160
8077 741767000000 160
8092 742754000000 160
8116 745670000000 160
8131 746657000000 160
8146 747644000000 160
8170 750191000000 160
8197 753744000000 160
8212 754946000000 160
8224 755282000000 160
8242 756311000000 160
8269 759448000000 160
8281 760214000000 160
8308 761402000000 160
8323 764383000000 160
8347 766871000000 160
8362 768503000000 160
8377 769056000000 160
8389 769826000000 160
8416 772533000000 160
8431 773988000000 160
8458 776165000000 160
8473 778157000000 160
8497 779998000000 160
8512 782060000000 160
8527 783047000000 160
8539 783383000000 160
8566 785660000000 160
8581 787937000000 160
8605 790685000000 160
8623 791714000000 160
8650 793776000000 160
8662 795617000000 160
8677 796604000000 160
8692 797591000000 160
8716 798787000000 160
8743 802097000000 160
8758 804893000000 160
8770 805229000000 160
8797 806646000000 160
8815 809825000000 160
8827 810161000000 160
8842 811148000000 160
8869 812133000000 160
8893 816659000000 160
8908 818450000000 160
8923 819220000000 160
8935 819773000000 160
8962 823340000000 160
8974 823893000000 160
8992 824705000000 160
9007 825692000000 160
9043 831020000000 160
9058 832007000000 160
9073 832994000000 160
9085 833330000000 160
9112 836897000000 160
9127 837884000000 160
9139 838220000000 160
9166 840011000000 160
9196 845013000000 160
9208 845564000000 160
9223 846551000000 160
9238 847538000000 160
9262 850024000000 160
9277 851441000000 160
9292 852428000000 160
9316 854774000000 160
9343 858098000000 160
9358 859730000000 160
9373 860108000000 160
9388 861095000000 160
9415 863802000000 160
9427 864998000000 160
9442 865985000000 160
9469 869167000000 160
9493 871225000000 160
9508 873287000000 160
9523 873840000000 160
9535 874610000000 160
9565 876929000000 160
9577 878555000000 160
9604 880748000000 160
9619 882941000000 160
9643 884352000000 160
9658 886844000000 160
9673 887831000000 160
9685 888167000000 160
9712 889799000000 160
9727 892721000000 160
9754 895310000000 160
9769 896498000000 160
9796 897915000000 160
9808 900401000000 160
9823 901388000000 160
9838 902375000000 160
9862 902926000000 160
9889 906479000000 160
9904 909677000000 160
9916 910013000000 160
9934 911042000000 160
9961 914609000000 160
9973 914945000000 160
9988 915932000000 160
10003 916702000000 160
10039 921242000000 160
10054 923234000000 160
10069 923787000000 160
10081 924557000000 160
10108 928124000000 160
10123 928719000000 160
10138 929489000000 160
10153 930476000000 160
10189 935589000000 160
10204 936791000000 160
10219 937778000000 160
10231 938114000000 160
10258 941251000000 160
10273 942668000000 160
10285 943004000000 160
10315 944636000000 160
10342 949367000000 160
10354 950348000000 160
10369 951335000000 160
10384 952322000000 160
10408 954378000000 160
10423 956225000000 160
10438 957212000000 160
10462 959156000000 160
10489 962452000000 160
10507 964556000000 160
10519 964892000000 160
10534 965879000000 160
10561 967939000000 160
10573 969782000000 160
10588 970769000000 160
10615 973951000000 160
10639 975579000000 160
10654 978071000000 160
10666 978624000000 160
10684 979436000000 160
10711 981068000000 160
10723 983339000000 160
10750 985130000000 160
10765 987725000000 160
10789 988491000000 160
10804 991628000000 160
10819 992615000000 160
10831 992951000000 160
10858 994153000000 160
10876 997547000000 160
10900 999893000000 160
