117 15589000000 1358
267 28866000000 1358
405 42423000000 1358
555 55644000000 1358
702 69159000000 1358
840 82716000000 1358
990 95937000000 1358
1128 107989000000 1358
1263 120429000000 1358
1413 133650000000 1358
1563 147207000000 1358
1701 160736000000 1358
1848 173943000000 1358
1986 187500000000 1358
2136 200749000000 1358
2274 212558000000 1358
2409 225255000000 1358
2559 238434000000 1358
2709 251991000000 1358
2847 265548000000 1358
2997 278769000000 1358
3144 292284000000 1358
3282 305626000000 1358
3420 317127000000 1358
3558 330039000000 1358
3705 343302000000 1358
3855 356775000000 1358
3993 370332000000 1358
4143 383553000000 1358
4290 397068000000 1358
4428 410195000000 1358
4566 421911000000 1358
4716 434823000000 1358
4851 448380000000 1358
5001 461559000000 1358
5139 475116000000 1358
5289 488449000000 1358
5439 501894000000 1358
5574 514764000000 1358
5712 526480000000 1358
5862 539607000000 1358
6000 553164000000 1358
6147 566343000000 1358
6297 579900000000 1358
6435 593457000000 1358
6585 606678000000 1358
6720 619333000000 1358
6858 631189000000 1358
7008 644391000000 1358
7146 657948000000 1358
7293 671169000000 1358
7443 684684000000 1358
7581 698241000000 1358
7731 711462000000 1358
7881 723944000000 1358
8004 735954000000 1358
8154 749175000000 1358
8292 762732000000 1358
8442 776121000000 1358
8589 789468000000 1358
8727 803025000000 1358
8877 816246000000 1358
9027 828728000000 1358
9150 840738000000 1358
9300 853959000000 1358
9450 867516000000 1358
9588 881073000000 1358
9735 894252000000 1358
9873 907809000000 1358
10023 921254000000 1358
10161 933297000000 1358
10296 945564000000 1358
10446 958743000000 1358
10596 972300000000 1358
10734 985857000000 1358
10884 999078000000 1358
