61 9017000000 1450
142 18377000000 1450
214 24296000000 1450
292 32151000000 1450
364 37853000000 1450
445 46170000000 1450
511 51865000000 1450
595 60035000000 1450
664 65912000000 1450
745 73809000000 1450
814 79469000000 1450
895 87758000000 1450
976 93661000000 1450
1057 101315000000 1450
1141 109043000000 1450
1207 115306000000 1450
1288 123161000000 1450
1360 129080000000 1450
1438 137425000000 1450
1510 142945000000 1450
1591 151262000000 1450
1657 157181000000 1450
1741 164819000000 1450
1810 170696000000 1450
1891 179027000000 1450
1972 184253000000 1450
2056 192584000000 1450
2122 198863000000 1450
2203 206099000000 1450
2287 214028000000 1450
2353 220307000000 1450
2437 228071000000 1450
2506 234172000000 1450
2584 242489000000 1450
2656 247757000000 1450
2737 256046000000 1450
2806 261965000000 1450
2887 269603000000 1450
2968 275480000000 1450
3049 283811000000 1450
3118 289037000000 1450
3202 297368000000 1450
3268 303848000000 1450
3349 310883000000 1450
3433 319097000000 1450
3499 325427000000 1450
3583 333107000000 1450
3652 338984000000 1450
3730 347315000000 1450
3802 352541000000 1450
3883 360830000000 1450
3964 366749000000 1450
4045 374387000000 1450
4117 380306000000 1450
4198 388595000000 1450
4264 393821000000 1450
4348 402152000000 1450
4417 408945000000 1450
4498 416262000000 1450
4579 424334000000 1450
4648 430211000000 1450
4729 438108000000 1450
4798 443768000000 1450
4882 452099000000 1450
4960 457759000000 1450
5041 465614000000 1450
5113 471533000000 1450
5191 479605000000 1450
5263 485090000000 1450
5344 493379000000 1450
5410 499151000000 1450
5494 507272000000 1450
5563 514154000000 1450
5644 521480000000 1450
5725 529118000000 1450
5794 535037000000 1450
5875 543326000000 1450
5956 548552000000 1450
6040 556883000000 1450
6106 562760000000 1450
6190 570440000000 1450
6259 576317000000 1450
6337 584606000000 1450
6409 590014000000 1450
6490 598499000000 1450
6559 604418000000 1450
6640 612056000000 1450
6709 619139000000 1450
6790 626264000000 1450
6871 633902000000 1450
6955 639821000000 1450
7033 648110000000 1450
7102 653336000000 1450
7186 661667000000 1450
7252 667544000000 1450
7336 675224000000 1450
7405 681269000000 1450
7483 689768000000 1450
7555 694994000000 1450
7636 703283000000 1450
7705 709202000000 1450
7786 716840000000 1450
7858 724166000000 1450
7948 731048000000 1450
8029 738686000000 1450
8101 744605000000 1450
8179 752894000000 1450
8251 758162000000 1450
8332 766451000000 1450
8401 772496000000 1450
8482 780344000000 1450
8551 786221000000 1450
8635 794552000000 1450
8701 799995000000 1450
8782 808067000000 1450
8854 813986000000 1450
8944 821841000000 1450
9016 829151000000 1450
9097 835832000000 1450
9175 843904000000 1450
9247 849389000000 1450
9328 857678000000 1450
9397 863576000000 1450
9478 871571000000 1450
9547 877490000000 1450
9628 885562000000 1450
9697 891005000000 1450
9781 899336000000 1450
9847 905213000000 1450
9943 912893000000 1450
10012 918971000000 1450
10090 927059000000 1450
10174 933935000000 1450
10243 940616000000 1450
10324 948947000000 1450
10393 954369000000 1450
10474 962798000000 1450
10543 968717000000 1450
10624 976355000000 1450
10696 982274000000 1450
10774 990563000000 1450
10843 995789000000 1450
