122 17295000000 1358
272 30039000000 1358
410 43428000000 1358
560 56985000000 1358
707 70164000000 1358
845 83721000000 1358
995 97278000000 1358
1133 110069000000 1358
1268 121864000000 1358
1418 134991000000 1358
1568 148212000000 1358
1706 161769000000 1358
1853 175186000000 1358
1991 188505000000 1358
2141 202062000000 1358
2279 214638000000 1358
2414 226690000000 1358
2564 239775000000 1358
2714 252996000000 1358
2852 266553000000 1358
3002 280110000000 1358
3149 293289000000 1358
3287 306846000000 1358
3425 319431000000 1358
3563 331259000000 1358
3710 344559000000 1358
3860 357780000000 1358
3998 371337000000 1358
4148 384894000000 1358
4295 398073000000 1358
4433 411630000000 1358
4571 424112000000 1358
4721 435828000000 1358
4856 449385000000 1358
5006 462844000000 1358
5144 476121000000 1358
5294 489678000000 1358
5444 502899000000 1358
5579 516414000000 1358
5717 528681000000 1358
5867 540612000000 1358
6005 554169000000 1358
6152 567684000000 1358
6302 580905000000 1358
6440 594462000000 1358
6590 607991000000 1358
6725 621198000000 1358
6863 633465000000 1358
7013 645424000000 1358
7151 658953000000 1358
7298 672510000000 1358
7448 685689000000 1358
7586 699246000000 1358
7736 712803000000 1358
7886 726024000000 1358
8009 738034000000 1358
8159 750516000000 1358
8297 763737000000 1358
8447 777294000000 1358
8594 790529000000 1358
8732 804030000000 1358
8882 817587000000 1358
9032 830593000000 1358
9155 842603000000 1358
9305 855300000000 1358
9455 868521000000 1358
9593 882078000000 1358
9740 895635000000 1358
9878 908814000000 1358
10028 922371000000 1358
10166 935246000000 1358
10301 947214000000 1358
10451 960084000000 1358
10601 973305000000 1358
10739 986862000000 1358
