5 1905000000 160
20 3612000000 160
32 5319000000 160
47 7026000000 160
74 10593000000 160
86 10929000000 160
101 12147000000 160
128 15180000000 160
152 19302000000 160
170 20331000000 160
185 21318000000 160
197 21654000000 160
224 25006000000 160
239 26208000000 160
251 26544000000 160
278 29742000000 160
305 33080000000 160
317 33846000000 160
332 34833000000 160
350 35848000000 160
374 38133000000 160
389 39765000000 160
416 40937000000 160
428 43500000000 160
455 46207000000 160
470 47620000000 160
482 48390000000 160
497 49377000000 160
524 51218000000 160
539 53322000000 160
566 55716000000 160
578 57057000000 160
605 59334000000 160
620 61611000000 160
632 61947000000 160
647 62934000000 160
674 64996000000 160
686 66837000000 160
713 70236000000 160
731 71265000000 160
755 72461000000 160
770 75168000000 160
785 76155000000 160
797 76491000000 160
824 77908000000 160
851 81648000000 160
863 83793000000 160
878 84780000000 160
905 85982000000 160
920 88725000000 160
935 89712000000 160
950 90482000000 160
962 91035000000 160
1001 96411000000 160
1016 97567000000 160
1028 98337000000 160
1043 99324000000 160
1070 102457000000 160
1082 103227000000 160
1100 104256000000 160
1112 104592000000 160
1151 110571000000 160
1166 111558000000 160
1178 111894000000 160
1193 112881000000 160
1220 116233000000 160
1232 116784000000 160
1247 117771000000 160
1274 119562000000 160
1301 123698000000 160
1316 125115000000 160
1331 126102000000 160
1343 126438000000 160
1370 129360000000 160
1385 130992000000 160
1397 131328000000 160
1424 134325000000 160
1451 137434000000 160
1463 138630000000 160
1481 139659000000 160
1496 140429000000 160
1520 142487000000 160
1535 144549000000 160
1550 145319000000 160
1574 148284000000 160
1601 150561000000 160
1616 152404000000 160
1628 153174000000 160
1643 154161000000 160
1670 155614000000 160
1685 158106000000 160
1712 160299000000 160
1724 161841000000 160
1751 163473000000 160
1766 166395000000 160
1778 166731000000 160
1793 167718000000 160
1820 169135000000 160
1832 171621000000 160
1862 174861000000 160
1877 176049000000 160
1901 176600000000 160
1916 179952000000 160
1931 180939000000 160
1943 181275000000 160
1958 182262000000 160
1997 186030000000 160
2009 188577000000 160
2024 189564000000 160
2042 190565000000 160
2066 193509000000 160
2081 194496000000 160
2096 195266000000 160
2108 195819000000 160
2147 200793000000 160
2162 202351000000 160
2174 203121000000 160
2189 204108000000 160
2216 206809000000 160
2231 208053000000 160
2246 209040000000 160
2258 209376000000 160
2297 214925000000 160
2312 216342000000 160
2324 216678000000 160
2339 217665000000 160
2366 220587000000 160
2378 221568000000 160
2393 222555000000 160
2423 224187000000 160
2447 228052000000 160
2462 229899000000 160
2477 230886000000 160
2489 231222000000 160
2516 233714000000 160
2531 235776000000 160
2543 236112000000 160
2570 238707000000 160
2597 241788000000 160
2612 243456000000 160
2627 244443000000 160
2642 245213000000 160
2666 246841000000 160
2681 249333000000 160
2696 249886000000 160
2720 253068000000 160
2747 254700000000 160
2762 257188000000 160
2774 257958000000 160
2792 258987000000 160
2816 259753000000 160
2831 262890000000 160
2858 264681000000 160
2870 266625000000 160
2897 267827000000 160
2912 271179000000 160
2924 271515000000 160
2939 272502000000 160
2954 273489000000 160
2981 276447000000 160
3008 279444000000 160
3023 280833000000 160
3035 281169000000 160
3062 284736000000 160
3077 285723000000 160
3089 286059000000 160
3104 287046000000 160
3131 290613000000 160
3155 293361000000 160
3173 294390000000 160
3188 295160000000 160
3212 298078000000 160
3227 299280000000 160
3242 300050000000 160
3254 300603000000 160
3293 304946000000 160
3308 307135000000 160
3320 307905000000 160
3335 308892000000 160
3362 311205000000 160
3377 312837000000 160
3392 313824000000 160
3404 314160000000 160
3443 319078000000 160
3458 321126000000 160
3470 321462000000 160
3485 322449000000 160
3512 324941000000 160
3524 326352000000 160
3542 327381000000 160
3569 328569000000 160
3593 332406000000 160
3608 334683000000 160
3623 335670000000 160
3635 336006000000 160
3662 337853000000 160
3677 340560000000 160
3689 340896000000 160
3716 343290000000 160
3746 345927000000 160
3758 348240000000 160
3773 349227000000 160
3788 349997000000 160
3812 350980000000 160
3827 354117000000 160
3842 354670000000 160
3866 357852000000 160
3893 359054000000 160
3908 361755000000 160
3923 362784000000 160
3938 363771000000 160
3950 364107000000 160
3977 367674000000 160
4004 369264000000 160
4016 371409000000 160
4031 372396000000 160
4058 375963000000 160
4070 376299000000 160
4085 377286000000 160
4103 378315000000 160
4127 381231000000 160
4154 383826000000 160
4169 385617000000 160
4181 385953000000 160
4208 389305000000 160
4223 390507000000 160
4235 390843000000 160
4250 391830000000 160
4277 394967000000 160
4304 398187000000 160
4319 399174000000 160
4334 399944000000 160
4358 402432000000 160
4373 404064000000 160
4388 404617000000 160
4400 405387000000 160
4439 408898000000 160
4454 411919000000 160
4466 412689000000 160
4484 413718000000 160
4508 415559000000 160
4523 417621000000 160
4538 418608000000 160
4550 418944000000 160
4589 423016000000 160
4604 425910000000 160
4616 426246000000 160
4631 427233000000 160
4658 429080000000 160
4673 431178000000 160
4688 432165000000 160
4703 433152000000 160
4739 436545000000 160
4754 439467000000 160
4769 440454000000 160
4781 440790000000 160
4808 442207000000 160
4823 445344000000 160
4835 445680000000 160
4865 447714000000 160
4892 450106000000 160
4904 453024000000 160
4919 454011000000 160
4934 454781000000 160
4946 455334000000 160
4973 458901000000 160
4988 459454000000 160
5012 462435000000 160
5027 463623000000 160
5054 466581000000 160
5069 467568000000 160
5084 468555000000 160
5096 468891000000 160
5123 472458000000 160
5150 473646000000 160
5162 476193000000 160
5177 477180000000 160
5204 480532000000 160
5216 481083000000 160
5234 482112000000 160
5249 483099000000 160
5273 485585000000 160
5300 488409000000 160
5315 490401000000 160
5327 490737000000 160
5354 493659000000 160
5369 495291000000 160
5381 495627000000 160
5396 496614000000 160
5426 499321000000 160
5450 502971000000 160
5465 503958000000 160
5480 504728000000 160
5504 506786000000 160
5519 508848000000 160
5534 509401000000 160
5546 510171000000 160
5585 512836000000 160
5600 516486000000 160
5615 517515000000 160
5630 518502000000 160
5654 519698000000 160
5669 522405000000 160
5684 523392000000 160
5696 523728000000 160
5735 526968000000 160
5750 530694000000 160
5762 531030000000 160
5777 532017000000 160
5807 533476000000 160
5819 535962000000 160
5834 536949000000 160
5849 537936000000 160
5885 540899000000 160
5900 544251000000 160
5915 545238000000 160
5927 545574000000 160
5942 546561000000 160
5969 550128000000 160
5984 550506000000 160
6011 552297000000 160
6026 554675000000 160
6050 557808000000 160
6065 558795000000 160
6080 559348000000 160
6092 560118000000 160
6119 563685000000 160
6134 564238000000 160
6158 566817000000 160
6176 568449000000 160
6200 571150000000 160
6215 572352000000 160
6230 573339000000 160
6242 573675000000 160
6269 576812000000 160
6284 578229000000 160
6308 580977000000 160
6323 581964000000 160
6350 584886000000 160
6365 585909000000 160
6380 586896000000 160
6395 587883000000 160
6419 589939000000 160
6446 592791000000 160
6461 595185000000 160
6473 595521000000 160
6500 597798000000 160
6515 600075000000 160
6527 600411000000 160
6545 601440000000 160
6572 603285000000 160
6596 607554000000 160
6611 608742000000 160
6626 609512000000 160
6650 610925000000 160
6665 613632000000 160
6680 614185000000 160
6692 614955000000 160
6731 616788000000 160
6746 621312000000 160
6761 622299000000 160
6776 623286000000 160
6800 624052000000 160
6815 627189000000 160
6830 628176000000 160
6842 628512000000 160
6881 631121000000 160
6896 635478000000 160
6908 635814000000 160
6926 636843000000 160
6941 637830000000 160
6965 640746000000 160
6980 641733000000 160
6995 642720000000 160
7019 645468000000 160
7046 649035000000 160
7061 650022000000 160
7073 650358000000 160
7088 651345000000 160
7118 654695000000 160
7130 655290000000 160
7157 656679000000 160
7172 659459000000 160
7196 662377000000 160
7211 663579000000 160
7226 664132000000 160
7238 664902000000 160
7265 668039000000 160
7280 668805000000 160
7307 671442000000 160
7322 673233000000 160
7346 675504000000 160
7361 677136000000 160
7376 678123000000 160
7388 678459000000 160
7415 680951000000 160
7430 683013000000 160
7454 685761000000 160
7469 686748000000 160
7499 689067000000 160
7511 690693000000 160
7526 691680000000 160
7541 692667000000 160
7565 694078000000 160
7592 697374000000 160
7607 699969000000 160
7619 700305000000 160
7646 702152000000 160
7661 704859000000 160
7676 705237000000 160
7691 706224000000 160
7718 707639000000 160
7742 711936000000 160
7757 713526000000 160
7772 714079000000 160
7796 715279000000 160
7811 718416000000 160
7826 718969000000 160
7838 719739000000 160
7868 720983000000 160
7892 726096000000 160
7907 727083000000 160
7922 728070000000 160
7934 728406000000 160
7961 731973000000 160
7976 732960000000 160
7988 733296000000 160
8015 735288000000 160
8042 740262000000 160
8057 740640000000 160
8072 741627000000 160
8087 742614000000 160
8111 745530000000 160
8126 746517000000 160
8141 747504000000 160
8165 750051000000 160
8192 753604000000 160
8207 754806000000 160
8219 755142000000 160
8237 756171000000 160
8264 759091000000 160
8276 760074000000 160
8303 761262000000 160
8318 764026000000 160
8342 766731000000 160
8357 768363000000 160
8372 768916000000 160
8384 769686000000 160
8411 772178000000 160
8426 773631000000 160
8453 775824000000 160
8468 778017000000 160
8492 779643000000 160
8507 781920000000 160
8522 782907000000 160
8534 783243000000 160
8561 785305000000 160
8576 787797000000 160
8600 790545000000 160
8618 791574000000 160
8645 793421000000 160
8657 795477000000 160
8672 796464000000 160
8687 797451000000 160
8711 798432000000 160
8738 801756000000 160
8753 804753000000 160
8765 805089000000 160
8792 806506000000 160
8810 809426000000 160
8822 810021000000 160
8837 811008000000 160
8864 811993000000 160
8888 816519000000 160
8903 818310000000 160
8918 818863000000 160
8930 819633000000 160
8957 823200000000 160
8969 823536000000 160
8987 824565000000 160
9002 825552000000 160
9038 830880000000 160
9053 831867000000 160
9068 832854000000 160
9080 833190000000 160
9107 836757000000 160
9122 837744000000 160
9134 838080000000 160
9161 839871000000 160
9191 844873000000 160
9203 845424000000 160
9218 846411000000 160
9233 847398000000 160
9257 849884000000 160
9272 851301000000 160
9287 852288000000 160
9311 854433000000 160
9338 857743000000 160
9353 859590000000 160
9368 859968000000 160
9383 860955000000 160
9410 863230000000 160
9422 864858000000 160
9437 865845000000 160
9464 868810000000 160
9488 870870000000 160
9503 873147000000 160
9518 873483000000 160
9530 874470000000 160
9560 876574000000 160
9572 878415000000 160
9599 880407000000 160
9614 882801000000 160
9638 883997000000 160
9653 886704000000 160
9668 887691000000 160
9680 888027000000 160
9707 889659000000 160
9722 892581000000 160
9749 894969000000 160
9764 896358000000 160
9791 897775000000 160
9803 900261000000 160
9818 901248000000 160
9833 902235000000 160
9857 902786000000 160
9884 906339000000 160
9899 909537000000 160
9911 909873000000 160
9929 910902000000 160
9956 914252000000 160
9968 914805000000 160
9983 915792000000 160
9998 916345000000 160
10034 920901000000 160
10049 923094000000 160
10064 923647000000 160
10076 924417000000 160
10103 927984000000 160
10118 928362000000 160
10133 929349000000 160
10148 930336000000 160
10184 935449000000 160
10199 936651000000 160
10214 937638000000 160
10226 937974000000 160
10253 940896000000 160
10268 942528000000 160
10280 942864000000 160
10310 944295000000 160
10337 949012000000 160
10349 950208000000 160
10364 951195000000 160
10379 952182000000 160
10403 954023000000 160
10418 956085000000 160
10433 957072000000 160
10457 959016000000 160
10484 962097000000 160
10502 964157000000 160
10514 964752000000 160
10529 965739000000 160
10556 967584000000 160
10568 969642000000 160
10583 970629000000 160
10610 973594000000 160
10634 975224000000 160
10649 977931000000 160
10661 978267000000 160
10679 979296000000 160
10706 980928000000 160
10718 983199000000 160
10745 984789000000 160
10760 987585000000 160
10784 988351000000 160
10799 991488000000 160
10814 992475000000 160
10826 992811000000 160
10853 994013000000 160
10871 997407000000 160
10895 999552000000 160
