57 8157000000 1450
138 17517000000 1450
210 23436000000 1450
288 31074000000 1450
360 36993000000 1450
441 45282000000 1450
507 50508000000 1450
591 58839000000 1450
660 64716000000 1450
741 72536000000 1450
810 78609000000 1450
891 86898000000 1450
972 92166000000 1450
1053 100455000000 1450
1137 107379000000 1450
1203 114012000000 1450
1284 122301000000 1450
1356 128220000000 1450
1434 135858000000 1450
1506 141777000000 1450
1587 150066000000 1450
1653 155292000000 1450
1737 163791000000 1450
1806 169836000000 1450
1887 177516000000 1450
1968 183393000000 1450
2052 191724000000 1450
2118 196950000000 1450
2199 205239000000 1450
2283 212364000000 1450
2349 218796000000 1450
2433 227127000000 1450
2502 233004000000 1450
2580 240859000000 1450
2652 246561000000 1450
2733 255018000000 1450
2802 260671000000 1450
2883 268743000000 1450
2964 274620000000 1450
3045 282734000000 1450
3114 288177000000 1450
3198 296508000000 1450
3264 302168000000 1450
3345 310023000000 1450
3429 317349000000 1450
3495 324014000000 1450
3579 331911000000 1450
3648 337788000000 1450
3726 346315000000 1450
3798 351681000000 1450
3879 359970000000 1450
3960 365889000000 1450
4041 373527000000 1450
4113 379446000000 1450
4194 387735000000 1450
4260 392961000000 1450
4344 401292000000 1450
4413 407169000000 1450
4494 414849000000 1450
4575 422133000000 1450
4644 429015000000 1450
4725 436919000000 1450
4794 442908000000 1450
4878 451239000000 1450
4956 456465000000 1450
5037 464754000000 1450
5109 470673000000 1450
5187 478311000000 1450
5259 484230000000 1450
5340 492519000000 1450
5406 497745000000 1450
5490 506076000000 1450
5559 511953000000 1450
5640 519633000000 1450
5721 527342000000 1450
5790 534177000000 1450
5871 541815000000 1450
5952 547692000000 1450
6036 556023000000 1450
6102 561249000000 1450
6186 569580000000 1450
6255 575457000000 1450
6333 583095000000 1450
6405 589014000000 1450
6486 597303000000 1450
6555 602571000000 1450
6636 610860000000 1450
6705 617190000000 1450
6786 624970000000 1450
6867 632439000000 1450
6951 638961000000 1450
7029 646816000000 1450
7098 652476000000 1450
7182 660807000000 1450
7248 666467000000 1450
7332 674364000000 1450
7401 680241000000 1450
7479 688313000000 1450
7551 693798000000 1450
7632 702115000000 1450
7701 708041000000 1450
7782 715980000000 1450
7854 722301000000 1450
7944 730188000000 1450
8025 737424000000 1450
8097 743745000000 1450
8175 752034000000 1450
8247 757302000000 1450
8328 765591000000 1450
8397 771468000000 1450
8478 779148000000 1450
8547 785025000000 1450
8631 793384000000 1450
8697 798862000000 1450
8778 807207000000 1450
8850 813126000000 1450
8940 820764000000 1450
9012 827286000000 1450
9093 834972000000 1450
9171 842409000000 1450
9243 848529000000 1450
9324 856818000000 1450
9393 862086000000 1450
9474 870375000000 1450
9543 876294000000 1450
9624 883988000000 1450
9693 890117000000 1450
9777 898476000000 1450
9843 903702000000 1450
9939 912033000000 1450
10008 917910000000 1450
10086 925548000000 1450
10170 932271000000 1450
10239 939756000000 1450
10320 947436000000 1450
10389 953313000000 1450
10470 961602000000 1450
10539 966870000000 1450
10620 975215000000 1450
10692 981386000000 1450
10770 989269000000 1450
10839 994929000000 1450
