163 20242000000 64
343 35885000000 64
532 53133000000 64
724 71176000000 64
913 88536000000 64
1093 104167000000 64
1294 123294000000 64
1474 139570000000 64
1663 155210000000 64
1855 174471000000 64
2035 190644000000 64
2224 207964000000 64
2416 223797000000 64
2605 243267000000 64
2785 258898000000 64
2974 276258000000 64
3166 294301000000 64
3355 310801000000 64
3535 327292000000 64
3739 346020000000 64
3916 362695000000 64
4096 378226000000 64
4297 397998000000 64
4477 413629000000 64
4666 430989000000 64
4858 447324000000 64
5047 466392000000 64
5227 482023000000 64
5419 499414000000 64
5608 517426000000 64
5800 533072000000 64
5977 550317000000 64
6169 568360000000 64
6358 585720000000 64
6538 601351000000 64
6739 621123000000 64
6919 636754000000 64
7111 655033000000 64
7300 670851000000 64
7492 688663000000 64
7669 705048000000 64
7849 720679000000 64
8050 740451000000 64
8230 756082000000 64
8419 773442000000 64
8611 791485000000 64
8803 809764000000 64
8980 824476000000 64
9184 844254000000 64
9361 859779000000 64
9553 875955000000 64
9742 894378000000 64
9922 910813000000 64
10111 928173000000 64
10303 943804000000 64
10495 964523000000 64
10672 979207000000 64
10864 997318000000 64
