65 10528000000 1450
146 19237000000 1450
218 25324000000 1450
296 33781000000 1450
368 39049000000 1450
449 47338000000 1450
515 53215000000 1450
599 60895000000 1450
668 66772000000 1450
749 75103000000 1450
818 80329000000 1450
899 88618000000 1450
980 95542000000 1450
1061 102175000000 1450
1145 110506000000 1450
1211 116579000000 1450
1292 124399000000 1450
1364 130276000000 1450
1442 138565000000 1450
1514 143833000000 1450
1595 152122000000 1450
1661 158041000000 1450
1745 165679000000 1450
1814 171556000000 1450
1895 179887000000 1450
1976 185113000000 1450
2060 193444000000 1450
2126 200527000000 1450
2207 207400000000 1450
2291 215626000000 1450
2357 221503000000 1450
2441 229400000000 1450
2510 235060000000 1450
2588 243349000000 1450
2660 249051000000 1450
2741 256906000000 1450
2810 262825000000 1450
2891 270897000000 1450
2972 276340000000 1450
3053 284671000000 1450
3122 290331000000 1450
3206 298452000000 1450
3272 305848000000 1450
3353 312772000000 1450
3437 320410000000 1450
3503 326287000000 1450
3587 334618000000 1450
3656 339844000000 1450
3734 348175000000 1450
3806 354052000000 1450
3887 361690000000 1450
3968 367609000000 1450
4049 375898000000 1450
4121 381166000000 1450
4202 389707000000 1450
4268 395668000000 1450
4352 403348000000 1450
4421 410833000000 1450
4502 417556000000 1450
4583 425194000000 1450
4652 431071000000 1450
4733 439402000000 1450
4802 444628000000 1450
4886 452959000000 1450
4964 458836000000 1450
5045 466474000000 1450
5117 472421000000 1450
5195 480934000000 1450
5267 486286000000 1450
5348 494575000000 1450
5414 500695000000 1450
5498 508132000000 1450
5567 515818000000 1450
5648 522340000000 1450
5729 529978000000 1450
5798 535897000000 1450
5879 544186000000 1450
5960 549412000000 1450
6044 557743000000 1450
6110 563648000000 1450
6194 571580000000 1450
6263 577513000000 1450
6341 585802000000 1450
6413 591287000000 1450
6494 599359000000 1450
6563 605680000000 1450
6644 613133000000 1450
6713 620803000000 1450
6794 627124000000 1450
6875 635196000000 1450
6959 640681000000 1450
7037 648970000000 1450
7106 654686000000 1450
7190 662835000000 1450
7256 668740000000 1450
7340 676854000000 1450
7409 682297000000 1450
7487 690628000000 1450
7559 696505000000 1450
7640 704143000000 1450
7709 710665000000 1450
7790 718351000000 1450
7862 725830000000 1450
7952 731908000000 1450
8033 740197000000 1450
8105 745521000000 1450
8183 754062000000 1450
8255 760009000000 1450
8336 767647000000 1450
8405 773524000000 1450
8486 781855000000 1450
8555 787081000000 1450
8639 795412000000 1450
8705 801289000000 1450
8786 808927000000 1450
8858 815650000000 1450
8948 823135000000 1450
9020 830815000000 1450
9101 836776000000 1450
9179 845359000000 1450
9251 850585000000 1450
9332 858874000000 1450
9401 864793000000 1450
9482 872431000000 1450
9551 878350000000 1450
9632 886639000000 1450
9701 891865000000 1450
9785 900196000000 1450
9851 906073000000 1450
9947 913753000000 1450
10016 920635000000 1450
10094 928031000000 1450
10178 935935000000 1450
10247 941812000000 1450
10328 950143000000 1450
10397 955586000000 1450
10478 963658000000 1450
10547 969577000000 1450
10628 977432000000 1450
10700 983134000000 1450
10778 991423000000 1450
10847 996866000000 1450
