63 9881000000 1450
144 18807000000 1450
216 24726000000 1450
294 33015000000 1450
366 38507000000 1450
447 46908000000 1450
513 52785000000 1450
597 60465000000 1450
666 66342000000 1450
747 74673000000 1450
816 79899000000 1450
897 88188000000 1450
978 94710000000 1450
1059 101745000000 1450
1143 109875000000 1450
1209 115953000000 1450
1290 123633000000 1450
1362 129762000000 1450
1440 138135000000 1450
1512 143403000000 1450
1593 151692000000 1450
1659 157611000000 1450
1743 165249000000 1450
1812 171126000000 1450
1893 179457000000 1450
1974 184683000000 1450
2058 193014000000 1450
2124 199695000000 1450
2205 206529000000 1450
2289 214888000000 1450
2355 221017000000 1450
2439 228753000000 1450
2508 234630000000 1450
2586 242919000000 1450
2658 248187000000 1450
2739 256476000000 1450
2808 262395000000 1450
2889 270033000000 1450
2970 275910000000 1450
3051 284241000000 1450
3120 289467000000 1450
3204 297798000000 1450
3270 304708000000 1450
3351 311852000000 1450
3435 319980000000 1450
3501 325857000000 1450
3585 333754000000 1450
3654 339414000000 1450
3732 347745000000 1450
3804 353405000000 1450
3885 361260000000 1450
3966 367179000000 1450
4047 375251000000 1450
4119 380736000000 1450
4200 389025000000 1450
4266 394741000000 1450
4350 402890000000 1450
4419 410001000000 1450
4500 417126000000 1450
4581 424764000000 1450
4650 430641000000 1450
4731 438972000000 1450
4800 444198000000 1450
4884 452529000000 1450
4962 458406000000 1450
5043 466044000000 1450
5115 471963000000 1450
5193 480252000000 1450
5265 485604000000 1450
5346 494117000000 1450
5412 500064000000 1450
5496 507702000000 1450
5565 514986000000 1450
5646 521910000000 1450
5727 529548000000 1450
5796 535467000000 1450
5877 543756000000 1450
5958 548982000000 1450
6042 557313000000 1450
6108 563190000000 1450
6192 570870000000 1450
6261 576831000000 1450
6339 585372000000 1450
6411 590640000000 1450
6492 598929000000 1450
6561 604848000000 1450
6642 612486000000 1450
6711 619971000000 1450
6792 626694000000 1450
6873 634332000000 1450
6957 640251000000 1450
7035 648540000000 1450
7104 653766000000 1450
7188 662097000000 1450
7254 668086000000 1450
7338 675990000000 1450
7407 681867000000 1450
7485 690198000000 1450
7557 695641000000 1450
7638 703713000000 1450
7707 709833000000 1450
7788 717487000000 1450
7860 724998000000 1450
7950 731478000000 1450
8031 739550000000 1450
8103 745035000000 1450
8181 753324000000 1450
8253 759138000000 1450
8334 767217000000 1450
8403 773094000000 1450
8484 781208000000 1450
8553 786651000000 1450
8637 794982000000 1450
8703 800859000000 1450
8784 808497000000 1450
8856 814818000000 1450
8946 822705000000 1450
9018 829983000000 1450
9099 836262000000 1450
9177 844593000000 1450
9249 849959000000 1450
9330 858444000000 1450
9399 864363000000 1450
9480 872001000000 1450
9549 877920000000 1450
9630 886209000000 1450
9699 891435000000 1450
9783 899766000000 1450
9849 905643000000 1450
9945 913323000000 1450
10014 919803000000 1450
10092 927489000000 1450
10176 934968000000 1450
10245 941214000000 1450
10326 949713000000 1450
10395 954939000000 1450
10476 963228000000 1450
10545 969147000000 1450
10626 976785000000 1450
10698 982704000000 1450
10776 990993000000 1450
10845 996219000000 1450
