114 14706000000 1358
264 28263000000 1358
402 41820000000 1358
552 55041000000 1358
699 68556000000 1358
837 82029000000 1358
987 94904000000 1358
1125 106741000000 1358
1260 119490000000 1358
1410 133047000000 1358
1560 146604000000 1358
1698 159825000000 1358
1845 173340000000 1358
1983 186897000000 1358
2133 199473000000 1358
2271 211525000000 1358
2406 224596000000 1358
2556 237831000000 1358
2706 251388000000 1358
2844 264609000000 1358
2994 278166000000 1358
3141 291681000000 1358
3279 304042000000 1358
3417 316094000000 1358
3555 329436000000 1358
3702 342615000000 1358
3852 356172000000 1358
3990 369729000000 1358
4140 382950000000 1358
4287 396465000000 1358
4425 408667000000 1358
4563 420663000000 1358
4713 434220000000 1358
4848 447399000000 1358
4998 460956000000 1358
5136 474513000000 1358
5286 487734000000 1358
5436 501291000000 1358
5571 513516000000 1358
5709 525447000000 1358
5859 539004000000 1358
5997 552309000000 1358
6144 565740000000 1358
6294 579297000000 1358
6432 592518000000 1358
6582 606075000000 1358
6717 618085000000 1358
6855 630231000000 1358
7005 643788000000 1358
7143 657345000000 1358
7290 670524000000 1358
7440 684081000000 1358
7578 697414000000 1358
7728 710859000000 1358
7878 722911000000 1358
8001 735015000000 1358
8151 748572000000 1358
8289 762129000000 1358
8439 775350000000 1358
8586 788865000000 1358
8724 802422000000 1358
8874 815428000000 1358
9024 827480000000 1358
9147 839939000000 1358
9297 853356000000 1358
9447 866913000000 1358
9585 880134000000 1358
9732 893649000000 1358
9870 907206000000 1358
10020 919997000000 1358
10158 932049000000 1358
10293 944961000000 1358
10443 958140000000 1358
10593 971697000000 1358
10731 985114000000 1358
10881 998475000000 1358
