12 2604000000 1464
39 5208000000 1464
66 7812000000 1464
93 10416000000 1464
108 13020000000 1464
159 15624000000 1464
177 18228000000 1464
204 20832000000 1464
231 23436000000 1464
258 26040000000 1464
297 28644000000 1464
324 31248000000 1464
339 33852000000 1464
381 36456000000 1464
396 39060000000 1464
435 41664000000 1464
462 44268000000 1464
489 46872000000 1464
516 49476000000 1464
546 52080000000 1464
585 54684000000 1464
612 57288000000 1464
639 59892000000 1464
654 62496000000 1464
693 65100000000 1464
720 67704000000 1464
762 70308000000 1464
777 72912000000 1464
804 75516000000 1464
831 78120000000 1464
870 80724000000 1464
885 83328000000 1464
927 85932000000 1464
942 88536000000 1464
981 91140000000 1464
1008 93744000000 1464
1035 96348000000 1464
1062 98952000000 1464
1089 101556000000 1464
1119 104160000000 1464
1158 106764000000 1464
1185 109368000000 1464
1212 111972000000 1464
1239 114576000000 1464
1254 117180000000 1464
1308 119784000000 1464
1323 122388000000 1464
1350 124992000000 1464
1377 127596000000 1464
1404 130200000000 1464
1443 132804000000 1464
1470 135408000000 1464
1488 138012000000 1464
1527 140616000000 1464
1542 143220000000 1464
1581 145824000000 1464
1608 148428000000 1464
1635 151032000000 1464
1677 153636000000 1464
1692 156240000000 1464
1731 158844000000 1464
1758 161448000000 1464
1785 164052000000 1464
1800 166656000000 1464
1839 169260000000 1464
1869 171864000000 1464
1908 174468000000 1464
1923 177072000000 1464
1950 179676000000 1464
1977 182280000000 1464
2016 184884000000 1464
2031 187488000000 1464
2073 190092000000 1464
2088 192696000000 1464
2127 195300000000 1464
2154 197904000000 1464
2181 200508000000 1464
2208 203112000000 1464
2238 205716000000 1464
2265 208320000000 1464
2304 210924000000 1464
2331 213528000000 1464
2358 216132000000 1464
2385 218736000000 1464
2400 221340000000 1464
2454 223944000000 1464
2469 226548000000 1464
2496 229152000000 1464
2523 231756000000 1464
2550 234360000000 1464
2589 236964000000 1464
2619 239568000000 1464
2634 242172000000 1464
2673 244776000000 1464
2688 247380000000 1464
2727 249984000000 1464
2754 252588000000 1464
2781 255192000000 1464
2823 257796000000 1464
2838 260400000000 1464
2877 263004000000 1464
2904 265608000000 1464
2931 268212000000 1464
2946 270816000000 1464
2988 273420000000 1464
3015 276024000000 1464
3054 278628000000 1464
3069 281232000000 1464
3096 283836000000 1464
3123 286440000000 1464
3162 289044000000 1464
3180 291648000000 1464
3219 294252000000 1464
3234 296856000000 1464
3273 299460000000 1464
3300 302064000000 1464
3327 304668000000 1464
3369 307272000000 1464
3384 309876000000 1464
3411 312480000000 1464
3450 315084000000 1464
3477 317688000000 1464
3504 320292000000 1464
3531 322896000000 1464
3549 325500000000 1464
3600 328104000000 1464
3615 330708000000 1464
3642 333312000000 1464
3669 335916000000 1464
3696 338520000000 1464
3735 341124000000 1464
3765 343728000000 1464
3780 346332000000 1464
3819 348936000000 1464
3834 351540000000 1464
3873 354144000000 1464
3900 356748000000 1464
3930 359352000000 1464
3969 361956000000 1464
3984 364560000000 1464
4023 367164000000 1464
4050 369768000000 1464
4077 372372000000 1464
4092 374976000000 1464
4134 377580000000 1464
4161 380184000000 1464
4188 382788000000 1464
4215 385392000000 1464
4242 387996000000 1464
4269 390600000000 1464
4311 393204000000 1464
4326 395808000000 1464
4365 398412000000 1464
4380 401016000000 1464
4407 403620000000 1464
4446 406224000000 1464
4473 408828000000 1464
4515 411432000000 1464
4530 414036000000 1464
4557 416640000000 1464
4596 419244000000 1464
4623 421848000000 1464
4638 424452000000 1464
4680 427056000000 1464
4695 429660000000 1464
4746 432264000000 1464
4761 434868000000 1464
4788 437472000000 1464
4815 440076000000 1464
4842 442680000000 1464
4872 445284000000 1464
4911 447888000000 1464
4926 450492000000 1464
4965 453096000000 1464
4980 455700000000 1464
5019 458304000000 1464
5061 460908000000 1464
5076 463512000000 1464
5103 466116000000 1464
5130 468720000000 1464
5169 471324000000 1464
5196 473928000000 1464
5223 476532000000 1464
5241 479136000000 1464
5280 481740000000 1464
5307 484344000000 1464
5334 486948000000 1464
5361 489552000000 1464
5388 492156000000 1464
5415 494760000000 1464
5457 497364000000 1464
5472 499968000000 1464
5511 502572000000 1464
5526 505176000000 1464
5553 507780000000 1464
5592 510384000000 1464
5622 512988000000 1464
5661 515592000000 1464
5676 518196000000 1464
5703 520800000000 1464
5742 523404000000 1464
5769 526008000000 1464
5784 528612000000 1464
5826 531216000000 1464
5841 533820000000 1464
5892 536424000000 1464
5907 539028000000 1464
5934 541632000000 1464
5961 544236000000 1464
5991 546840000000 1464
6018 549444000000 1464
6057 552048000000 1464
6072 554652000000 1464
6111 557256000000 1464
6126 559860000000 1464
6165 562464000000 1464
6207 565068000000 1464
6222 567672000000 1464
6249 570276000000 1464
6276 572880000000 1464
6315 575484000000 1464
6342 578088000000 1464
6372 580692000000 1464
6387 583296000000 1464
6426 585900000000 1464
6453 588504000000 1464
6480 591108000000 1464
6507 593712000000 1464
6534 596316000000 1464
6564 598920000000 1464
6603 601524000000 1464
6618 604128000000 1464
6657 606732000000 1464
6672 609336000000 1464
6699 611940000000 1464
6753 614544000000 1464
6768 617148000000 1464
6807 619752000000 1464
6822 622356000000 1464
6849 624960000000 1464
6888 627564000000 1464
6915 630168000000 1464
6933 632772000000 1464
6972 635376000000 1464
6987 637980000000 1464
7038 640584000000 1464
7053 643188000000 1464
7080 645792000000 1464
7107 648396000000 1464
7137 651000000000 1464
7164 653604000000 1464
7203 656208000000 1464
7218 658812000000 1464
7257 661416000000 1464
7272 664020000000 1464
7314 666624000000 1464
7353 669228000000 1464
7368 671832000000 1464
7395 674436000000 1464
7422 677040000000 1464
7461 679644000000 1464
7488 682248000000 1464
7518 684852000000 1464
7533 687456000000 1464
7572 690060000000 1464
7599 692664000000 1464
7626 695268000000 1464
7653 697872000000 1464
7683 700476000000 1464
7710 703080000000 1464
7749 705684000000 1464
7764 708288000000 1464
7803 710892000000 1464
7818 713496000000 1464
7845 716100000000 1464
7899 718704000000 1464
7914 721308000000 1464
7953 723912000000 1464
7968 726516000000 1464
7995 729120000000 1464
8034 731724000000 1464
8064 734328000000 1464
8079 736932000000 1464
8118 739536000000 1464
8133 742140000000 1464
8184 744744000000 1464
8199 747348000000 1464
8226 749952000000 1464
8256 752556000000 1464
8283 755160000000 1464
8310 757764000000 1464
8349 760368000000 1464
8364 762972000000 1464
8391 765576000000 1464
8433 768180000000 1464
8460 770784000000 1464
8499 773388000000 1464
8514 775992000000 1464
8541 778596000000 1464
8568 781200000000 1464
8607 783804000000 1464
8625 786408000000 1464
8664 789012000000 1464
8679 791616000000 1464
8718 794220000000 1464
8745 796824000000 1464
8772 799428000000 1464
8799 802032000000 1464
8829 804636000000 1464
8844 807240000000 1464
8895 809844000000 1464
8910 812448000000 1464
8949 815052000000 1464
8976 817656000000 1464
8994 820260000000 1464
9045 822864000000 1464
9060 825468000000 1464
9087 828072000000 1464
9114 830676000000 1464
9141 833280000000 1464
9180 835884000000 1464
9210 838488000000 1464
9225 841092000000 1464
9264 843696000000 1464
9279 846300000000 1464
9318 848904000000 1464
9345 851508000000 1464
9375 854112000000 1464
9402 856716000000 1464
9429 859320000000 1464
9456 861924000000 1464
9495 864528000000 1464
9510 867132000000 1464
9537 869736000000 1464
9579 872340000000 1464
9606 874944000000 1464
9645 877548000000 1464
9660 880152000000 1464
9687 882756000000 1464
9714 885360000000 1464
9756 887964000000 1464
9771 890568000000 1464
9810 893172000000 1464
9825 895776000000 1464
9864 898380000000 1464
9891 900984000000 1464
9918 903588000000 1464
9948 906192000000 1464
9975 908796000000 1464
9990 911400000000 1464
10041 914004000000 1464
10056 916608000000 1464
10095 919212000000 1464
10125 921816000000 1464
10140 924420000000 1464
10191 927024000000 1464
10206 929628000000 1464
10233 932232000000 1464
10260 934836000000 1464
10287 937440000000 1464
10329 940044000000 1464
10356 942648000000 1464
10371 945252000000 1464
10410 947856000000 1464
10425 950460000000 1464
10464 953064000000 1464
10491 955668000000 1464
10521 958272000000 1464
10548 960876000000 1464
10575 963480000000 1464
10602 966084000000 1464
10641 968688000000 1464
10668 971292000000 1464
10686 973896000000 1464
10725 976500000000 1464
10752 979104000000 1464
10791 981708000000 1464
10806 984312000000 1464
10833 986916000000 1464
10860 989520000000 1464
10902 992124000000 1464
10917 994728000000 1464
10956 997332000000 1464
10971 999936000000 1464
