4 1707000000 160
19 3414000000 160
31 5121000000 160
46 6828000000 160
73 8535000000 160
85 10242000000 160
100 11949000000 160
127 13656000000 160
151 15363000000 160
169 17070000000 160
184 18777000000 160
196 20484000000 160
223 22191000000 160
238 23898000000 160
250 25605000000 160
277 27312000000 160
304 29019000000 160
316 30726000000 160
331 32433000000 160
349 34140000000 160
373 35847000000 160
388 37554000000 160
415 39261000000 160
427 40968000000 160
454 42675000000 160
469 44382000000 160
481 46089000000 160
496 47796000000 160
523 49503000000 160
538 51210000000 160
565 52917000000 160
577 54624000000 160
604 56331000000 160
619 58038000000 160
631 59745000000 160
646 61452000000 160
673 63159000000 160
685 64866000000 160
712 66573000000 160
730 68280000000 160
754 69987000000 160
769 71694000000 160
784 73401000000 160
796 75108000000 160
823 76815000000 160
850 78522000000 160
862 80229000000 160
877 81936000000 160
904 83643000000 160
919 85350000000 160
934 87057000000 160
949 88764000000 160
961 90471000000 160
1000 92178000000 160
1015 93885000000 160
1027 95592000000 160
1042 97299000000 160
1069 99006000000 160
1081 100713000000 160
1099 102420000000 160
1111 104127000000 160
1150 105834000000 160
1165 107541000000 160
1177 109248000000 160
1192 110955000000 160
1219 112662000000 160
1231 114369000000 160
1246 116076000000 160
1273 117783000000 160
1300 119490000000 160
1315 121197000000 160
1330 122904000000 160
1342 124611000000 160
1369 126318000000 160
1384 128025000000 160
1396 129732000000 160
1423 131439000000 160
1450 133146000000 160
1462 134853000000 160
1480 136560000000 160
1495 138267000000 160
1519 139974000000 160
1534 141681000000 160
1549 143388000000 160
1573 145095000000 160
1600 146802000000 160
1615 148509000000 160
1627 150216000000 160
1642 151923000000 160
1669 153630000000 160
1684 155337000000 160
1711 157044000000 160
1723 158751000000 160
1750 160458000000 160
1765 162165000000 160
1777 163872000000 160
1792 165579000000 160
1819 167286000000 160
1831 168993000000 160
1861 170700000000 160
1876 172407000000 160
1900 174114000000 160
1915 175821000000 160
1930 177528000000 160
1942 179235000000 160
1957 180942000000 160
1996 182649000000 160
2008 184356000000 160
2023 186063000000 160
2041 187770000000 160
2065 189477000000 160
2080 191184000000 160
2095 192891000000 160
2107 194598000000 160
2146 196305000000 160
2161 198012000000 160
2173 199719000000 160
2188 201426000000 160
2215 203133000000 160
2230 204840000000 160
2245 206547000000 160
2257 208254000000 160
2296 209961000000 160
2311 211668000000 160
2323 213375000000 160
2338 215082000000 160
2365 216789000000 160
2377 218496000000 160
2392 220203000000 160
2422 221910000000 160
2446 223617000000 160
2461 225324000000 160
2476 227031000000 160
2488 228738000000 160
2515 230445000000 160
2530 232152000000 160
2542 233859000000 160
2569 235566000000 160
2596 237273000000 160
2611 238980000000 160
2626 240687000000 160
2641 242394000000 160
2665 244101000000 160
2680 245808000000 160
2695 247515000000 160
2719 249222000000 160
2746 250929000000 160
2761 252636000000 160
2773 254343000000 160
2791 256050000000 160
2815 257757000000 160
2830 259464000000 160
2857 261171000000 160
2869 262878000000 160
2896 264585000000 160
2911 266292000000 160
2923 267999000000 160
2938 269706000000 160
2953 271413000000 160
2980 273120000000 160
3007 274827000000 160
3022 276534000000 160
3034 278241000000 160
3061 279948000000 160
3076 281655000000 160
3088 283362000000 160
3103 285069000000 160
3130 286776000000 160
3154 288483000000 160
3172 290190000000 160
3187 291897000000 160
3211 293604000000 160
3226 295311000000 160
3241 297018000000 160
3253 298725000000 160
3292 300432000000 160
3307 302139000000 160
3319 303846000000 160
3334 305553000000 160
3361 307260000000 160
3376 308967000000 160
3391 310674000000 160
3403 312381000000 160
3442 314088000000 160
3457 315795000000 160
3469 317502000000 160
3484 319209000000 160
3511 320916000000 160
3523 322623000000 160
3541 324330000000 160
3568 326037000000 160
3592 327744000000 160
3607 329451000000 160
3622 331158000000 160
3634 332865000000 160
3661 334572000000 160
3676 336279000000 160
3688 337986000000 160
3715 339693000000 160
3745 341400000000 160
3757 343107000000 160
3772 344814000000 160
3787 346521000000 160
3811 348228000000 160
3826 349935000000 160
3841 351642000000 160
3865 353349000000 160
3892 355056000000 160
3907 356763000000 160
3922 358470000000 160
3937 360177000000 160
3949 361884000000 160
3976 363591000000 160
4003 365298000000 160
4015 367005000000 160
4030 368712000000 160
4057 370419000000 160
4069 372126000000 160
4084 373833000000 160
4102 375540000000 160
4126 377247000000 160
4153 378954000000 160
4168 380661000000 160
4180 382368000000 160
4207 384075000000 160
4222 385782000000 160
4234 387489000000 160
4249 389196000000 160
4276 390903000000 160
4303 392610000000 160
4318 394317000000 160
4333 396024000000 160
4357 397731000000 160
4372 399438000000 160
4387 401145000000 160
4399 402852000000 160
4438 404559000000 160
4453 406266000000 160
4465 407973000000 160
4483 409680000000 160
4507 411387000000 160
4522 413094000000 160
4537 414801000000 160
4549 416508000000 160
4588 418215000000 160
4603 419922000000 160
4615 421629000000 160
4630 423336000000 160
4657 425043000000 160
4672 426750000000 160
4687 428457000000 160
4702 430164000000 160
4738 431871000000 160
4753 433578000000 160
4768 435285000000 160
4780 436992000000 160
4807 438699000000 160
4822 440406000000 160
4834 442113000000 160
4864 443820000000 160
4891 445527000000 160
4903 447234000000 160
4918 448941000000 160
4933 450648000000 160
4945 452355000000 160
4972 454062000000 160
4987 455769000000 160
5011 457476000000 160
5026 459183000000 160
5053 460890000000 160
5068 462597000000 160
5083 464304000000 160
5095 466011000000 160
5122 467718000000 160
5149 469425000000 160
5161 471132000000 160
5176 472839000000 160
5203 474546000000 160
5215 476253000000 160
5233 477960000000 160
5248 479667000000 160
5272 481374000000 160
5299 483081000000 160
5314 484788000000 160
5326 486495000000 160
5353 488202000000 160
5368 489909000000 160
5380 491616000000 160
5395 493323000000 160
5425 495030000000 160
5449 496737000000 160
5464 498444000000 160
5479 500151000000 160
5503 501858000000 160
5518 503565000000 160
5533 505272000000 160
5545 506979000000 160
5584 508686000000 160
5599 510393000000 160
5614 512100000000 160
5629 513807000000 160
5653 515514000000 160
5668 517221000000 160
5683 518928000000 160
5695 520635000000 160
5734 522342000000 160
5749 524049000000 160
5761 525756000000 160
5776 527463000000 160
5806 529170000000 160
5818 530877000000 160
5833 532584000000 160
5848 534291000000 160
5884 535998000000 160
5899 537705000000 160
5914 539412000000 160
5926 541119000000 160
5941 542826000000 160
5968 544533000000 160
5983 546240000000 160
6010 547947000000 160
6025 549654000000 160
6049 551361000000 160
6064 553068000000 160
6079 554775000000 160
6091 556482000000 160
6118 558189000000 160
6133 559896000000 160
6157 561603000000 160
6175 563310000000 160
6199 565017000000 160
6214 566724000000 160
6229 568431000000 160
6241 570138000000 160
6268 571845000000 160
6283 573552000000 160
6307 575259000000 160
6322 576966000000 160
6349 578673000000 160
6364 580380000000 160
6379 582087000000 160
6394 583794000000 160
6418 585501000000 160
6445 587208000000 160
6460 588915000000 160
6472 590622000000 160
6499 592329000000 160
6514 594036000000 160
6526 595743000000 160
6544 597450000000 160
6571 599157000000 160
6595 600864000000 160
6610 602571000000 160
6625 604278000000 160
6649 605985000000 160
6664 607692000000 160
6679 609399000000 160
6691 611106000000 160
6730 612813000000 160
6745 614520000000 160
6760 616227000000 160
6775 617934000000 160
6799 619641000000 160
6814 621348000000 160
6829 623055000000 160
6841 624762000000 160
6880 626469000000 160
6895 628176000000 160
6907 629883000000 160
6925 631590000000 160
6940 633297000000 160
6964 635004000000 160
6979 636711000000 160
6994 638418000000 160
7018 640125000000 160
7045 641832000000 160
7060 643539000000 160
7072 645246000000 160
7087 646953000000 160
7117 648660000000 160
7129 650367000000 160
7156 652074000000 160
7171 653781000000 160
7195 655488000000 160
7210 657195000000 160
7225 658902000000 160
7237 660609000000 160
7264 662316000000 160
7279 664023000000 160
7306 665730000000 160
7321 667437000000 160
7345 669144000000 160
7360 670851000000 160
7375 672558000000 160
7387 674265000000 160
7414 675972000000 160
7429 677679000000 160
7453 679386000000 160
7468 681093000000 160
7498 682800000000 160
7510 684507000000 160
7525 686214000000 160
7540 687921000000 160
7564 689628000000 160
7591 691335000000 160
7606 693042000000 160
7618 694749000000 160
7645 696456000000 160
7660 698163000000 160
7675 699870000000 160
7690 701577000000 160
7717 703284000000 160
7741 704991000000 160
7756 706698000000 160
7771 708405000000 160
7795 710112000000 160
7810 711819000000 160
7825 713526000000 160
7837 715233000000 160
7867 716940000000 160
7891 718647000000 160
7906 720354000000 160
7921 722061000000 160
7933 723768000000 160
7960 725475000000 160
7975 727182000000 160
7987 728889000000 160
8014 730596000000 160
8041 732303000000 160
8056 734010000000 160
8071 735717000000 160
8086 737424000000 160
8110 739131000000 160
8125 740838000000 160
8140 742545000000 160
8164 744252000000 160
8191 745959000000 160
8206 747666000000 160
8218 749373000000 160
8236 751080000000 160
8263 752787000000 160
8275 754494000000 160
8302 756201000000 160
8317 757908000000 160
8341 759615000000 160
8356 761322000000 160
8371 763029000000 160
8383 764736000000 160
8410 766443000000 160
8425 768150000000 160
8452 769857000000 160
8467 771564000000 160
8491 773271000000 160
8506 774978000000 160
8521 776685000000 160
8533 778392000000 160
8560 780099000000 160
8575 781806000000 160
8599 783513000000 160
8617 785220000000 160
8644 786927000000 160
8656 788634000000 160
8671 790341000000 160
8686 792048000000 160
8710 793755000000 160
8737 795462000000 160
8752 797169000000 160
8764 798876000000 160
8791 800583000000 160
8809 802290000000 160
8821 803997000000 160
8836 805704000000 160
8863 807411000000 160
8887 809118000000 160
8902 810825000000 160
8917 812532000000 160
8929 814239000000 160
8956 815946000000 160
8968 817653000000 160
8986 819360000000 160
9001 821067000000 160
9037 822774000000 160
9052 824481000000 160
9067 826188000000 160
9079 827895000000 160
9106 829602000000 160
9121 831309000000 160
9133 833016000000 160
9160 834723000000 160
9190 836430000000 160
9202 838137000000 160
9217 839844000000 160
9232 841551000000 160
9256 843258000000 160
9271 844965000000 160
9286 846672000000 160
9310 848379000000 160
9337 850086000000 160
9352 851793000000 160
9367 853500000000 160
9382 855207000000 160
9409 856914000000 160
9421 858621000000 160
9436 860328000000 160
9463 862035000000 160
9487 863742000000 160
9502 865449000000 160
9517 867156000000 160
9529 868863000000 160
9559 870570000000 160
9571 872277000000 160
9598 873984000000 160
9613 875691000000 160
9637 877398000000 160
9652 879105000000 160
9667 880812000000 160
9679 882519000000 160
9706 884226000000 160
9721 885933000000 160
9748 887640000000 160
9763 889347000000 160
9790 891054000000 160
9802 892761000000 160
9817 894468000000 160
9832 896175000000 160
9856 897882000000 160
9883 899589000000 160
9898 901296000000 160
9910 903003000000 160
9928 904710000000 160
9955 906417000000 160
9967 908124000000 160
9982 909831000000 160
9997 911538000000 160
10033 913245000000 160
10048 914952000000 160
10063 916659000000 160
10075 918366000000 160
10102 920073000000 160
10117 921780000000 160
10132 923487000000 160
10147 925194000000 160
10183 926901000000 160
10198 928608000000 160
10213 930315000000 160
10225 932022000000 160
10252 933729000000 160
10267 935436000000 160
10279 937143000000 160
10309 938850000000 160
10336 940557000000 160
10348 942264000000 160
10363 943971000000 160
10378 945678000000 160
10402 947385000000 160
10417 949092000000 160
10432 950799000000 160
10456 952506000000 160
10483 954213000000 160
10501 955920000000 160
10513 957627000000 160
10528 959334000000 160
10555 961041000000 160
10567 962748000000 160
10582 964455000000 160
10609 966162000000 160
10633 967869000000 160
10648 969576000000 160
10660 971283000000 160
10678 972990000000 160
10705 974697000000 160
10717 976404000000 160
10744 978111000000 160
10759 979818000000 160
10783 981525000000 160
10798 983232000000 160
10813 984939000000 160
10825 986646000000 160
10852 988353000000 160
10870 990060000000 160
10894 991767000000 160
10909 993474000000 160
10924 995181000000 160
10948 996888000000 160
10963 998595000000 160
