120 13037000000 1358
270 26074000000 1358
408 39111000000 1358
558 52148000000 1358
705 65185000000 1358
843 78222000000 1358
993 91259000000 1358
1131 104296000000 1358
1266 117333000000 1358
1416 130370000000 1358
1566 143407000000 1358
1704 156444000000 1358
1851 169481000000 1358
1989 182518000000 1358
2139 195555000000 1358
2277 208592000000 1358
2412 221629000000 1358
2562 234666000000 1358
2712 247703000000 1358
2850 260740000000 1358
3000 273777000000 1358
3147 286814000000 1358
3285 299851000000 1358
3423 312888000000 1358
3561 325925000000 1358
3708 338962000000 1358
3858 351999000000 1358
3996 365036000000 1358
4146 378073000000 1358
4293 391110000000 1358
4431 404147000000 1358
4569 417184000000 1358
4719 430221000000 1358
4854 443258000000 1358
5004 456295000000 1358
5142 469332000000 1358
5292 482369000000 1358
5442 495406000000 1358
5577 508443000000 1358
5715 521480000000 1358
5865 534517000000 1358
6003 547554000000 1358
6150 560591000000 1358
6300 573628000000 1358
6438 586665000000 1358
6588 599702000000 1358
6723 612739000000 1358
6861 625776000000 1358
7011 638813000000 1358
7149 651850000000 1358
7296 664887000000 1358
7446 677924000000 1358
7584 690961000000 1358
7734 703998000000 1358
7884 717035000000 1358
8007 730072000000 1358
8157 743109000000 1358
8295 756146000000 1358
8445 769183000000 1358
8592 782220000000 1358
8730 795257000000 1358
8880 808294000000 1358
9030 821331000000 1358
9153 834368000000 1358
9303 847405000000 1358
9453 860442000000 1358
9591 873479000000 1358
9738 886516000000 1358
9876 899553000000 1358
10026 912590000000 1358
10164 925627000000 1358
10299 938664000000 1358
10449 951701000000 1358
10599 964738000000 1358
10737 977775000000 1358
10887 990812000000 1358
