111 13037000000 1358
261 26074000000 1358
399 39111000000 1358
549 52148000000 1358
696 65185000000 1358
834 78222000000 1358
984 91259000000 1358
1122 104296000000 1358
1257 117333000000 1358
1407 130370000000 1358
1557 143407000000 1358
1695 156444000000 1358
1842 169481000000 1358
1980 182518000000 1358
2130 195555000000 1358
2268 208592000000 1358
2403 221629000000 1358
2553 234666000000 1358
2703 247703000000 1358
2841 260740000000 1358
2991 273777000000 1358
3138 286814000000 1358
3276 299851000000 1358
3414 312888000000 1358
3552 325925000000 1358
3699 338962000000 1358
3849 351999000000 1358
3987 365036000000 1358
4137 378073000000 1358
4284 391110000000 1358
4422 404147000000 1358
4560 417184000000 1358
4710 430221000000 1358
4845 443258000000 1358
4995 456295000000 1358
5133 469332000000 1358
5283 482369000000 1358
5433 495406000000 1358
5568 508443000000 1358
5706 521480000000 1358
5856 534517000000 1358
5994 547554000000 1358
6141 560591000000 1358
6291 573628000000 1358
6429 586665000000 1358
6579 599702000000 1358
6714 612739000000 1358
6852 625776000000 1358
7002 638813000000 1358
7140 651850000000 1358
7287 664887000000 1358
7437 677924000000 1358
7575 690961000000 1358
7725 703998000000 1358
7875 717035000000 1358
7998 730072000000 1358
8148 743109000000 1358
8286 756146000000 1358
8436 769183000000 1358
8583 782220000000 1358
8721 795257000000 1358
8871 808294000000 1358
9021 821331000000 1358
9144 834368000000 1358
9294 847405000000 1358
9444 860442000000 1358
9582 873479000000 1358
9729 886516000000 1358
9867 899553000000 1358
10017 912590000000 1358
10155 925627000000 1358
10290 938664000000 1358
10440 951701000000 1358
10590 964738000000 1358
10728 977775000000 1358
10878 990812000000 1358
