56 6960000000 1450
137 13920000000 1450
209 20880000000 1450
287 27840000000 1450
359 34800000000 1450
440 41760000000 1450
506 48720000000 1450
590 55680000000 1450
659 62640000000 1450
740 69600000000 1450
809 76560000000 1450
890 83520000000 1450
971 90480000000 1450
1052 97440000000 1450
1136 104400000000 1450
1202 111360000000 1450
1283 118320000000 1450
1355 125280000000 1450
1433 132240000000 1450
1505 139200000000 1450
1586 146160000000 1450
1652 153120000000 1450
1736 160080000000 1450
1805 167040000000 1450
1886 174000000000 1450
1967 180960000000 1450
2051 187920000000 1450
2117 194880000000 1450
2198 201840000000 1450
2282 208800000000 1450
2348 215760000000 1450
2432 222720000000 1450
2501 229680000000 1450
2579 236640000000 1450
2651 243600000000 1450
2732 250560000000 1450
2801 257520000000 1450
2882 264480000000 1450
2963 271440000000 1450
3044 278400000000 1450
3113 285360000000 1450
3197 292320000000 1450
3263 299280000000 1450
3344 306240000000 1450
3428 313200000000 1450
3494 320160000000 1450
3578 327120000000 1450
3647 334080000000 1450
3725 341040000000 1450
3797 348000000000 1450
3878 354960000000 1450
3959 361920000000 1450
4040 368880000000 1450
4112 375840000000 1450
4193 382800000000 1450
4259 389760000000 1450
4343 396720000000 1450
4412 403680000000 1450
4493 410640000000 1450
4574 417600000000 1450
4643 424560000000 1450
4724 431520000000 1450
4793 438480000000 1450
4877 445440000000 1450
4955 452400000000 1450
5036 459360000000 1450
5108 466320000000 1450
5186 473280000000 1450
5258 480240000000 1450
5339 487200000000 1450
5405 494160000000 1450
5489 501120000000 1450
5558 508080000000 1450
5639 515040000000 1450
5720 522000000000 1450
5789 528960000000 1450
5870 535920000000 1450
5951 542880000000 1450
6035 549840000000 1450
6101 556800000000 1450
6185 563760000000 1450
6254 570720000000 1450
6332 577680000000 1450
6404 584640000000 1450
6485 591600000000 1450
6554 598560000000 1450
6635 605520000000 1450
6704 612480000000 1450
6785 619440000000 1450
6866 626400000000 1450
6950 633360000000 1450
7028 640320000000 1450
7097 647280000000 1450
7181 654240000000 1450
7247 661200000000 1450
7331 668160000000 1450
7400 675120000000 1450
7478 682080000000 1450
7550 689040000000 1450
7631 696000000000 1450
7700 702960000000 1450
7781 709920000000 1450
7853 716880000000 1450
7943 723840000000 1450
8024 730800000000 1450
8096 737760000000 1450
8174 744720000000 1450
8246 751680000000 1450
8327 758640000000 1450
8396 765600000000 1450
8477 772560000000 1450
8546 779520000000 1450
8630 786480000000 1450
8696 793440000000 1450
8777 800400000000 1450
8849 807360000000 1450
8939 814320000000 1450
9011 821280000000 1450
9092 828240000000 1450
9170 835200000000 1450
9242 842160000000 1450
9323 849120000000 1450
9392 856080000000 1450
9473 863040000000 1450
9542 870000000000 1450
9623 876960000000 1450
9692 883920000000 1450
9776 890880000000 1450
9842 897840000000 1450
9938 904800000000 1450
10007 911760000000 1450
10085 918720000000 1450
10169 925680000000 1450
10238 932640000000 1450
10319 939600000000 1450
10388 946560000000 1450
10469 953520000000 1450
10538 960480000000 1450
10619 967440000000 1450
10691 974400000000 1450
10769 981360000000 1450
10838 988320000000 1450
10934 995280000000 1450
