60 6960000000 1450
141 13920000000 1450
213 20880000000 1450
291 27840000000 1450
363 34800000000 1450
444 41760000000 1450
510 48720000000 1450
594 55680000000 1450
663 62640000000 1450
744 69600000000 1450
813 76560000000 1450
894 83520000000 1450
975 90480000000 1450
1056 97440000000 1450
1140 104400000000 1450
1206 111360000000 1450
1287 118320000000 1450
1359 125280000000 1450
1437 132240000000 1450
1509 139200000000 1450
1590 146160000000 1450
1656 153120000000 1450
1740 160080000000 1450
1809 167040000000 1450
1890 174000000000 1450
1971 180960000000 1450
2055 187920000000 1450
2121 194880000000 1450
2202 201840000000 1450
2286 208800000000 1450
2352 215760000000 1450
2436 222720000000 1450
2505 229680000000 1450
2583 236640000000 1450
2655 243600000000 1450
2736 250560000000 1450
2805 257520000000 1450
2886 264480000000 1450
2967 271440000000 1450
3048 278400000000 1450
3117 285360000000 1450
3201 292320000000 1450
3267 299280000000 1450
3348 306240000000 1450
3432 313200000000 1450
3498 320160000000 1450
3582 327120000000 1450
3651 334080000000 1450
3729 341040000000 1450
3801 348000000000 1450
3882 354960000000 1450
3963 361920000000 1450
4044 368880000000 1450
4116 375840000000 1450
4197 382800000000 1450
4263 389760000000 1450
4347 396720000000 1450
4416 403680000000 1450
4497 410640000000 1450
4578 417600000000 1450
4647 424560000000 1450
4728 431520000000 1450
4797 438480000000 1450
4881 445440000000 1450
4959 452400000000 1450
5040 459360000000 1450
5112 466320000000 1450
5190 473280000000 1450
5262 480240000000 1450
5343 487200000000 1450
5409 494160000000 1450
5493 501120000000 1450
5562 508080000000 1450
5643 515040000000 1450
5724 522000000000 1450
5793 528960000000 1450
5874 535920000000 1450
5955 542880000000 1450
6039 549840000000 1450
6105 556800000000 1450
6189 563760000000 1450
6258 570720000000 1450
6336 577680000000 1450
6408 584640000000 1450
6489 591600000000 1450
6558 598560000000 1450
6639 605520000000 1450
6708 612480000000 1450
6789 619440000000 1450
6870 626400000000 1450
6954 633360000000 1450
7032 640320000000 1450
7101 647280000000 1450
7185 654240000000 1450
7251 661200000000 1450
7335 668160000000 1450
7404 675120000000 1450
7482 682080000000 1450
7554 689040000000 1450
7635 696000000000 1450
7704 702960000000 1450
7785 709920000000 1450
7857 716880000000 1450
7947 723840000000 1450
8028 730800000000 1450
8100 737760000000 1450
8178 744720000000 1450
8250 751680000000 1450
8331 758640000000 1450
8400 765600000000 1450
8481 772560000000 1450
8550 779520000000 1450
8634 786480000000 1450
8700 793440000000 1450
8781 800400000000 1450
8853 807360000000 1450
8943 814320000000 1450
9015 821280000000 1450
9096 828240000000 1450
9174 835200000000 1450
9246 842160000000 1450
9327 849120000000 1450
9396 856080000000 1450
9477 863040000000 1450
9546 870000000000 1450
9627 876960000000 1450
9696 883920000000 1450
9780 890880000000 1450
9846 897840000000 1450
9942 904800000000 1450
10011 911760000000 1450
10089 918720000000 1450
10173 925680000000 1450
10242 932640000000 1450
10323 939600000000 1450
10392 946560000000 1450
10473 953520000000 1450
10542 960480000000 1450
10623 967440000000 1450
10695 974400000000 1450
10773 981360000000 1450
10842 988320000000 1450
10938 995280000000 1450
