55 6960000000 1450
136 13920000000 1450
208 20880000000 1450
286 27840000000 1450
358 34800000000 1450
439 41760000000 1450
505 48720000000 1450
589 55680000000 1450
658 62640000000 1450
739 69600000000 1450
808 76560000000 1450
889 83520000000 1450
970 90480000000 1450
1051 97440000000 1450
1135 104400000000 1450
1201 111360000000 1450
1282 118320000000 1450
1354 125280000000 1450
1432 132240000000 1450
1504 139200000000 1450
1585 146160000000 1450
1651 153120000000 1450
1735 160080000000 1450
1804 167040000000 1450
1885 174000000000 1450
1966 180960000000 1450
2050 187920000000 1450
2116 194880000000 1450
2197 201840000000 1450
2281 208800000000 1450
2347 215760000000 1450
2431 222720000000 1450
2500 229680000000 1450
2578 236640000000 1450
2650 243600000000 1450
2731 250560000000 1450
2800 257520000000 1450
2881 264480000000 1450
2962 271440000000 1450
3043 278400000000 1450
3112 285360000000 1450
3196 292320000000 1450
3262 299280000000 1450
3343 306240000000 1450
3427 313200000000 1450
3493 320160000000 1450
3577 327120000000 1450
3646 334080000000 1450
3724 341040000000 1450
3796 348000000000 1450
3877 354960000000 1450
3958 361920000000 1450
4039 368880000000 1450
4111 375840000000 1450
4192 382800000000 1450
4258 389760000000 1450
4342 396720000000 1450
4411 403680000000 1450
4492 410640000000 1450
4573 417600000000 1450
4642 424560000000 1450
4723 431520000000 1450
4792 438480000000 1450
4876 445440000000 1450
4954 452400000000 1450
5035 459360000000 1450
5107 466320000000 1450
5185 473280000000 1450
5257 480240000000 1450
5338 487200000000 1450
5404 494160000000 1450
5488 501120000000 1450
5557 508080000000 1450
5638 515040000000 1450
5719 522000000000 1450
5788 528960000000 1450
5869 535920000000 1450
5950 542880000000 1450
6034 549840000000 1450
6100 556800000000 1450
6184 563760000000 1450
6253 570720000000 1450
6331 577680000000 1450
6403 584640000000 1450
6484 591600000000 1450
6553 598560000000 1450
6634 605520000000 1450
6703 612480000000 1450
6784 619440000000 1450
6865 626400000000 1450
6949 633360000000 1450
7027 640320000000 1450
7096 647280000000 1450
7180 654240000000 1450
7246 661200000000 1450
7330 668160000000 1450
7399 675120000000 1450
7477 682080000000 1450
7549 689040000000 1450
7630 696000000000 1450
7699 702960000000 1450
7780 709920000000 1450
7852 716880000000 1450
7942 723840000000 1450
8023 730800000000 1450
8095 737760000000 1450
8173 744720000000 1450
8245 751680000000 1450
8326 758640000000 1450
8395 765600000000 1450
8476 772560000000 1450
8545 779520000000 1450
8629 786480000000 1450
8695 793440000000 1450
8776 800400000000 1450
8848 807360000000 1450
8938 814320000000 1450
9010 821280000000 1450
9091 828240000000 1450
9169 835200000000 1450
9241 842160000000 1450
9322 849120000000 1450
9391 856080000000 1450
9472 863040000000 1450
9541 870000000000 1450
9622 876960000000 1450
9691 883920000000 1450
9775 890880000000 1450
9841 897840000000 1450
9937 904800000000 1450
10006 911760000000 1450
10084 918720000000 1450
10168 925680000000 1450
10237 932640000000 1450
10318 939600000000 1450
10387 946560000000 1450
10468 953520000000 1450
10537 960480000000 1450
10618 967440000000 1450
10690 974400000000 1450
10768 981360000000 1450
10837 988320000000 1450
10933 995280000000 1450
