11 1707000000 160
26 3414000000 160
38 5121000000 160
53 6828000000 160
80 8535000000 160
92 10242000000 160
107 11949000000 160
134 13656000000 160
158 15363000000 160
176 17070000000 160
191 18777000000 160
203 20484000000 160
230 22191000000 160
245 23898000000 160
257 25605000000 160
284 27312000000 160
311 29019000000 160
323 30726000000 160
338 32433000000 160
356 34140000000 160
380 35847000000 160
395 37554000000 160
422 39261000000 160
434 40968000000 160
461 42675000000 160
476 44382000000 160
488 46089000000 160
503 47796000000 160
530 49503000000 160
545 51210000000 160
572 52917000000 160
584 54624000000 160
611 56331000000 160
626 58038000000 160
638 59745000000 160
653 61452000000 160
680 63159000000 160
692 64866000000 160
719 66573000000 160
737 68280000000 160
761 69987000000 160
776 71694000000 160
791 73401000000 160
803 75108000000 160
830 76815000000 160
857 78522000000 160
869 80229000000 160
884 81936000000 160
911 83643000000 160
926 85350000000 160
941 87057000000 160
956 88764000000 160
968 90471000000 160
1007 92178000000 160
1022 93885000000 160
1034 95592000000 160
1049 97299000000 160
1076 99006000000 160
1088 100713000000 160
1106 102420000000 160
1118 104127000000 160
1157 105834000000 160
1172 107541000000 160
1184 109248000000 160
1199 110955000000 160
1226 112662000000 160
1238 114369000000 160
1253 116076000000 160
1280 117783000000 160
1307 119490000000 160
1322 121197000000 160
1337 122904000000 160
1349 124611000000 160
1376 126318000000 160
1391 128025000000 160
1403 129732000000 160
1430 131439000000 160
1457 133146000000 160
1469 134853000000 160
1487 136560000000 160
1502 138267000000 160
1526 139974000000 160
1541 141681000000 160
1556 143388000000 160
1580 145095000000 160
1607 146802000000 160
1622 148509000000 160
1634 150216000000 160
1649 151923000000 160
1676 153630000000 160
1691 155337000000 160
1718 157044000000 160
1730 158751000000 160
1757 160458000000 160
1772 162165000000 160
1784 163872000000 160
1799 165579000000 160
1826 167286000000 160
1838 168993000000 160
1868 170700000000 160
1883 172407000000 160
1907 174114000000 160
1922 175821000000 160
1937 177528000000 160
1949 179235000000 160
1964 180942000000 160
2003 182649000000 160
2015 184356000000 160
2030 186063000000 160
2048 187770000000 160
2072 189477000000 160
2087 191184000000 160
2102 192891000000 160
2114 194598000000 160
2153 196305000000 160
2168 198012000000 160
2180 199719000000 160
2195 201426000000 160
2222 203133000000 160
2237 204840000000 160
2252 206547000000 160
2264 208254000000 160
2303 209961000000 160
2318 211668000000 160
2330 213375000000 160
2345 215082000000 160
2372 216789000000 160
2384 218496000000 160
2399 220203000000 160
2429 221910000000 160
2453 223617000000 160
2468 225324000000 160
2483 227031000000 160
2495 228738000000 160
2522 230445000000 160
2537 232152000000 160
2549 233859000000 160
2576 235566000000 160
2603 237273000000 160
2618 238980000000 160
2633 240687000000 160
2648 242394000000 160
2672 244101000000 160
2687 245808000000 160
2702 247515000000 160
2726 249222000000 160
2753 250929000000 160
2768 252636000000 160
2780 254343000000 160
2798 256050000000 160
2822 257757000000 160
2837 259464000000 160
2864 261171000000 160
2876 262878000000 160
2903 264585000000 160
2918 266292000000 160
2930 267999000000 160
2945 269706000000 160
2960 271413000000 160
2987 273120000000 160
3014 274827000000 160
3029 276534000000 160
3041 278241000000 160
3068 279948000000 160
3083 281655000000 160
3095 283362000000 160
3110 285069000000 160
3137 286776000000 160
3161 288483000000 160
3179 290190000000 160
3194 291897000000 160
3218 293604000000 160
3233 295311000000 160
3248 297018000000 160
3260 298725000000 160
3299 300432000000 160
3314 302139000000 160
3326 303846000000 160
3341 305553000000 160
3368 307260000000 160
3383 308967000000 160
3398 310674000000 160
3410 312381000000 160
3449 314088000000 160
3464 315795000000 160
3476 317502000000 160
3491 319209000000 160
3518 320916000000 160
3530 322623000000 160
3548 324330000000 160
3575 326037000000 160
3599 327744000000 160
3614 329451000000 160
3629 331158000000 160
3641 332865000000 160
3668 334572000000 160
3683 336279000000 160
3695 337986000000 160
3722 339693000000 160
3752 341400000000 160
3764 343107000000 160
3779 344814000000 160
3794 346521000000 160
3818 348228000000 160
3833 349935000000 160
3848 351642000000 160
3872 353349000000 160
3899 355056000000 160
3914 356763000000 160
3929 358470000000 160
3944 360177000000 160
3956 361884000000 160
3983 363591000000 160
4010 365298000000 160
4022 367005000000 160
4037 368712000000 160
4064 370419000000 160
4076 372126000000 160
4091 373833000000 160
4109 375540000000 160
4133 377247000000 160
4160 378954000000 160
4175 380661000000 160
4187 382368000000 160
4214 384075000000 160
4229 385782000000 160
4241 387489000000 160
4256 389196000000 160
4283 390903000000 160
4310 392610000000 160
4325 394317000000 160
4340 396024000000 160
4364 397731000000 160
4379 399438000000 160
4394 401145000000 160
4406 402852000000 160
4445 404559000000 160
4460 406266000000 160
4472 407973000000 160
4490 409680000000 160
4514 411387000000 160
4529 413094000000 160
4544 414801000000 160
4556 416508000000 160
4595 418215000000 160
4610 419922000000 160
4622 421629000000 160
4637 423336000000 160
4664 425043000000 160
4679 426750000000 160
4694 428457000000 160
4709 430164000000 160
4745 431871000000 160
4760 433578000000 160
4775 435285000000 160
4787 436992000000 160
4814 438699000000 160
4829 440406000000 160
4841 442113000000 160
4871 443820000000 160
4898 445527000000 160
4910 447234000000 160
4925 448941000000 160
4940 450648000000 160
4952 452355000000 160
4979 454062000000 160
4994 455769000000 160
5018 457476000000 160
5033 459183000000 160
5060 460890000000 160
5075 462597000000 160
5090 464304000000 160
5102 466011000000 160
5129 467718000000 160
5156 469425000000 160
5168 471132000000 160
5183 472839000000 160
5210 474546000000 160
5222 476253000000 160
5240 477960000000 160
5255 479667000000 160
5279 481374000000 160
5306 483081000000 160
5321 484788000000 160
5333 486495000000 160
5360 488202000000 160
5375 489909000000 160
5387 491616000000 160
5402 493323000000 160
5432 495030000000 160
5456 496737000000 160
5471 498444000000 160
5486 500151000000 160
5510 501858000000 160
5525 503565000000 160
5540 505272000000 160
5552 506979000000 160
5591 508686000000 160
5606 510393000000 160
5621 512100000000 160
5636 513807000000 160
5660 515514000000 160
5675 517221000000 160
5690 518928000000 160
5702 520635000000 160
5741 522342000000 160
5756 524049000000 160
5768 525756000000 160
5783 527463000000 160
5813 529170000000 160
5825 530877000000 160
5840 532584000000 160
5855 534291000000 160
5891 535998000000 160
5906 537705000000 160
5921 539412000000 160
5933 541119000000 160
5948 542826000000 160
5975 544533000000 160
5990 546240000000 160
6017 547947000000 160
6032 549654000000 160
6056 551361000000 160
6071 553068000000 160
6086 554775000000 160
6098 556482000000 160
6125 558189000000 160
6140 559896000000 160
6164 561603000000 160
6182 563310000000 160
6206 565017000000 160
6221 566724000000 160
6236 568431000000 160
6248 570138000000 160
6275 571845000000 160
6290 573552000000 160
6314 575259000000 160
6329 576966000000 160
6356 578673000000 160
6371 580380000000 160
6386 582087000000 160
6401 583794000000 160
6425 585501000000 160
6452 587208000000 160
6467 588915000000 160
6479 590622000000 160
6506 592329000000 160
6521 594036000000 160
6533 595743000000 160
6551 597450000000 160
6578 599157000000 160
6602 600864000000 160
6617 602571000000 160
6632 604278000000 160
6656 605985000000 160
6671 607692000000 160
6686 609399000000 160
6698 611106000000 160
6737 612813000000 160
6752 614520000000 160
6767 616227000000 160
6782 617934000000 160
6806 619641000000 160
6821 621348000000 160
6836 623055000000 160
6848 624762000000 160
6887 626469000000 160
6902 628176000000 160
6914 629883000000 160
6932 631590000000 160
6947 633297000000 160
6971 635004000000 160
6986 636711000000 160
7001 638418000000 160
7025 640125000000 160
7052 641832000000 160
7067 643539000000 160
7079 645246000000 160
7094 646953000000 160
7124 648660000000 160
7136 650367000000 160
7163 652074000000 160
7178 653781000000 160
7202 655488000000 160
7217 657195000000 160
7232 658902000000 160
7244 660609000000 160
7271 662316000000 160
7286 664023000000 160
7313 665730000000 160
7328 667437000000 160
7352 669144000000 160
7367 670851000000 160
7382 672558000000 160
7394 674265000000 160
7421 675972000000 160
7436 677679000000 160
7460 679386000000 160
7475 681093000000 160
7505 682800000000 160
7517 684507000000 160
7532 686214000000 160
7547 687921000000 160
7571 689628000000 160
7598 691335000000 160
7613 693042000000 160
7625 694749000000 160
7652 696456000000 160
7667 698163000000 160
7682 699870000000 160
7697 701577000000 160
7724 703284000000 160
7748 704991000000 160
7763 706698000000 160
7778 708405000000 160
7802 710112000000 160
7817 711819000000 160
7832 713526000000 160
7844 715233000000 160
7874 716940000000 160
7898 718647000000 160
7913 720354000000 160
7928 722061000000 160
7940 723768000000 160
7967 725475000000 160
7982 727182000000 160
7994 728889000000 160
8021 730596000000 160
8048 732303000000 160
8063 734010000000 160
8078 735717000000 160
8093 737424000000 160
8117 739131000000 160
8132 740838000000 160
8147 742545000000 160
8171 744252000000 160
8198 745959000000 160
8213 747666000000 160
8225 749373000000 160
8243 751080000000 160
8270 752787000000 160
8282 754494000000 160
8309 756201000000 160
8324 757908000000 160
8348 759615000000 160
8363 761322000000 160
8378 763029000000 160
8390 764736000000 160
8417 766443000000 160
8432 768150000000 160
8459 769857000000 160
8474 771564000000 160
8498 773271000000 160
8513 774978000000 160
8528 776685000000 160
8540 778392000000 160
8567 780099000000 160
8582 781806000000 160
8606 783513000000 160
8624 785220000000 160
8651 786927000000 160
8663 788634000000 160
8678 790341000000 160
8693 792048000000 160
8717 793755000000 160
8744 795462000000 160
8759 797169000000 160
8771 798876000000 160
8798 800583000000 160
8816 802290000000 160
8828 803997000000 160
8843 805704000000 160
8870 807411000000 160
8894 809118000000 160
8909 810825000000 160
8924 812532000000 160
8936 814239000000 160
8963 815946000000 160
8975 817653000000 160
8993 819360000000 160
9008 821067000000 160
9044 822774000000 160
9059 824481000000 160
9074 826188000000 160
9086 827895000000 160
9113 829602000000 160
9128 831309000000 160
9140 833016000000 160
9167 834723000000 160
9197 836430000000 160
9209 838137000000 160
9224 839844000000 160
9239 841551000000 160
9263 843258000000 160
9278 844965000000 160
9293 846672000000 160
9317 848379000000 160
9344 850086000000 160
9359 851793000000 160
9374 853500000000 160
9389 855207000000 160
9416 856914000000 160
9428 858621000000 160
9443 860328000000 160
9470 862035000000 160
9494 863742000000 160
9509 865449000000 160
9524 867156000000 160
9536 868863000000 160
9566 870570000000 160
9578 872277000000 160
9605 873984000000 160
9620 875691000000 160
9644 877398000000 160
9659 879105000000 160
9674 880812000000 160
9686 882519000000 160
9713 884226000000 160
9728 885933000000 160
9755 887640000000 160
9770 889347000000 160
9797 891054000000 160
9809 892761000000 160
9824 894468000000 160
9839 896175000000 160
9863 897882000000 160
9890 899589000000 160
9905 901296000000 160
9917 903003000000 160
9935 904710000000 160
9962 906417000000 160
9974 908124000000 160
9989 909831000000 160
10004 911538000000 160
10040 913245000000 160
10055 914952000000 160
10070 916659000000 160
10082 918366000000 160
10109 920073000000 160
10124 921780000000 160
10139 923487000000 160
10154 925194000000 160
10190 926901000000 160
10205 928608000000 160
10220 930315000000 160
10232 932022000000 160
10259 933729000000 160
10274 935436000000 160
10286 937143000000 160
10316 938850000000 160
10343 940557000000 160
10355 942264000000 160
10370 943971000000 160
10385 945678000000 160
10409 947385000000 160
10424 949092000000 160
10439 950799000000 160
10463 952506000000 160
10490 954213000000 160
10508 955920000000 160
10520 957627000000 160
10535 959334000000 160
10562 961041000000 160
10574 962748000000 160
10589 964455000000 160
10616 966162000000 160
10640 967869000000 160
10655 969576000000 160
10667 971283000000 160
10685 972990000000 160
10712 974697000000 160
10724 976404000000 160
10751 978111000000 160
10766 979818000000 160
10790 981525000000 160
10805 983232000000 160
10820 984939000000 160
10832 986646000000 160
10859 988353000000 160
10877 990060000000 160
10901 991767000000 160
10916 993474000000 160
10931 995181000000 160
10955 996888000000 160
10970 998595000000 160
