10 2034000000 160
25 3741000000 160
37 5448000000 160
52 7155000000 160
79 10695000000 160
91 11019000000 160
106 12276000000 160
133 15507000000 160
157 19404000000 160
175 20418000000 160
190 21390000000 160
202 21714000000 160
229 25254000000 160
244 26226000000 160
256 26550000000 160
283 29934000000 160
310 33260000000 160
322 33798000000 160
337 34770000000 160
355 35784000000 160
379 38248000000 160
394 39648000000 160
421 41022000000 160
433 43356000000 160
460 46254000000 160
475 47652000000 160
487 48192000000 160
502 49164000000 160
529 51416000000 160
544 53070000000 160
571 55650000000 160
583 56778000000 160
610 59034000000 160
625 61290000000 160
637 61614000000 160
652 62586000000 160
679 64646000000 160
691 66468000000 160
718 69852000000 160
736 70866000000 160
760 72046000000 160
775 74730000000 160
790 75702000000 160
802 76026000000 160
829 77640000000 160
856 81342000000 160
868 83274000000 160
883 84246000000 160
910 85646000000 160
925 88152000000 160
940 89124000000 160
955 90096000000 160
967 91012000000 160
1006 96147000000 160
1021 97506000000 160
1033 98046000000 160
1048 99018000000 160
1075 102126000000 160
1087 102882000000 160
1105 103896000000 160
1117 104670000000 160
1156 110406000000 160
1171 111378000000 160
1183 111702000000 160
1198 112674000000 160
1225 116214000000 160
1237 116538000000 160
1252 117510000000 160
1279 119487000000 160
1306 123614000000 160
1321 124800000000 160
1336 125772000000 160
1348 126096000000 160
1375 129208000000 160
1390 130608000000 160
1402 130932000000 160
1429 134115000000 160
1456 137214000000 160
1468 138180000000 160
1486 139194000000 160
1501 140166000000 160
1525 141988000000 160
1540 144030000000 160
1555 144987000000 160
1579 147738000000 160
1606 149994000000 160
1621 152034000000 160
1633 152574000000 160
1648 153546000000 160
1675 155198000000 160
1690 157452000000 160
1717 159630000000 160
1729 161160000000 160
1756 162988000000 160
1771 165672000000 160
1783 165996000000 160
1798 166968000000 160
1825 168582000000 160
1837 170832000000 160
1867 174258000000 160
1882 175230000000 160
1906 175982000000 160
1921 179094000000 160
1936 180066000000 160
1948 180390000000 160
1963 181576000000 160
2002 185304000000 160
2014 187638000000 160
2029 188610000000 160
2047 189624000000 160
2071 192516000000 160
2086 193488000000 160
2101 194460000000 160
2113 194925000000 160
2152 200134000000 160
2167 201694000000 160
2179 202234000000 160
2194 203206000000 160
2221 206314000000 160
2236 207112000000 160
2251 208084000000 160
2263 208581000000 160
2302 214319000000 160
2317 215505000000 160
2329 215829000000 160
2344 216801000000 160
2371 219913000000 160
2383 220665000000 160
2398 221637000000 160
2428 223455000000 160
2452 227313000000 160
2467 228927000000 160
2482 229899000000 160
2494 230223000000 160
2521 232693000000 160
2536 234735000000 160
2548 235059000000 160
2575 237840000000 160
2602 240699000000 160
2617 242349000000 160
2632 243321000000 160
2647 244293000000 160
2671 245687000000 160
2686 248157000000 160
2701 248913000000 160
2725 251865000000 160
2752 253693000000 160
2767 255945000000 160
2779 256701000000 160
2797 257715000000 160
2821 258897000000 160
2836 261579000000 160
2863 263556000000 160
2875 265287000000 160
2902 266687000000 160
2917 269799000000 160
2929 270123000000 160
2944 271095000000 160
2959 272281000000 160
2986 275001000000 160
3013 277983000000 160
3028 279357000000 160
3040 279681000000 160
3067 283221000000 160
3082 284193000000 160
3094 284517000000 160
3109 285489000000 160
3136 289230000000 160
3160 291765000000 160
3178 292779000000 160
3193 293751000000 160
3217 296643000000 160
3232 297615000000 160
3247 298371000000 160
3259 299052000000 160
3298 303918000000 160
3313 306094000000 160
3325 306634000000 160
3340 307606000000 160
3367 310328000000 160
3382 311512000000 160
3397 312484000000 160
3409 312808000000 160
3448 317904000000 160
3463 319732000000 160
3475 320056000000 160
3490 321028000000 160
3517 323498000000 160
3529 324892000000 160
3547 325906000000 160
3574 327280000000 160
3598 330898000000 160
3613 333154000000 160
3628 334126000000 160
3640 334450000000 160
3667 336492000000 160
3682 338962000000 160
3694 339286000000 160
3721 341866000000 160
3751 344540000000 160
3763 346576000000 160
3778 347548000000 160
3793 348304000000 160
3817 349486000000 160
3832 352384000000 160
3847 353140000000 160
3871 356092000000 160
3898 357492000000 160
3913 360172000000 160
3928 360970000000 160
3943 361942000000 160
3955 362480000000 160
3982 365806000000 160
4009 367381000000 160
4021 369514000000 160
4036 370486000000 160
4063 374026000000 160
4075 374350000000 160
4090 375322000000 160
4108 376336000000 160
4132 379228000000 160
4159 382009000000 160
4174 383584000000 160
4186 383908000000 160
4213 387448000000 160
4228 388420000000 160
4240 388744000000 160
4255 389716000000 160
4282 393192000000 160
4309 396184000000 160
4324 397156000000 160
4339 398128000000 160
4363 400378000000 160
4378 401992000000 160
4393 402748000000 160
4405 403288000000 160
4444 407417000000 160
4459 410220000000 160
4471 410976000000 160
4489 411990000000 160
4513 414028000000 160
4528 415854000000 160
4543 416826000000 160
4555 417150000000 160
4594 421416000000 160
4609 424074000000 160
4621 424398000000 160
4636 425370000000 160
4663 427412000000 160
4678 429276000000 160
4693 430248000000 160
4708 431220000000 160
4744 434812000000 160
4759 437496000000 160
4774 438468000000 160
4786 438792000000 160
4813 440406000000 160
4828 443304000000 160
4840 443628000000 160
4870 445848000000 160
4897 448454000000 160
4909 450918000000 160
4924 451890000000 160
4939 452646000000 160
4951 453400000000 160
4978 456726000000 160
4993 457266000000 160
5017 460434000000 160
5032 461406000000 160
5059 464556000000 160
5074 465312000000 160
5089 466284000000 160
5101 466608000000 160
5128 470148000000 160
5155 471522000000 160
5167 473856000000 160
5182 474828000000 160
5209 478368000000 160
5221 478692000000 160
5239 479706000000 160
5254 480678000000 160
5278 483356000000 160
5305 485949000000 160
5320 487926000000 160
5332 488250000000 160
5359 491148000000 160
5374 492762000000 160
5386 493086000000 160
5401 494058000000 160
5431 496992000000 160
5455 500584000000 160
5470 501556000000 160
5485 502312000000 160
5509 504350000000 160
5524 506392000000 160
5539 507148000000 160
5551 507688000000 160
5590 510747000000 160
5605 514380000000 160
5620 515178000000 160
5635 516150000000 160
5659 517544000000 160
5674 520014000000 160
5689 520986000000 160
5701 521310000000 160
5740 524947000000 160
5755 528234000000 160
5767 528558000000 160
5782 529530000000 160
5812 531186000000 160
5824 533436000000 160
5839 534408000000 160
5854 535380000000 160
5890 538544000000 160
5905 541656000000 160
5920 542628000000 160
5932 542952000000 160
5947 543924000000 160
5974 547464000000 160
5989 547830000000 160
6016 549807000000 160
6031 552186000000 160
6055 555078000000 160
6070 556050000000 160
6085 556806000000 160
6097 557346000000 160
6124 560886000000 160
6139 561426000000 160
6163 564192000000 160
6181 565608000000 160
6205 568500000000 160
6220 569472000000 160
6235 570444000000 160
6247 570768000000 160
6274 573880000000 160
6289 575280000000 160
6313 578016000000 160
6328 578988000000 160
6355 581886000000 160
6370 582894000000 160
6385 583866000000 160
6400 584838000000 160
6424 586874000000 160
6451 589908000000 160
6466 592086000000 160
6478 592410000000 160
6505 594880000000 160
6520 596922000000 160
6532 597246000000 160
6550 598260000000 160
6577 600922000000 160
6601 604741000000 160
6616 605914000000 160
6631 606670000000 160
6655 608280000000 160
6670 610750000000 160
6685 611290000000 160
6697 612046000000 160
6736 614278000000 160
6751 618582000000 160
6766 619338000000 160
6781 620310000000 160
6805 621276000000 160
6820 624174000000 160
6835 625146000000 160
6847 625470000000 160
6886 628063000000 160
6901 632394000000 160
6913 632718000000 160
6931 633732000000 160
6946 634704000000 160
6970 637596000000 160
6985 638568000000 160
7000 639540000000 160
7024 642276000000 160
7051 645816000000 160
7066 646788000000 160
7078 647112000000 160
7093 648084000000 160
7123 651666000000 160
7135 651990000000 160
7162 653565000000 160
7177 656130000000 160
7201 659024000000 160
7216 660210000000 160
7231 660966000000 160
7243 661506000000 160
7270 664618000000 160
7285 665586000000 160
7312 668193000000 160
7327 669768000000 160
7351 672018000000 160
7366 673632000000 160
7381 674604000000 160
7393 674928000000 160
7420 677612000000 160
7435 679440000000 160
7459 682176000000 160
7474 683148000000 160
7504 685660000000 160
7516 687054000000 160
7531 688026000000 160
7546 688998000000 160
7570 690754000000 160
7597 693814000000 160
7612 696394000000 160
7624 696718000000 160
7651 698760000000 160
7666 701230000000 160
7681 701596000000 160
7696 702568000000 160
7723 704894000000 160
7747 708940000000 160
7762 710314000000 160
7777 711070000000 160
7801 712252000000 160
7816 715150000000 160
7831 715690000000 160
7843 716446000000 160
7873 717674000000 160
7897 722764000000 160
7912 723736000000 160
7927 724708000000 160
7939 725032000000 160
7966 728572000000 160
7981 729544000000 160
7993 729868000000 160
8020 732046000000 160
8047 736792000000 160
8062 737158000000 160
8077 738130000000 160
8092 739102000000 160
8116 741994000000 160
8131 742966000000 160
8146 743938000000 160
8170 746473000000 160
8197 750000000000 160
8212 751186000000 160
8224 751510000000 160
8242 752524000000 160
8269 755636000000 160
8281 756388000000 160
8308 757561000000 160
8323 760528000000 160
8347 762994000000 160
8362 764608000000 160
8377 765148000000 160
8389 765904000000 160
8416 768588000000 160
8431 770026000000 160
8458 772189000000 160
8473 774166000000 160
8497 775988000000 160
8512 778030000000 160
8527 779002000000 160
8539 779326000000 160
8566 781582000000 160
8581 783838000000 160
8605 786574000000 160
8623 787588000000 160
8650 789630000000 160
8662 791452000000 160
8677 792424000000 160
8692 793396000000 160
8716 794726000000 160
8743 798013000000 160
8758 800794000000 160
8770 801118000000 160
8797 802518000000 160
8815 805672000000 160
8827 805996000000 160
8842 806968000000 160
8869 808318000000 160
8893 812820000000 160
8908 814596000000 160
8923 815352000000 160
8935 815892000000 160
8962 819432000000 160
8974 819972000000 160
8992 820770000000 160
9007 821742000000 160
9043 827046000000 160
9058 828018000000 160
9073 828990000000 160
9085 829314000000 160
9112 832854000000 160
9127 833826000000 160
9139 834150000000 160
9166 835926000000 160
9196 840902000000 160
9208 841440000000 160
9223 842412000000 160
9238 843384000000 160
9262 845848000000 160
9277 847248000000 160
9292 848220000000 160
9316 850554000000 160
9343 853854000000 160
9358 855468000000 160
9373 855834000000 160
9388 856806000000 160
9415 859490000000 160
9427 860670000000 160
9442 861642000000 160
9469 864810000000 160
9493 866848000000 160
9508 868890000000 160
9523 869430000000 160
9535 870186000000 160
9565 872484000000 160
9577 874092000000 160
9604 876270000000 160
9619 878448000000 160
9643 879842000000 160
9658 882312000000 160
9673 883284000000 160
9685 883608000000 160
9712 885222000000 160
9727 888120000000 160
9754 890697000000 160
9769 891870000000 160
9796 893270000000 160
9808 895734000000 160
9823 896706000000 160
9838 897678000000 160
9862 898423000000 160
9889 901950000000 160
9904 905133000000 160
9916 905457000000 160
9934 906471000000 160
9961 910011000000 160
9973 910335000000 160
9988 911307000000 160
10003 912264000000 160
10039 916779000000 160
10054 918756000000 160
10069 919296000000 160
10081 920052000000 160
10108 923592000000 160
10123 924174000000 160
10138 924930000000 160
10153 925902000000 160
10189 930992000000 160
10204 932178000000 160
10219 933150000000 160
10231 933474000000 160
10258 936586000000 160
10273 937986000000 160
10285 938310000000 160
10315 939927000000 160
10342 944634000000 160
10354 945600000000 160
10369 946572000000 160
10384 947544000000 160
10408 949580000000 160
10423 951408000000 160
10438 952380000000 160
10462 954312000000 160
10489 957586000000 160
10507 959670000000 160
10519 959994000000 160
10534 960966000000 160
10561 963006000000 160
10573 964830000000 160
10588 965802000000 160
10615 968970000000 160
10639 970580000000 160
10654 973050000000 160
10666 973590000000 160
10684 974388000000 160
10711 976002000000 160
10723 978252000000 160
10750 980028000000 160
10765 982608000000 160
10789 983360000000 160
10804 986472000000 160
10819 987444000000 160
10831 987768000000 160
10858 988954000000 160
10876 992322000000 160
10900 994656000000 160
10915 996030000000 160
10930 997002000000 160
10954 999894000000 160
