8 1980000000 160
23 3687000000 160
35 5394000000 160
50 7101000000 160
77 10641000000 160
89 10965000000 160
104 12222000000 160
131 15252000000 160
155 19350000000 160
173 20364000000 160
188 21336000000 160
200 21660000000 160
227 25200000000 160
242 26172000000 160
254 26496000000 160
281 29880000000 160
308 33206000000 160
320 33744000000 160
335 34716000000 160
353 35730000000 160
377 38194000000 160
392 39594000000 160
419 40752000000 160
431 43302000000 160
458 45986000000 160
473 47598000000 160
485 48138000000 160
500 49110000000 160
527 51148000000 160
542 53016000000 160
569 55596000000 160
581 56724000000 160
608 58980000000 160
623 61236000000 160
635 61560000000 160
650 62532000000 160
677 64592000000 160
689 66414000000 160
716 69798000000 160
734 70812000000 160
758 71992000000 160
773 74676000000 160
788 75648000000 160
800 75972000000 160
827 77586000000 160
854 81087000000 160
866 83220000000 160
881 84192000000 160
908 85592000000 160
923 88098000000 160
938 89070000000 160
953 90042000000 160
965 90958000000 160
1004 96093000000 160
1019 97452000000 160
1031 97992000000 160
1046 98964000000 160
1073 102072000000 160
1085 102828000000 160
1103 103842000000 160
1115 104400000000 160
1154 110352000000 160
1169 111324000000 160
1181 111648000000 160
1196 112620000000 160
1223 116160000000 160
1235 116484000000 160
1250 117456000000 160
1277 119433000000 160
1304 123560000000 160
1319 124746000000 160
1334 125718000000 160
1346 126042000000 160
1373 128940000000 160
1388 130554000000 160
1400 130878000000 160
1427 133860000000 160
1454 136946000000 160
1466 138126000000 160
1484 139140000000 160
1499 140112000000 160
1523 141934000000 160
1538 143976000000 160
1553 144933000000 160
1577 147684000000 160
1604 149940000000 160
1619 151764000000 160
1631 152520000000 160
1646 153492000000 160
1673 155144000000 160
1688 157398000000 160
1715 159576000000 160
1727 161106000000 160
1754 162934000000 160
1769 165618000000 160
1781 165942000000 160
1796 166914000000 160
1823 168528000000 160
1835 170778000000 160
1865 174204000000 160
1880 175176000000 160
1904 175928000000 160
1919 179040000000 160
1934 180012000000 160
1946 180336000000 160
1961 181308000000 160
2000 185250000000 160
2012 187584000000 160
2027 188556000000 160
2045 189570000000 160
2069 192462000000 160
2084 193434000000 160
2099 194190000000 160
2111 194871000000 160
2150 199879000000 160
2165 201640000000 160
2177 202180000000 160
2192 203152000000 160
2219 206260000000 160
2234 207058000000 160
2249 208030000000 160
2261 208527000000 160
2300 214051000000 160
2315 215451000000 160
2327 215775000000 160
2342 216747000000 160
2369 219645000000 160
2381 220611000000 160
2396 221583000000 160
2426 223200000000 160
2450 227045000000 160
2465 228873000000 160
2480 229845000000 160
2492 230169000000 160
2519 232639000000 160
2534 234681000000 160
2546 235005000000 160
2573 237786000000 160
2600 240645000000 160
2615 242295000000 160
2630 243267000000 160
2645 244023000000 160
2669 245633000000 160
2684 248103000000 160
2699 248859000000 160
2723 251811000000 160
2750 253639000000 160
2765 255891000000 160
2777 256647000000 160
2795 257661000000 160
2819 258627000000 160
2834 261525000000 160
2861 263502000000 160
2873 265233000000 160
2900 266633000000 160
2915 269745000000 160
2927 270069000000 160
2942 271041000000 160
2957 272013000000 160
2984 274947000000 160
3011 277929000000 160
3026 279303000000 160
3038 279627000000 160
3065 283167000000 160
3080 284139000000 160
3092 284463000000 160
3107 285435000000 160
3134 288975000000 160
3158 291711000000 160
3176 292725000000 160
3191 293697000000 160
3215 296589000000 160
3230 297561000000 160
3245 298317000000 160
3257 298998000000 160
3296 303650000000 160
3311 305824000000 160
3323 306580000000 160
3338 307552000000 160
3365 310060000000 160
3380 311458000000 160
3395 312430000000 160
3407 312754000000 160
3446 317850000000 160
3461 319678000000 160
3473 320002000000 160
3488 320974000000 160
3515 323444000000 160
3527 324838000000 160
3545 325852000000 160
3572 327226000000 160
3596 330844000000 160
3611 333100000000 160
3626 334072000000 160
3638 334396000000 160
3665 336438000000 160
3680 338908000000 160
3692 339232000000 160
3719 341611000000 160
3749 344486000000 160
3761 346522000000 160
3776 347494000000 160
3791 348250000000 160
3815 349432000000 160
3830 352330000000 160
3845 352870000000 160
3869 356038000000 160
3896 357224000000 160
3911 360118000000 160
3926 360916000000 160
3941 361888000000 160
3953 362212000000 160
3980 365752000000 160
4007 367327000000 160
4019 369460000000 160
4034 370432000000 160
4061 373972000000 160
4073 374296000000 160
4088 375268000000 160
4106 376282000000 160
4130 379174000000 160
4157 381955000000 160
4172 383530000000 160
4184 383854000000 160
4211 387180000000 160
4226 388366000000 160
4238 388690000000 160
4253 389662000000 160
4280 392924000000 160
4307 396130000000 160
4322 397102000000 160
4337 397858000000 160
4361 400324000000 160
4376 401938000000 160
4391 402694000000 160
4403 403234000000 160
4442 407162000000 160
4457 410166000000 160
4469 410922000000 160
4487 411936000000 160
4511 413758000000 160
4526 415800000000 160
4541 416772000000 160
4553 417096000000 160
4592 421362000000 160
4607 424020000000 160
4619 424344000000 160
4634 425316000000 160
4661 427358000000 160
4676 429222000000 160
4691 430194000000 160
4706 431166000000 160
4742 434758000000 160
4757 437442000000 160
4772 438414000000 160
4784 438738000000 160
4811 440352000000 160
4826 443250000000 160
4838 443574000000 160
4868 445794000000 160
4895 448186000000 160
4907 450864000000 160
4922 451836000000 160
4937 452592000000 160
4949 453132000000 160
4976 456672000000 160
4991 457212000000 160
5015 460179000000 160
5030 461352000000 160
5057 464286000000 160
5072 465258000000 160
5087 466230000000 160
5099 466554000000 160
5126 470094000000 160
5153 471468000000 160
5165 473802000000 160
5180 474774000000 160
5207 478100000000 160
5219 478638000000 160
5237 479652000000 160
5252 480624000000 160
5276 483088000000 160
5303 485895000000 160
5318 487872000000 160
5330 488196000000 160
5357 491094000000 160
5372 492708000000 160
5384 493032000000 160
5399 494004000000 160
5429 496938000000 160
5453 500530000000 160
5468 501502000000 160
5483 502258000000 160
5507 504296000000 160
5522 506338000000 160
5537 506878000000 160
5549 507634000000 160
5588 510693000000 160
5603 514326000000 160
5618 515124000000 160
5633 516096000000 160
5657 517490000000 160
5672 519960000000 160
5687 520932000000 160
5699 521256000000 160
5738 524692000000 160
5753 528180000000 160
5765 528504000000 160
5780 529476000000 160
5810 530918000000 160
5822 533382000000 160
5837 534354000000 160
5852 535326000000 160
5888 538276000000 160
5903 541602000000 160
5918 542574000000 160
5930 542898000000 160
5945 543870000000 160
5972 547410000000 160
5987 547776000000 160
6014 549552000000 160
6029 551916000000 160
6053 555024000000 160
6068 555996000000 160
6083 556752000000 160
6095 557292000000 160
6122 560832000000 160
6137 561372000000 160
6161 564138000000 160
6179 565554000000 160
6203 568232000000 160
6218 569418000000 160
6233 570390000000 160
6245 570714000000 160
6272 573826000000 160
6287 575226000000 160
6311 577962000000 160
6326 578934000000 160
6353 581832000000 160
6368 582840000000 160
6383 583812000000 160
6398 584784000000 160
6422 586820000000 160
6449 589854000000 160
6464 592032000000 160
6476 592356000000 160
6503 594826000000 160
6518 596868000000 160
6530 597192000000 160
6548 598206000000 160
6575 600868000000 160
6599 604687000000 160
6614 605860000000 160
6629 606616000000 160
6653 608226000000 160
6668 610696000000 160
6683 611236000000 160
6695 611992000000 160
6734 613809000000 160
6749 618312000000 160
6764 619284000000 160
6779 620256000000 160
6803 621008000000 160
6818 624120000000 160
6833 625092000000 160
6845 625416000000 160
6884 628009000000 160
6899 632340000000 160
6911 632664000000 160
6929 633678000000 160
6944 634650000000 160
6968 637542000000 160
6983 638514000000 160
6998 639486000000 160
7022 642222000000 160
7049 645762000000 160
7064 646734000000 160
7076 647058000000 160
7091 648030000000 160
7121 651612000000 160
7133 651936000000 160
7160 653511000000 160
7175 656076000000 160
7199 658970000000 160
7214 660156000000 160
7229 660696000000 160
7241 661452000000 160
7268 664564000000 160
7283 665532000000 160
7310 667938000000 160
7325 669714000000 160
7349 671964000000 160
7364 673578000000 160
7379 674550000000 160
7391 674874000000 160
7418 677558000000 160
7433 679386000000 160
7457 682122000000 160
7472 683094000000 160
7502 685606000000 160
7514 687000000000 160
7529 687972000000 160
7544 688944000000 160
7568 690700000000 160
7595 693760000000 160
7610 696340000000 160
7622 696664000000 160
7649 698706000000 160
7664 701176000000 160
7679 701542000000 160
7694 702514000000 160
7721 704410000000 160
7745 708886000000 160
7760 710260000000 160
7775 711016000000 160
7799 711984000000 160
7814 715096000000 160
7829 715636000000 160
7841 716392000000 160
7871 717620000000 160
7895 722710000000 160
7910 723682000000 160
7925 724654000000 160
7937 724978000000 160
7964 728518000000 160
7979 729490000000 160
7991 729814000000 160
8018 731791000000 160
8045 736738000000 160
8060 737104000000 160
8075 738076000000 160
8090 739048000000 160
8114 741940000000 160
8129 742912000000 160
8144 743884000000 160
8168 746419000000 160
8195 749946000000 160
8210 751132000000 160
8222 751456000000 160
8240 752470000000 160
8267 755582000000 160
8279 756334000000 160
8306 757507000000 160
8321 760474000000 160
8345 762940000000 160
8360 764554000000 160
8375 765094000000 160
8387 765850000000 160
8414 768534000000 160
8429 769756000000 160
8456 772135000000 160
8471 774112000000 160
8495 775934000000 160
8510 777976000000 160
8525 778948000000 160
8537 779272000000 160
8564 781528000000 160
8579 783784000000 160
8603 786520000000 160
8621 787534000000 160
8648 789362000000 160
8660 791398000000 160
8675 792370000000 160
8690 793342000000 160
8714 794458000000 160
8741 797959000000 160
8756 800740000000 160
8768 801064000000 160
8795 802464000000 160
8813 805618000000 160
8825 805942000000 160
8840 806914000000 160
8867 808264000000 160
8891 812766000000 160
8906 814542000000 160
8921 815082000000 160
8933 815838000000 160
8960 819378000000 160
8972 819918000000 160
8990 820716000000 160
9005 821688000000 160
9041 826992000000 160
9056 827964000000 160
9071 828936000000 160
9083 829260000000 160
9110 832800000000 160
9125 833772000000 160
9137 834096000000 160
9164 835872000000 160
9194 840848000000 160
9206 841386000000 160
9221 842358000000 160
9236 843330000000 160
9260 845794000000 160
9275 847194000000 160
9290 848166000000 160
9314 850299000000 160
9341 853800000000 160
9356 855414000000 160
9371 855780000000 160
9386 856752000000 160
9413 859220000000 160
9425 860616000000 160
9440 861588000000 160
9467 864756000000 160
9491 866794000000 160
9506 868836000000 160
9521 869376000000 160
9533 870132000000 160
9563 872216000000 160
9575 874038000000 160
9602 876015000000 160
9617 878394000000 160
9641 879574000000 160
9656 882258000000 160
9671 883230000000 160
9683 883554000000 160
9710 885168000000 160
9725 888066000000 160
9752 890643000000 160
9767 891816000000 160
9794 893216000000 160
9806 895680000000 160
9821 896652000000 160
9836 897624000000 160
9860 898369000000 160
9887 901896000000 160
9902 905079000000 160
9914 905403000000 160
9932 906417000000 160
9959 909957000000 160
9971 910281000000 160
9986 911253000000 160
10001 912210000000 160
10037 916725000000 160
10052 918702000000 160
10067 919242000000 160
10079 919998000000 160
10106 923538000000 160
10121 923904000000 160
10136 924876000000 160
10151 925848000000 160
10187 930938000000 160
10202 932124000000 160
10217 933096000000 160
10229 933420000000 160
10256 936532000000 160
10271 937932000000 160
10283 938256000000 160
10313 939672000000 160
10340 944580000000 160
10352 945546000000 160
10367 946518000000 160
10382 947490000000 160
10406 949526000000 160
10421 951354000000 160
10436 952326000000 160
10460 954258000000 160
10487 957532000000 160
10505 959616000000 160
10517 959940000000 160
10532 960912000000 160
10559 962738000000 160
10571 964776000000 160
10586 965748000000 160
10613 968700000000 160
10637 970312000000 160
10652 972996000000 160
10664 973536000000 160
10682 974334000000 160
10709 975948000000 160
10721 978198000000 160
10748 979974000000 160
10763 982554000000 160
10787 983306000000 160
10802 986418000000 160
10817 987390000000 160
10829 987714000000 160
10856 988900000000 160
10874 992268000000 160
10898 994401000000 160
10913 995976000000 160
10928 996948000000 160
10952 999840000000 160
