121 16862000000 1358
271 29532000000 1358
409 42954000000 1358
559 56376000000 1358
706 69450000000 1358
844 82872000000 1358
994 96672000000 1358
1132 109362000000 1358
1267 121030000000 1358
1417 134184000000 1358
1567 147336000000 1358
1705 160758000000 1358
1852 173856000000 1358
1990 187236000000 1358
2140 200860000000 1358
2278 213275000000 1358
2413 225199000000 1358
2563 238365000000 1358
2713 251463000000 1358
2851 264885000000 1358
3001 278280000000 1358
3148 291363000000 1358
3286 305260000000 1358
3424 317315000000 1358
3562 329212000000 1358
3709 342592000000 1358
3859 355690000000 1358
3997 369112000000 1358
4147 382534000000 1358
4294 395740000000 1358
4432 409602000000 1358
4570 421740000000 1358
4720 433554000000 1358
4855 446976000000 1358
5005 460086000000 1358
5143 473454000000 1358
5293 486876000000 1358
5443 500182000000 1358
5578 513762000000 1358
5716 525686000000 1358
5866 537714000000 1358
6004 551136000000 1358
6151 564516000000 1358
6301 577614000000 1358
6439 591036000000 1358
6589 604621000000 1358
6724 617922000000 1358
6862 629846000000 1358
7012 641874000000 1358
7150 655296000000 1358
7297 668718000000 1358
7447 681774000000 1358
7585 695344000000 1358
7735 709264000000 1358
7885 722148000000 1358
8008 734030000000 1358
8158 746407000000 1358
8296 759694000000 1358
8446 773116000000 1358
8593 786172000000 1358
8731 799744000000 1358
8881 813546000000 1358
9031 826216000000 1358
9154 838098000000 1358
9304 850878000000 1358
9454 863976000000 1358
9592 877398000000 1358
9739 890658000000 1358
9877 904083000000 1358
10027 917706000000 1358
10165 930162000000 1358
10300 942086000000 1358
10450 955038000000 1358
10600 968136000000 1358
10738 981558000000 1358
10888 994980000000 1358
