115 14904000000 1358
265 28326000000 1358
403 41748000000 1358
553 54846000000 1358
700 68244000000 1358
838 81666000000 1358
988 94928000000 1358
1126 106872000000 1358
1261 119448000000 1358
1411 132708000000 1358
1561 146130000000 1358
1699 159228000000 1358
1846 172608000000 1358
1984 186030000000 1358
2134 198902000000 1358
2272 210785000000 1358
2407 223779000000 1358
2557 236835000000 1358
2707 250257000000 1358
2845 263571000000 1358
2995 276777000000 1358
3142 290157000000 1358
3280 303088000000 1358
3418 315012000000 1358
3556 328006000000 1358
3703 341062000000 1358
3853 354484000000 1358
3991 367906000000 1358
4141 381004000000 1358
4288 394534000000 1358
4426 407459000000 1358
4564 419140000000 1358
4714 432348000000 1358
4849 445446000000 1358
4999 458826000000 1358
5137 472248000000 1358
5287 485346000000 1358
5437 498976000000 1358
5572 511486000000 1358
5710 523086000000 1358
5860 536508000000 1358
5998 549876000000 1358
6145 562986000000 1358
6295 576408000000 1358
6433 589506000000 1358
6583 603334000000 1358
6718 615432000000 1358
6856 627246000000 1358
7006 640668000000 1358
7144 654090000000 1358
7291 667146000000 1358
7441 680568000000 1358
7579 694138000000 1358
7729 707734000000 1358
7879 719872000000 1358
8002 731698000000 1358
8152 745066000000 1358
8290 758488000000 1358
8440 771586000000 1358
8587 784966000000 1358
8725 798538000000 1358
8875 812016000000 1358
9025 823940000000 1358
9148 836250000000 1358
9298 849348000000 1358
9448 862770000000 1358
9586 875949000000 1358
9733 889248000000 1358
9871 902877000000 1358
10021 915962000000 1358
10159 927886000000 1358
10294 940452000000 1358
10444 953508000000 1358
10594 966930000000 1358
10732 980352000000 1358
10882 993450000000 1358
