4 1872000000 160
19 3579000000 160
31 5286000000 160
46 6993000000 160
73 10533000000 160
85 10857000000 160
100 12114000000 160
127 15144000000 160
151 19242000000 160
169 20256000000 160
184 21228000000 160
196 21552000000 160
223 24878000000 160
238 26064000000 160
250 26388000000 160
277 29571000000 160
304 32884000000 160
316 33636000000 160
331 34608000000 160
349 35580000000 160
373 37872000000 160
388 39486000000 160
415 40644000000 160
427 43194000000 160
454 45878000000 160
469 47274000000 160
481 48030000000 160
496 49002000000 160
523 50824000000 160
538 52908000000 160
565 55287000000 160
577 56616000000 160
604 58872000000 160
619 61128000000 160
631 61452000000 160
646 62424000000 160
673 64484000000 160
685 66306000000 160
712 69690000000 160
730 70704000000 160
754 71670000000 160
769 74568000000 160
784 75540000000 160
796 75864000000 160
823 77264000000 160
850 80979000000 160
862 83112000000 160
877 84084000000 160
904 85270000000 160
919 87990000000 160
934 88962000000 160
949 89718000000 160
961 90636000000 160
1000 95784000000 160
1015 97128000000 160
1027 97884000000 160
1042 98856000000 160
1069 101964000000 160
1081 102720000000 160
1099 103734000000 160
1111 104292000000 160
1150 110244000000 160
1165 111216000000 160
1177 111540000000 160
1192 112512000000 160
1219 115838000000 160
1231 116376000000 160
1246 117348000000 160
1273 119124000000 160
1300 123238000000 160
1315 124638000000 160
1330 125610000000 160
1342 125934000000 160
1369 128832000000 160
1384 130446000000 160
1396 130770000000 160
1423 133752000000 160
1450 136838000000 160
1462 138018000000 160
1480 139032000000 160
1495 139788000000 160
1519 141826000000 160
1534 143868000000 160
1549 144624000000 160
1573 147576000000 160
1600 149832000000 160
1615 151656000000 160
1627 152412000000 160
1642 153384000000 160
1669 154606000000 160
1684 157290000000 160
1711 159468000000 160
1723 160998000000 160
1750 162612000000 160
1765 165510000000 160
1777 165834000000 160
1792 166806000000 160
1819 168206000000 160
1831 170670000000 160
1861 173895000000 160
1876 175068000000 160
1900 175606000000 160
1915 178932000000 160
1930 179904000000 160
1942 180228000000 160
1957 181200000000 160
1996 184941000000 160
2008 187476000000 160
2023 188448000000 160
2041 189204000000 160
2065 192354000000 160
2080 193326000000 160
2095 194082000000 160
2107 194763000000 160
2146 199771000000 160
2161 201316000000 160
2173 202072000000 160
2188 203044000000 160
2215 205722000000 160
2230 206950000000 160
2245 207922000000 160
2257 208419000000 160
2296 213943000000 160
2311 215343000000 160
2323 215667000000 160
2338 216639000000 160
2365 219537000000 160
2377 220503000000 160
2392 221475000000 160
2422 223092000000 160
2446 226937000000 160
2461 228765000000 160
2476 229737000000 160
2488 230061000000 160
2515 232531000000 160
2530 234573000000 160
2542 234897000000 160
2569 237477000000 160
2596 240537000000 160
2611 242187000000 160
2626 243159000000 160
2641 243915000000 160
2665 245311000000 160
2680 247995000000 160
2695 248535000000 160
2719 251703000000 160
2746 253317000000 160
2761 255783000000 160
2773 256539000000 160
2791 257553000000 160
2815 258305000000 160
2830 261417000000 160
2857 263193000000 160
2869 265125000000 160
2896 266311000000 160
2911 269637000000 160
2923 269961000000 160
2938 270933000000 160
2953 271905000000 160
2980 274839000000 160
3007 277821000000 160
3022 279195000000 160
3034 279519000000 160
3061 283059000000 160
3076 284031000000 160
3088 284355000000 160
3103 285327000000 160
3130 288867000000 160
3154 291603000000 160
3172 292617000000 160
3187 293373000000 160
3211 296267000000 160
3226 297453000000 160
3241 297993000000 160
3253 298890000000 160
3292 303341000000 160
3307 305716000000 160
3319 306472000000 160
3334 307444000000 160
3361 309736000000 160
3376 311350000000 160
3391 312322000000 160
3403 312646000000 160
3442 317541000000 160
3457 319570000000 160
3469 319894000000 160
3484 320866000000 160
3511 323336000000 160
3523 324730000000 160
3541 325744000000 160
3568 326917000000 160
3592 330522000000 160
3607 332992000000 160
3622 333964000000 160
3634 334288000000 160
3661 336116000000 160
3676 338800000000 160
3688 339124000000 160
3715 341503000000 160
3745 343906000000 160
3757 346414000000 160
3772 347386000000 160
3787 348142000000 160
3811 349110000000 160
3826 352222000000 160
3841 352762000000 160
3865 355930000000 160
3892 357116000000 160
3907 359794000000 160
3922 360808000000 160
3937 361780000000 160
3949 362104000000 160
3976 365644000000 160
4003 367219000000 160
4015 369352000000 160
4030 370324000000 160
4057 373864000000 160
4069 374188000000 160
4084 375160000000 160
4102 376174000000 160
4126 379066000000 160
4153 381646000000 160
4168 383422000000 160
4180 383746000000 160
4207 387072000000 160
4222 388258000000 160
4234 388582000000 160
4249 389554000000 160
4276 392816000000 160
4303 396022000000 160
4318 396994000000 160
4333 397750000000 160
4357 400216000000 160
4372 401830000000 160
4387 402370000000 160
4399 403126000000 160
4438 407054000000 160
4453 409842000000 160
4465 410814000000 160
4483 411828000000 160
4507 413436000000 160
4522 415692000000 160
4537 416664000000 160
4549 416988000000 160
4588 420839000000 160
4603 423912000000 160
4615 424236000000 160
4630 425208000000 160
4657 427036000000 160
4672 429114000000 160
4687 430086000000 160
4702 431058000000 160
4738 434436000000 160
4753 437334000000 160
4768 438306000000 160
4780 438630000000 160
4807 440030000000 160
4822 443142000000 160
4834 443466000000 160
4864 445485000000 160
4891 447862000000 160
4903 450756000000 160
4918 451728000000 160
4933 452268000000 160
4945 453024000000 160
4972 456564000000 160
4987 457104000000 160
5011 460071000000 160
5026 461244000000 160
5053 464178000000 160
5068 465150000000 160
5083 466122000000 160
5095 466446000000 160
5122 469986000000 160
5149 471159000000 160
5161 473694000000 160
5176 474666000000 160
5203 477992000000 160
5215 478530000000 160
5233 479544000000 160
5248 480516000000 160
5272 482980000000 160
5299 485787000000 160
5314 487764000000 160
5326 488088000000 160
5353 490986000000 160
5368 492600000000 160
5380 492924000000 160
5395 493896000000 160
5425 496572000000 160
5449 500422000000 160
5464 501394000000 160
5479 502150000000 160
5503 503974000000 160
5518 506230000000 160
5533 506770000000 160
5545 507526000000 160
5584 510170000000 160
5599 514002000000 160
5614 515016000000 160
5629 515988000000 160
5653 517168000000 160
5668 519852000000 160
5683 520824000000 160
5695 521148000000 160
5734 524370000000 160
5749 528072000000 160
5761 528396000000 160
5776 529368000000 160
5806 530810000000 160
5818 533274000000 160
5833 534246000000 160
5848 535218000000 160
5884 538168000000 160
5899 541494000000 160
5914 542466000000 160
5926 542790000000 160
5941 543762000000 160
5968 547302000000 160
5983 547668000000 160
6010 549444000000 160
6025 551808000000 160
6049 554916000000 160
6064 555888000000 160
6079 556428000000 160
6091 557184000000 160
6118 560724000000 160
6133 561048000000 160
6157 563829000000 160
6175 565446000000 160
6199 568124000000 160
6214 569310000000 160
6229 570282000000 160
6241 570606000000 160
6268 573718000000 160
6283 575118000000 160
6307 577854000000 160
6322 578826000000 160
6349 581724000000 160
6364 582732000000 160
6379 583704000000 160
6394 584676000000 160
6418 586498000000 160
6445 589545000000 160
6460 591924000000 160
6472 592248000000 160
6499 594504000000 160
6514 596760000000 160
6526 597084000000 160
6544 598098000000 160
6571 600330000000 160
6595 604579000000 160
6610 605752000000 160
6625 606292000000 160
6649 607904000000 160
6664 610588000000 160
6679 611128000000 160
6691 611884000000 160
6730 613701000000 160
6745 618204000000 160
6760 619176000000 160
6775 620148000000 160
6799 620900000000 160
6814 624012000000 160
6829 624984000000 160
6841 625308000000 160
6880 627700000000 160
6895 632232000000 160
6907 632556000000 160
6925 633570000000 160
6940 634542000000 160
6964 637434000000 160
6979 638406000000 160
6994 639378000000 160
7018 642114000000 160
7045 645654000000 160
7060 646626000000 160
7072 646950000000 160
7087 647922000000 160
7117 651246000000 160
7129 651828000000 160
7156 653202000000 160
7171 655968000000 160
7195 658862000000 160
7210 660048000000 160
7225 660588000000 160
7237 661344000000 160
7264 664456000000 160
7279 665208000000 160
7306 667830000000 160
7321 669606000000 160
7345 671642000000 160
7360 673470000000 160
7375 674442000000 160
7387 674766000000 160
7414 677236000000 160
7429 679278000000 160
7453 682014000000 160
7468 682986000000 160
7498 685284000000 160
7510 686892000000 160
7525 687864000000 160
7540 688836000000 160
7564 690378000000 160
7591 693652000000 160
7606 696232000000 160
7618 696556000000 160
7645 698384000000 160
7660 701068000000 160
7675 701434000000 160
7690 702406000000 160
7717 704302000000 160
7741 708577000000 160
7756 710152000000 160
7771 710692000000 160
7795 711876000000 160
7810 714988000000 160
7825 715312000000 160
7837 716284000000 160
7867 717512000000 160
7891 722602000000 160
7906 723574000000 160
7921 724546000000 160
7933 724870000000 160
7960 728410000000 160
7975 729382000000 160
7987 729706000000 160
8014 731683000000 160
8041 736630000000 160
8056 736996000000 160
8071 737968000000 160
8086 738940000000 160
8110 741832000000 160
8125 742804000000 160
8140 743776000000 160
8164 746110000000 160
8191 749838000000 160
8206 751024000000 160
8218 751348000000 160
8236 752362000000 160
8263 755258000000 160
8275 756226000000 160
8302 757399000000 160
8317 760150000000 160
8341 762618000000 160
8356 764446000000 160
8371 764986000000 160
8383 765742000000 160
8410 768212000000 160
8425 769648000000 160
8452 771826000000 160
8467 774004000000 160
8491 775612000000 160
8506 777868000000 160
8521 778840000000 160
8533 779164000000 160
8560 781206000000 160
8575 783676000000 160
8599 786412000000 160
8617 787426000000 160
8644 789254000000 160
8656 791290000000 160
8671 792262000000 160
8686 793234000000 160
8710 794350000000 160
8737 797650000000 160
8752 800632000000 160
8764 800956000000 160
8791 802356000000 160
8809 805252000000 160
8821 805834000000 160
8836 806806000000 160
8863 808156000000 160
8887 812658000000 160
8902 814434000000 160
8917 814974000000 160
8929 815730000000 160
8956 819270000000 160
8968 819594000000 160
8986 820608000000 160
9001 821580000000 160
9037 826884000000 160
9052 827856000000 160
9067 828828000000 160
9079 829152000000 160
9106 832692000000 160
9121 833664000000 160
9133 833988000000 160
9160 835563000000 160
9190 840740000000 160
9202 841278000000 160
9217 842250000000 160
9232 843222000000 160
9256 845472000000 160
9271 847086000000 160
9286 848058000000 160
9310 850191000000 160
9337 853478000000 160
9352 855306000000 160
9367 855672000000 160
9382 856644000000 160
9409 858898000000 160
9421 860508000000 160
9436 861480000000 160
9463 864432000000 160
9487 866472000000 160
9502 868728000000 160
9517 869052000000 160
9529 870024000000 160
9559 872108000000 160
9571 873930000000 160
9598 875907000000 160
9613 878286000000 160
9637 879466000000 160
9652 882150000000 160
9667 883122000000 160
9679 883446000000 160
9706 885060000000 160
9721 887958000000 160
9748 890334000000 160
9763 891708000000 160
9790 893108000000 160
9802 895572000000 160
9817 896544000000 160
9832 897516000000 160
9856 898047000000 160
9883 901788000000 160
9898 904971000000 160
9910 905295000000 160
9928 906309000000 160
9955 909633000000 160
9967 910173000000 160
9982 911145000000 160
9997 911886000000 160
10033 916416000000 160
10048 918594000000 160
10063 919134000000 160
10075 919890000000 160
10102 923430000000 160
10117 923796000000 160
10132 924768000000 160
10147 925740000000 160
10183 930616000000 160
10198 932016000000 160
10213 932988000000 160
10225 933312000000 160
10252 936210000000 160
10267 937824000000 160
10279 938148000000 160
10309 939564000000 160
10336 944258000000 160
10348 945438000000 160
10363 946410000000 160
10378 947382000000 160
10402 949204000000 160
10417 951246000000 160
10432 952218000000 160
10456 953949000000 160
10483 957210000000 160
10501 959250000000 160
10513 959832000000 160
10528 960804000000 160
10555 962630000000 160
10567 964668000000 160
10582 965640000000 160
10609 968592000000 160
10633 970204000000 160
10648 972888000000 160
10660 973212000000 160
10678 974226000000 160
10705 975840000000 160
10717 978090000000 160
10744 979665000000 160
10759 982446000000 160
10783 983198000000 160
10798 986310000000 160
10813 987282000000 160
10825 987606000000 160
10852 988578000000 160
10870 992160000000 160
10894 994293000000 160
10909 995868000000 160
10924 996840000000 160
10948 999732000000 160
