54 7499000000 1450
135 16253000000 1450
207 22274000000 1450
285 30278000000 1450
357 36128000000 1450
438 43916000000 1450
504 49508000000 1450
588 57770000000 1450
657 63380000000 1450
738 71210000000 1450
807 77018000000 1450
888 85022000000 1450
969 91034000000 1450
1050 99362000000 1450
1134 105431000000 1450
1200 113018000000 1450
1281 120635000000 1450
1353 127088000000 1450
1431 134660000000 1450
1503 140510000000 1450
1584 148730000000 1450
1650 153890000000 1450
1734 162152000000 1450
1803 167960000000 1450
1884 175574000000 1450
1965 181625000000 1450
2049 189968000000 1450
2115 195330000000 1450
2196 203550000000 1450
2280 209975000000 1450
2346 217145000000 1450
2430 225005000000 1450
2499 231215000000 1450
2577 238787000000 1450
2649 244637000000 1450
2730 252857000000 1450
2799 258059000000 1450
2880 266279000000 1450
2961 272330000000 1450
3042 280025000000 1450
3111 285833000000 1450
3195 294095000000 1450
3261 299730000000 1450
3342 307950000000 1450
3426 314403000000 1450
3492 321372000000 1450
3576 329433000000 1450
3645 335442000000 1450
3723 343014000000 1450
3795 348864000000 1450
3876 357111000000 1450
3957 362556000000 1450
4038 370830000000 1450
4110 376680000000 1450
4191 384468000000 1450
4257 390210000000 1450
4341 398472000000 1450
4410 404288000000 1450
4491 412334000000 1450
4572 418946000000 1450
4641 425930000000 1450
4722 433976000000 1450
4791 439784000000 1450
4875 447884000000 1450
4953 453476000000 1450
5034 461750000000 1450
5106 467384000000 1450
5184 475172000000 1450
5256 481022000000 1450
5337 489242000000 1450
5403 494610000000 1450
5487 502872000000 1450
5556 508880000000 1450
5637 516494000000 1450
5718 523307000000 1450
5787 530522000000 1450
5868 538190000000 1450
5949 544241000000 1450
6033 552530000000 1450
6099 557690000000 1450
6183 565952000000 1450
6252 571760000000 1450
6330 579332000000 1450
6402 585182000000 1450
6483 593402000000 1450
6552 599010000000 1450
6633 607230000000 1450
6702 613040000000 1450
6783 620654000000 1450
6864 627749000000 1450
6948 635048000000 1450
7026 642620000000 1450
7095 648428000000 1450
7179 656690000000 1450
7245 661850000000 1450
7329 670112000000 1450
7398 675920000000 1450
7476 683492000000 1450
7548 689490000000 1450
7629 697710000000 1450
7698 703410000000 1450
7779 711630000000 1450
7851 717561000000 1450
7941 725376000000 1450
8022 732591000000 1450
8094 739446000000 1450
8172 747018000000 1450
8244 752868000000 1450
8325 761088000000 1450
8394 766464000000 1450
8475 774510000000 1450
8544 780318000000 1450
8628 788148000000 1450
8694 793890000000 1450
8775 802110000000 1450
8847 808016000000 1450
8937 816236000000 1450
9009 822086000000 1450
9090 830090000000 1450
9168 837074000000 1450
9240 843728000000 1450
9321 851732000000 1450
9390 857150000000 1450
9471 865370000000 1450
9540 871178000000 1450
9621 878792000000 1450
9690 884600000000 1450
9774 892862000000 1450
9840 898364000000 1450
9936 906815000000 1450
10005 912824000000 1450
10083 920396000000 1450
10167 926447000000 1450
10236 934466000000 1450
10317 941477000000 1450
10386 947888000000 1450
10467 956108000000 1450
10536 961310000000 1450
10617 969530000000 1450
10689 975380000000 1450
10767 982952000000 1450
10836 988895000000 1450
10932 997346000000 1450
