162 20192000000 64
342 35666000000 64
531 52738000000 64
723 70640000000 64
912 87820000000 64
1092 103670000000 64
1293 122854000000 64
1473 138968000000 64
1662 154436000000 64
1854 173524000000 64
2034 189533000000 64
2223 206886000000 64
2415 222721000000 64
2604 242017000000 64
2784 257489000000 64
2973 274669000000 64
3165 292553000000 64
3354 309352000000 64
3534 325680000000 64
3738 344235000000 64
3915 360744000000 64
4095 376110000000 64
4296 395852000000 64
4476 411764000000 64
4665 428944000000 64
4857 445114000000 64
5046 464008000000 64
5226 479480000000 64
5418 496901000000 64
5607 514952000000 64
5799 530426000000 64
5976 547498000000 64
6168 565382000000 64
6357 582562000000 64
6537 598034000000 64
6738 618034000000 64
6918 633506000000 64
7110 651602000000 64
7299 667258000000 64
7491 684900000000 64
7668 701264000000 64
7848 717234000000 64
8049 736826000000 64
8229 752298000000 64
8418 769478000000 64
8610 787362000000 64
8802 805608000000 64
8979 820544000000 64
9183 840142000000 64
9360 855502000000 64
9552 871510000000 64
9741 889762000000 64
9921 906245000000 64
10110 923626000000 64
10302 939098000000 64
10494 959633000000 64
10671 974162000000 64
10863 992096000000 64
