3 1845000000 160
18 3552000000 160
30 5259000000 160
45 6966000000 160
72 10506000000 160
84 10830000000 160
99 12087000000 160
126 15117000000 160
150 19215000000 160
168 20229000000 160
183 21201000000 160
195 21525000000 160
222 24851000000 160
237 26037000000 160
249 26361000000 160
276 29544000000 160
303 32857000000 160
315 33609000000 160
330 34581000000 160
348 35337000000 160
372 37845000000 160
387 39459000000 160
414 40416000000 160
426 43167000000 160
453 45851000000 160
468 47247000000 160
480 48003000000 160
495 48975000000 160
522 50797000000 160
537 52881000000 160
564 55260000000 160
576 56589000000 160
603 58845000000 160
618 61101000000 160
630 61425000000 160
645 62397000000 160
672 64243000000 160
684 66279000000 160
711 69663000000 160
729 70677000000 160
753 71643000000 160
768 74541000000 160
783 75513000000 160
795 75837000000 160
822 77237000000 160
849 80952000000 160
861 83085000000 160
876 84057000000 160
903 85243000000 160
918 87963000000 160
933 88935000000 160
948 89691000000 160
960 90609000000 160
999 95757000000 160
1014 97101000000 160
1026 97857000000 160
1041 98829000000 160
1068 101721000000 160
1080 102693000000 160
1098 103707000000 160
1110 104265000000 160
1149 110217000000 160
1164 111189000000 160
1176 111513000000 160
1191 112485000000 160
1218 115811000000 160
1230 116349000000 160
1245 117321000000 160
1272 119097000000 160
1299 123211000000 160
1314 124611000000 160
1329 125583000000 160
1341 125907000000 160
1368 128805000000 160
1383 130419000000 160
1395 130743000000 160
1422 133725000000 160
1449 136811000000 160
1461 137991000000 160
1479 139005000000 160
1494 139761000000 160
1518 141799000000 160
1533 143841000000 160
1548 144381000000 160
1572 147549000000 160
1599 149591000000 160
1614 151629000000 160
1626 152385000000 160
1641 153357000000 160
1668 154579000000 160
1683 157263000000 160
1710 159240000000 160
1722 160971000000 160
1749 162585000000 160
1764 165483000000 160
1776 165807000000 160
1791 166779000000 160
1818 168179000000 160
1830 170643000000 160
1860 173868000000 160
1875 175041000000 160
1899 175579000000 160
1914 178905000000 160
1929 179877000000 160
1941 180201000000 160
1956 181173000000 160
1995 184914000000 160
2007 187449000000 160
2022 188421000000 160
2040 189177000000 160
2064 192327000000 160
2079 193299000000 160
2094 194055000000 160
2106 194736000000 160
2145 199744000000 160
2160 201289000000 160
2172 202045000000 160
2187 203017000000 160
2214 205695000000 160
2229 206923000000 160
2244 207895000000 160
2256 208392000000 160
2295 213916000000 160
2310 215316000000 160
2322 215640000000 160
2337 216612000000 160
2364 219510000000 160
2376 220476000000 160
2391 221448000000 160
2421 223065000000 160
2445 226910000000 160
2460 228738000000 160
2475 229710000000 160
2487 230034000000 160
2514 232290000000 160
2529 234546000000 160
2541 234870000000 160
2568 237450000000 160
2595 240296000000 160
2610 242160000000 160
2625 243132000000 160
2640 243888000000 160
2664 245284000000 160
2679 247968000000 160
2694 248508000000 160
2718 251676000000 160
2745 253290000000 160
2760 255540000000 160
2772 256512000000 160
2790 257526000000 160
2814 258278000000 160
2829 261390000000 160
2856 263166000000 160
2868 265098000000 160
2895 266284000000 160
2910 269610000000 160
2922 269934000000 160
2937 270906000000 160
2952 271878000000 160
2979 274812000000 160
3006 277794000000 160
3021 279168000000 160
3033 279492000000 160
3060 283032000000 160
3075 284004000000 160
3087 284328000000 160
3102 285300000000 160
3129 288840000000 160
3153 291576000000 160
3171 292590000000 160
3186 293346000000 160
3210 296240000000 160
3225 297426000000 160
3240 297966000000 160
3252 298863000000 160
3291 303314000000 160
3306 305689000000 160
3318 306445000000 160
3333 307417000000 160
3360 309709000000 160
3375 311323000000 160
3390 312295000000 160
3402 312619000000 160
3441 317514000000 160
3456 319543000000 160
3468 319867000000 160
3483 320839000000 160
3510 323095000000 160
3522 324703000000 160
3540 325717000000 160
3567 326890000000 160
3591 330495000000 160
3606 332965000000 160
3621 333937000000 160
3633 334261000000 160
3660 336089000000 160
3675 338773000000 160
3687 339097000000 160
3714 341476000000 160
3744 343879000000 160
3756 346387000000 160
3771 347359000000 160
3786 348115000000 160
3810 349083000000 160
3825 352195000000 160
3840 352735000000 160
3864 355903000000 160
3891 357089000000 160
3906 359767000000 160
3921 360781000000 160
3936 361753000000 160
3948 362077000000 160
3975 365617000000 160
4002 366991000000 160
4014 369325000000 160
4029 370297000000 160
4056 373837000000 160
4068 374161000000 160
4083 375133000000 160
4101 376147000000 160
4125 379039000000 160
4152 381619000000 160
4167 383395000000 160
4179 383719000000 160
4206 387045000000 160
4221 388231000000 160
4233 388555000000 160
4248 389527000000 160
4275 392789000000 160
4302 395995000000 160
4317 396967000000 160
4332 397723000000 160
4356 400189000000 160
4371 401803000000 160
4386 402343000000 160
4398 403099000000 160
4437 406813000000 160
4452 409815000000 160
4464 410787000000 160
4482 411801000000 160
4506 413409000000 160
4521 415665000000 160
4536 416637000000 160
4548 416961000000 160
4587 420812000000 160
4602 423885000000 160
4614 424209000000 160
4629 425181000000 160
4656 427009000000 160
4671 429087000000 160
4686 430059000000 160
4701 431031000000 160
4737 434409000000 160
4752 437307000000 160
4767 438279000000 160
4779 438603000000 160
4806 440003000000 160
4821 443115000000 160
4833 443439000000 160
4863 445458000000 160
4890 447835000000 160
4902 450729000000 160
4917 451701000000 160
4932 452241000000 160
4944 452997000000 160
4971 456537000000 160
4986 457077000000 160
5010 460044000000 160
5025 461217000000 160
5052 464151000000 160
5067 465123000000 160
5082 466095000000 160
5094 466419000000 160
5121 469959000000 160
5148 471132000000 160
5160 473667000000 160
5175 474639000000 160
5202 477965000000 160
5214 478503000000 160
5232 479517000000 160
5247 480489000000 160
5271 482953000000 160
5298 485559000000 160
5313 487737000000 160
5325 488061000000 160
5352 490959000000 160
5367 492573000000 160
5379 492897000000 160
5394 493869000000 160
5424 496331000000 160
5448 500395000000 160
5463 501367000000 160
5478 502123000000 160
5502 503947000000 160
5517 506203000000 160
5532 506743000000 160
5544 507499000000 160
5583 510143000000 160
5598 513975000000 160
5613 514989000000 160
5628 515961000000 160
5652 517141000000 160
5667 519825000000 160
5682 520797000000 160
5694 521121000000 160
5733 524343000000 160
5748 528045000000 160
5760 528369000000 160
5775 529341000000 160
5805 530783000000 160
5817 533247000000 160
5832 534219000000 160
5847 535191000000 160
5883 538141000000 160
5898 541467000000 160
5913 542439000000 160
5925 542763000000 160
5940 543735000000 160
5967 547059000000 160
5982 547641000000 160
6009 549417000000 160
6024 551781000000 160
6048 554889000000 160
6063 555861000000 160
6078 556401000000 160
6090 557157000000 160
6117 560697000000 160
6132 561021000000 160
6156 563802000000 160
6174 565419000000 160
6198 568097000000 160
6213 569283000000 160
6228 570255000000 160
6240 570579000000 160
6267 573691000000 160
6282 575091000000 160
6306 577827000000 160
6321 578799000000 160
6348 581483000000 160
6363 582705000000 160
6378 583677000000 160
6393 584649000000 160
6417 586471000000 160
6444 589518000000 160
6459 591897000000 160
6471 592221000000 160
6498 594477000000 160
6513 596733000000 160
6525 597057000000 160
6543 598071000000 160
6570 600303000000 160
6594 604552000000 160
6609 605725000000 160
6624 606265000000 160
6648 607877000000 160
6663 610561000000 160
6678 611101000000 160
6690 611857000000 160
6729 613674000000 160
6744 618177000000 160
6759 619149000000 160
6774 620121000000 160
6798 620873000000 160
6813 623985000000 160
6828 624957000000 160
6840 625281000000 160
6879 627673000000 160
6894 632205000000 160
6906 632529000000 160
6924 633543000000 160
6939 634515000000 160
6963 637407000000 160
6978 638379000000 160
6993 639351000000 160
7017 642087000000 160
7044 645627000000 160
7059 646599000000 160
7071 646923000000 160
7086 647895000000 160
7116 651219000000 160
7128 651801000000 160
7155 653175000000 160
7170 655725000000 160
7194 658835000000 160
7209 660021000000 160
7224 660561000000 160
7236 661317000000 160
7263 664215000000 160
7278 665181000000 160
7305 667803000000 160
7320 669579000000 160
7344 671615000000 160
7359 673443000000 160
7374 674415000000 160
7386 674739000000 160
7413 677209000000 160
7428 679251000000 160
7452 681987000000 160
7467 682959000000 160
7497 685257000000 160
7509 686865000000 160
7524 687837000000 160
7539 688809000000 160
7563 690351000000 160
7590 693424000000 160
7605 696205000000 160
7617 696529000000 160
7644 698357000000 160
7659 700825000000 160
7674 701407000000 160
7689 702379000000 160
7716 704275000000 160
7740 708550000000 160
7755 710125000000 160
7770 710665000000 160
7794 711849000000 160
7809 714961000000 160
7824 715285000000 160
7836 716257000000 160
7866 717485000000 160
7890 722575000000 160
7905 723547000000 160
7920 724519000000 160
7932 724843000000 160
7959 728383000000 160
7974 729355000000 160
7986 729679000000 160
8013 731656000000 160
8040 736603000000 160
8055 736969000000 160
8070 737941000000 160
8085 738913000000 160
8109 741805000000 160
8124 742777000000 160
8139 743749000000 160
8163 746083000000 160
8190 749811000000 160
8205 750997000000 160
8217 751321000000 160
8235 752335000000 160
8262 755017000000 160
8274 756199000000 160
8301 757372000000 160
8316 760123000000 160
8340 762591000000 160
8355 764419000000 160
8370 764743000000 160
8382 765715000000 160
8409 768185000000 160
8424 769621000000 160
8451 771799000000 160
8466 773977000000 160
8490 775585000000 160
8505 777841000000 160
8520 778813000000 160
8532 779137000000 160
8559 781179000000 160
8574 783649000000 160
8598 786385000000 160
8616 787399000000 160
8643 789227000000 160
8655 791263000000 160
8670 792235000000 160
8685 793207000000 160
8709 794323000000 160
8736 797623000000 160
8751 800605000000 160
8763 800929000000 160
8790 802329000000 160
8808 805225000000 160
8820 805807000000 160
8835 806779000000 160
8862 807699000000 160
8886 812430000000 160
8901 814407000000 160
8916 814947000000 160
8928 815703000000 160
8955 819243000000 160
8967 819567000000 160
8985 820581000000 160
9000 821553000000 160
9036 826857000000 160
9051 827829000000 160
9066 828801000000 160
9078 829125000000 160
9105 832665000000 160
9120 833637000000 160
9132 833961000000 160
9159 835536000000 160
9189 840499000000 160
9201 841251000000 160
9216 842223000000 160
9231 843195000000 160
9255 845445000000 160
9270 847059000000 160
9285 848031000000 160
9309 850164000000 160
9336 853451000000 160
9351 855063000000 160
9366 855645000000 160
9381 856617000000 160
9408 858871000000 160
9420 860481000000 160
9435 861453000000 160
9462 864405000000 160
9486 866445000000 160
9501 868701000000 160
9516 869025000000 160
9528 869997000000 160
9558 872081000000 160
9570 873903000000 160
9597 875880000000 160
9612 878259000000 160
9636 879439000000 160
9651 882123000000 160
9666 883095000000 160
9678 883419000000 160
9705 885033000000 160
9720 887931000000 160
9747 890307000000 160
9762 891681000000 160
9789 892867000000 160
9801 895545000000 160
9816 896517000000 160
9831 897489000000 160
9855 898020000000 160
9882 901560000000 160
9897 904944000000 160
9909 905268000000 160
9927 906282000000 160
9954 909606000000 160
9966 910146000000 160
9981 911118000000 160
9996 911859000000 160
10032 916389000000 160
10047 918567000000 160
10062 918891000000 160
10074 919863000000 160
10101 923189000000 160
10116 923769000000 160
10131 924741000000 160
10146 925713000000 160
10182 930589000000 160
10197 931989000000 160
10212 932961000000 160
10224 933285000000 160
10251 936183000000 160
10266 937797000000 160
10278 938121000000 160
10308 939537000000 160
10335 944231000000 160
10347 945411000000 160
10362 946383000000 160
10377 947355000000 160
10401 949177000000 160
10416 951219000000 160
10431 952191000000 160
10455 953922000000 160
10482 957183000000 160
10500 959223000000 160
10512 959805000000 160
10527 960777000000 160
10554 962387000000 160
10566 964641000000 160
10581 965613000000 160
10608 968565000000 160
10632 970177000000 160
10647 972861000000 160
10659 973185000000 160
10677 974199000000 160
10704 975813000000 160
10716 978063000000 160
10743 979638000000 160
10758 982419000000 160
10782 982957000000 160
10797 986283000000 160
10812 987255000000 160
10824 987579000000 160
10851 988551000000 160
10869 992133000000 160
10893 994266000000 160
10908 995841000000 160
10923 996813000000 160
10947 999705000000 160
