58 8355000000 1450
139 17712000000 1450
211 23562000000 1450
289 31134000000 1450
361 36984000000 1450
442 45204000000 1450
508 50364000000 1450
592 58626000000 1450
661 64560000000 1450
742 72390000000 1450
811 78198000000 1450
892 86418000000 1450
973 91998000000 1450
1054 100218000000 1450
1138 107508000000 1450
1204 113874000000 1450
1285 122094000000 1450
1357 127944000000 1450
1435 135516000000 1450
1507 141366000000 1450
1588 149586000000 1450
1654 154923000000 1450
1738 163332000000 1450
1807 169140000000 1450
1888 176970000000 1450
1969 182562000000 1450
2053 190824000000 1450
2119 196402000000 1450
2200 204406000000 1450
2284 211836000000 1450
2350 218217000000 1450
2434 226263000000 1450
2503 232071000000 1450
2581 240075000000 1450
2653 245628000000 1450
2734 254037000000 1450
2803 259671000000 1450
2884 267459000000 1450
2965 273267000000 1450
3046 281529000000 1450
3115 286689000000 1450
3199 294951000000 1450
3265 301234000000 1450
3346 308806000000 1450
3430 316264000000 1450
3496 322876000000 1450
3580 330490000000 1450
3649 336460000000 1450
3727 344884000000 1450
3799 350044000000 1450
3880 358264000000 1450
3961 364114000000 1450
4042 371686000000 1450
4114 377536000000 1450
4195 385756000000 1450
4261 391066000000 1450
4345 399328000000 1450
4414 405777000000 1450
4495 413190000000 1450
4576 420807000000 1450
4645 427407000000 1450
4726 435156000000 1450
4795 440964000000 1450
4879 449226000000 1450
4957 454386000000 1450
5038 462606000000 1450
5110 468456000000 1450
5188 476028000000 1450
5260 481878000000 1450
5341 490098000000 1450
5407 495466000000 1450
5491 503728000000 1450
5560 510138000000 1450
5641 517539000000 1450
5722 525291000000 1450
5791 531744000000 1450
5872 539316000000 1450
5953 545124000000 1450
6037 553386000000 1450
6103 558762000000 1450
6187 566808000000 1450
6256 572616000000 1450
6334 580404000000 1450
6406 586038000000 1450
6487 594258000000 1450
6556 600082000000 1450
6637 608302000000 1450
6706 614622000000 1450
6787 622266000000 1450
6868 629652000000 1450
6952 635904000000 1450
7030 643908000000 1450
7099 649284000000 1450
7183 657546000000 1450
7249 663354000000 1450
7333 670968000000 1450
7402 676776000000 1450
7480 684996000000 1450
7552 690346000000 1450
7633 698782000000 1450
7702 705238000000 1450
7783 712810000000 1450
7855 719263000000 1450
7945 726880000000 1450
8026 734251000000 1450
8098 740302000000 1450
8176 748522000000 1450
8248 753724000000 1450
8329 761944000000 1450
8398 767752000000 1450
8479 775366000000 1450
8548 781174000000 1450
8632 789679000000 1450
8698 795070000000 1450
8779 803290000000 1450
8851 809520000000 1450
8941 817092000000 1450
9013 823746000000 1450
9094 831162000000 1450
9172 838734000000 1450
9244 844584000000 1450
9325 852804000000 1450
9394 858006000000 1450
9475 866226000000 1450
9544 872103000000 1450
9625 879918000000 1450
9694 885780000000 1450
9778 894042000000 1450
9844 899409000000 1450
9940 907671000000 1450
10009 913680000000 1450
10087 921252000000 1450
10171 928107000000 1450
10240 935322000000 1450
10321 943152000000 1450
10390 948744000000 1450
10471 956964000000 1450
10540 962409000000 1450
10621 970656000000 1450
10693 976560000000 1450
10771 984564000000 1450
10840 989940000000 1450
10936 998202000000 1450
