60 8783000000 1450
141 18140000000 1450
213 23990000000 1450
291 31562000000 1450
363 37412000000 1450
444 45632000000 1450
510 50846000000 1450
594 59351000000 1450
663 65204000000 1450
744 72818000000 1450
813 78626000000 1450
894 86846000000 1450
975 92642000000 1450
1056 100646000000 1450
1140 108338000000 1450
1206 114518000000 1450
1287 122522000000 1450
1359 128372000000 1450
1437 136376000000 1450
1509 141875000000 1450
1590 150338000000 1450
1656 155972000000 1450
1740 163760000000 1450
1809 169568000000 1450
1890 177614000000 1450
1971 182990000000 1450
2055 191252000000 1450
2121 197463000000 1450
2202 204834000000 1450
2286 212666000000 1450
2352 219077000000 1450
2436 226691000000 1450
2505 232607000000 1450
2583 241043000000 1450
2655 246245000000 1450
2736 254465000000 1450
2805 260315000000 1450
2886 267887000000 1450
2967 273695000000 1450
3048 281957000000 1450
3117 287117000000 1450
3201 295379000000 1450
3267 302064000000 1450
3348 309234000000 1450
3432 317094000000 1450
3498 323412000000 1450
3582 331242000000 1450
3651 337050000000 1450
3729 345312000000 1450
3801 350472000000 1450
3882 358692000000 1450
3963 364542000000 1450
4044 372114000000 1450
4116 377964000000 1450
4197 386184000000 1450
4263 391494000000 1450
4347 399756000000 1450
4416 406607000000 1450
4497 413753000000 1450
4578 421961000000 1450
4647 427970000000 1450
4728 435584000000 1450
4797 441392000000 1450
4881 449654000000 1450
4959 455030000000 1450
5040 463034000000 1450
5112 468884000000 1450
5190 476672000000 1450
5262 482306000000 1450
5343 490526000000 1450
5409 496110000000 1450
5493 504291000000 1450
5562 511292000000 1450
5643 518534000000 1450
5724 526322000000 1450
5793 532172000000 1450
5874 540176000000 1450
5955 545552000000 1450
6039 553814000000 1450
6105 559622000000 1450
6189 567236000000 1450
6258 573044000000 1450
6336 581264000000 1450
6408 586466000000 1450
6489 594848000000 1450
6558 601266000000 1450
6639 608838000000 1450
6708 615653000000 1450
6789 622910000000 1450
6870 630482000000 1450
6954 636332000000 1450
7032 644552000000 1450
7101 649712000000 1450
7185 657974000000 1450
7251 663782000000 1450
7335 671396000000 1450
7404 677204000000 1450
7482 685655000000 1450
7554 691098000000 1450
7635 699318000000 1450
7704 705666000000 1450
7785 713238000000 1450
7857 720294000000 1450
7947 727308000000 1450
8028 734880000000 1450
8100 740730000000 1450
8178 748950000000 1450
8250 754152000000 1450
8331 762372000000 1450
8400 768180000000 1450
8481 775983000000 1450
8550 781926000000 1450
8634 790188000000 1450
8700 795498000000 1450
8781 803718000000 1450
8853 809948000000 1450
8943 817520000000 1450
9015 824576000000 1450
9096 831590000000 1450
9174 839378000000 1450
9246 845012000000 1450
9327 853232000000 1450
9396 858650000000 1450
9477 866870000000 1450
9546 872828000000 1450
9627 880616000000 1450
9696 886208000000 1450
9780 894470000000 1450
9846 900269000000 1450
9942 908099000000 1450
10011 914108000000 1450
10089 922112000000 1450
10173 928937000000 1450
10242 935750000000 1450
10323 944012000000 1450
10392 949172000000 1450
10473 957608000000 1450
10542 963566000000 1450
10623 971138000000 1450
10695 976988000000 1450
10773 985208000000 1450
10842 990368000000 1450
10938 998630000000 1450
