164 20208000000 64
344 35682000000 64
533 52793000000 64
725 70656000000 64
914 87848000000 64
1094 103686000000 64
1295 122882000000 64
1475 138984000000 64
1664 154464000000 64
1856 173552000000 64
2036 189549000000 64
2225 206902000000 64
2417 222749000000 64
2606 242045000000 64
2786 257505000000 64
2975 274697000000 64
3167 292569000000 64
3356 309380000000 64
3536 325696000000 64
3740 344251000000 64
3917 360760000000 64
4097 376126000000 64
4298 395880000000 64
4478 411780000000 64
4667 428972000000 64
4859 445142000000 64
5048 464036000000 64
5228 479496000000 64
5420 496917000000 64
5609 514968000000 64
5801 530454000000 64
5978 547526000000 64
6170 565398000000 64
6359 582590000000 64
6539 598050000000 64
6740 618062000000 64
6920 633522000000 64
7112 651618000000 64
7301 667286000000 64
7493 684928000000 64
7670 701292000000 64
7850 717250000000 64
8051 736854000000 64
8231 752314000000 64
8420 769506000000 64
8612 787378000000 64
8804 805624000000 64
8981 820560000000 64
9185 840170000000 64
9362 855530000000 64
9554 871538000000 64
9743 889790000000 64
9923 906261000000 64
10112 923654000000 64
10304 939114000000 64
10496 959649000000 64
10673 974178000000 64
10865 992112000000 64
