118 15831000000 1358
268 28929000000 1358
406 42351000000 1358
556 55638000000 1358
703 68847000000 1358
841 82269000000 1358
991 95745000000 1358
1129 108117000000 1358
1264 120213000000 1358
1414 133311000000 1358
1564 146733000000 1358
1702 160155000000 1358
1849 173211000000 1358
1987 186633000000 1358
2137 200176000000 1358
2275 212030000000 1358
2410 224382000000 1358
2560 237438000000 1358
2710 250860000000 1358
2848 264282000000 1358
2998 277380000000 1358
3145 290760000000 1358
3283 304657000000 1358
3421 316043000000 1358
3559 328609000000 1358
3706 341935000000 1358
3856 355087000000 1358
3994 368509000000 1358
4144 381607000000 1358
4291 395137000000 1358
4429 408785000000 1358
4567 420385000000 1358
4717 432951000000 1358
4852 446373000000 1358
5002 459429000000 1358
5140 472851000000 1358
5290 486246000000 1358
5440 499579000000 1358
5575 512731000000 1358
5713 524358000000 1358
5863 537111000000 1358
6001 550533000000 1358
6148 563589000000 1358
6298 577011000000 1358
6436 590433000000 1358
6586 603937000000 1358
6721 616677000000 1358
6859 628601000000 1358
7009 641271000000 1358
7147 654693000000 1358
7294 667845000000 1358
7444 681171000000 1358
7582 694741000000 1358
7732 708337000000 1358
7882 720903000000 1358
8005 732785000000 1358
8155 745669000000 1358
8293 759091000000 1358
8443 772513000000 1358
8590 785569000000 1358
8728 799141000000 1358
8878 812727000000 1358
9028 824971000000 1358
9151 836853000000 1358
9301 849951000000 1358
9451 863373000000 1358
9589 876795000000 1358
9736 889851000000 1358
9874 903480000000 1358
10024 917103000000 1358
10162 929131000000 1358
10297 941055000000 1358
10447 954246000000 1358
10597 967533000000 1358
10735 980955000000 1358
10885 994053000000 1358
