11 2061000000 160
26 3768000000 160
38 5475000000 160
53 7182000000 160
80 10722000000 160
92 11046000000 160
107 12303000000 160
134 15534000000 160
158 19431000000 160
176 20445000000 160
191 21417000000 160
203 21741000000 160
230 25281000000 160
245 26253000000 160
257 26577000000 160
284 29961000000 160
311 33287000000 160
323 33825000000 160
338 34797000000 160
356 35811000000 160
380 38275000000 160
395 39675000000 160
422 41049000000 160
434 43383000000 160
461 46281000000 160
476 47679000000 160
488 48219000000 160
503 49191000000 160
530 51443000000 160
545 53097000000 160
572 55677000000 160
584 57021000000 160
611 59275000000 160
626 61317000000 160
638 61641000000 160
653 62613000000 160
680 64673000000 160
692 66495000000 160
719 69879000000 160
737 70893000000 160
761 72073000000 160
776 74757000000 160
791 75729000000 160
803 76053000000 160
830 77667000000 160
857 81369000000 160
869 83301000000 160
884 84273000000 160
911 85673000000 160
926 88179000000 160
941 89151000000 160
956 90123000000 160
968 91039000000 160
1007 96174000000 160
1022 97533000000 160
1034 98073000000 160
1049 99045000000 160
1076 102153000000 160
1088 102909000000 160
1106 103923000000 160
1118 104697000000 160
1157 110433000000 160
1172 111405000000 160
1184 111729000000 160
1199 112701000000 160
1226 116241000000 160
1238 116565000000 160
1253 117537000000 160
1280 119514000000 160
1307 123641000000 160
1322 124827000000 160
1337 125799000000 160
1349 126123000000 160
1376 129235000000 160
1391 130635000000 160
1403 130959000000 160
1430 134142000000 160
1457 137241000000 160
1469 138207000000 160
1487 139221000000 160
1502 140193000000 160
1526 142229000000 160
1541 144057000000 160
1556 145014000000 160
1580 147765000000 160
1607 150021000000 160
1622 152061000000 160
1634 152601000000 160
1649 153573000000 160
1676 155225000000 160
1691 157479000000 160
1718 159858000000 160
1730 161187000000 160
1757 163015000000 160
1772 165699000000 160
1784 166023000000 160
1799 166995000000 160
1826 168609000000 160
1838 170859000000 160
1868 174285000000 160
1883 175257000000 160
1907 176009000000 160
1922 179121000000 160
1937 180093000000 160
1949 180417000000 160
1964 181603000000 160
2003 185331000000 160
2015 187665000000 160
2030 188637000000 160
2048 189651000000 160
2072 192543000000 160
2087 193515000000 160
2102 194487000000 160
2114 194952000000 160
2153 200161000000 160
2168 201721000000 160
2180 202261000000 160
2195 203233000000 160
2222 206341000000 160
2237 207139000000 160
2252 208111000000 160
2264 208608000000 160
2303 214346000000 160
2318 215532000000 160
2330 215856000000 160
2345 216828000000 160
2372 219940000000 160
2384 220692000000 160
2399 221664000000 160
2429 223482000000 160
2453 227340000000 160
2468 228954000000 160
2483 229926000000 160
2495 230250000000 160
2522 232934000000 160
2537 234762000000 160
2549 235086000000 160
2576 237867000000 160
2603 240726000000 160
2618 242376000000 160
2633 243348000000 160
2648 244320000000 160
2672 245714000000 160
2687 248184000000 160
2702 248940000000 160
2726 251892000000 160
2753 253720000000 160
2768 255972000000 160
2780 256728000000 160
2798 257742000000 160
2822 258924000000 160
2837 261606000000 160
2864 263583000000 160
2876 265314000000 160
2903 266714000000 160
2918 269826000000 160
2930 270150000000 160
2945 271122000000 160
2960 272308000000 160
2987 275028000000 160
3014 278211000000 160
3029 279384000000 160
3041 279708000000 160
3068 283248000000 160
3083 284220000000 160
3095 284544000000 160
3110 285516000000 160
3137 289257000000 160
3161 291792000000 160
3179 292806000000 160
3194 293778000000 160
3218 296670000000 160
3233 297642000000 160
3248 298398000000 160
3260 299079000000 160
3299 303945000000 160
3314 306121000000 160
3326 306661000000 160
3341 307633000000 160
3368 310355000000 160
3383 311539000000 160
3398 312511000000 160
3410 312835000000 160
3449 318145000000 160
3464 319759000000 160
3476 320083000000 160
3491 321055000000 160
3518 323525000000 160
3530 324919000000 160
3548 325933000000 160
3575 327307000000 160
3599 330925000000 160
3614 333181000000 160
3629 334153000000 160
3641 334477000000 160
3668 336519000000 160
3683 338989000000 160
3695 339313000000 160
3722 341893000000 160
3752 344567000000 160
3764 346603000000 160
3779 347575000000 160
3794 348547000000 160
3818 349513000000 160
3833 352411000000 160
3848 353167000000 160
3872 356119000000 160
3899 357519000000 160
3914 360199000000 160
3929 360997000000 160
3944 361969000000 160
3956 362507000000 160
3983 365833000000 160
4010 367408000000 160
4022 369541000000 160
4037 370513000000 160
4064 374053000000 160
4076 374377000000 160
4091 375349000000 160
4109 376363000000 160
4133 379255000000 160
4160 382036000000 160
4175 383611000000 160
4187 383935000000 160
4214 387475000000 160
4229 388447000000 160
4241 388771000000 160
4256 389743000000 160
4283 393219000000 160
4310 396211000000 160
4325 397183000000 160
4340 398155000000 160
4364 400619000000 160
4379 402019000000 160
4394 402775000000 160
4406 403315000000 160
4445 407444000000 160
4460 410247000000 160
4472 411003000000 160
4490 412017000000 160
4514 414055000000 160
4529 415881000000 160
4544 416853000000 160
4556 417177000000 160
4595 421443000000 160
4610 424101000000 160
4622 424425000000 160
4637 425397000000 160
4664 427439000000 160
4679 429303000000 160
4694 430275000000 160
4709 431448000000 160
4745 434839000000 160
4760 437523000000 160
4775 438495000000 160
4787 438819000000 160
4814 440433000000 160
4829 443331000000 160
4841 443655000000 160
4871 445875000000 160
4898 448481000000 160
4910 450945000000 160
4925 451917000000 160
4940 452673000000 160
4952 453427000000 160
4979 456753000000 160
4994 457509000000 160
5018 460461000000 160
5033 461433000000 160
5060 464583000000 160
5075 465339000000 160
5090 466311000000 160
5102 466635000000 160
5129 470175000000 160
5156 471549000000 160
5168 473883000000 160
5183 474855000000 160
5210 478395000000 160
5222 478719000000 160
5240 479733000000 160
5255 480705000000 160
5279 483383000000 160
5306 486177000000 160
5321 487953000000 160
5333 488277000000 160
5360 491389000000 160
5375 492789000000 160
5387 493113000000 160
5402 494085000000 160
5432 497019000000 160
5456 500611000000 160
5471 501583000000 160
5486 502555000000 160
5510 504377000000 160
5525 506419000000 160
5540 507175000000 160
5552 507715000000 160
5591 510774000000 160
5606 514407000000 160
5621 515205000000 160
5636 516177000000 160
5660 517571000000 160
5675 520041000000 160
5690 521013000000 160
5702 521337000000 160
5741 524974000000 160
5756 528261000000 160
5768 528585000000 160
5783 529557000000 160
5813 531213000000 160
5825 533463000000 160
5840 534435000000 160
5855 535407000000 160
5891 538571000000 160
5906 541683000000 160
5921 542655000000 160
5933 542979000000 160
5948 544165000000 160
5975 547491000000 160
5990 547857000000 160
6017 549834000000 160
6032 552213000000 160
6056 555105000000 160
6071 556077000000 160
6086 556833000000 160
6098 557373000000 160
6125 560913000000 160
6140 561453000000 160
6164 564219000000 160
6182 565635000000 160
6206 568743000000 160
6221 569499000000 160
6236 570471000000 160
6248 570795000000 160
6275 574121000000 160
6290 575307000000 160
6314 578043000000 160
6329 579015000000 160
6356 581913000000 160
6371 582921000000 160
6386 583893000000 160
6401 584865000000 160
6425 586901000000 160
6452 589935000000 160
6467 592113000000 160
6479 592437000000 160
6506 594907000000 160
6521 596949000000 160
6533 597273000000 160
6551 598287000000 160
6578 600949000000 160
6602 604969000000 160
6617 605941000000 160
6632 606697000000 160
6656 608307000000 160
6671 610777000000 160
6686 611533000000 160
6698 612073000000 160
6737 614305000000 160
6752 618609000000 160
6767 619365000000 160
6782 620337000000 160
6806 621303000000 160
6821 624201000000 160
6836 625173000000 160
6848 625497000000 160
6887 628304000000 160
6902 632421000000 160
6914 632745000000 160
6932 633759000000 160
6947 634731000000 160
6971 637623000000 160
6986 638595000000 160
7001 639567000000 160
7025 642303000000 160
7052 645843000000 160
7067 646815000000 160
7079 647139000000 160
7094 648111000000 160
7124 651693000000 160
7136 652017000000 160
7163 653592000000 160
7178 656157000000 160
7202 659265000000 160
7217 660237000000 160
7232 660993000000 160
7244 661533000000 160
7271 664645000000 160
7286 665613000000 160
7313 668220000000 160
7328 669795000000 160
7352 672045000000 160
7367 673659000000 160
7382 674631000000 160
7394 674955000000 160
7421 677639000000 160
7436 679467000000 160
7460 682203000000 160
7475 683175000000 160
7505 685687000000 160
7517 687081000000 160
7532 688053000000 160
7547 689025000000 160
7571 690781000000 160
7598 693841000000 160
7613 696421000000 160
7625 696745000000 160
7652 698787000000 160
7667 701257000000 160
7682 701623000000 160
7697 702595000000 160
7724 704921000000 160
7748 708967000000 160
7763 710341000000 160
7778 711097000000 160
7802 712279000000 160
7817 715177000000 160
7832 715717000000 160
7844 716473000000 160
7874 717915000000 160
7898 723007000000 160
7913 723763000000 160
7928 724735000000 160
7940 725059000000 160
7967 728599000000 160
7982 729571000000 160
7994 729895000000 160
8021 732073000000 160
8048 736819000000 160
8063 737185000000 160
8078 738157000000 160
8093 739129000000 160
8117 742021000000 160
8132 742993000000 160
8147 743965000000 160
8171 746500000000 160
8198 750241000000 160
8213 751213000000 160
8225 751537000000 160
8243 752551000000 160
8270 755663000000 160
8282 756415000000 160
8309 757789000000 160
8324 760555000000 160
8348 763021000000 160
8363 764635000000 160
8378 765175000000 160
8390 765931000000 160
8417 768615000000 160
8432 770053000000 160
8459 772216000000 160
8474 774193000000 160
8498 776015000000 160
8513 778057000000 160
8528 779029000000 160
8540 779353000000 160
8567 781609000000 160
8582 783865000000 160
8606 786601000000 160
8624 787615000000 160
8651 789657000000 160
8663 791479000000 160
8678 792451000000 160
8693 793423000000 160
8717 794753000000 160
8744 798040000000 160
8759 800821000000 160
8771 801145000000 160
8798 802759000000 160
8816 805699000000 160
8828 806023000000 160
8843 806995000000 160
8870 808345000000 160
8894 813048000000 160
8909 814623000000 160
8924 815379000000 160
8936 815919000000 160
8963 819459000000 160
8975 819999000000 160
8993 820797000000 160
9008 821769000000 160
9044 827073000000 160
9059 828045000000 160
9074 829017000000 160
9086 829341000000 160
9113 832881000000 160
9128 833853000000 160
9140 834177000000 160
9167 835953000000 160
9197 840929000000 160
9209 841467000000 160
9224 842439000000 160
9239 843411000000 160
9263 845875000000 160
9278 847275000000 160
9293 848247000000 160
9317 850581000000 160
9344 853881000000 160
9359 855495000000 160
9374 855861000000 160
9389 856833000000 160
9416 859517000000 160
9428 860697000000 160
9443 861669000000 160
9470 864837000000 160
9494 866875000000 160
9509 868917000000 160
9524 869457000000 160
9536 870213000000 160
9566 872511000000 160
9578 874119000000 160
9605 876297000000 160
9620 878475000000 160
9644 879869000000 160
9659 882339000000 160
9674 883311000000 160
9686 883635000000 160
9713 885463000000 160
9728 888147000000 160
9755 890724000000 160
9770 891897000000 160
9797 893511000000 160
9809 895761000000 160
9824 896733000000 160
9839 897705000000 160
9863 898450000000 160
9890 901977000000 160
9905 905160000000 160
9917 905484000000 160
9935 906498000000 160
9962 910038000000 160
9974 910362000000 160
9989 911334000000 160
10004 912291000000 160
10040 916806000000 160
10055 918783000000 160
10070 919323000000 160
10082 920079000000 160
10109 923619000000 160
10124 924201000000 160
10139 924957000000 160
10154 925929000000 160
10190 931019000000 160
10205 932205000000 160
10220 933177000000 160
10232 933501000000 160
10259 936613000000 160
10274 938013000000 160
10286 938337000000 160
10316 939954000000 160
10343 944661000000 160
10355 945627000000 160
10370 946599000000 160
10385 947571000000 160
10409 949607000000 160
10424 951435000000 160
10439 952407000000 160
10463 954339000000 160
10490 957613000000 160
10508 959697000000 160
10520 960021000000 160
10535 960993000000 160
10562 963033000000 160
10574 964857000000 160
10589 965829000000 160
10616 968997000000 160
10640 970607000000 160
10655 973077000000 160
10667 973617000000 160
10685 974415000000 160
10712 976243000000 160
10724 978279000000 160
10751 980055000000 160
10766 982635000000 160
10790 983387000000 160
10805 986499000000 160
10820 987471000000 160
10832 987795000000 160
10859 988981000000 160
10877 992349000000 160
10901 994683000000 160
10916 996057000000 160
10931 997029000000 160
10955 999921000000 160
