61 8997000000 1450
142 18354000000 1450
214 24204000000 1450
292 31992000000 1450
364 37626000000 1450
445 45873000000 1450
511 51492000000 1450
595 59592000000 1450
664 65418000000 1450
745 73248000000 1450
814 78840000000 1450
895 87060000000 1450
976 93273000000 1450
1057 100860000000 1450
1141 108753000000 1450
1207 114948000000 1450
1288 122736000000 1450
1360 128586000000 1450
1438 136860000000 1450
1510 142305000000 1450
1591 150552000000 1450
1657 156402000000 1450
1741 163974000000 1450
1810 169782000000 1450
1891 178044000000 1450
1972 183204000000 1450
2056 191466000000 1450
2122 197878000000 1450
2203 205048000000 1450
2287 213081000000 1450
2353 219291000000 1450
2437 226986000000 1450
2506 233010000000 1450
2584 241257000000 1450
2656 246459000000 1450
2737 254679000000 1450
2806 260529000000 1450
2887 268101000000 1450
2968 273909000000 1450
3049 282171000000 1450
3118 287331000000 1450
3202 295593000000 1450
3268 302479000000 1450
3349 309448000000 1450
3433 317590000000 1450
3499 323842000000 1450
3583 331456000000 1450
3652 337264000000 1450
3730 345526000000 1450
3802 350686000000 1450
3883 358906000000 1450
3964 364756000000 1450
4045 372328000000 1450
4117 378178000000 1450
4198 386398000000 1450
4264 391708000000 1450
4348 399970000000 1450
4417 407130000000 1450
4498 414372000000 1450
4579 422376000000 1450
4648 428184000000 1450
4729 436014000000 1450
4798 441606000000 1450
4882 449868000000 1450
4960 455460000000 1450
5041 463248000000 1450
5113 469098000000 1450
5191 477102000000 1450
5263 482520000000 1450
5344 490740000000 1450
5410 496648000000 1450
5494 504694000000 1450
5563 511707000000 1450
5644 518964000000 1450
5725 526536000000 1450
5794 532386000000 1450
5875 540606000000 1450
5956 545766000000 1450
6040 554028000000 1450
6106 559836000000 1450
6190 567450000000 1450
6259 573258000000 1450
6337 581478000000 1450
6409 586815000000 1450
6490 595224000000 1450
6559 601480000000 1450
6640 609052000000 1450
6709 616068000000 1450
6790 623124000000 1450
6871 630696000000 1450
6955 636546000000 1450
7033 644766000000 1450
7102 649926000000 1450
7186 658188000000 1450
7252 663996000000 1450
7336 671610000000 1450
7405 677580000000 1450
7483 686004000000 1450
7555 691312000000 1450
7636 699532000000 1450
7705 705880000000 1450
7786 713452000000 1450
7858 720709000000 1450
7948 727522000000 1450
8029 735094000000 1450
8101 740944000000 1450
8179 749164000000 1450
8251 754366000000 1450
8332 762586000000 1450
8401 768556000000 1450
8482 776332000000 1450
8551 782140000000 1450
8635 790402000000 1450
8701 795928000000 1450
8782 803932000000 1450
8854 810162000000 1450
8944 817950000000 1450
9016 825192000000 1450
9097 831804000000 1450
9175 839808000000 1450
9247 845226000000 1450
9328 853446000000 1450
9397 859269000000 1450
9478 867192000000 1450
9547 873042000000 1450
9628 881046000000 1450
9697 886422000000 1450
9781 894684000000 1450
9847 900699000000 1450
9943 908313000000 1450
10012 914523000000 1450
10090 922542000000 1450
10174 929352000000 1450
10243 935964000000 1450
10324 944226000000 1450
10393 949575000000 1450
10474 957930000000 1450
10543 963780000000 1450
10624 971352000000 1450
10696 977202000000 1450
10774 985422000000 1450
10843 990582000000 1450
10939 998844000000 1450
