120 16447000000 1358
270 29331000000 1358
408 42753000000 1358
558 56175000000 1358
705 69249000000 1358
843 82671000000 1358
993 96471000000 1358
1131 108947000000 1358
1266 120829000000 1358
1416 133767000000 1358
1566 147135000000 1358
1704 160557000000 1358
1851 173613000000 1358
1989 187035000000 1358
2139 200659000000 1358
2277 212860000000 1358
2412 224784000000 1358
2562 238164000000 1358
2712 251262000000 1358
2850 264684000000 1358
3000 277863000000 1358
3147 291162000000 1358
3285 305059000000 1358
3423 316873000000 1358
3561 329011000000 1358
3708 342391000000 1358
3858 355489000000 1358
3996 368911000000 1358
4146 382333000000 1358
4293 395539000000 1358
4431 409401000000 1358
4569 421136000000 1358
4719 433353000000 1358
4854 446775000000 1358
5004 459831000000 1358
5142 473253000000 1358
5292 486675000000 1358
5442 499981000000 1358
5577 513561000000 1358
5715 525485000000 1358
5865 537513000000 1358
6003 550935000000 1358
6150 564153000000 1358
6300 577413000000 1358
6438 590835000000 1358
6588 604339000000 1358
6723 617507000000 1358
6861 629431000000 1358
7011 641673000000 1358
7149 655095000000 1358
7296 668517000000 1358
7446 681573000000 1358
7584 695143000000 1358
7734 708928000000 1358
7884 721733000000 1358
8007 733615000000 1358
8157 746071000000 1358
8295 759493000000 1358
8445 772915000000 1358
8592 785971000000 1358
8730 799543000000 1358
8880 813345000000 1358
9030 825801000000 1358
9153 837683000000 1358
9303 850596000000 1358
9453 863775000000 1358
9591 877197000000 1358
9738 890295000000 1358
9876 903882000000 1358
10026 917505000000 1358
10164 929747000000 1358
10299 941671000000 1358
10449 954837000000 1358
10599 967935000000 1358
10737 981357000000 1358
10887 994725000000 1358
