6 1926000000 160
21 3633000000 160
33 5340000000 160
48 7047000000 160
75 10587000000 160
87 10911000000 160
102 12168000000 160
129 15198000000 160
153 19296000000 160
171 20310000000 160
186 21282000000 160
198 21606000000 160
225 25146000000 160
240 26118000000 160
252 26442000000 160
279 29826000000 160
306 32938000000 160
318 33690000000 160
333 34662000000 160
351 35676000000 160
375 37926000000 160
390 39540000000 160
417 40698000000 160
429 43248000000 160
456 45932000000 160
471 47328000000 160
483 48084000000 160
498 49056000000 160
525 51094000000 160
540 52962000000 160
567 55341000000 160
579 56670000000 160
606 58926000000 160
621 61182000000 160
633 61506000000 160
648 62478000000 160
675 64538000000 160
687 66360000000 160
714 69744000000 160
732 70758000000 160
756 71938000000 160
771 74622000000 160
786 75594000000 160
798 75918000000 160
825 77532000000 160
852 81033000000 160
864 83166000000 160
879 84138000000 160
906 85324000000 160
921 88044000000 160
936 89016000000 160
951 89772000000 160
963 90690000000 160
1002 96039000000 160
1017 97398000000 160
1029 97938000000 160
1044 98910000000 160
1071 102018000000 160
1083 102774000000 160
1101 103788000000 160
1113 104346000000 160
1152 110298000000 160
1167 111270000000 160
1179 111594000000 160
1194 112566000000 160
1221 115892000000 160
1233 116430000000 160
1248 117402000000 160
1275 119379000000 160
1302 123292000000 160
1317 124692000000 160
1332 125664000000 160
1344 125988000000 160
1371 128886000000 160
1386 130500000000 160
1398 130824000000 160
1425 133806000000 160
1452 136892000000 160
1464 138072000000 160
1482 139086000000 160
1497 140058000000 160
1521 141880000000 160
1536 143922000000 160
1551 144678000000 160
1575 147630000000 160
1602 149886000000 160
1617 151710000000 160
1629 152466000000 160
1644 153438000000 160
1671 154874000000 160
1686 157344000000 160
1713 159522000000 160
1725 161052000000 160
1752 162880000000 160
1767 165564000000 160
1779 165888000000 160
1794 166860000000 160
1821 168260000000 160
1833 170724000000 160
1863 173949000000 160
1878 175122000000 160
1902 175660000000 160
1917 178986000000 160
1932 179958000000 160
1944 180282000000 160
1959 181254000000 160
1998 185196000000 160
2010 187530000000 160
2025 188502000000 160
2043 189516000000 160
2067 192408000000 160
2082 193380000000 160
2097 194136000000 160
2109 194817000000 160
2148 199825000000 160
2163 201370000000 160
2175 202126000000 160
2190 203098000000 160
2217 205992000000 160
2232 207004000000 160
2247 207976000000 160
2259 208473000000 160
2298 213997000000 160
2313 215397000000 160
2325 215721000000 160
2340 216693000000 160
2367 219591000000 160
2379 220557000000 160
2394 221529000000 160
2424 223146000000 160
2448 226991000000 160
2463 228819000000 160
2478 229791000000 160
2490 230115000000 160
2517 232585000000 160
2532 234627000000 160
2544 234951000000 160
2571 237732000000 160
2598 240591000000 160
2613 242241000000 160
2628 243213000000 160
2643 243969000000 160
2667 245579000000 160
2682 248049000000 160
2697 248805000000 160
2721 251757000000 160
2748 253585000000 160
2763 255837000000 160
2775 256593000000 160
2793 257607000000 160
2817 258359000000 160
2832 261471000000 160
2859 263247000000 160
2871 265179000000 160
2898 266365000000 160
2913 269691000000 160
2925 270015000000 160
2940 270987000000 160
2955 271959000000 160
2982 274893000000 160
3009 277875000000 160
3024 279249000000 160
3036 279573000000 160
3063 283113000000 160
3078 284085000000 160
3090 284409000000 160
3105 285381000000 160
3132 288921000000 160
3156 291657000000 160
3174 292671000000 160
3189 293427000000 160
3213 296321000000 160
3228 297507000000 160
3243 298263000000 160
3255 298944000000 160
3294 303596000000 160
3309 305770000000 160
3321 306526000000 160
3336 307498000000 160
3363 309790000000 160
3378 311404000000 160
3393 312376000000 160
3405 312700000000 160
3444 317595000000 160
3459 319624000000 160
3471 319948000000 160
3486 320920000000 160
3513 323390000000 160
3525 324784000000 160
3543 325798000000 160
3570 326971000000 160
3594 330790000000 160
3609 333046000000 160
3624 334018000000 160
3636 334342000000 160
3663 336384000000 160
3678 338854000000 160
3690 339178000000 160
3717 341557000000 160
3747 344204000000 160
3759 346468000000 160
3774 347440000000 160
3789 348196000000 160
3813 349164000000 160
3828 352276000000 160
3843 352816000000 160
3867 355984000000 160
3894 357170000000 160
3909 360064000000 160
3924 360862000000 160
3939 361834000000 160
3951 362158000000 160
3978 365698000000 160
4005 367273000000 160
4017 369406000000 160
4032 370378000000 160
4059 373918000000 160
4071 374242000000 160
4086 375214000000 160
4104 376228000000 160
4128 379120000000 160
4155 381700000000 160
4170 383476000000 160
4182 383800000000 160
4209 387126000000 160
4224 388312000000 160
4236 388636000000 160
4251 389608000000 160
4278 392870000000 160
4305 396076000000 160
4320 397048000000 160
4335 397804000000 160
4359 400270000000 160
4374 401884000000 160
4389 402424000000 160
4401 403180000000 160
4440 407108000000 160
4455 410112000000 160
4467 410868000000 160
4485 411882000000 160
4509 413704000000 160
4524 415746000000 160
4539 416718000000 160
4551 417042000000 160
4590 421308000000 160
4605 423966000000 160
4617 424290000000 160
4632 425262000000 160
4659 427090000000 160
4674 429168000000 160
4689 430140000000 160
4704 431112000000 160
4740 434490000000 160
4755 437388000000 160
4770 438360000000 160
4782 438684000000 160
4809 440084000000 160
4824 443196000000 160
4836 443520000000 160
4866 445740000000 160
4893 447916000000 160
4905 450810000000 160
4920 451782000000 160
4935 452538000000 160
4947 453078000000 160
4974 456618000000 160
4989 457158000000 160
5013 460125000000 160
5028 461298000000 160
5055 464232000000 160
5070 465204000000 160
5085 466176000000 160
5097 466500000000 160
5124 470040000000 160
5151 471213000000 160
5163 473748000000 160
5178 474720000000 160
5205 478046000000 160
5217 478584000000 160
5235 479598000000 160
5250 480570000000 160
5274 483034000000 160
5301 485841000000 160
5316 487818000000 160
5328 488142000000 160
5355 491040000000 160
5370 492654000000 160
5382 492978000000 160
5397 493950000000 160
5427 496856000000 160
5451 500476000000 160
5466 501448000000 160
5481 502204000000 160
5505 504242000000 160
5520 506284000000 160
5535 506824000000 160
5547 507580000000 160
5586 510639000000 160
5601 514056000000 160
5616 515070000000 160
5631 516042000000 160
5655 517222000000 160
5670 519906000000 160
5685 520878000000 160
5697 521202000000 160
5736 524424000000 160
5751 528126000000 160
5763 528450000000 160
5778 529422000000 160
5808 530864000000 160
5820 533328000000 160
5835 534300000000 160
5850 535272000000 160
5886 538222000000 160
5901 541548000000 160
5916 542520000000 160
5928 542844000000 160
5943 543816000000 160
5970 547356000000 160
5985 547722000000 160
6012 549498000000 160
6027 551862000000 160
6051 554970000000 160
6066 555942000000 160
6081 556482000000 160
6093 557238000000 160
6120 560778000000 160
6135 561318000000 160
6159 564084000000 160
6177 565500000000 160
6201 568178000000 160
6216 569364000000 160
6231 570336000000 160
6243 570660000000 160
6270 573772000000 160
6285 575172000000 160
6309 577908000000 160
6324 578880000000 160
6351 581778000000 160
6366 582786000000 160
6381 583758000000 160
6396 584730000000 160
6420 586766000000 160
6447 589599000000 160
6462 591978000000 160
6474 592302000000 160
6501 594772000000 160
6516 596814000000 160
6528 597138000000 160
6546 598152000000 160
6573 600384000000 160
6597 604633000000 160
6612 605806000000 160
6627 606562000000 160
6651 607958000000 160
6666 610642000000 160
6681 611182000000 160
6693 611938000000 160
6732 613755000000 160
6747 618258000000 160
6762 619230000000 160
6777 620202000000 160
6801 620954000000 160
6816 624066000000 160
6831 625038000000 160
6843 625362000000 160
6882 627955000000 160
6897 632286000000 160
6909 632610000000 160
6927 633624000000 160
6942 634596000000 160
6966 637488000000 160
6981 638460000000 160
6996 639432000000 160
7020 642168000000 160
7047 645708000000 160
7062 646680000000 160
7074 647004000000 160
7089 647976000000 160
7119 651530000000 160
7131 651882000000 160
7158 653256000000 160
7173 656022000000 160
7197 658916000000 160
7212 660102000000 160
7227 660642000000 160
7239 661398000000 160
7266 664510000000 160
7281 665262000000 160
7308 667884000000 160
7323 669660000000 160
7347 671910000000 160
7362 673524000000 160
7377 674496000000 160
7389 674820000000 160
7416 677504000000 160
7431 679332000000 160
7455 682068000000 160
7470 683040000000 160
7500 685338000000 160
7512 686946000000 160
7527 687918000000 160
7542 688890000000 160
7566 690432000000 160
7593 693706000000 160
7608 696286000000 160
7620 696610000000 160
7647 698438000000 160
7662 701122000000 160
7677 701488000000 160
7692 702460000000 160
7719 704356000000 160
7743 708631000000 160
7758 710206000000 160
7773 710746000000 160
7797 711930000000 160
7812 715042000000 160
7827 715582000000 160
7839 716338000000 160
7869 717566000000 160
7893 722656000000 160
7908 723628000000 160
7923 724600000000 160
7935 724924000000 160
7962 728464000000 160
7977 729436000000 160
7989 729760000000 160
8016 731737000000 160
8043 736684000000 160
8058 737050000000 160
8073 738022000000 160
8088 738994000000 160
8112 741886000000 160
8127 742858000000 160
8142 743830000000 160
8166 746365000000 160
8193 749892000000 160
8208 751078000000 160
8220 751402000000 160
8238 752416000000 160
8265 755312000000 160
8277 756280000000 160
8304 757453000000 160
8319 760420000000 160
8343 762886000000 160
8358 764500000000 160
8373 765040000000 160
8385 765796000000 160
8412 768480000000 160
8427 769702000000 160
8454 772081000000 160
8469 774058000000 160
8493 775666000000 160
8508 777922000000 160
8523 778894000000 160
8535 779218000000 160
8562 781260000000 160
8577 783730000000 160
8601 786466000000 160
8619 787480000000 160
8646 789308000000 160
8658 791344000000 160
8673 792316000000 160
8688 793288000000 160
8712 794404000000 160
8739 797704000000 160
8754 800686000000 160
8766 801010000000 160
8793 802410000000 160
8811 805522000000 160
8823 805888000000 160
8838 806860000000 160
8865 808210000000 160
8889 812712000000 160
8904 814488000000 160
8919 815028000000 160
8931 815784000000 160
8958 819324000000 160
8970 819648000000 160
8988 820662000000 160
9003 821634000000 160
9039 826938000000 160
9054 827910000000 160
9069 828882000000 160
9081 829206000000 160
9108 832746000000 160
9123 833718000000 160
9135 834042000000 160
9162 835818000000 160
9192 840794000000 160
9204 841332000000 160
9219 842304000000 160
9234 843276000000 160
9258 845740000000 160
9273 847140000000 160
9288 848112000000 160
9312 850245000000 160
9339 853746000000 160
9354 855360000000 160
9369 855726000000 160
9384 856698000000 160
9411 858952000000 160
9423 860562000000 160
9438 861534000000 160
9465 864486000000 160
9489 866526000000 160
9504 868782000000 160
9519 869322000000 160
9531 870078000000 160
9561 872162000000 160
9573 873984000000 160
9600 875961000000 160
9615 878340000000 160
9639 879520000000 160
9654 882204000000 160
9669 883176000000 160
9681 883500000000 160
9708 885114000000 160
9723 888012000000 160
9750 890589000000 160
9765 891762000000 160
9792 893162000000 160
9804 895626000000 160
9819 896598000000 160
9834 897570000000 160
9858 898315000000 160
9885 901842000000 160
9900 905025000000 160
9912 905349000000 160
9930 906363000000 160
9957 909687000000 160
9969 910227000000 160
9984 911199000000 160
9999 912156000000 160
10035 916470000000 160
10050 918648000000 160
10065 919188000000 160
10077 919944000000 160
10104 923484000000 160
10119 923850000000 160
10134 924822000000 160
10149 925794000000 160
10185 930884000000 160
10200 932070000000 160
10215 933042000000 160
10227 933366000000 160
10254 936478000000 160
10269 937878000000 160
10281 938202000000 160
10311 939618000000 160
10338 944526000000 160
10350 945492000000 160
10365 946464000000 160
10380 947436000000 160
10404 949258000000 160
10419 951300000000 160
10434 952272000000 160
10458 954204000000 160
10485 957264000000 160
10503 959304000000 160
10515 959886000000 160
10530 960858000000 160
10557 962684000000 160
10569 964722000000 160
10584 965694000000 160
10611 968646000000 160
10635 970258000000 160
10650 972942000000 160
10662 973266000000 160
10680 974280000000 160
10707 975894000000 160
10719 978144000000 160
10746 979719000000 160
10761 982500000000 160
10785 983252000000 160
10800 986364000000 160
10815 987336000000 160
10827 987660000000 160
10854 988846000000 160
10872 992214000000 160
10896 994347000000 160
10911 995922000000 160
10926 996894000000 160
10950 999786000000 160
