55 7713000000 1450
136 16668000000 1450
208 22704000000 1450
286 30492000000 1450
358 36342000000 1450
439 44346000000 1450
505 49722000000 1450
589 57984000000 1450
658 63810000000 1450
739 71424000000 1450
808 77232000000 1450
889 85641000000 1450
970 91356000000 1450
1051 99576000000 1450
1135 106263000000 1450
1201 113232000000 1450
1282 121251000000 1450
1354 127302000000 1450
1432 134874000000 1450
1504 140724000000 1450
1585 148944000000 1450
1651 154104000000 1450
1735 162366000000 1450
1804 168174000000 1450
1885 176004000000 1450
1966 181920000000 1450
2050 190182000000 1450
2116 195544000000 1450
2197 203764000000 1450
2281 210390000000 1450
2347 217359000000 1450
2431 225420000000 1450
2500 231429000000 1450
2578 239001000000 1450
2650 244851000000 1450
2731 253071000000 1450
2800 258273000000 1450
2881 266709000000 1450
2962 272625000000 1450
3043 280239000000 1450
3112 286047000000 1450
3196 294309000000 1450
3262 299944000000 1450
3343 308164000000 1450
3427 314818000000 1450
3493 321586000000 1450
3577 329848000000 1450
3646 335656000000 1450
3724 343444000000 1450
3796 349078000000 1450
3877 357541000000 1450
3958 363040000000 1450
4039 371044000000 1450
4111 376894000000 1450
4192 384898000000 1450
4258 390424000000 1450
4342 398686000000 1450
4411 404718000000 1450
4492 412548000000 1450
4573 419361000000 1450
4642 426360000000 1450
4723 434190000000 1450
4792 440025000000 1450
4876 448503000000 1450
4954 453744000000 1450
5035 461964000000 1450
5107 467814000000 1450
5185 475386000000 1450
5257 481236000000 1450
5338 489456000000 1450
5404 494824000000 1450
5488 503086000000 1450
5557 509094000000 1450
5638 516708000000 1450
5719 523722000000 1450
5788 530805000000 1450
5869 538620000000 1450
5950 544482000000 1450
6034 552744000000 1450
6100 557904000000 1450
6184 566166000000 1450
6253 571974000000 1450
6331 579546000000 1450
6403 585396000000 1450
6484 593616000000 1450
6553 599224000000 1450
6634 607444000000 1450
6703 613254000000 1450
6784 620922000000 1450
6865 628380000000 1450
6949 635262000000 1450
7027 642834000000 1450
7096 648642000000 1450
7180 656904000000 1450
7246 662064000000 1450
7330 670326000000 1450
7399 676134000000 1450
7477 683706000000 1450
7549 689704000000 1450
7630 697924000000 1450
7699 703624000000 1450
7780 711898000000 1450
7852 717991000000 1450
7942 725806000000 1450
8023 733006000000 1450
8095 739660000000 1450
8173 747448000000 1450
8245 753082000000 1450
8326 761302000000 1450
8395 766894000000 1450
8476 774724000000 1450
8545 780532000000 1450
8629 788578000000 1450
8695 794104000000 1450
8776 802405000000 1450
8848 808662000000 1450
8938 816450000000 1450
9010 822501000000 1450
9091 830520000000 1450
9169 837489000000 1450
9241 843942000000 1450
9322 852162000000 1450
9391 857364000000 1450
9472 865584000000 1450
9541 871392000000 1450
9622 879006000000 1450
9691 884814000000 1450
9775 893184000000 1450
9841 898767000000 1450
9937 907029000000 1450
10006 913038000000 1450
10084 920610000000 1450
10168 926862000000 1450
10237 934680000000 1450
10318 941892000000 1450
10387 948102000000 1450
10468 956322000000 1450
10537 961524000000 1450
10618 969744000000 1450
10690 975594000000 1450
10768 983274000000 1450
10837 989298000000 1450
10933 997560000000 1450
