7 1953000000 160
22 3660000000 160
34 5367000000 160
49 7074000000 160
76 10614000000 160
88 10938000000 160
103 12195000000 160
130 15225000000 160
154 19323000000 160
172 20337000000 160
187 21309000000 160
199 21633000000 160
226 25173000000 160
241 26145000000 160
253 26469000000 160
280 29853000000 160
307 33179000000 160
319 33717000000 160
334 34689000000 160
352 35703000000 160
376 37953000000 160
391 39567000000 160
418 40725000000 160
430 43275000000 160
457 45959000000 160
472 47355000000 160
484 48111000000 160
499 49083000000 160
526 51121000000 160
541 52989000000 160
568 55569000000 160
580 56697000000 160
607 58953000000 160
622 61209000000 160
634 61533000000 160
649 62505000000 160
676 64565000000 160
688 66387000000 160
715 69771000000 160
733 70785000000 160
757 71965000000 160
772 74649000000 160
787 75621000000 160
799 75945000000 160
826 77559000000 160
853 81060000000 160
865 83193000000 160
880 84165000000 160
907 85565000000 160
922 88071000000 160
937 89043000000 160
952 89799000000 160
964 90717000000 160
1003 96066000000 160
1018 97425000000 160
1030 97965000000 160
1045 98937000000 160
1072 102045000000 160
1084 102801000000 160
1102 103815000000 160
1114 104373000000 160
1153 110325000000 160
1168 111297000000 160
1180 111621000000 160
1195 112593000000 160
1222 116133000000 160
1234 116457000000 160
1249 117429000000 160
1276 119406000000 160
1303 123319000000 160
1318 124719000000 160
1333 125691000000 160
1345 126015000000 160
1372 128913000000 160
1387 130527000000 160
1399 130851000000 160
1426 133833000000 160
1453 136919000000 160
1465 138099000000 160
1483 139113000000 160
1498 140085000000 160
1522 141907000000 160
1537 143949000000 160
1552 144705000000 160
1576 147657000000 160
1603 149913000000 160
1618 151737000000 160
1630 152493000000 160
1645 153465000000 160
1672 154901000000 160
1687 157371000000 160
1714 159549000000 160
1726 161079000000 160
1753 162907000000 160
1768 165591000000 160
1780 165915000000 160
1795 166887000000 160
1822 168501000000 160
1834 170751000000 160
1864 174177000000 160
1879 175149000000 160
1903 175687000000 160
1918 179013000000 160
1933 179985000000 160
1945 180309000000 160
1960 181281000000 160
1999 185223000000 160
2011 187557000000 160
2026 188529000000 160
2044 189543000000 160
2068 192435000000 160
2083 193407000000 160
2098 194163000000 160
2110 194844000000 160
2149 199852000000 160
2164 201397000000 160
2176 202153000000 160
2191 203125000000 160
2218 206019000000 160
2233 207031000000 160
2248 208003000000 160
2260 208500000000 160
2299 214024000000 160
2314 215424000000 160
2326 215748000000 160
2341 216720000000 160
2368 219618000000 160
2380 220584000000 160
2395 221556000000 160
2425 223173000000 160
2449 227018000000 160
2464 228846000000 160
2479 229818000000 160
2491 230142000000 160
2518 232612000000 160
2533 234654000000 160
2545 234978000000 160
2572 237759000000 160
2599 240618000000 160
2614 242268000000 160
2629 243240000000 160
2644 243996000000 160
2668 245606000000 160
2683 248076000000 160
2698 248832000000 160
2722 251784000000 160
2749 253612000000 160
2764 255864000000 160
2776 256620000000 160
2794 257634000000 160
2818 258600000000 160
2833 261498000000 160
2860 263274000000 160
2872 265206000000 160
2899 266392000000 160
2914 269718000000 160
2926 270042000000 160
2941 271014000000 160
2956 271986000000 160
2983 274920000000 160
3010 277902000000 160
3025 279276000000 160
3037 279600000000 160
3064 283140000000 160
3079 284112000000 160
3091 284436000000 160
3106 285408000000 160
3133 288948000000 160
3157 291684000000 160
3175 292698000000 160
3190 293670000000 160
3214 296348000000 160
3229 297534000000 160
3244 298290000000 160
3256 298971000000 160
3295 303623000000 160
3310 305797000000 160
3322 306553000000 160
3337 307525000000 160
3364 309817000000 160
3379 311431000000 160
3394 312403000000 160
3406 312727000000 160
3445 317622000000 160
3460 319651000000 160
3472 319975000000 160
3487 320947000000 160
3514 323417000000 160
3526 324811000000 160
3544 325825000000 160
3571 327199000000 160
3595 330817000000 160
3610 333073000000 160
3625 334045000000 160
3637 334369000000 160
3664 336411000000 160
3679 338881000000 160
3691 339205000000 160
3718 341584000000 160
3748 344459000000 160
3760 346495000000 160
3775 347467000000 160
3790 348223000000 160
3814 349191000000 160
3829 352303000000 160
3844 352843000000 160
3868 356011000000 160
3895 357197000000 160
3910 360091000000 160
3925 360889000000 160
3940 361861000000 160
3952 362185000000 160
3979 365725000000 160
4006 367300000000 160
4018 369433000000 160
4033 370405000000 160
4060 373945000000 160
4072 374269000000 160
4087 375241000000 160
4105 376255000000 160
4129 379147000000 160
4156 381928000000 160
4171 383503000000 160
4183 383827000000 160
4210 387153000000 160
4225 388339000000 160
4237 388663000000 160
4252 389635000000 160
4279 392897000000 160
4306 396103000000 160
4321 397075000000 160
4336 397831000000 160
4360 400297000000 160
4375 401911000000 160
4390 402667000000 160
4402 403207000000 160
4441 407135000000 160
4456 410139000000 160
4468 410895000000 160
4486 411909000000 160
4510 413731000000 160
4525 415773000000 160
4540 416745000000 160
4552 417069000000 160
4591 421335000000 160
4606 423993000000 160
4618 424317000000 160
4633 425289000000 160
4660 427331000000 160
4675 429195000000 160
4690 430167000000 160
4705 431139000000 160
4741 434517000000 160
4756 437415000000 160
4771 438387000000 160
4783 438711000000 160
4810 440111000000 160
4825 443223000000 160
4837 443547000000 160
4867 445767000000 160
4894 448159000000 160
4906 450837000000 160
4921 451809000000 160
4936 452565000000 160
4948 453105000000 160
4975 456645000000 160
4990 457185000000 160
5014 460152000000 160
5029 461325000000 160
5056 464259000000 160
5071 465231000000 160
5086 466203000000 160
5098 466527000000 160
5125 470067000000 160
5152 471240000000 160
5164 473775000000 160
5179 474747000000 160
5206 478073000000 160
5218 478611000000 160
5236 479625000000 160
5251 480597000000 160
5275 483061000000 160
5302 485868000000 160
5317 487845000000 160
5329 488169000000 160
5356 491067000000 160
5371 492681000000 160
5383 493005000000 160
5398 493977000000 160
5428 496911000000 160
5452 500503000000 160
5467 501475000000 160
5482 502231000000 160
5506 504269000000 160
5521 506311000000 160
5536 506851000000 160
5548 507607000000 160
5587 510666000000 160
5602 514299000000 160
5617 515097000000 160
5632 516069000000 160
5656 517463000000 160
5671 519933000000 160
5686 520905000000 160
5698 521229000000 160
5737 524451000000 160
5752 528153000000 160
5764 528477000000 160
5779 529449000000 160
5809 530891000000 160
5821 533355000000 160
5836 534327000000 160
5851 535299000000 160
5887 538249000000 160
5902 541575000000 160
5917 542547000000 160
5929 542871000000 160
5944 543843000000 160
5971 547383000000 160
5986 547749000000 160
6013 549525000000 160
6028 551889000000 160
6052 554997000000 160
6067 555969000000 160
6082 556725000000 160
6094 557265000000 160
6121 560805000000 160
6136 561345000000 160
6160 564111000000 160
6178 565527000000 160
6202 568205000000 160
6217 569391000000 160
6232 570363000000 160
6244 570687000000 160
6271 573799000000 160
6286 575199000000 160
6310 577935000000 160
6325 578907000000 160
6352 581805000000 160
6367 582813000000 160
6382 583785000000 160
6397 584757000000 160
6421 586793000000 160
6448 589626000000 160
6463 592005000000 160
6475 592329000000 160
6502 594799000000 160
6517 596841000000 160
6529 597165000000 160
6547 598179000000 160
6574 600625000000 160
6598 604660000000 160
6613 605833000000 160
6628 606589000000 160
6652 607985000000 160
6667 610669000000 160
6682 611209000000 160
6694 611965000000 160
6733 613782000000 160
6748 618285000000 160
6763 619257000000 160
6778 620229000000 160
6802 620981000000 160
6817 624093000000 160
6832 625065000000 160
6844 625389000000 160
6883 627982000000 160
6898 632313000000 160
6910 632637000000 160
6928 633651000000 160
6943 634623000000 160
6967 637515000000 160
6982 638487000000 160
6997 639459000000 160
7021 642195000000 160
7048 645735000000 160
7063 646707000000 160
7075 647031000000 160
7090 648003000000 160
7120 651571000000 160
7132 651909000000 160
7159 653484000000 160
7174 656049000000 160
7198 658943000000 160
7213 660129000000 160
7228 660669000000 160
7240 661425000000 160
7267 664537000000 160
7282 665505000000 160
7309 667911000000 160
7324 669687000000 160
7348 671937000000 160
7363 673551000000 160
7378 674523000000 160
7390 674847000000 160
7417 677531000000 160
7432 679359000000 160
7456 682095000000 160
7471 683067000000 160
7501 685579000000 160
7513 686973000000 160
7528 687945000000 160
7543 688917000000 160
7567 690673000000 160
7594 693733000000 160
7609 696313000000 160
7621 696637000000 160
7648 698465000000 160
7663 701149000000 160
7678 701515000000 160
7693 702487000000 160
7720 704383000000 160
7744 708859000000 160
7759 710233000000 160
7774 710773000000 160
7798 711957000000 160
7813 715069000000 160
7828 715609000000 160
7840 716365000000 160
7870 717593000000 160
7894 722683000000 160
7909 723655000000 160
7924 724627000000 160
7936 724951000000 160
7963 728491000000 160
7978 729463000000 160
7990 729787000000 160
8017 731764000000 160
8044 736711000000 160
8059 737077000000 160
8074 738049000000 160
8089 739021000000 160
8113 741913000000 160
8128 742885000000 160
8143 743857000000 160
8167 746392000000 160
8194 749919000000 160
8209 751105000000 160
8221 751429000000 160
8239 752443000000 160
8266 755339000000 160
8278 756307000000 160
8305 757480000000 160
8320 760447000000 160
8344 762913000000 160
8359 764527000000 160
8374 765067000000 160
8386 765823000000 160
8413 768507000000 160
8428 769729000000 160
8455 772108000000 160
8470 774085000000 160
8494 775907000000 160
8509 777949000000 160
8524 778921000000 160
8536 779245000000 160
8563 781287000000 160
8578 783757000000 160
8602 786493000000 160
8620 787507000000 160
8647 789335000000 160
8659 791371000000 160
8674 792343000000 160
8689 793315000000 160
8713 794431000000 160
8740 797731000000 160
8755 800713000000 160
8767 801037000000 160
8794 802437000000 160
8812 805577000000 160
8824 805915000000 160
8839 806887000000 160
8866 808237000000 160
8890 812739000000 160
8905 814515000000 160
8920 815055000000 160
8932 815811000000 160
8959 819351000000 160
8971 819675000000 160
8989 820689000000 160
9004 821661000000 160
9040 826965000000 160
9055 827937000000 160
9070 828909000000 160
9082 829233000000 160
9109 832773000000 160
9124 833745000000 160
9136 834069000000 160
9163 835845000000 160
9193 840821000000 160
9205 841359000000 160
9220 842331000000 160
9235 843303000000 160
9259 845767000000 160
9274 847167000000 160
9289 848139000000 160
9313 850272000000 160
9340 853773000000 160
9355 855387000000 160
9370 855753000000 160
9385 856725000000 160
9412 859193000000 160
9424 860589000000 160
9439 861561000000 160
9466 864513000000 160
9490 866553000000 160
9505 868809000000 160
9520 869349000000 160
9532 870105000000 160
9562 872189000000 160
9574 874011000000 160
9601 875988000000 160
9616 878367000000 160
9640 879547000000 160
9655 882231000000 160
9670 883203000000 160
9682 883527000000 160
9709 885141000000 160
9724 888039000000 160
9751 890616000000 160
9766 891789000000 160
9793 893189000000 160
9805 895653000000 160
9820 896625000000 160
9835 897597000000 160
9859 898342000000 160
9886 901869000000 160
9901 905052000000 160
9913 905376000000 160
9931 906390000000 160
9958 909714000000 160
9970 910254000000 160
9985 911226000000 160
10000 912183000000 160
10036 916497000000 160
10051 918675000000 160
10066 919215000000 160
10078 919971000000 160
10105 923511000000 160
10120 923877000000 160
10135 924849000000 160
10150 925821000000 160
10186 930911000000 160
10201 932097000000 160
10216 933069000000 160
10228 933393000000 160
10255 936505000000 160
10270 937905000000 160
10282 938229000000 160
10312 939645000000 160
10339 944553000000 160
10351 945519000000 160
10366 946491000000 160
10381 947463000000 160
10405 949499000000 160
10420 951327000000 160
10435 952299000000 160
10459 954231000000 160
10486 957291000000 160
10504 959561000000 160
10516 959913000000 160
10531 960885000000 160
10558 962711000000 160
10570 964749000000 160
10585 965721000000 160
10612 968673000000 160
10636 970285000000 160
10651 972969000000 160
10663 973293000000 160
10681 974307000000 160
10708 975921000000 160
10720 978171000000 160
10747 979947000000 160
10762 982527000000 160
10786 983279000000 160
10801 986391000000 160
10816 987363000000 160
10828 987687000000 160
10855 988873000000 160
10873 992241000000 160
10897 994374000000 160
10912 995949000000 160
10927 996921000000 160
10951 999813000000 160
