13 3276000000 1464
40 6012000000 1464
67 9645000000 1464
94 11583000000 1464
109 14094000000 1464
160 19968000000 1464
178 20982000000 1464
205 22492000000 1464
232 25818000000 1464
259 27315000000 1464
298 32210000000 1464
325 34362000000 1464
340 35334000000 1464
382 39240000000 1464
397 40467000000 1464
436 44134000000 1464
463 47676000000 1464
490 48756000000 1464
517 51764000000 1464
547 53835000000 1464
586 57342000000 1464
613 60882000000 1464
640 62178000000 1464
655 63168000000 1464
694 67233000000 1464
721 70416000000 1464
763 73466000000 1464
778 75294000000 1464
805 76590000000 1464
832 80331000000 1464
871 83838000000 1464
886 84810000000 1464
928 88716000000 1464
943 89688000000 1464
982 93061000000 1464
1009 97476000000 1464
1036 98610000000 1464
1063 102474000000 1464
1090 103446000000 1464
1120 105018000000 1464
1159 110970000000 1464
1186 112266000000 1464
1213 114736000000 1464
1240 117102000000 1464
1255 118074000000 1464
1309 124392000000 1464
1324 125364000000 1464
1351 126660000000 1464
1378 130200000000 1464
1405 131496000000 1464
1444 136164000000 1464
1471 138744000000 1464
1489 139758000000 1464
1528 143622000000 1464
1543 144702000000 1464
1582 148302000000 1464
1609 152112000000 1464
1636 153138000000 1464
1678 155760000000 1464
1693 158016000000 1464
1732 161724000000 1464
1759 165264000000 1464
1786 166560000000 1464
1801 167532000000 1464
1840 171396000000 1464
1870 174822000000 1464
1909 177188000000 1464
1924 179658000000 1464
1951 180954000000 1464
1978 184494000000 1464
2017 188202000000 1464
2032 189174000000 1464
2074 193080000000 1464
2089 194106000000 1464
2128 196620000000 1464
2155 201718000000 1464
2182 202798000000 1464
2209 206662000000 1464
2239 207676000000 1464
2266 209145000000 1464
2305 215097000000 1464
2332 216393000000 1464
2359 218435000000 1464
2386 221229000000 1464
2401 222201000000 1464
2455 228519000000 1464
2470 229491000000 1464
2497 230787000000 1464
2524 234327000000 1464
2551 235623000000 1464
2590 239863000000 1464
2620 242913000000 1464
2635 243912000000 1464
2674 247535000000 1464
2689 248883000000 1464
2728 252429000000 1464
2755 256293000000 1464
2782 257265000000 1464
2824 259459000000 1464
2839 262143000000 1464
2878 265851000000 1464
2905 269177000000 1464
2932 270687000000 1464
2947 271659000000 1464
2989 275565000000 1464
3016 278949000000 1464
3055 280887000000 1464
3070 283785000000 1464
3097 285081000000 1464
3124 288407000000 1464
3163 292329000000 1464
3181 293343000000 1464
3220 297207000000 1464
3235 298314000000 1464
3274 300592000000 1464
3301 306172000000 1464
3328 307198000000 1464
3370 310676000000 1464
3385 312076000000 1464
3412 313372000000 1464
3451 319324000000 1464
3478 320620000000 1464
3505 322234000000 1464
3532 325456000000 1464
3550 326470000000 1464
3601 332318000000 1464
3616 333718000000 1464
3643 335014000000 1464
3670 338554000000 1464
3697 339850000000 1464
3736 343662000000 1464
3766 347140000000 1464
3781 348193000000 1464
3820 351334000000 1464
3835 353191000000 1464
3874 356656000000 1464
3901 360520000000 1464
3931 361534000000 1464
3970 363258000000 1464
3985 366370000000 1464
4024 370078000000 1464
4051 372976000000 1464
4078 374914000000 1464
4093 375886000000 1464
4135 379792000000 1464
4162 383176000000 1464
4189 384686000000 1464
4216 388012000000 1464
4243 389308000000 1464
4270 392356000000 1464
4312 396748000000 1464
4327 397747000000 1464
4366 401584000000 1464
4381 402745000000 1464
4408 404506000000 1464
4447 410568000000 1464
4474 411540000000 1464
4516 414590000000 1464
4531 416418000000 1464
4558 417714000000 1464
4597 423666000000 1464
4624 424962000000 1464
4639 426148000000 1464
4681 429840000000 1464
4696 430812000000 1464
4747 436232000000 1464
4762 438060000000 1464
4789 439356000000 1464
4816 442896000000 1464
4843 444192000000 1464
4873 447618000000 1464
4912 451482000000 1464
4927 452589000000 1464
4966 455248000000 1464
4981 457587000000 1464
5020 460998000000 1464
5062 464904000000 1464
5077 465876000000 1464
5104 467172000000 1464
5131 470712000000 1464
5170 474420000000 1464
5197 476890000000 1464
5224 479256000000 1464
5242 480270000000 1464
5281 484134000000 1464
5308 487518000000 1464
5335 488814000000 1464
5362 492354000000 1464
5389 493650000000 1464
5416 496328000000 1464
5458 501148000000 1464
5473 502201000000 1464
5512 505984000000 1464
5527 507199000000 1464
5554 508452000000 1464
5593 514728000000 1464
5623 515742000000 1464
5662 518322000000 1464
5677 520578000000 1464
5704 521874000000 1464
5743 527826000000 1464
5770 529122000000 1464
5785 530094000000 1464
5827 534000000000 1464
5842 534972000000 1464
5893 539964000000 1464
5908 542220000000 1464
5935 543516000000 1464
5962 547056000000 1464
5992 548394000000 1464
6019 551805000000 1464
6058 555642000000 1464
6073 556803000000 1464
6112 558980000000 1464
6127 561774000000 1464
6166 565158000000 1464
6208 569064000000 1464
6223 570036000000 1464
6250 571332000000 1464
6277 574872000000 1464
6316 578580000000 1464
6343 580622000000 1464
6373 583458000000 1464
6388 584430000000 1464
6427 588294000000 1464
6454 591678000000 1464
6481 592974000000 1464
6508 596514000000 1464
6535 597810000000 1464
6565 600300000000 1464
6604 605506000000 1464
6619 606613000000 1464
6658 610342000000 1464
6673 611611000000 1464
6700 612612000000 1464
6754 618930000000 1464
6769 619902000000 1464
6808 622054000000 1464
6823 624738000000 1464
6850 626034000000 1464
6889 631772000000 1464
6916 633282000000 1464
6934 634296000000 1464
6973 638160000000 1464
6988 639132000000 1464
7039 643696000000 1464
7054 646380000000 1464
7081 647676000000 1464
7108 651002000000 1464
7138 652554000000 1464
7165 656046000000 1464
7204 659802000000 1464
7219 661017000000 1464
7258 662712000000 1464
7273 665934000000 1464
7315 669360000000 1464
7354 673010000000 1464
7369 674196000000 1464
7396 675492000000 1464
7423 679032000000 1464
7462 682740000000 1464
7489 684354000000 1464
7519 687618000000 1464
7534 688590000000 1464
7573 692174000000 1464
7600 695986000000 1464
7627 697282000000 1464
7654 700822000000 1464
7684 702160000000 1464
7711 704326000000 1464
7750 709906000000 1464
7765 711094000000 1464
7804 714314000000 1464
7819 716038000000 1464
7846 717010000000 1464
7900 723328000000 1464
7915 724300000000 1464
7954 726024000000 1464
7969 729136000000 1464
7996 730432000000 1464
8035 735742000000 1464
8065 737722000000 1464
8080 738694000000 1464
8119 742558000000 1464
8134 743530000000 1464
8185 747666000000 1464
8200 750778000000 1464
8227 752074000000 1464
8257 755014000000 1464
8284 756952000000 1464
8311 760498000000 1464
8350 764200000000 1464
8365 765496000000 1464
8392 766682000000 1464
8434 770374000000 1464
8461 773758000000 1464
8500 776980000000 1464
8515 778594000000 1464
8542 779890000000 1464
8569 783430000000 1464
8608 787138000000 1464
8626 788366000000 1464
8665 792016000000 1464
8680 792988000000 1464
8719 796146000000 1464
8746 800386000000 1464
8773 801682000000 1464
8800 805222000000 1464
8830 806560000000 1464
8845 808234000000 1464
8896 814188000000 1464
8911 815430000000 1464
8950 818168000000 1464
8977 820320000000 1464
8995 821334000000 1464
9046 827610000000 1464
9061 828582000000 1464
9088 829878000000 1464
9115 833418000000 1464
9142 834714000000 1464
9181 839596000000 1464
9211 842004000000 1464
9226 842976000000 1464
9265 846840000000 1464
9280 847812000000 1464
9319 851520000000 1464
9346 855060000000 1464
9376 856398000000 1464
9403 858922000000 1464
9430 861234000000 1464
9457 864834000000 1464
9496 868482000000 1464
9511 869778000000 1464
9538 870750000000 1464
9580 874656000000 1464
9607 878040000000 1464
9646 880834000000 1464
9661 882876000000 1464
9688 884172000000 1464
9715 887712000000 1464
9757 891462000000 1464
9772 892434000000 1464
9811 896298000000 1464
9826 897270000000 1464
9865 900057000000 1464
9892 904725000000 1464
9919 906021000000 1464
9949 909603000000 1464
9976 910899000000 1464
9991 912234000000 1464
10042 918348000000 1464
10057 919644000000 1464
10096 921900000000 1464
10126 924522000000 1464
10141 925494000000 1464
10192 931770000000 1464
10207 932742000000 1464
10234 934038000000 1464
10261 937578000000 1464
10288 938874000000 1464
10330 943370000000 1464
10357 946164000000 1464
10372 947136000000 1464
10411 951000000000 1464
10426 951972000000 1464
10465 955680000000 1464
10492 959220000000 1464
10522 960558000000 1464
10549 962708000000 1464
10576 965394000000 1464
10603 969048000000 1464
10642 972642000000 1464
10669 973938000000 1464
10687 974952000000 1464
10726 978816000000 1464
10753 982200000000 1464
10792 984352000000 1464
10807 987036000000 1464
10834 988332000000 1464
10861 991872000000 1464
10903 995622000000 1464
10918 996594000000 1464
