14 3492000000 1464
41 6228000000 1464
68 10075000000 1464
95 11799000000 1464
110 14511000000 1464
161 20184000000 1464
179 21198000000 1464
206 22922000000 1464
233 26034000000 1464
260 27732000000 1464
299 32640000000 1464
326 34578000000 1464
341 35658000000 1464
383 39456000000 1464
398 41100000000 1464
437 44564000000 1464
464 48000000000 1464
491 48972000000 1464
518 52194000000 1464
548 54252000000 1464
587 57558000000 1464
614 61098000000 1464
641 62394000000 1464
656 63598000000 1464
695 67650000000 1464
722 70632000000 1464
764 73896000000 1464
779 75510000000 1464
806 76806000000 1464
833 80748000000 1464
872 84054000000 1464
887 85294000000 1464
929 88932000000 1464
944 90120000000 1464
983 93692000000 1464
1010 97854000000 1464
1037 98826000000 1464
1064 102690000000 1464
1091 103662000000 1464
1121 105850000000 1464
1160 111186000000 1464
1187 112482000000 1464
1214 115166000000 1464
1241 117318000000 1464
1256 118491000000 1464
1310 124608000000 1464
1325 125580000000 1464
1352 126876000000 1464
1379 130416000000 1464
1406 131913000000 1464
1445 136621000000 1464
1472 138960000000 1464
1490 140136000000 1464
1529 143838000000 1464
1544 145335000000 1464
1583 148518000000 1464
1610 152382000000 1464
1637 153354000000 1464
1679 156190000000 1464
1694 158433000000 1464
1733 161940000000 1464
1760 165480000000 1464
1787 166776000000 1464
1802 167748000000 1464
1841 171813000000 1464
1871 175038000000 1464
1910 177832000000 1464
1925 179874000000 1464
1952 181170000000 1464
1979 184911000000 1464
2018 188418000000 1464
2033 189525000000 1464
2075 193296000000 1464
2090 194538000000 1464
2129 197050000000 1464
2156 202042000000 1464
2183 203014000000 1464
2210 206878000000 1464
2240 207892000000 1464
2267 209361000000 1464
2306 215313000000 1464
2333 216609000000 1464
2360 218865000000 1464
2387 221445000000 1464
2402 222417000000 1464
2456 228735000000 1464
2471 229707000000 1464
2498 231003000000 1464
2525 234543000000 1464
2552 235839000000 1464
2591 240374000000 1464
2621 243129000000 1464
2636 244344000000 1464
2675 247965000000 1464
2690 249261000000 1464
2729 252645000000 1464
2756 256509000000 1464
2783 257481000000 1464
2825 259889000000 1464
2840 262359000000 1464
2879 266067000000 1464
2906 269607000000 1464
2933 270903000000 1464
2948 271875000000 1464
2990 275781000000 1464
3017 279165000000 1464
3056 281317000000 1464
3071 284001000000 1464
3098 285297000000 1464
3125 288864000000 1464
3164 292545000000 1464
3182 293748000000 1464
3221 297423000000 1464
3236 298719000000 1464
3275 301022000000 1464
3302 306442000000 1464
3329 307414000000 1464
3371 311106000000 1464
3386 312292000000 1464
3413 313588000000 1464
3452 319540000000 1464
3479 320836000000 1464
3506 322664000000 1464
3533 325672000000 1464
3551 326686000000 1464
3602 332748000000 1464
3617 333934000000 1464
3644 335230000000 1464
3671 338770000000 1464
3698 340066000000 1464
3737 344227000000 1464
3767 347356000000 1464
3782 348625000000 1464
3821 351764000000 1464
3836 353488000000 1464
3875 356872000000 1464
3902 360736000000 1464
3932 361750000000 1464
3971 363688000000 1464
3986 366586000000 1464
4025 370294000000 1464
4052 373406000000 1464
4079 375130000000 1464
4094 376102000000 1464
4136 380008000000 1464
4163 383392000000 1464
4190 385116000000 1464
4217 388228000000 1464
4244 389524000000 1464
4271 392867000000 1464
4313 396964000000 1464
4328 398179000000 1464
4367 401800000000 1464
4382 403096000000 1464
4409 404936000000 1464
4448 410784000000 1464
4475 411756000000 1464
4517 415020000000 1464
4532 416634000000 1464
4559 417930000000 1464
4598 423882000000 1464
4625 425178000000 1464
4640 426578000000 1464
4682 430056000000 1464
4697 431028000000 1464
4748 436662000000 1464
4763 438276000000 1464
4790 439572000000 1464
4817 443139000000 1464
4844 444408000000 1464
4874 448237000000 1464
4913 451698000000 1464
4928 452994000000 1464
4967 455678000000 1464
4982 457830000000 1464
5021 461214000000 1464
5063 465120000000 1464
5078 466092000000 1464
5105 467602000000 1464
5132 470928000000 1464
5171 474636000000 1464
5198 477320000000 1464
5225 479472000000 1464
5243 480486000000 1464
5282 484350000000 1464
5309 487734000000 1464
5336 489030000000 1464
5363 492570000000 1464
5390 493866000000 1464
5417 496893000000 1464
5459 501364000000 1464
5474 502633000000 1464
5513 506200000000 1464
5528 507496000000 1464
5555 508668000000 1464
5594 514944000000 1464
5624 515958000000 1464
5663 518752000000 1464
5678 520794000000 1464
5705 522090000000 1464
5744 528042000000 1464
5771 529338000000 1464
5786 530310000000 1464
5828 534216000000 1464
5843 535188000000 1464
5894 540394000000 1464
5909 542436000000 1464
5936 543732000000 1464
5963 547380000000 1464
5993 548610000000 1464
6020 552237000000 1464
6059 555858000000 1464
6074 557154000000 1464
6113 559410000000 1464
6128 561990000000 1464
6167 565374000000 1464
6209 569280000000 1464
6224 570252000000 1464
6251 571548000000 1464
6278 575088000000 1464
6317 578796000000 1464
6344 581052000000 1464
6374 583674000000 1464
6389 584646000000 1464
6428 588510000000 1464
6455 591894000000 1464
6482 593190000000 1464
6509 596784000000 1464
6536 598026000000 1464
6566 600946000000 1464
6605 605722000000 1464
6620 607018000000 1464
6659 610558000000 1464
6674 611854000000 1464
6701 612828000000 1464
6755 619146000000 1464
6770 620118000000 1464
6809 622484000000 1464
6824 624954000000 1464
6851 626250000000 1464
6890 632202000000 1464
6917 633498000000 1464
6935 634512000000 1464
6974 638376000000 1464
6989 639348000000 1464
7040 644126000000 1464
7055 646596000000 1464
7082 647892000000 1464
7109 651594000000 1464
7139 652770000000 1464
7166 656478000000 1464
7205 660018000000 1464
7220 661314000000 1464
7259 663142000000 1464
7274 666150000000 1464
7316 669576000000 1464
7355 673440000000 1464
7370 674412000000 1464
7397 675708000000 1464
7424 679248000000 1464
7463 682956000000 1464
7490 684784000000 1464
7520 687834000000 1464
7535 688806000000 1464
7574 692604000000 1464
7601 696202000000 1464
7628 697498000000 1464
7655 701146000000 1464
7685 702376000000 1464
7712 704972000000 1464
7751 710122000000 1464
7766 711418000000 1464
7805 714744000000 1464
7820 716254000000 1464
7847 717226000000 1464
7901 723544000000 1464
7916 724516000000 1464
7955 726454000000 1464
7970 729352000000 1464
7997 730648000000 1464
8036 736172000000 1464
8066 737938000000 1464
8081 738910000000 1464
8120 742774000000 1464
8135 743746000000 1464
8186 748096000000 1464
8201 751048000000 1464
8228 752290000000 1464
8258 755660000000 1464
8285 757168000000 1464
8312 760876000000 1464
8351 764416000000 1464
8366 765712000000 1464
8393 767112000000 1464
8435 770590000000 1464
8462 773974000000 1464
8501 777410000000 1464
8516 778810000000 1464
8543 780106000000 1464
8570 783646000000 1464
8609 787354000000 1464
8627 788796000000 1464
8666 792232000000 1464
8681 793204000000 1464
8720 796576000000 1464
8747 800602000000 1464
8774 801898000000 1464
8801 805600000000 1464
8831 806776000000 1464
8846 808880000000 1464
8897 814404000000 1464
8912 815700000000 1464
8951 818598000000 1464
8978 820536000000 1464
8996 821550000000 1464
9047 827826000000 1464
9062 828798000000 1464
9089 830308000000 1464
9116 833634000000 1464
9143 834930000000 1464
9182 840026000000 1464
9212 842220000000 1464
9227 843192000000 1464
9266 847056000000 1464
9281 848028000000 1464
9320 851950000000 1464
9347 855384000000 1464
9377 856614000000 1464
9404 859568000000 1464
9431 861450000000 1464
9458 865158000000 1464
9497 868698000000 1464
9512 869994000000 1464
9539 870966000000 1464
9581 874872000000 1464
9608 878256000000 1464
9647 881264000000 1464
9662 883092000000 1464
9689 884388000000 1464
9716 887928000000 1464
9758 891678000000 1464
9773 892650000000 1464
9812 896514000000 1464
9827 897486000000 1464
9866 900487000000 1464
9893 905022000000 1464
9920 906237000000 1464
9950 910035000000 1464
9977 911115000000 1464
9992 912612000000 1464
10043 918564000000 1464
10058 919860000000 1464
10097 922330000000 1464
10127 924738000000 1464
10142 925710000000 1464
10193 931986000000 1464
10208 932958000000 1464
10235 934254000000 1464
10262 937794000000 1464
10289 939090000000 1464
10331 943800000000 1464
10358 946380000000 1464
10373 947352000000 1464
10412 951216000000 1464
10427 952215000000 1464
10466 955896000000 1464
10493 959625000000 1464
10523 960774000000 1464
10550 963354000000 1464
10577 965610000000 1464
10604 969318000000 1464
10643 972858000000 1464
10670 974154000000 1464
10688 975168000000 1464
10727 979032000000 1464
10754 982416000000 1464
10793 984782000000 1464
10808 987252000000 1464
10835 988548000000 1464
10862 992088000000 1464
10904 995838000000 1464
10919 996810000000 1464
