0 1764000000 160
15 3471000000 160
27 5178000000 160
42 6885000000 160
69 10425000000 160
81 10749000000 160
96 12006000000 160
123 14835000000 160
147 19134000000 160
165 20134000000 160
180 21120000000 160
192 21444000000 160
219 24770000000 160
234 25956000000 160
246 26280000000 160
273 29463000000 160
300 32776000000 160
312 33528000000 160
327 34500000000 160
345 35256000000 160
369 37764000000 160
384 39378000000 160
411 40119000000 160
423 43086000000 160
450 45556000000 160
465 47166000000 160
477 47922000000 160
492 48894000000 160
519 50502000000 160
534 52786000000 160
561 55179000000 160
573 56508000000 160
600 58550000000 160
615 61020000000 160
627 61344000000 160
642 62316000000 160
669 64162000000 160
681 66198000000 160
708 69582000000 160
726 70596000000 160
750 71562000000 160
765 74460000000 160
780 75432000000 160
792 75756000000 160
819 77156000000 160
846 80670000000 160
858 83004000000 160
873 83976000000 160
900 84946000000 160
915 87882000000 160
930 88854000000 160
945 89610000000 160
957 90528000000 160
996 95676000000 160
1011 97020000000 160
1023 97776000000 160
1038 98748000000 160
1065 101640000000 160
1077 102612000000 160
1095 103626000000 160
1107 104184000000 160
1146 110136000000 160
1161 111108000000 160
1173 111432000000 160
1188 112404000000 160
1215 115730000000 160
1227 116268000000 160
1242 117240000000 160
1269 119016000000 160
1296 123130000000 160
1311 124530000000 160
1326 125502000000 160
1338 125826000000 160
1365 128510000000 160
1380 130338000000 160
1392 130662000000 160
1419 133443000000 160
1446 136300000000 160
1458 137910000000 160
1476 138924000000 160
1491 139680000000 160
1515 141504000000 160
1530 143760000000 160
1545 144300000000 160
1569 147468000000 160
1596 149510000000 160
1611 151332000000 160
1623 152304000000 160
1638 153276000000 160
1665 154498000000 160
1680 157182000000 160
1707 159159000000 160
1719 160890000000 160
1746 162504000000 160
1761 165402000000 160
1773 165726000000 160
1788 166698000000 160
1815 168098000000 160
1827 170562000000 160
1857 173787000000 160
1872 174960000000 160
1896 175498000000 160
1911 178824000000 160
1926 179796000000 160
1938 180120000000 160
1953 181092000000 160
1992 184833000000 160
2004 187368000000 160
2019 188340000000 160
2037 189096000000 160
2061 192246000000 160
2076 193218000000 160
2091 193758000000 160
2103 194655000000 160
2142 199462000000 160
2157 201208000000 160
2169 201964000000 160
2184 202936000000 160
2211 205614000000 160
2226 206842000000 160
2241 207814000000 160
2253 208311000000 160
2292 213621000000 160
2307 215235000000 160
2319 215559000000 160
2334 216531000000 160
2361 219215000000 160
2373 220395000000 160
2388 221367000000 160
2418 222783000000 160
2442 226615000000 160
2457 228657000000 160
2472 229629000000 160
2484 229953000000 160
2511 232209000000 160
2526 234465000000 160
2538 234789000000 160
2565 237369000000 160
2592 239999000000 160
2607 242079000000 160
2622 243051000000 160
2637 243591000000 160
2661 245203000000 160
2676 247887000000 160
2691 248427000000 160
2715 251595000000 160
2742 253209000000 160
2757 255459000000 160
2769 256431000000 160
2787 257445000000 160
2811 258197000000 160
2826 261309000000 160
2853 263085000000 160
2865 265017000000 160
2892 266203000000 160
2907 269529000000 160
2919 269853000000 160
2934 270825000000 160
2949 271797000000 160
2976 274731000000 160
3003 277512000000 160
3018 279087000000 160
3030 279411000000 160
3057 282951000000 160
3072 283923000000 160
3084 284247000000 160
3099 285219000000 160
3126 288543000000 160
3150 291495000000 160
3168 292509000000 160
3183 293265000000 160
3207 296159000000 160
3222 297345000000 160
3237 297885000000 160
3249 298782000000 160
3288 303019000000 160
3303 305392000000 160
3315 306364000000 160
3330 307336000000 160
3357 309414000000 160
3372 311242000000 160
3387 312214000000 160
3399 312538000000 160
3438 317018000000 160
3453 319462000000 160
3465 319786000000 160
3480 320758000000 160
3507 323014000000 160
3519 324622000000 160
3537 325636000000 160
3564 326809000000 160
3588 330414000000 160
3603 332884000000 160
3618 333856000000 160
3630 334180000000 160
3657 336008000000 160
3672 338692000000 160
3684 339016000000 160
3711 341194000000 160
3741 343798000000 160
3753 346306000000 160
3768 347278000000 160
3783 347818000000 160
3807 349002000000 160
3822 352114000000 160
3837 352438000000 160
3861 355822000000 160
3888 356794000000 160
3903 359686000000 160
3918 360700000000 160
3933 361672000000 160
3945 361996000000 160
3972 365536000000 160
3999 366910000000 160
4011 369244000000 160
4026 370216000000 160
4053 373756000000 160
4065 374080000000 160
4080 375052000000 160
4098 376066000000 160
4122 378958000000 160
4149 381538000000 160
4164 383314000000 160
4176 383638000000 160
4203 386750000000 160
4218 388150000000 160
4230 388474000000 160
4245 389446000000 160
4272 392278000000 160
4299 395914000000 160
4314 396886000000 160
4329 397426000000 160
4353 399894000000 160
4368 401722000000 160
4383 402262000000 160
4395 403018000000 160
4434 406531000000 160
4449 409734000000 160
4461 410706000000 160
4479 411720000000 160
4503 413328000000 160
4518 415584000000 160
4533 416556000000 160
4545 416880000000 160
4584 420731000000 160
4599 423804000000 160
4611 424128000000 160
4626 425100000000 160
4653 426928000000 160
4668 429006000000 160
4683 429978000000 160
4698 430950000000 160
4734 434328000000 160
4749 437226000000 160
4764 438198000000 160
4776 438522000000 160
4803 439708000000 160
4818 442818000000 160
4830 443358000000 160
4860 445377000000 160
4887 447540000000 160
4899 450648000000 160
4914 451620000000 160
4929 452160000000 160
4941 452916000000 160
4968 456456000000 160
4983 456780000000 160
5007 459762000000 160
5022 461136000000 160
5049 464070000000 160
5064 465042000000 160
5079 466014000000 160
5091 466338000000 160
5118 469664000000 160
5145 470850000000 160
5157 473586000000 160
5172 474558000000 160
5199 477670000000 160
5211 478422000000 160
5229 479436000000 160
5244 480408000000 160
5268 482658000000 160
5295 485478000000 160
5310 487656000000 160
5322 487980000000 160
5349 490664000000 160
5364 492492000000 160
5376 492816000000 160
5391 493788000000 160
5421 496250000000 160
5445 500314000000 160
5460 501286000000 160
5475 501826000000 160
5499 503866000000 160
5514 506122000000 160
5529 506446000000 160
5541 507418000000 160
5580 510062000000 160
5595 513894000000 160
5610 514908000000 160
5625 515880000000 160
5649 517060000000 160
5664 519744000000 160
5679 520716000000 160
5691 521040000000 160
5730 524061000000 160
5745 527964000000 160
5757 528288000000 160
5772 529260000000 160
5802 530488000000 160
5814 533166000000 160
5829 534138000000 160
5844 535110000000 160
5880 537846000000 160
5895 541386000000 160
5910 542358000000 160
5922 542682000000 160
5937 543654000000 160
5964 546978000000 160
5979 547560000000 160
6006 549135000000 160
6021 551484000000 160
6045 554808000000 160
6060 555780000000 160
6075 556320000000 160
6087 557076000000 160
6114 560402000000 160
6129 560940000000 160
6153 563721000000 160
6171 565338000000 160
6195 567802000000 160
6210 569202000000 160
6225 570174000000 160
6237 570498000000 160
6264 573396000000 160
6279 575010000000 160
6303 577746000000 160
6318 578718000000 160
6345 581402000000 160
6360 582624000000 160
6375 583596000000 160
6390 584568000000 160
6414 586390000000 160
6441 589437000000 160
6456 591816000000 160
6468 592140000000 160
6495 594396000000 160
6510 596436000000 160
6522 596976000000 160
6540 597990000000 160
6567 600222000000 160
6591 604270000000 160
6606 605644000000 160
6621 606184000000 160
6645 607796000000 160
6660 610480000000 160
6675 610804000000 160
6687 611776000000 160
6726 613178000000 160
6741 618096000000 160
6756 619068000000 160
6771 620040000000 160
6795 620578000000 160
6810 623904000000 160
6825 624876000000 160
6837 625200000000 160
6876 627378000000 160
6891 632124000000 160
6903 632448000000 160
6921 633462000000 160
6936 634434000000 160
6960 637326000000 160
6975 638298000000 160
6990 639270000000 160
7014 641805000000 160
7041 645546000000 160
7056 646518000000 160
7068 646842000000 160
7083 647814000000 160
7113 650924000000 160
7125 651720000000 160
7152 653094000000 160
7167 655644000000 160
7191 658540000000 160
7206 659940000000 160
7221 660264000000 160
7233 661236000000 160
7260 664134000000 160
7275 665100000000 160
7302 667521000000 160
7317 669498000000 160
7341 671534000000 160
7356 673362000000 160
7371 674334000000 160
7383 674658000000 160
7410 677128000000 160
7425 679170000000 160
7449 681906000000 160
7464 682878000000 160
7494 685176000000 160
7506 686784000000 160
7521 687756000000 160
7536 688728000000 160
7560 690270000000 160
7587 693343000000 160
7602 696124000000 160
7614 696448000000 160
7641 698062000000 160
7656 700744000000 160
7671 701326000000 160
7686 702298000000 160
7713 703764000000 160
7737 708469000000 160
7752 710044000000 160
7767 710584000000 160
7791 711554000000 160
7806 714880000000 160
7821 715204000000 160
7833 716176000000 160
7863 717190000000 160
7887 722494000000 160
7902 723466000000 160
7917 724438000000 160
7929 724762000000 160
7956 728302000000 160
7971 729274000000 160
7983 729598000000 160
8010 731374000000 160
8037 736522000000 160
8052 736888000000 160
8067 737860000000 160
8082 738832000000 160
8106 741510000000 160
8121 742696000000 160
8136 743668000000 160
8160 746002000000 160
8187 749516000000 160
8202 750700000000 160
8214 751240000000 160
8232 752254000000 160
8259 754936000000 160
8271 756118000000 160
8298 757090000000 160
8313 760042000000 160
8337 762510000000 160
8352 764338000000 160
8367 764662000000 160
8379 765634000000 160
8406 768104000000 160
8421 769540000000 160
8448 771718000000 160
8463 773896000000 160
8487 775504000000 160
8502 777760000000 160
8517 778732000000 160
8529 779056000000 160
8556 781098000000 160
8571 783568000000 160
8595 786103000000 160
8613 787318000000 160
8640 788932000000 160
8652 791182000000 160
8667 792154000000 160
8682 793126000000 160
8706 794028000000 160
8733 797341000000 160
8748 800524000000 160
8760 800848000000 160
8787 802034000000 160
8805 805144000000 160
8817 805726000000 160
8832 806698000000 160
8859 807618000000 160
8883 812349000000 160
8898 814326000000 160
8913 814650000000 160
8925 815622000000 160
8952 819162000000 160
8964 819486000000 160
8982 820500000000 160
8997 821472000000 160
9033 826776000000 160
9048 827748000000 160
9063 828720000000 160
9075 829044000000 160
9102 832370000000 160
9117 833556000000 160
9129 833880000000 160
9156 835455000000 160
9186 840418000000 160
9198 841170000000 160
9213 842142000000 160
9228 843114000000 160
9252 845364000000 160
9267 846978000000 160
9282 847950000000 160
9306 849882000000 160
9333 853370000000 160
9348 854982000000 160
9363 855564000000 160
9378 856536000000 160
9405 858574000000 160
9417 860400000000 160
9432 861372000000 160
9459 864324000000 160
9483 866364000000 160
9498 868620000000 160
9513 868944000000 160
9525 869916000000 160
9555 871786000000 160
9567 873822000000 160
9594 875598000000 160
9609 878178000000 160
9633 879144000000 160
9648 882042000000 160
9663 883014000000 160
9675 883338000000 160
9702 884738000000 160
9717 887850000000 160
9744 890226000000 160
9759 891600000000 160
9786 892786000000 160
9798 895464000000 160
9813 896436000000 160
9828 897408000000 160
9852 897939000000 160
9879 901479000000 160
9894 904647000000 160
9906 905187000000 160
9924 906201000000 160
9951 909525000000 160
9963 910065000000 160
9978 911037000000 160
9993 911778000000 160
10029 916308000000 160
10044 918486000000 160
10059 918810000000 160
10071 919782000000 160
10098 923108000000 160
10113 923688000000 160
10128 924660000000 160
10143 925632000000 160
10179 930307000000 160
10194 931908000000 160
10209 932880000000 160
10221 933204000000 160
10248 936102000000 160
10263 937716000000 160
10275 938040000000 160
10305 939255000000 160
10332 944150000000 160
10344 945330000000 160
10359 946302000000 160
10374 947274000000 160
10398 949096000000 160
10413 951138000000 160
10428 951894000000 160
10452 953841000000 160
10479 957102000000 160
10497 959142000000 160
10509 959724000000 160
10524 960696000000 160
10551 962092000000 160
10563 964560000000 160
10578 965532000000 160
10605 968268000000 160
10629 969882000000 160
10644 972780000000 160
10656 973104000000 160
10674 974118000000 160
10701 975518000000 160
10713 977982000000 160
10740 979557000000 160
10755 982338000000 160
10779 982876000000 160
10794 986202000000 160
10809 987174000000 160
10821 987498000000 160
10848 988470000000 160
10866 992052000000 160
10890 993984000000 160
10905 995760000000 160
10920 996732000000 160
10944 999624000000 160
