9 2007000000 160
24 3714000000 160
36 5421000000 160
51 7128000000 160
78 10668000000 160
90 10992000000 160
105 12249000000 160
132 15279000000 160
156 19377000000 160
174 20391000000 160
189 21363000000 160
201 21687000000 160
228 25227000000 160
243 26199000000 160
255 26523000000 160
282 29907000000 160
309 33233000000 160
321 33771000000 160
336 34743000000 160
354 35757000000 160
378 38221000000 160
393 39621000000 160
420 40779000000 160
432 43329000000 160
459 46227000000 160
474 47625000000 160
486 48165000000 160
501 49137000000 160
528 51175000000 160
543 53043000000 160
570 55623000000 160
582 56751000000 160
609 59007000000 160
624 61263000000 160
636 61587000000 160
651 62559000000 160
678 64619000000 160
690 66441000000 160
717 69825000000 160
735 70839000000 160
759 72019000000 160
774 74703000000 160
789 75675000000 160
801 75999000000 160
828 77613000000 160
855 81315000000 160
867 83247000000 160
882 84219000000 160
909 85619000000 160
924 88125000000 160
939 89097000000 160
954 90069000000 160
966 90985000000 160
1005 96120000000 160
1020 97479000000 160
1032 98019000000 160
1047 98991000000 160
1074 102099000000 160
1086 102855000000 160
1104 103869000000 160
1116 104427000000 160
1155 110379000000 160
1170 111351000000 160
1182 111675000000 160
1197 112647000000 160
1224 116187000000 160
1236 116511000000 160
1251 117483000000 160
1278 119460000000 160
1305 123587000000 160
1320 124773000000 160
1335 125745000000 160
1347 126069000000 160
1374 129181000000 160
1389 130581000000 160
1401 130905000000 160
1428 133887000000 160
1455 136973000000 160
1467 138153000000 160
1485 139167000000 160
1500 140139000000 160
1524 141961000000 160
1539 144003000000 160
1554 144960000000 160
1578 147711000000 160
1605 149967000000 160
1620 151791000000 160
1632 152547000000 160
1647 153519000000 160
1674 155171000000 160
1689 157425000000 160
1716 159603000000 160
1728 161133000000 160
1755 162961000000 160
1770 165645000000 160
1782 165969000000 160
1797 166941000000 160
1824 168555000000 160
1836 170805000000 160
1866 174231000000 160
1881 175203000000 160
1905 175955000000 160
1920 179067000000 160
1935 180039000000 160
1947 180363000000 160
1962 181549000000 160
2001 185277000000 160
2013 187611000000 160
2028 188583000000 160
2046 189597000000 160
2070 192489000000 160
2085 193461000000 160
2100 194217000000 160
2112 194898000000 160
2151 200107000000 160
2166 201667000000 160
2178 202207000000 160
2193 203179000000 160
2220 206287000000 160
2235 207085000000 160
2250 208057000000 160
2262 208554000000 160
2301 214292000000 160
2316 215478000000 160
2328 215802000000 160
2343 216774000000 160
2370 219672000000 160
2382 220638000000 160
2397 221610000000 160
2427 223227000000 160
2451 227072000000 160
2466 228900000000 160
2481 229872000000 160
2493 230196000000 160
2520 232666000000 160
2535 234708000000 160
2547 235032000000 160
2574 237813000000 160
2601 240672000000 160
2616 242322000000 160
2631 243294000000 160
2646 244266000000 160
2670 245660000000 160
2685 248130000000 160
2700 248886000000 160
2724 251838000000 160
2751 253666000000 160
2766 255918000000 160
2778 256674000000 160
2796 257688000000 160
2820 258654000000 160
2835 261552000000 160
2862 263529000000 160
2874 265260000000 160
2901 266660000000 160
2916 269772000000 160
2928 270096000000 160
2943 271068000000 160
2958 272254000000 160
2985 274974000000 160
3012 277956000000 160
3027 279330000000 160
3039 279654000000 160
3066 283194000000 160
3081 284166000000 160
3093 284490000000 160
3108 285462000000 160
3135 289203000000 160
3159 291738000000 160
3177 292752000000 160
3192 293724000000 160
3216 296616000000 160
3231 297588000000 160
3246 298344000000 160
3258 299025000000 160
3297 303891000000 160
3312 305851000000 160
3324 306607000000 160
3339 307579000000 160
3366 310087000000 160
3381 311485000000 160
3396 312457000000 160
3408 312781000000 160
3447 317877000000 160
3462 319705000000 160
3474 320029000000 160
3489 321001000000 160
3516 323471000000 160
3528 324865000000 160
3546 325879000000 160
3573 327253000000 160
3597 330871000000 160
3612 333127000000 160
3627 334099000000 160
3639 334423000000 160
3666 336465000000 160
3681 338935000000 160
3693 339259000000 160
3720 341638000000 160
3750 344513000000 160
3762 346549000000 160
3777 347521000000 160
3792 348277000000 160
3816 349459000000 160
3831 352357000000 160
3846 353113000000 160
3870 356065000000 160
3897 357465000000 160
3912 360145000000 160
3927 360943000000 160
3942 361915000000 160
3954 362239000000 160
3981 365779000000 160
4008 367354000000 160
4020 369487000000 160
4035 370459000000 160
4062 373999000000 160
4074 374323000000 160
4089 375295000000 160
4107 376309000000 160
4131 379201000000 160
4158 381982000000 160
4173 383557000000 160
4185 383881000000 160
4212 387421000000 160
4227 388393000000 160
4239 388717000000 160
4254 389689000000 160
4281 392951000000 160
4308 396157000000 160
4323 397129000000 160
4338 398101000000 160
4362 400351000000 160
4377 401965000000 160
4392 402721000000 160
4404 403261000000 160
4443 407390000000 160
4458 410193000000 160
4470 410949000000 160
4488 411963000000 160
4512 413785000000 160
4527 415827000000 160
4542 416799000000 160
4554 417123000000 160
4593 421389000000 160
4608 424047000000 160
4620 424371000000 160
4635 425343000000 160
4662 427385000000 160
4677 429249000000 160
4692 430221000000 160
4707 431193000000 160
4743 434785000000 160
4758 437469000000 160
4773 438441000000 160
4785 438765000000 160
4812 440379000000 160
4827 443277000000 160
4839 443601000000 160
4869 445821000000 160
4896 448427000000 160
4908 450891000000 160
4923 451863000000 160
4938 452619000000 160
4950 453159000000 160
4977 456699000000 160
4992 457239000000 160
5016 460206000000 160
5031 461379000000 160
5058 464529000000 160
5073 465285000000 160
5088 466257000000 160
5100 466581000000 160
5127 470121000000 160
5154 471495000000 160
5166 473829000000 160
5181 474801000000 160
5208 478341000000 160
5220 478665000000 160
5238 479679000000 160
5253 480651000000 160
5277 483115000000 160
5304 485922000000 160
5319 487899000000 160
5331 488223000000 160
5358 491121000000 160
5373 492735000000 160
5385 493059000000 160
5400 494031000000 160
5430 496965000000 160
5454 500557000000 160
5469 501529000000 160
5484 502285000000 160
5508 504323000000 160
5523 506365000000 160
5538 507121000000 160
5550 507661000000 160
5589 510720000000 160
5604 514353000000 160
5619 515151000000 160
5634 516123000000 160
5658 517517000000 160
5673 519987000000 160
5688 520959000000 160
5700 521283000000 160
5739 524920000000 160
5754 528207000000 160
5766 528531000000 160
5781 529503000000 160
5811 531159000000 160
5823 533409000000 160
5838 534381000000 160
5853 535353000000 160
5889 538303000000 160
5904 541629000000 160
5919 542601000000 160
5931 542925000000 160
5946 543897000000 160
5973 547437000000 160
5988 547803000000 160
6015 549579000000 160
6030 552159000000 160
6054 555051000000 160
6069 556023000000 160
6084 556779000000 160
6096 557319000000 160
6123 560859000000 160
6138 561399000000 160
6162 564165000000 160
6180 565581000000 160
6204 568259000000 160
6219 569445000000 160
6234 570417000000 160
6246 570741000000 160
6273 573853000000 160
6288 575253000000 160
6312 577989000000 160
6327 578961000000 160
6354 581859000000 160
6369 582867000000 160
6384 583839000000 160
6399 584811000000 160
6423 586847000000 160
6450 589881000000 160
6465 592059000000 160
6477 592383000000 160
6504 594853000000 160
6519 596895000000 160
6531 597219000000 160
6549 598233000000 160
6576 600895000000 160
6600 604714000000 160
6615 605887000000 160
6630 606643000000 160
6654 608253000000 160
6669 610723000000 160
6684 611263000000 160
6696 612019000000 160
6735 614251000000 160
6750 618555000000 160
6765 619311000000 160
6780 620283000000 160
6804 621035000000 160
6819 624147000000 160
6834 625119000000 160
6846 625443000000 160
6885 628036000000 160
6900 632367000000 160
6912 632691000000 160
6930 633705000000 160
6945 634677000000 160
6969 637569000000 160
6984 638541000000 160
6999 639513000000 160
7023 642249000000 160
7050 645789000000 160
7065 646761000000 160
7077 647085000000 160
7092 648057000000 160
7122 651639000000 160
7134 651963000000 160
7161 653538000000 160
7176 656103000000 160
7200 658997000000 160
7215 660183000000 160
7230 660939000000 160
7242 661479000000 160
7269 664591000000 160
7284 665559000000 160
7311 667965000000 160
7326 669741000000 160
7350 671991000000 160
7365 673605000000 160
7380 674577000000 160
7392 674901000000 160
7419 677585000000 160
7434 679413000000 160
7458 682149000000 160
7473 683121000000 160
7503 685633000000 160
7515 687027000000 160
7530 687999000000 160
7545 688971000000 160
7569 690727000000 160
7596 693787000000 160
7611 696367000000 160
7623 696691000000 160
7650 698733000000 160
7665 701203000000 160
7680 701569000000 160
7695 702541000000 160
7722 704651000000 160
7746 708913000000 160
7761 710287000000 160
7776 711043000000 160
7800 712011000000 160
7815 715123000000 160
7830 715663000000 160
7842 716419000000 160
7872 717647000000 160
7896 722737000000 160
7911 723709000000 160
7926 724681000000 160
7938 725005000000 160
7965 728545000000 160
7980 729517000000 160
7992 729841000000 160
8019 732019000000 160
8046 736765000000 160
8061 737131000000 160
8076 738103000000 160
8091 739075000000 160
8115 741967000000 160
8130 742939000000 160
8145 743911000000 160
8169 746446000000 160
8196 749973000000 160
8211 751159000000 160
8223 751483000000 160
8241 752497000000 160
8268 755609000000 160
8280 756361000000 160
8307 757534000000 160
8322 760501000000 160
8346 762967000000 160
8361 764581000000 160
8376 765121000000 160
8388 765877000000 160
8415 768561000000 160
8430 769999000000 160
8457 772162000000 160
8472 774139000000 160
8496 775961000000 160
8511 778003000000 160
8526 778975000000 160
8538 779299000000 160
8565 781555000000 160
8580 783811000000 160
8604 786547000000 160
8622 787561000000 160
8649 789603000000 160
8661 791425000000 160
8676 792397000000 160
8691 793369000000 160
8715 794485000000 160
8742 797986000000 160
8757 800767000000 160
8769 801091000000 160
8796 802491000000 160
8814 805645000000 160
8826 805969000000 160
8841 806941000000 160
8868 808291000000 160
8892 812793000000 160
8907 814569000000 160
8922 815109000000 160
8934 815865000000 160
8961 819405000000 160
8973 819945000000 160
8991 820743000000 160
9006 821715000000 160
9042 827019000000 160
9057 827991000000 160
9072 828963000000 160
9084 829287000000 160
9111 832827000000 160
9126 833799000000 160
9138 834123000000 160
9165 835899000000 160
9195 840875000000 160
9207 841413000000 160
9222 842385000000 160
9237 843357000000 160
9261 845821000000 160
9276 847221000000 160
9291 848193000000 160
9315 850527000000 160
9342 853827000000 160
9357 855441000000 160
9372 855807000000 160
9387 856779000000 160
9414 859247000000 160
9426 860643000000 160
9441 861615000000 160
9468 864783000000 160
9492 866821000000 160
9507 868863000000 160
9522 869403000000 160
9534 870159000000 160
9564 872457000000 160
9576 874065000000 160
9603 876042000000 160
9618 878421000000 160
9642 879601000000 160
9657 882285000000 160
9672 883257000000 160
9684 883581000000 160
9711 885195000000 160
9726 888093000000 160
9753 890670000000 160
9768 891843000000 160
9795 893243000000 160
9807 895707000000 160
9822 896679000000 160
9837 897651000000 160
9861 898396000000 160
9888 901923000000 160
9903 905106000000 160
9915 905430000000 160
9933 906444000000 160
9960 909984000000 160
9972 910308000000 160
9987 911280000000 160
10002 912237000000 160
10038 916752000000 160
10053 918729000000 160
10068 919269000000 160
10080 920025000000 160
10107 923565000000 160
10122 923931000000 160
10137 924903000000 160
10152 925875000000 160
10188 930965000000 160
10203 932151000000 160
10218 933123000000 160
10230 933447000000 160
10257 936559000000 160
10272 937959000000 160
10284 938283000000 160
10314 939900000000 160
10341 944607000000 160
10353 945573000000 160
10368 946545000000 160
10383 947517000000 160
10407 949553000000 160
10422 951381000000 160
10437 952353000000 160
10461 954285000000 160
10488 957559000000 160
10506 959643000000 160
10518 959967000000 160
10533 960939000000 160
10560 962979000000 160
10572 964803000000 160
10587 965775000000 160
10614 968727000000 160
10638 970339000000 160
10653 973023000000 160
10665 973563000000 160
10683 974361000000 160
10710 975975000000 160
10722 978225000000 160
10749 980001000000 160
10764 982581000000 160
10788 983333000000 160
10803 986445000000 160
10818 987417000000 160
10830 987741000000 160
10857 988927000000 160
10875 992295000000 160
10899 994428000000 160
10914 996003000000 160
10929 996975000000 160
10953 999867000000 160
