1 1791000000 160
16 3498000000 160
28 5205000000 160
43 6912000000 160
70 10452000000 160
82 10776000000 160
97 12033000000 160
124 14862000000 160
148 19161000000 160
166 20175000000 160
181 21147000000 160
193 21471000000 160
220 24797000000 160
235 25983000000 160
247 26307000000 160
274 29490000000 160
301 32803000000 160
313 33555000000 160
328 34527000000 160
346 35283000000 160
370 37791000000 160
385 39405000000 160
412 40146000000 160
424 43113000000 160
451 45797000000 160
466 47193000000 160
478 47949000000 160
493 48921000000 160
520 50529000000 160
535 52827000000 160
562 55206000000 160
574 56535000000 160
601 58577000000 160
616 61047000000 160
628 61371000000 160
643 62343000000 160
670 64189000000 160
682 66225000000 160
709 69609000000 160
727 70623000000 160
751 71589000000 160
766 74487000000 160
781 75459000000 160
793 75783000000 160
820 77183000000 160
847 80697000000 160
859 83031000000 160
874 84003000000 160
901 84973000000 160
916 87909000000 160
931 88881000000 160
946 89637000000 160
958 90555000000 160
997 95703000000 160
1012 97047000000 160
1024 97803000000 160
1039 98775000000 160
1066 101667000000 160
1078 102639000000 160
1096 103653000000 160
1108 104211000000 160
1147 110163000000 160
1162 111135000000 160
1174 111459000000 160
1189 112431000000 160
1216 115757000000 160
1228 116295000000 160
1243 117267000000 160
1270 119043000000 160
1297 123157000000 160
1312 124557000000 160
1327 125529000000 160
1339 125853000000 160
1366 128751000000 160
1381 130365000000 160
1393 130689000000 160
1420 133470000000 160
1447 136543000000 160
1459 137937000000 160
1477 138951000000 160
1492 139707000000 160
1516 141531000000 160
1531 143787000000 160
1546 144327000000 160
1570 147495000000 160
1597 149537000000 160
1612 151359000000 160
1624 152331000000 160
1639 153303000000 160
1666 154525000000 160
1681 157209000000 160
1708 159186000000 160
1720 160917000000 160
1747 162531000000 160
1762 165429000000 160
1774 165753000000 160
1789 166725000000 160
1816 168125000000 160
1828 170589000000 160
1858 173814000000 160
1873 174987000000 160
1897 175525000000 160
1912 178851000000 160
1927 179823000000 160
1939 180147000000 160
1954 181119000000 160
1993 184860000000 160
2005 187395000000 160
2020 188367000000 160
2038 189123000000 160
2062 192273000000 160
2077 193245000000 160
2092 193785000000 160
2104 194682000000 160
2143 199690000000 160
2158 201235000000 160
2170 201991000000 160
2185 202963000000 160
2212 205641000000 160
2227 206869000000 160
2242 207841000000 160
2254 208338000000 160
2293 213862000000 160
2308 215262000000 160
2320 215586000000 160
2335 216558000000 160
2362 219242000000 160
2374 220422000000 160
2389 221394000000 160
2419 222810000000 160
2443 226642000000 160
2458 228684000000 160
2473 229656000000 160
2485 229980000000 160
2512 232236000000 160
2527 234492000000 160
2539 234816000000 160
2566 237396000000 160
2593 240026000000 160
2608 242106000000 160
2623 243078000000 160
2638 243834000000 160
2662 245230000000 160
2677 247914000000 160
2692 248454000000 160
2716 251622000000 160
2743 253236000000 160
2758 255486000000 160
2770 256458000000 160
2788 257472000000 160
2812 258224000000 160
2827 261336000000 160
2854 263112000000 160
2866 265044000000 160
2893 266230000000 160
2908 269556000000 160
2920 269880000000 160
2935 270852000000 160
2950 271824000000 160
2977 274758000000 160
3004 277539000000 160
3019 279114000000 160
3031 279438000000 160
3058 282978000000 160
3073 283950000000 160
3085 284274000000 160
3100 285246000000 160
3127 288786000000 160
3151 291522000000 160
3169 292536000000 160
3184 293292000000 160
3208 296186000000 160
3223 297372000000 160
3238 297912000000 160
3250 298809000000 160
3289 303260000000 160
3304 305419000000 160
3316 306391000000 160
3331 307363000000 160
3358 309441000000 160
3373 311269000000 160
3388 312241000000 160
3400 312565000000 160
3439 317246000000 160
3454 319489000000 160
3466 319813000000 160
3481 320785000000 160
3508 323041000000 160
3520 324649000000 160
3538 325663000000 160
3565 326836000000 160
3589 330441000000 160
3604 332911000000 160
3619 333883000000 160
3631 334207000000 160
3658 336035000000 160
3673 338719000000 160
3685 339043000000 160
3712 341221000000 160
3742 343825000000 160
3754 346333000000 160
3769 347305000000 160
3784 347845000000 160
3808 349029000000 160
3823 352141000000 160
3838 352681000000 160
3862 355849000000 160
3889 357035000000 160
3904 359713000000 160
3919 360727000000 160
3934 361699000000 160
3946 362023000000 160
3973 365563000000 160
4000 366937000000 160
4012 369271000000 160
4027 370243000000 160
4054 373783000000 160
4066 374107000000 160
4081 375079000000 160
4099 376093000000 160
4123 378985000000 160
4150 381565000000 160
4165 383341000000 160
4177 383665000000 160
4204 386991000000 160
4219 388177000000 160
4231 388501000000 160
4246 389473000000 160
4273 392305000000 160
4300 395941000000 160
4315 396913000000 160
4330 397669000000 160
4354 399921000000 160
4369 401749000000 160
4384 402289000000 160
4396 403045000000 160
4435 406558000000 160
4450 409761000000 160
4462 410733000000 160
4480 411747000000 160
4504 413355000000 160
4519 415611000000 160
4534 416583000000 160
4546 416907000000 160
4585 420758000000 160
4600 423831000000 160
4612 424155000000 160
4627 425127000000 160
4654 426955000000 160
4669 429033000000 160
4684 430005000000 160
4699 430977000000 160
4735 434355000000 160
4750 437253000000 160
4765 438225000000 160
4777 438549000000 160
4804 439949000000 160
4819 443061000000 160
4831 443385000000 160
4861 445404000000 160
4888 447567000000 160
4900 450675000000 160
4915 451647000000 160
4930 452187000000 160
4942 452943000000 160
4969 456483000000 160
4984 456807000000 160
5008 459789000000 160
5023 461163000000 160
5050 464097000000 160
5065 465069000000 160
5080 466041000000 160
5092 466365000000 160
5119 469905000000 160
5146 471078000000 160
5158 473613000000 160
5173 474585000000 160
5200 477697000000 160
5212 478449000000 160
5230 479463000000 160
5245 480435000000 160
5269 482685000000 160
5296 485505000000 160
5311 487683000000 160
5323 488007000000 160
5350 490691000000 160
5365 492519000000 160
5377 492843000000 160
5392 493815000000 160
5422 496277000000 160
5446 500341000000 160
5461 501313000000 160
5476 501853000000 160
5500 503893000000 160
5515 506149000000 160
5530 506689000000 160
5542 507445000000 160
5581 510089000000 160
5596 513921000000 160
5611 514935000000 160
5626 515907000000 160
5650 517087000000 160
5665 519771000000 160
5680 520743000000 160
5692 521067000000 160
5731 524289000000 160
5746 527991000000 160
5758 528315000000 160
5773 529287000000 160
5803 530729000000 160
5815 533193000000 160
5830 534165000000 160
5845 535137000000 160
5881 537873000000 160
5896 541413000000 160
5911 542385000000 160
5923 542709000000 160
5938 543681000000 160
5965 547005000000 160
5980 547587000000 160
6007 549162000000 160
6022 551727000000 160
6046 554835000000 160
6061 555807000000 160
6076 556347000000 160
6088 557103000000 160
6115 560643000000 160
6130 560967000000 160
6154 563748000000 160
6172 565365000000 160
6196 567829000000 160
6211 569229000000 160
6226 570201000000 160
6238 570525000000 160
6265 573423000000 160
6280 575037000000 160
6304 577773000000 160
6319 578745000000 160
6346 581429000000 160
6361 582651000000 160
6376 583623000000 160
6391 584595000000 160
6415 586417000000 160
6442 589464000000 160
6457 591843000000 160
6469 592167000000 160
6496 594423000000 160
6511 596463000000 160
6523 597003000000 160
6541 598017000000 160
6568 600249000000 160
6592 604297000000 160
6607 605671000000 160
6622 606211000000 160
6646 607823000000 160
6661 610507000000 160
6676 610831000000 160
6688 611803000000 160
6727 613419000000 160
6742 618123000000 160
6757 619095000000 160
6772 620067000000 160
6796 620605000000 160
6811 623931000000 160
6826 624903000000 160
6838 625227000000 160
6877 627405000000 160
6892 632151000000 160
6904 632475000000 160
6922 633489000000 160
6937 634461000000 160
6961 637353000000 160
6976 638325000000 160
6991 639297000000 160
7015 642033000000 160
7042 645573000000 160
7057 646545000000 160
7069 646869000000 160
7084 647841000000 160
7114 650951000000 160
7126 651747000000 160
7153 653121000000 160
7168 655671000000 160
7192 658567000000 160
7207 659967000000 160
7222 660507000000 160
7234 661263000000 160
7261 664161000000 160
7276 665127000000 160
7303 667548000000 160
7318 669525000000 160
7342 671561000000 160
7357 673389000000 160
7372 674361000000 160
7384 674685000000 160
7411 677155000000 160
7426 679197000000 160
7450 681933000000 160
7465 682905000000 160
7495 685203000000 160
7507 686811000000 160
7522 687783000000 160
7537 688755000000 160
7561 690297000000 160
7588 693370000000 160
7603 696151000000 160
7615 696475000000 160
7642 698303000000 160
7657 700771000000 160
7672 701353000000 160
7687 702325000000 160
7714 704005000000 160
7738 708496000000 160
7753 710071000000 160
7768 710611000000 160
7792 711581000000 160
7807 714907000000 160
7822 715231000000 160
7834 716203000000 160
7864 717217000000 160
7888 722521000000 160
7903 723493000000 160
7918 724465000000 160
7930 724789000000 160
7957 728329000000 160
7972 729301000000 160
7984 729625000000 160
8011 731401000000 160
8038 736549000000 160
8053 736915000000 160
8068 737887000000 160
8083 738859000000 160
8107 741537000000 160
8122 742723000000 160
8137 743695000000 160
8161 746029000000 160
8188 749543000000 160
8203 750727000000 160
8215 751267000000 160
8233 752281000000 160
8260 754963000000 160
8272 756145000000 160
8299 757117000000 160
8314 760069000000 160
8338 762537000000 160
8353 764365000000 160
8368 764689000000 160
8380 765661000000 160
8407 768131000000 160
8422 769567000000 160
8449 771745000000 160
8464 773923000000 160
8488 775531000000 160
8503 777787000000 160
8518 778759000000 160
8530 779083000000 160
8557 781125000000 160
8572 783595000000 160
8596 786130000000 160
8614 787345000000 160
8641 789173000000 160
8653 791209000000 160
8668 792181000000 160
8683 793153000000 160
8707 794055000000 160
8734 797569000000 160
8749 800551000000 160
8761 800875000000 160
8788 802061000000 160
8806 805171000000 160
8818 805753000000 160
8833 806725000000 160
8860 807645000000 160
8884 812376000000 160
8899 814353000000 160
8914 814677000000 160
8926 815649000000 160
8953 819189000000 160
8965 819513000000 160
8983 820527000000 160
8998 821499000000 160
9034 826803000000 160
9049 827775000000 160
9064 828747000000 160
9076 829071000000 160
9103 832397000000 160
9118 833583000000 160
9130 833907000000 160
9157 835482000000 160
9187 840445000000 160
9199 841197000000 160
9214 842169000000 160
9229 843141000000 160
9253 845391000000 160
9268 847005000000 160
9283 847977000000 160
9307 850110000000 160
9334 853397000000 160
9349 855009000000 160
9364 855591000000 160
9379 856563000000 160
9406 858601000000 160
9418 860427000000 160
9433 861399000000 160
9460 864351000000 160
9484 866391000000 160
9499 868647000000 160
9514 868971000000 160
9526 869943000000 160
9556 872027000000 160
9568 873849000000 160
9595 875625000000 160
9610 878205000000 160
9634 879171000000 160
9649 882069000000 160
9664 883041000000 160
9676 883365000000 160
9703 884765000000 160
9718 887877000000 160
9745 890253000000 160
9760 891627000000 160
9787 892813000000 160
9799 895491000000 160
9814 896463000000 160
9829 897435000000 160
9853 897966000000 160
9880 901506000000 160
9895 904674000000 160
9907 905214000000 160
9925 906228000000 160
9952 909552000000 160
9964 910092000000 160
9979 911064000000 160
9994 911805000000 160
10030 916335000000 160
10045 918513000000 160
10060 918837000000 160
10072 919809000000 160
10099 923135000000 160
10114 923715000000 160
10129 924687000000 160
10144 925659000000 160
10180 930334000000 160
10195 931935000000 160
10210 932907000000 160
10222 933231000000 160
10249 936129000000 160
10264 937743000000 160
10276 938067000000 160
10306 939282000000 160
10333 944177000000 160
10345 945357000000 160
10360 946329000000 160
10375 947301000000 160
10399 949123000000 160
10414 951165000000 160
10429 952137000000 160
10453 953868000000 160
10480 957129000000 160
10498 959169000000 160
10510 959751000000 160
10525 960723000000 160
10552 962333000000 160
10564 964587000000 160
10579 965559000000 160
10606 968295000000 160
10630 969909000000 160
10645 972807000000 160
10657 973131000000 160
10675 974145000000 160
10702 975545000000 160
10714 978009000000 160
10741 979584000000 160
10756 982365000000 160
10780 982903000000 160
10795 986229000000 160
10810 987201000000 160
10822 987525000000 160
10849 988497000000 160
10867 992079000000 160
10891 994011000000 160
10906 995787000000 160
10921 996759000000 160
10945 999651000000 160
