59 8569000000 1450
140 17926000000 1450
212 23776000000 1450
290 31348000000 1450
362 37198000000 1450
443 45418000000 1450
509 50578000000 1450
593 58921000000 1450
662 64990000000 1450
743 72604000000 1450
812 78412000000 1450
893 86632000000 1450
974 92212000000 1450
1055 100432000000 1450
1139 107923000000 1450
1205 114088000000 1450
1286 122308000000 1450
1358 128158000000 1450
1436 135946000000 1450
1508 141580000000 1450
1589 149908000000 1450
1655 155542000000 1450
1739 163546000000 1450
1808 169354000000 1450
1889 177400000000 1450
1970 182776000000 1450
2054 191038000000 1450
2120 196832000000 1450
2201 204620000000 1450
2285 212251000000 1450
2351 218647000000 1450
2435 226477000000 1450
2504 232285000000 1450
2582 240613000000 1450
2654 246031000000 1450
2735 254251000000 1450
2804 260101000000 1450
2885 267673000000 1450
2966 273481000000 1450
3047 281743000000 1450
3116 286903000000 1450
3200 295165000000 1450
3266 301649000000 1450
3347 309020000000 1450
3431 316679000000 1450
3497 323090000000 1450
3581 330839000000 1450
3650 336836000000 1450
3728 345098000000 1450
3800 350258000000 1450
3881 358478000000 1450
3962 364328000000 1450
4043 371900000000 1450
4115 377750000000 1450
4196 385970000000 1450
4262 391280000000 1450
4346 399542000000 1450
4415 406192000000 1450
4496 413404000000 1450
4577 421384000000 1450
4646 427756000000 1450
4727 435370000000 1450
4796 441178000000 1450
4880 449440000000 1450
4958 454600000000 1450
5039 462820000000 1450
5111 468670000000 1450
5189 476242000000 1450
5261 482092000000 1450
5342 490312000000 1450
5408 495680000000 1450
5492 503942000000 1450
5561 510715000000 1450
5642 518104000000 1450
5723 525907000000 1450
5792 531958000000 1450
5873 539746000000 1450
5954 545338000000 1450
6038 553600000000 1450
6104 559192000000 1450
6188 567022000000 1450
6257 572830000000 1450
6335 580834000000 1450
6407 586252000000 1450
6488 594472000000 1450
6557 600701000000 1450
6638 608624000000 1450
6707 615238000000 1450
6788 622696000000 1450
6869 630067000000 1450
6953 636118000000 1450
7031 644338000000 1450
7100 649498000000 1450
7184 657760000000 1450
7250 663568000000 1450
7334 671182000000 1450
7403 676990000000 1450
7481 685252000000 1450
7553 690749000000 1450
7634 699104000000 1450
7703 705452000000 1450
7784 713024000000 1450
7856 719678000000 1450
7946 727094000000 1450
8027 734666000000 1450
8099 740516000000 1450
8177 748736000000 1450
8249 753938000000 1450
8330 762158000000 1450
8399 767966000000 1450
8480 775580000000 1450
8549 781604000000 1450
8633 789974000000 1450
8699 795284000000 1450
8780 803504000000 1450
8852 809734000000 1450
8942 817306000000 1450
9014 824161000000 1450
9095 831376000000 1450
9173 838948000000 1450
9245 844798000000 1450
9326 853018000000 1450
9395 858220000000 1450
9476 866440000000 1450
9545 872533000000 1450
9626 880402000000 1450
9695 885994000000 1450
9779 894256000000 1450
9845 899839000000 1450
9941 907885000000 1450
10010 913894000000 1450
10088 921682000000 1450
10172 928522000000 1450
10241 935536000000 1450
10322 943582000000 1450
10391 948958000000 1450
10472 957178000000 1450
10541 963055000000 1450
10622 970924000000 1450
10694 976774000000 1450
10772 984994000000 1450
10841 990154000000 1450
10937 998416000000 1450
