56 7927000000 1450
137 17083000000 1450
209 23134000000 1450
287 30706000000 1450
359 36556000000 1450
440 44776000000 1450
506 49936000000 1450
590 58198000000 1450
659 64024000000 1450
740 71638000000 1450
809 77608000000 1450
890 85990000000 1450
971 91570000000 1450
1052 99790000000 1450
1136 106678000000 1450
1202 113446000000 1450
1283 121666000000 1450
1355 127516000000 1450
1433 135088000000 1450
1505 140938000000 1450
1586 149158000000 1450
1652 154318000000 1450
1736 162580000000 1450
1805 168577000000 1450
1886 176326000000 1450
1967 182134000000 1450
2051 190396000000 1450
2117 195758000000 1450
2198 203978000000 1450
2282 211006000000 1450
2348 217573000000 1450
2432 225835000000 1450
2501 231643000000 1450
2579 239215000000 1450
2651 245065000000 1450
2732 253285000000 1450
2801 258676000000 1450
2882 267031000000 1450
2963 272839000000 1450
3044 280669000000 1450
3113 286261000000 1450
3197 294523000000 1450
3263 300374000000 1450
3344 308378000000 1450
3428 315233000000 1450
3494 322016000000 1450
3578 330062000000 1450
3647 335870000000 1450
3725 343874000000 1450
3797 349508000000 1450
3878 357836000000 1450
3959 363470000000 1450
4040 371258000000 1450
4112 377108000000 1450
4193 385328000000 1450
4259 390638000000 1450
4343 398900000000 1450
4412 405148000000 1450
4493 412762000000 1450
4574 419776000000 1450
4643 426790000000 1450
4724 434404000000 1450
4793 440428000000 1450
4877 448798000000 1450
4955 453958000000 1450
5036 462178000000 1450
5108 468028000000 1450
5186 475600000000 1450
5258 481450000000 1450
5339 489670000000 1450
5405 495038000000 1450
5489 503300000000 1450
5558 509308000000 1450
5639 516922000000 1450
5720 524137000000 1450
5789 531235000000 1450
5870 538888000000 1450
5951 544696000000 1450
6035 552958000000 1450
6101 558118000000 1450
6185 566380000000 1450
6254 572188000000 1450
6332 579760000000 1450
6404 585610000000 1450
6485 593830000000 1450
6554 599438000000 1450
6635 607658000000 1450
6704 613495000000 1450
6785 621352000000 1450
6866 628822000000 1450
6950 635476000000 1450
7028 643048000000 1450
7097 648856000000 1450
7181 657118000000 1450
7247 662494000000 1450
7331 670540000000 1450
7400 676348000000 1450
7478 684136000000 1450
7550 689918000000 1450
7631 698138000000 1450
7700 704081000000 1450
7781 712328000000 1450
7853 718433000000 1450
7943 726236000000 1450
8024 733421000000 1450
8096 739874000000 1450
8174 747878000000 1450
8246 753296000000 1450
8327 761516000000 1450
8396 767324000000 1450
8477 774938000000 1450
8546 780746000000 1450
8630 789008000000 1450
8696 794372000000 1450
8777 802835000000 1450
8849 809092000000 1450
8939 816664000000 1450
9011 822916000000 1450
9092 830734000000 1450
9170 837904000000 1450
9242 844156000000 1450
9323 852376000000 1450
9392 857578000000 1450
9473 865798000000 1450
9542 871606000000 1450
9623 879220000000 1450
9692 885109000000 1450
9776 893587000000 1450
9842 898981000000 1450
9938 907243000000 1450
10007 913252000000 1450
10085 920824000000 1450
10169 927277000000 1450
10238 934894000000 1450
10319 942307000000 1450
10388 948316000000 1450
10469 956536000000 1450
10538 961738000000 1450
10619 969958000000 1450
10691 975889000000 1450
10769 983704000000 1450
10838 989512000000 1450
10934 997774000000 1450
