111 13668000000 1358
261 27090000000 1358
399 40188000000 1358
549 53610000000 1358
696 67008000000 1358
834 80106000000 1358
984 92836000000 1358
1122 105210000000 1358
1257 118266000000 1358
1407 131688000000 1358
1557 145002000000 1358
1695 158208000000 1358
1842 171588000000 1358
1980 184686000000 1358
2130 197242000000 1358
2268 209553000000 1358
2403 222609000000 1358
2553 236031000000 1358
2703 249453000000 1358
2841 262551000000 1358
2991 275973000000 1358
3138 289272000000 1358
3276 301428000000 1358
3414 313780000000 1358
3552 326878000000 1358
3699 340258000000 1358
3849 353680000000 1358
3987 366778000000 1358
4137 380200000000 1358
4284 393730000000 1358
4422 405556000000 1358
4560 418122000000 1358
4710 431517000000 1358
4845 444600000000 1358
4995 458022000000 1358
5133 471147000000 1358
5283 484542000000 1358
5433 497958000000 1358
5568 509716000000 1358
5706 522282000000 1358
5856 535704000000 1358
5994 548802000000 1358
6141 562182000000 1358
6291 575604000000 1358
6429 588702000000 1358
6579 602102000000 1358
6714 613716000000 1358
6852 626442000000 1358
7002 639864000000 1358
7140 652962000000 1358
7287 666342000000 1358
7437 679764000000 1358
7575 693010000000 1358
7725 706288000000 1358
7875 718212000000 1358
7998 730840000000 1358
8148 744262000000 1358
8286 757441000000 1358
8436 770782000000 1358
8583 784162000000 1358
8721 797410000000 1358
8871 810356000000 1358
9021 822280000000 1358
9144 835122000000 1358
9294 848544000000 1358
9444 861966000000 1358
9582 875064000000 1358
9729 888444000000 1358
9867 901857000000 1358
10017 914302000000 1358
10155 926226000000 1358
10290 939324000000 1358
10440 952704000000 1358
10590 966126000000 1358
10728 979224000000 1358
10878 992646000000 1358
