116 15186000000 1358
266 28527000000 1358
404 41949000000 1358
554 55047000000 1358
701 68445000000 1358
839 81867000000 1358
989 95343000000 1358
1127 107287000000 1358
1262 119811000000 1358
1412 132909000000 1358
1562 146331000000 1358
1700 159537000000 1358
1847 172809000000 1358
1985 186231000000 1358
2135 199317000000 1358
2273 211200000000 1358
2408 223980000000 1358
2558 237036000000 1358
2708 250458000000 1358
2846 263880000000 1358
2996 276978000000 1358
3143 290358000000 1358
3281 303638000000 1358
3419 315427000000 1358
3557 328207000000 1358
3704 341263000000 1358
3854 354685000000 1358
3992 368107000000 1358
4142 381205000000 1358
4289 394735000000 1358
4427 407955000000 1358
4565 419555000000 1358
4715 432549000000 1358
4850 445809000000 1358
5000 459027000000 1358
5138 472449000000 1358
5288 485547000000 1358
5438 499177000000 1358
5573 511901000000 1358
5711 523501000000 1358
5861 536709000000 1358
5999 550131000000 1358
6146 563187000000 1358
6296 576609000000 1358
6434 589923000000 1358
6584 603535000000 1358
6719 615847000000 1358
6857 627447000000 1358
7007 640869000000 1358
7145 654291000000 1358
7292 667347000000 1358
7442 680769000000 1358
7580 694339000000 1358
7730 707935000000 1358
7880 720073000000 1358
8003 732088000000 1358
8153 745267000000 1358
8291 758689000000 1358
8441 771787000000 1358
8588 785167000000 1358
8726 798739000000 1358
8876 812217000000 1358
9026 824355000000 1358
9149 836451000000 1358
9299 849549000000 1358
9449 862971000000 1358
9587 876339000000 1358
9734 889449000000 1358
9872 903078000000 1358
10022 916377000000 1358
10160 928301000000 1358
10295 940653000000 1358
10445 953709000000 1358
10595 967131000000 1358
10733 980553000000 1358
10883 993651000000 1358
