57 8141000000 1450
138 17498000000 1450
210 23348000000 1450
288 30920000000 1450
360 36770000000 1450
441 44990000000 1450
507 50150000000 1450
591 58412000000 1450
660 64238000000 1450
741 71987000000 1450
810 77984000000 1450
891 86204000000 1450
972 91784000000 1450
1053 100004000000 1450
1137 107093000000 1450
1203 113660000000 1450
1284 121880000000 1450
1356 127730000000 1450
1434 135302000000 1450
1506 141152000000 1450
1587 149372000000 1450
1653 154532000000 1450
1737 162956000000 1450
1806 168926000000 1450
1887 176540000000 1450
1968 182348000000 1450
2052 190610000000 1450
2118 195972000000 1450
2199 204192000000 1450
2283 211421000000 1450
2349 217787000000 1450
2433 226049000000 1450
2502 231857000000 1450
2580 239645000000 1450
2652 245279000000 1450
2733 253661000000 1450
2802 259241000000 1450
2883 267245000000 1450
2964 273053000000 1450
3045 281099000000 1450
3114 286475000000 1450
3198 294737000000 1450
3264 300804000000 1450
3345 308592000000 1450
3429 315849000000 1450
3495 322446000000 1450
3579 330276000000 1450
3648 336084000000 1450
3726 344535000000 1450
3798 349830000000 1450
3879 358050000000 1450
3960 363900000000 1450
4041 371472000000 1450
4113 377322000000 1450
4194 385542000000 1450
4260 390852000000 1450
4344 399114000000 1450
4413 405362000000 1450
4494 412976000000 1450
4575 420191000000 1450
4644 427004000000 1450
4725 434834000000 1450
4794 440750000000 1450
4878 449012000000 1450
4956 454172000000 1450
5037 462392000000 1450
5109 468242000000 1450
5187 475814000000 1450
5259 481664000000 1450
5340 489884000000 1450
5406 495252000000 1450
5490 503514000000 1450
5559 509522000000 1450
5640 517136000000 1450
5721 524768000000 1450
5790 531530000000 1450
5871 539102000000 1450
5952 544910000000 1450
6036 553172000000 1450
6102 558332000000 1450
6186 566594000000 1450
6255 572402000000 1450
6333 579974000000 1450
6405 585824000000 1450
6486 594044000000 1450
6555 599652000000 1450
6636 607872000000 1450
6705 614126000000 1450
6786 621836000000 1450
6867 629237000000 1450
6951 635690000000 1450
7029 643478000000 1450
7098 649070000000 1450
7182 657332000000 1450
7248 662924000000 1450
7332 670754000000 1450
7401 676562000000 1450
7479 684566000000 1450
7551 690132000000 1450
7632 698379000000 1450
7701 704727000000 1450
7782 712596000000 1450
7854 718848000000 1450
7944 726666000000 1450
8025 733836000000 1450
8097 740088000000 1450
8175 748308000000 1450
8247 753510000000 1450
8328 761730000000 1450
8397 767538000000 1450
8478 775152000000 1450
8547 780960000000 1450
8631 789249000000 1450
8697 794802000000 1450
8778 803076000000 1450
8850 809306000000 1450
8940 816878000000 1450
9012 823331000000 1450
9093 830948000000 1450
9171 838319000000 1450
9243 844370000000 1450
9324 852590000000 1450
9393 857792000000 1450
9474 866012000000 1450
9543 871862000000 1450
9624 879488000000 1450
9693 885539000000 1450
9777 893828000000 1450
9843 899195000000 1450
9939 907457000000 1450
10008 913466000000 1450
10086 921038000000 1450
10170 927692000000 1450
10239 935108000000 1450
10320 942722000000 1450
10389 948530000000 1450
10470 956750000000 1450
10539 961952000000 1450
10620 970226000000 1450
10692 976319000000 1450
10770 984134000000 1450
10839 989726000000 1450
10935 997988000000 1450
