64 10287000000 1450
145 18996000000 1450
217 24846000000 1450
295 33255000000 1450
367 38592000000 1450
448 46812000000 1450
514 52620000000 1450
598 60234000000 1450
667 66060000000 1450
748 74322000000 1450
817 79482000000 1450
898 87702000000 1450
979 94734000000 1450
1060 101502000000 1450
1144 109998000000 1450
1210 115806000000 1450
1291 123636000000 1450
1363 129552000000 1450
1441 137772000000 1450
1513 142974000000 1450
1594 151194000000 1450
1660 157044000000 1450
1744 164616000000 1450
1813 170424000000 1450
1894 178686000000 1450
1975 183846000000 1450
2059 192108000000 1450
2125 199123000000 1450
2206 205690000000 1450
2290 214368000000 1450
2356 220257000000 1450
2440 227871000000 1450
2509 233679000000 1450
2587 241899000000 1450
2659 247317000000 1450
2740 255321000000 1450
2809 261171000000 1450
2890 268959000000 1450
2971 274551000000 1450
3052 282813000000 1450
3121 288189000000 1450
3205 296235000000 1450
3271 303967000000 1450
3352 310888000000 1450
3436 318676000000 1450
3502 324484000000 1450
3586 332530000000 1450
3655 337906000000 1450
3733 346168000000 1450
3805 351976000000 1450
3886 359548000000 1450
3967 365398000000 1450
4048 373618000000 1450
4120 378820000000 1450
4201 387067000000 1450
4267 393268000000 1450
4351 400936000000 1450
4420 408591000000 1450
4501 415446000000 1450
4582 423018000000 1450
4651 428826000000 1450
4732 437088000000 1450
4801 442248000000 1450
4885 450510000000 1450
4963 456318000000 1450
5044 463890000000 1450
5116 469740000000 1450
5194 478014000000 1450
5266 483432000000 1450
5347 491706000000 1450
5413 497764000000 1450
5497 505336000000 1450
5566 512952000000 1450
5647 519606000000 1450
5728 527178000000 1450
5797 533028000000 1450
5878 541248000000 1450
5959 546408000000 1450
6043 554670000000 1450
6109 560478000000 1450
6193 568146000000 1450
6262 574197000000 1450
6340 582444000000 1450
6412 587646000000 1450
6493 595866000000 1450
6562 602323000000 1450
6643 609694000000 1450
6712 617313000000 1450
6793 623766000000 1450
6874 631554000000 1450
6958 637188000000 1450
7036 645408000000 1450
7105 650784000000 1450
7189 658911000000 1450
7255 664962000000 1450
7339 672792000000 1450
7408 678384000000 1450
7486 686646000000 1450
7558 692386000000 1450
7639 700174000000 1450
7708 706924000000 1450
7789 714526000000 1450
7861 721954000000 1450
7951 728164000000 1450
8032 736384000000 1450
8104 741586000000 1450
8182 749887000000 1450
8254 755980000000 1450
8335 763552000000 1450
8404 769360000000 1450
8485 777622000000 1450
8554 782782000000 1450
8638 791044000000 1450
8704 797002000000 1450
8785 804574000000 1450
8857 811407000000 1450
8947 819024000000 1450
9019 826437000000 1450
9100 832446000000 1450
9178 840816000000 1450
9250 846192000000 1450
9331 854412000000 1450
9400 860262000000 1450
9481 867834000000 1450
9550 873684000000 1450
9631 881904000000 1450
9700 887064000000 1450
9784 895326000000 1450
9850 901341000000 1450
9946 908955000000 1450
10015 915768000000 1450
10093 923184000000 1450
10177 930933000000 1450
10246 936930000000 1450
10327 945192000000 1450
10396 950352000000 1450
10477 958572000000 1450
10546 964422000000 1450
10627 971994000000 1450
10699 977844000000 1450
10777 986064000000 1450
10846 991224000000 1450
10942 999486000000 1450
