5 1899000000 160
20 3606000000 160
32 5313000000 160
47 7020000000 160
74 10560000000 160
86 10884000000 160
101 12141000000 160
128 15171000000 160
152 19269000000 160
170 20283000000 160
185 21255000000 160
197 21579000000 160
224 24905000000 160
239 26091000000 160
251 26415000000 160
278 29598000000 160
305 32911000000 160
317 33663000000 160
332 34635000000 160
350 35635000000 160
374 37899000000 160
389 39513000000 160
416 40671000000 160
428 43221000000 160
455 45905000000 160
470 47301000000 160
482 48057000000 160
497 49029000000 160
524 50851000000 160
539 52935000000 160
566 55314000000 160
578 56643000000 160
605 58899000000 160
620 61155000000 160
632 61479000000 160
647 62451000000 160
674 64511000000 160
686 66333000000 160
713 69717000000 160
731 70731000000 160
755 71911000000 160
770 74595000000 160
785 75567000000 160
797 75891000000 160
824 77291000000 160
851 81006000000 160
863 83139000000 160
878 84111000000 160
905 85297000000 160
920 88017000000 160
935 88989000000 160
950 89745000000 160
962 90663000000 160
1001 96012000000 160
1016 97155000000 160
1028 97911000000 160
1043 98883000000 160
1070 101991000000 160
1082 102747000000 160
1100 103761000000 160
1112 104319000000 160
1151 110271000000 160
1166 111243000000 160
1178 111567000000 160
1193 112539000000 160
1220 115865000000 160
1232 116403000000 160
1247 117375000000 160
1274 119151000000 160
1301 123265000000 160
1316 124665000000 160
1331 125637000000 160
1343 125961000000 160
1370 128859000000 160
1385 130473000000 160
1397 130797000000 160
1424 133779000000 160
1451 136865000000 160
1463 138045000000 160
1481 139059000000 160
1496 139815000000 160
1520 141853000000 160
1535 143895000000 160
1550 144651000000 160
1574 147603000000 160
1601 149859000000 160
1616 151683000000 160
1628 152439000000 160
1643 153411000000 160
1670 154847000000 160
1685 157317000000 160
1712 159495000000 160
1724 161025000000 160
1751 162639000000 160
1766 165537000000 160
1778 165861000000 160
1793 166833000000 160
1820 168233000000 160
1832 170697000000 160
1862 173922000000 160
1877 175095000000 160
1901 175633000000 160
1916 178959000000 160
1931 179931000000 160
1943 180255000000 160
1958 181227000000 160
1997 184968000000 160
2009 187503000000 160
2024 188475000000 160
2042 189461000000 160
2066 192381000000 160
2081 193353000000 160
2096 194109000000 160
2108 194790000000 160
2147 199798000000 160
2162 201343000000 160
2174 202099000000 160
2189 203071000000 160
2216 205749000000 160
2231 206977000000 160
2246 207949000000 160
2258 208446000000 160
2297 213970000000 160
2312 215370000000 160
2324 215694000000 160
2339 216666000000 160
2366 219564000000 160
2378 220530000000 160
2393 221502000000 160
2423 223119000000 160
2447 226964000000 160
2462 228792000000 160
2477 229764000000 160
2489 230088000000 160
2516 232558000000 160
2531 234600000000 160
2543 234924000000 160
2570 237504000000 160
2597 240564000000 160
2612 242214000000 160
2627 243186000000 160
2642 243942000000 160
2666 245552000000 160
2681 248022000000 160
2696 248562000000 160
2720 251730000000 160
2747 253344000000 160
2762 255810000000 160
2774 256566000000 160
2792 257580000000 160
2816 258332000000 160
2831 261444000000 160
2858 263220000000 160
2870 265152000000 160
2897 266338000000 160
2912 269664000000 160
2924 269988000000 160
2939 270960000000 160
2954 271932000000 160
2981 274866000000 160
3008 277848000000 160
3023 279222000000 160
3035 279546000000 160
3062 283086000000 160
3077 284058000000 160
3089 284382000000 160
3104 285354000000 160
3131 288894000000 160
3155 291630000000 160
3173 292644000000 160
3188 293400000000 160
3212 296294000000 160
3227 297480000000 160
3242 298236000000 160
3254 298917000000 160
3293 303569000000 160
3308 305743000000 160
3320 306499000000 160
3335 307471000000 160
3362 309763000000 160
3377 311377000000 160
3392 312349000000 160
3404 312673000000 160
3443 317568000000 160
3458 319597000000 160
3470 319921000000 160
3485 320893000000 160
3512 323363000000 160
3524 324757000000 160
3542 325771000000 160
3569 326944000000 160
3593 330763000000 160
3608 333019000000 160
3623 333991000000 160
3635 334315000000 160
3662 336143000000 160
3677 338827000000 160
3689 339151000000 160
3716 341530000000 160
3746 344149000000 160
3758 346441000000 160
3773 347413000000 160
3788 348169000000 160
3812 349137000000 160
3827 352249000000 160
3842 352789000000 160
3866 355957000000 160
3893 357143000000 160
3908 359821000000 160
3923 360835000000 160
3938 361807000000 160
3950 362131000000 160
3977 365671000000 160
4004 367246000000 160
4016 369379000000 160
4031 370351000000 160
4058 373891000000 160
4070 374215000000 160
4085 375187000000 160
4103 376201000000 160
4127 379093000000 160
4154 381673000000 160
4169 383449000000 160
4181 383773000000 160
4208 387099000000 160
4223 388285000000 160
4235 388609000000 160
4250 389581000000 160
4277 392843000000 160
4304 396049000000 160
4319 397021000000 160
4334 397777000000 160
4358 400243000000 160
4373 401857000000 160
4388 402397000000 160
4400 403153000000 160
4439 407081000000 160
4454 410085000000 160
4466 410841000000 160
4484 411855000000 160
4508 413677000000 160
4523 415719000000 160
4538 416691000000 160
4550 417015000000 160
4589 421067000000 160
4604 423939000000 160
4616 424263000000 160
4631 425235000000 160
4658 427063000000 160
4673 429141000000 160
4688 430113000000 160
4703 431085000000 160
4739 434463000000 160
4754 437361000000 160
4769 438333000000 160
4781 438657000000 160
4808 440057000000 160
4823 443169000000 160
4835 443493000000 160
4865 445512000000 160
4892 447889000000 160
4904 450783000000 160
4919 451755000000 160
4934 452511000000 160
4946 453051000000 160
4973 456591000000 160
4988 457131000000 160
5012 460098000000 160
5027 461271000000 160
5054 464205000000 160
5069 465177000000 160
5084 466149000000 160
5096 466473000000 160
5123 470013000000 160
5150 471186000000 160
5162 473721000000 160
5177 474693000000 160
5204 478019000000 160
5216 478557000000 160
5234 479571000000 160
5249 480543000000 160
5273 483007000000 160
5300 485814000000 160
5315 487791000000 160
5327 488115000000 160
5354 491013000000 160
5369 492627000000 160
5381 492951000000 160
5396 493923000000 160
5426 496815000000 160
5450 500449000000 160
5465 501421000000 160
5480 502177000000 160
5504 504215000000 160
5519 506257000000 160
5534 506797000000 160
5546 507553000000 160
5585 510398000000 160
5600 514029000000 160
5615 515043000000 160
5630 516015000000 160
5654 517195000000 160
5669 519879000000 160
5684 520851000000 160
5696 521175000000 160
5735 524397000000 160
5750 528099000000 160
5762 528423000000 160
5777 529395000000 160
5807 530837000000 160
5819 533301000000 160
5834 534273000000 160
5849 535245000000 160
5885 538195000000 160
5900 541521000000 160
5915 542493000000 160
5927 542817000000 160
5942 543789000000 160
5969 547329000000 160
5984 547695000000 160
6011 549471000000 160
6026 551835000000 160
6050 554943000000 160
6065 555915000000 160
6080 556455000000 160
6092 557211000000 160
6119 560751000000 160
6134 561291000000 160
6158 563856000000 160
6176 565473000000 160
6200 568151000000 160
6215 569337000000 160
6230 570309000000 160
6242 570633000000 160
6269 573745000000 160
6284 575145000000 160
6308 577881000000 160
6323 578853000000 160
6350 581751000000 160
6365 582759000000 160
6380 583731000000 160
6395 584703000000 160
6419 586739000000 160
6446 589572000000 160
6461 591951000000 160
6473 592275000000 160
6500 594531000000 160
6515 596787000000 160
6527 597111000000 160
6545 598125000000 160
6572 600357000000 160
6596 604606000000 160
6611 605779000000 160
6626 606535000000 160
6650 607931000000 160
6665 610615000000 160
6680 611155000000 160
6692 611911000000 160
6731 613728000000 160
6746 618231000000 160
6761 619203000000 160
6776 620175000000 160
6800 620927000000 160
6815 624039000000 160
6830 625011000000 160
6842 625335000000 160
6881 627928000000 160
6896 632259000000 160
6908 632583000000 160
6926 633597000000 160
6941 634569000000 160
6965 637461000000 160
6980 638433000000 160
6995 639405000000 160
7019 642141000000 160
7046 645681000000 160
7061 646653000000 160
7073 646977000000 160
7088 647949000000 160
7118 651273000000 160
7130 651855000000 160
7157 653229000000 160
7172 655995000000 160
7196 658889000000 160
7211 660075000000 160
7226 660615000000 160
7238 661371000000 160
7265 664483000000 160
7280 665235000000 160
7307 667857000000 160
7322 669633000000 160
7346 671883000000 160
7361 673497000000 160
7376 674469000000 160
7388 674793000000 160
7415 677263000000 160
7430 679305000000 160
7454 682041000000 160
7469 683013000000 160
7499 685311000000 160
7511 686919000000 160
7526 687891000000 160
7541 688863000000 160
7565 690405000000 160
7592 693679000000 160
7607 696259000000 160
7619 696583000000 160
7646 698411000000 160
7661 701095000000 160
7676 701461000000 160
7691 702433000000 160
7718 704329000000 160
7742 708604000000 160
7757 710179000000 160
7772 710719000000 160
7796 711903000000 160
7811 715015000000 160
7826 715555000000 160
7838 716311000000 160
7868 717539000000 160
7892 722629000000 160
7907 723601000000 160
7922 724573000000 160
7934 724897000000 160
7961 728437000000 160
7976 729409000000 160
7988 729733000000 160
8015 731710000000 160
8042 736657000000 160
8057 737023000000 160
8072 737995000000 160
8087 738967000000 160
8111 741859000000 160
8126 742831000000 160
8141 743803000000 160
8165 746338000000 160
8192 749865000000 160
8207 751051000000 160
8219 751375000000 160
8237 752389000000 160
8264 755285000000 160
8276 756253000000 160
8303 757426000000 160
8318 760177000000 160
8342 762859000000 160
8357 764473000000 160
8372 765013000000 160
8384 765769000000 160
8411 768239000000 160
8426 769675000000 160
8453 771853000000 160
8468 774031000000 160
8492 775639000000 160
8507 777895000000 160
8522 778867000000 160
8534 779191000000 160
8561 781233000000 160
8576 783703000000 160
8600 786439000000 160
8618 787453000000 160
8645 789281000000 160
8657 791317000000 160
8672 792289000000 160
8687 793261000000 160
8711 794377000000 160
8738 797677000000 160
8753 800659000000 160
8765 800983000000 160
8792 802383000000 160
8810 805279000000 160
8822 805861000000 160
8837 806833000000 160
8864 808183000000 160
8888 812685000000 160
8903 814461000000 160
8918 815001000000 160
8930 815757000000 160
8957 819297000000 160
8969 819621000000 160
8987 820635000000 160
9002 821607000000 160
9038 826911000000 160
9053 827883000000 160
9068 828855000000 160
9080 829179000000 160
9107 832719000000 160
9122 833691000000 160
9134 834015000000 160
9161 835791000000 160
9191 840767000000 160
9203 841305000000 160
9218 842277000000 160
9233 843249000000 160
9257 845713000000 160
9272 847113000000 160
9287 848085000000 160
9311 850218000000 160
9338 853505000000 160
9353 855333000000 160
9368 855699000000 160
9383 856671000000 160
9410 858925000000 160
9422 860535000000 160
9437 861507000000 160
9464 864459000000 160
9488 866499000000 160
9503 868755000000 160
9518 869079000000 160
9530 870051000000 160
9560 872135000000 160
9572 873957000000 160
9599 875934000000 160
9614 878313000000 160
9638 879493000000 160
9653 882177000000 160
9668 883149000000 160
9680 883473000000 160
9707 885087000000 160
9722 887985000000 160
9749 890361000000 160
9764 891735000000 160
9791 893135000000 160
9803 895599000000 160
9818 896571000000 160
9833 897543000000 160
9857 898288000000 160
9884 901815000000 160
9899 904998000000 160
9911 905322000000 160
9929 906336000000 160
9956 909660000000 160
9968 910200000000 160
9983 911172000000 160
9998 911913000000 160
10034 916443000000 160
10049 918621000000 160
10064 919161000000 160
10076 919917000000 160
10103 923457000000 160
10118 923823000000 160
10133 924795000000 160
10148 925767000000 160
10184 930857000000 160
10199 932043000000 160
10214 933015000000 160
10226 933339000000 160
10253 936237000000 160
10268 937851000000 160
10280 938175000000 160
10310 939591000000 160
10337 944285000000 160
10349 945465000000 160
10364 946437000000 160
10379 947409000000 160
10403 949231000000 160
10418 951273000000 160
10433 952245000000 160
10457 954177000000 160
10484 957237000000 160
10502 959277000000 160
10514 959859000000 160
10529 960831000000 160
10556 962657000000 160
10568 964695000000 160
10583 965667000000 160
10610 968619000000 160
10634 970231000000 160
10649 972915000000 160
10661 973239000000 160
10679 974253000000 160
10706 975867000000 160
10718 978117000000 160
10745 979692000000 160
10760 982473000000 160
10784 983225000000 160
10799 986337000000 160
10814 987309000000 160
10826 987633000000 160
10853 988819000000 160
10871 992187000000 160
10895 994320000000 160
10910 995895000000 160
10925 996867000000 160
10949 999759000000 160
