114 14703000000 1358
264 28125000000 1358
402 41547000000 1358
552 54645000000 1358
699 68043000000 1358
837 81384000000 1358
987 94513000000 1358
1125 106457000000 1358
1260 119085000000 1358
1410 132507000000 1358
1560 145929000000 1358
1698 159027000000 1358
1845 172407000000 1358
1983 185829000000 1358
2133 198487000000 1358
2271 210584000000 1358
2406 223524000000 1358
2556 236634000000 1358
2706 250056000000 1358
2844 263154000000 1358
2994 276576000000 1358
3141 289956000000 1358
3279 302673000000 1358
3417 314597000000 1358
3555 327805000000 1358
3702 340861000000 1358
3852 354283000000 1358
3990 367705000000 1358
4140 380803000000 1358
4287 394333000000 1358
4425 406855000000 1358
4563 418725000000 1358
4713 432147000000 1358
4848 445203000000 1358
4998 458625000000 1358
5136 472047000000 1358
5286 485145000000 1358
5436 498775000000 1358
5571 511071000000 1358
5709 522885000000 1358
5859 536307000000 1358
5997 549486000000 1358
6144 562785000000 1358
6294 576207000000 1358
6432 589305000000 1358
6582 603133000000 1358
6717 615017000000 1358
6855 627045000000 1358
7005 640467000000 1358
7143 653889000000 1358
7290 666945000000 1358
7440 680367000000 1358
7578 693721000000 1358
7728 707533000000 1358
7878 719457000000 1358
8001 731443000000 1358
8151 744865000000 1358
8289 758287000000 1358
8439 771385000000 1358
8586 784765000000 1358
8724 798337000000 1358
8874 811601000000 1358
9024 823525000000 1358
9147 835860000000 1358
9297 849147000000 1358
9447 862569000000 1358
9585 875667000000 1358
9732 889047000000 1358
9870 902676000000 1358
10020 915547000000 1358
10158 927471000000 1358
10293 940251000000 1358
10443 953307000000 1358
10593 966729000000 1358
10731 980016000000 1358
10881 993249000000 1358
