2 1818000000 160
17 3525000000 160
29 5232000000 160
44 6939000000 160
71 10479000000 160
83 10803000000 160
98 12060000000 160
125 14889000000 160
149 19188000000 160
167 20202000000 160
182 21174000000 160
194 21498000000 160
221 24824000000 160
236 26010000000 160
248 26334000000 160
275 29517000000 160
302 32830000000 160
314 33582000000 160
329 34554000000 160
347 35310000000 160
371 37818000000 160
386 39432000000 160
413 40389000000 160
425 43140000000 160
452 45824000000 160
467 47220000000 160
479 47976000000 160
494 48948000000 160
521 50770000000 160
536 52854000000 160
563 55233000000 160
575 56562000000 160
602 58604000000 160
617 61074000000 160
629 61398000000 160
644 62370000000 160
671 64216000000 160
683 66252000000 160
710 69636000000 160
728 70650000000 160
752 71616000000 160
767 74514000000 160
782 75486000000 160
794 75810000000 160
821 77210000000 160
848 80925000000 160
860 83058000000 160
875 84030000000 160
902 85216000000 160
917 87936000000 160
932 88908000000 160
947 89664000000 160
959 90582000000 160
998 95730000000 160
1013 97074000000 160
1025 97830000000 160
1040 98802000000 160
1067 101694000000 160
1079 102666000000 160
1097 103680000000 160
1109 104238000000 160
1148 110190000000 160
1163 111162000000 160
1175 111486000000 160
1190 112458000000 160
1217 115784000000 160
1229 116322000000 160
1244 117294000000 160
1271 119070000000 160
1298 123184000000 160
1313 124584000000 160
1328 125556000000 160
1340 125880000000 160
1367 128778000000 160
1382 130392000000 160
1394 130716000000 160
1421 133698000000 160
1448 136784000000 160
1460 137964000000 160
1478 138978000000 160
1493 139734000000 160
1517 141558000000 160
1532 143814000000 160
1547 144354000000 160
1571 147522000000 160
1598 149564000000 160
1613 151602000000 160
1625 152358000000 160
1640 153330000000 160
1667 154552000000 160
1682 157236000000 160
1709 159213000000 160
1721 160944000000 160
1748 162558000000 160
1763 165456000000 160
1775 165780000000 160
1790 166752000000 160
1817 168152000000 160
1829 170616000000 160
1859 173841000000 160
1874 175014000000 160
1898 175552000000 160
1913 178878000000 160
1928 179850000000 160
1940 180174000000 160
1955 181146000000 160
1994 184887000000 160
2006 187422000000 160
2021 188394000000 160
2039 189150000000 160
2063 192300000000 160
2078 193272000000 160
2093 194028000000 160
2105 194709000000 160
2144 199717000000 160
2159 201262000000 160
2171 202018000000 160
2186 202990000000 160
2213 205668000000 160
2228 206896000000 160
2243 207868000000 160
2255 208365000000 160
2294 213889000000 160
2309 215289000000 160
2321 215613000000 160
2336 216585000000 160
2363 219483000000 160
2375 220449000000 160
2390 221421000000 160
2420 222837000000 160
2444 226669000000 160
2459 228711000000 160
2474 229683000000 160
2486 230007000000 160
2513 232263000000 160
2528 234519000000 160
2540 234843000000 160
2567 237423000000 160
2594 240053000000 160
2609 242133000000 160
2624 243105000000 160
2639 243861000000 160
2663 245257000000 160
2678 247941000000 160
2693 248481000000 160
2717 251649000000 160
2744 253263000000 160
2759 255513000000 160
2771 256485000000 160
2789 257499000000 160
2813 258251000000 160
2828 261363000000 160
2855 263139000000 160
2867 265071000000 160
2894 266257000000 160
2909 269583000000 160
2921 269907000000 160
2936 270879000000 160
2951 271851000000 160
2978 274785000000 160
3005 277566000000 160
3020 279141000000 160
3032 279465000000 160
3059 283005000000 160
3074 283977000000 160
3086 284301000000 160
3101 285273000000 160
3128 288813000000 160
3152 291549000000 160
3170 292563000000 160
3185 293319000000 160
3209 296213000000 160
3224 297399000000 160
3239 297939000000 160
3251 298836000000 160
3290 303287000000 160
3305 305662000000 160
3317 306418000000 160
3332 307390000000 160
3359 309682000000 160
3374 311296000000 160
3389 312268000000 160
3401 312592000000 160
3440 317273000000 160
3455 319516000000 160
3467 319840000000 160
3482 320812000000 160
3509 323068000000 160
3521 324676000000 160
3539 325690000000 160
3566 326863000000 160
3590 330468000000 160
3605 332938000000 160
3620 333910000000 160
3632 334234000000 160
3659 336062000000 160
3674 338746000000 160
3686 339070000000 160
3713 341248000000 160
3743 343852000000 160
3755 346360000000 160
3770 347332000000 160
3785 347872000000 160
3809 349056000000 160
3824 352168000000 160
3839 352708000000 160
3863 355876000000 160
3890 357062000000 160
3905 359740000000 160
3920 360754000000 160
3935 361726000000 160
3947 362050000000 160
3974 365590000000 160
4001 366964000000 160
4013 369298000000 160
4028 370270000000 160
4055 373810000000 160
4067 374134000000 160
4082 375106000000 160
4100 376120000000 160
4124 379012000000 160
4151 381592000000 160
4166 383368000000 160
4178 383692000000 160
4205 387018000000 160
4220 388204000000 160
4232 388528000000 160
4247 389500000000 160
4274 392546000000 160
4301 395968000000 160
4316 396940000000 160
4331 397696000000 160
4355 399948000000 160
4370 401776000000 160
4385 402316000000 160
4397 403072000000 160
4436 406786000000 160
4451 409788000000 160
4463 410760000000 160
4481 411774000000 160
4505 413382000000 160
4520 415638000000 160
4535 416610000000 160
4547 416934000000 160
4586 420785000000 160
4601 423858000000 160
4613 424182000000 160
4628 425154000000 160
4655 426982000000 160
4670 429060000000 160
4685 430032000000 160
4700 431004000000 160
4736 434382000000 160
4751 437280000000 160
4766 438252000000 160
4778 438576000000 160
4805 439976000000 160
4820 443088000000 160
4832 443412000000 160
4862 445431000000 160
4889 447808000000 160
4901 450702000000 160
4916 451674000000 160
4931 452214000000 160
4943 452970000000 160
4970 456510000000 160
4985 456834000000 160
5009 460017000000 160
5024 461190000000 160
5051 464124000000 160
5066 465096000000 160
5081 466068000000 160
5093 466392000000 160
5120 469932000000 160
5147 471105000000 160
5159 473640000000 160
5174 474612000000 160
5201 477938000000 160
5213 478476000000 160
5231 479490000000 160
5246 480462000000 160
5270 482712000000 160
5297 485532000000 160
5312 487710000000 160
5324 488034000000 160
5351 490718000000 160
5366 492546000000 160
5378 492870000000 160
5393 493842000000 160
5423 496304000000 160
5447 500368000000 160
5462 501340000000 160
5477 501880000000 160
5501 503920000000 160
5516 506176000000 160
5531 506716000000 160
5543 507472000000 160
5582 510116000000 160
5597 513948000000 160
5612 514962000000 160
5627 515934000000 160
5651 517114000000 160
5666 519798000000 160
5681 520770000000 160
5693 521094000000 160
5732 524316000000 160
5747 528018000000 160
5759 528342000000 160
5774 529314000000 160
5804 530756000000 160
5816 533220000000 160
5831 534192000000 160
5846 535164000000 160
5882 538114000000 160
5897 541440000000 160
5912 542412000000 160
5924 542736000000 160
5939 543708000000 160
5966 547032000000 160
5981 547614000000 160
6008 549189000000 160
6023 551754000000 160
6047 554862000000 160
6062 555834000000 160
6077 556374000000 160
6089 557130000000 160
6116 560670000000 160
6131 560994000000 160
6155 563775000000 160
6173 565392000000 160
6197 568070000000 160
6212 569256000000 160
6227 570228000000 160
6239 570552000000 160
6266 573450000000 160
6281 575064000000 160
6305 577800000000 160
6320 578772000000 160
6347 581456000000 160
6362 582678000000 160
6377 583650000000 160
6392 584622000000 160
6416 586444000000 160
6443 589491000000 160
6458 591870000000 160
6470 592194000000 160
6497 594450000000 160
6512 596706000000 160
6524 597030000000 160
6542 598044000000 160
6569 600276000000 160
6593 604324000000 160
6608 605698000000 160
6623 606238000000 160
6647 607850000000 160
6662 610534000000 160
6677 610858000000 160
6689 611830000000 160
6728 613647000000 160
6743 618150000000 160
6758 619122000000 160
6773 620094000000 160
6797 620846000000 160
6812 623958000000 160
6827 624930000000 160
6839 625254000000 160
6878 627432000000 160
6893 632178000000 160
6905 632502000000 160
6923 633516000000 160
6938 634488000000 160
6962 637380000000 160
6977 638352000000 160
6992 639324000000 160
7016 642060000000 160
7043 645600000000 160
7058 646572000000 160
7070 646896000000 160
7085 647868000000 160
7115 651192000000 160
7127 651774000000 160
7154 653148000000 160
7169 655698000000 160
7193 658594000000 160
7208 659994000000 160
7223 660534000000 160
7235 661290000000 160
7262 664188000000 160
7277 665154000000 160
7304 667776000000 160
7319 669552000000 160
7343 671588000000 160
7358 673416000000 160
7373 674388000000 160
7385 674712000000 160
7412 677182000000 160
7427 679224000000 160
7451 681960000000 160
7466 682932000000 160
7496 685230000000 160
7508 686838000000 160
7523 687810000000 160
7538 688782000000 160
7562 690324000000 160
7589 693397000000 160
7604 696178000000 160
7616 696502000000 160
7643 698330000000 160
7658 700798000000 160
7673 701380000000 160
7688 702352000000 160
7715 704248000000 160
7739 708523000000 160
7754 710098000000 160
7769 710638000000 160
7793 711822000000 160
7808 714934000000 160
7823 715258000000 160
7835 716230000000 160
7865 717244000000 160
7889 722548000000 160
7904 723520000000 160
7919 724492000000 160
7931 724816000000 160
7958 728356000000 160
7973 729328000000 160
7985 729652000000 160
8012 731629000000 160
8039 736576000000 160
8054 736942000000 160
8069 737914000000 160
8084 738886000000 160
8108 741778000000 160
8123 742750000000 160
8138 743722000000 160
8162 746056000000 160
8189 749570000000 160
8204 750970000000 160
8216 751294000000 160
8234 752308000000 160
8261 754990000000 160
8273 756172000000 160
8300 757144000000 160
8315 760096000000 160
8339 762564000000 160
8354 764392000000 160
8369 764716000000 160
8381 765688000000 160
8408 768158000000 160
8423 769594000000 160
8450 771772000000 160
8465 773950000000 160
8489 775558000000 160
8504 777814000000 160
8519 778786000000 160
8531 779110000000 160
8558 781152000000 160
8573 783622000000 160
8597 786358000000 160
8615 787372000000 160
8642 789200000000 160
8654 791236000000 160
8669 792208000000 160
8684 793180000000 160
8708 794296000000 160
8735 797596000000 160
8750 800578000000 160
8762 800902000000 160
8789 802088000000 160
8807 805198000000 160
8819 805780000000 160
8834 806752000000 160
8861 807672000000 160
8885 812403000000 160
8900 814380000000 160
8915 814920000000 160
8927 815676000000 160
8954 819216000000 160
8966 819540000000 160
8984 820554000000 160
8999 821526000000 160
9035 826830000000 160
9050 827802000000 160
9065 828774000000 160
9077 829098000000 160
9104 832424000000 160
9119 833610000000 160
9131 833934000000 160
9158 835509000000 160
9188 840472000000 160
9200 841224000000 160
9215 842196000000 160
9230 843168000000 160
9254 845418000000 160
9269 847032000000 160
9284 848004000000 160
9308 850137000000 160
9335 853424000000 160
9350 855036000000 160
9365 855618000000 160
9380 856590000000 160
9407 858844000000 160
9419 860454000000 160
9434 861426000000 160
9461 864378000000 160
9485 866418000000 160
9500 868674000000 160
9515 868998000000 160
9527 869970000000 160
9557 872054000000 160
9569 873876000000 160
9596 875652000000 160
9611 878232000000 160
9635 879412000000 160
9650 882096000000 160
9665 883068000000 160
9677 883392000000 160
9704 884792000000 160
9719 887904000000 160
9746 890280000000 160
9761 891654000000 160
9788 892840000000 160
9800 895518000000 160
9815 896490000000 160
9830 897462000000 160
9854 897993000000 160
9881 901533000000 160
9896 904701000000 160
9908 905241000000 160
9926 906255000000 160
9953 909579000000 160
9965 910119000000 160
9980 911091000000 160
9995 911832000000 160
10031 916362000000 160
10046 918540000000 160
10061 918864000000 160
10073 919836000000 160
10100 923162000000 160
10115 923742000000 160
10130 924714000000 160
10145 925686000000 160
10181 930361000000 160
10196 931962000000 160
10211 932934000000 160
10223 933258000000 160
10250 936156000000 160
10265 937770000000 160
10277 938094000000 160
10307 939510000000 160
10334 944204000000 160
10346 945384000000 160
10361 946356000000 160
10376 947328000000 160
10400 949150000000 160
10415 951192000000 160
10430 952164000000 160
10454 953895000000 160
10481 957156000000 160
10499 959196000000 160
10511 959778000000 160
10526 960750000000 160
10553 962360000000 160
10565 964614000000 160
10580 965586000000 160
10607 968538000000 160
10631 970150000000 160
10646 972834000000 160
10658 973158000000 160
10676 974172000000 160
10703 975572000000 160
10715 978036000000 160
10742 979611000000 160
10757 982392000000 160
10781 982930000000 160
10796 986256000000 160
10811 987228000000 160
10823 987552000000 160
10850 988524000000 160
10868 992106000000 160
10892 994239000000 160
10907 995814000000 160
10922 996786000000 160
10946 999678000000 160
