113 14286000000 1358
263 27924000000 1358
401 41346000000 1358
551 54444000000 1358
698 67842000000 1358
836 80994000000 1358
986 94098000000 1358
1124 106042000000 1358
1259 118884000000 1358
1409 132306000000 1358
1559 145728000000 1358
1697 158826000000 1358
1844 172206000000 1358
1982 185628000000 1358
2132 198072000000 1358
2270 210169000000 1358
2405 223134000000 1358
2555 236433000000 1358
2705 249855000000 1358
2843 262953000000 1358
2993 276375000000 1358
3140 289755000000 1358
3278 302258000000 1358
3416 314182000000 1358
3554 327604000000 1358
3701 340660000000 1358
3851 354082000000 1358
3989 367288000000 1358
4139 380602000000 1358
4286 394132000000 1358
4424 406386000000 1358
4562 418524000000 1358
4712 431946000000 1358
4847 445002000000 1358
4997 458424000000 1358
5135 471846000000 1358
5285 484944000000 1358
5435 498574000000 1358
5570 510467000000 1358
5708 522684000000 1358
5858 536106000000 1358
5996 549204000000 1358
6143 562584000000 1358
6293 576006000000 1358
6431 589104000000 1358
6581 602932000000 1358
6716 614816000000 1358
6854 626844000000 1358
7004 640266000000 1358
7142 653553000000 1358
7289 666744000000 1358
7439 680166000000 1358
7577 693412000000 1358
7727 707118000000 1358
7877 719042000000 1358
8000 731242000000 1358
8150 744664000000 1358
8288 758086000000 1358
8438 771184000000 1358
8585 784564000000 1358
8723 798028000000 1358
8873 811186000000 1358
9023 823110000000 1358
9146 835524000000 1358
9296 848946000000 1358
9446 862368000000 1358
9584 875466000000 1358
9731 888846000000 1358
9869 902475000000 1358
10019 915132000000 1358
10157 927056000000 1358
10292 939969000000 1358
10442 953106000000 1358
10592 966528000000 1358
10730 979626000000 1358
10880 993048000000 1358
