163 20200000000 64
343 35674000000 64
532 52752000000 64
724 70648000000 64
913 87834000000 64
1093 103678000000 64
1294 122868000000 64
1474 138976000000 64
1663 154450000000 64
1855 173538000000 64
2035 189541000000 64
2224 206894000000 64
2416 222735000000 64
2605 242031000000 64
2785 257497000000 64
2974 274683000000 64
3166 292561000000 64
3355 309366000000 64
3535 325688000000 64
3739 344243000000 64
3916 360752000000 64
4096 376118000000 64
4297 395866000000 64
4477 411772000000 64
4666 428958000000 64
4858 445128000000 64
5047 464022000000 64
5227 479488000000 64
5419 496909000000 64
5608 514960000000 64
5800 530440000000 64
5977 547512000000 64
6169 565390000000 64
6358 582576000000 64
6538 598042000000 64
6739 618048000000 64
6919 633514000000 64
7111 651610000000 64
7300 667272000000 64
7492 684914000000 64
7669 701278000000 64
7849 717242000000 64
8050 736840000000 64
8230 752306000000 64
8419 769492000000 64
8611 787370000000 64
8803 805616000000 64
8980 820552000000 64
9184 840156000000 64
9361 855516000000 64
9553 871524000000 64
9742 889776000000 64
9922 906253000000 64
10111 923640000000 64
10303 939106000000 64
10495 959641000000 64
10672 974170000000 64
10864 992104000000 64
