12 3060000000 1464
39 5796000000 1464
66 9215000000 1464
93 11367000000 1464
108 13476000000 1464
159 19752000000 1464
177 20766000000 1464
204 22062000000 1464
231 25602000000 1464
258 26898000000 1464
297 31780000000 1464
324 34146000000 1464
339 35118000000 1464
381 39024000000 1464
396 39996000000 1464
435 43704000000 1464
462 47244000000 1464
489 48540000000 1464
516 51172000000 1464
546 53418000000 1464
585 57099000000 1464
612 60666000000 1464
639 61962000000 1464
654 62952000000 1464
693 66816000000 1464
720 70200000000 1464
762 73036000000 1464
777 75078000000 1464
804 76374000000 1464
831 79914000000 1464
870 83622000000 1464
885 84594000000 1464
927 88500000000 1464
942 89472000000 1464
981 92430000000 1464
1008 97098000000 1464
1035 98394000000 1464
1062 102042000000 1464
1089 103230000000 1464
1119 104748000000 1464
1158 110754000000 1464
1185 112050000000 1464
1212 114306000000 1464
1239 116886000000 1464
1254 117858000000 1464
1308 124176000000 1464
1323 125148000000 1464
1350 126444000000 1464
1377 129984000000 1464
1404 131280000000 1464
1443 135734000000 1464
1470 138528000000 1464
1488 139542000000 1464
1527 143406000000 1464
1542 144378000000 1464
1581 148086000000 1464
1608 151680000000 1464
1635 152922000000 1464
1677 155222000000 1464
1692 157800000000 1464
1731 161508000000 1464
1758 165048000000 1464
1785 166344000000 1464
1800 167316000000 1464
1839 171180000000 1464
1869 174606000000 1464
1908 176758000000 1464
1923 179442000000 1464
1950 180738000000 1464
1977 184278000000 1464
2016 187986000000 1464
2031 188958000000 1464
2073 192864000000 1464
2088 193836000000 1464
2127 196190000000 1464
2154 201286000000 1464
2181 202582000000 1464
2208 206070000000 1464
2238 207460000000 1464
2265 208929000000 1464
2304 214881000000 1464
2331 216177000000 1464
2358 218005000000 1464
2385 221013000000 1464
2400 221985000000 1464
2454 228089000000 1464
2469 229275000000 1464
2496 230571000000 1464
2523 234111000000 1464
2550 235407000000 1464
2589 239433000000 1464
2619 242697000000 1464
2634 243669000000 1464
2673 247105000000 1464
2688 248505000000 1464
2727 252213000000 1464
2754 255861000000 1464
2781 257049000000 1464
2823 258975000000 1464
2838 261927000000 1464
2877 265635000000 1464
2904 268747000000 1464
2931 270471000000 1464
2946 271443000000 1464
2988 275349000000 1464
3015 278733000000 1464
3054 280457000000 1464
3069 283569000000 1464
3096 284865000000 1464
3123 287977000000 1464
3162 292113000000 1464
3180 293127000000 1464
3219 296991000000 1464
3234 297963000000 1464
3273 300162000000 1464
3300 305740000000 1464
3327 306982000000 1464
3369 310138000000 1464
3384 311860000000 1464
3411 313156000000 1464
3450 319108000000 1464
3477 320404000000 1464
3504 321804000000 1464
3531 325240000000 1464
3549 326254000000 1464
3600 331888000000 1464
3615 333502000000 1464
3642 334798000000 1464
3669 338338000000 1464
3696 339634000000 1464
3735 343232000000 1464
3765 346924000000 1464
3780 347896000000 1464
3819 350904000000 1464
3834 352759000000 1464
3873 356440000000 1464
3900 360142000000 1464
3930 361318000000 1464
3969 362828000000 1464
3984 366154000000 1464
4023 369862000000 1464
4050 372546000000 1464
4077 374698000000 1464
4092 375670000000 1464
4134 379576000000 1464
4161 382960000000 1464
4188 384256000000 1464
4215 387796000000 1464
4242 389092000000 1464
4269 391926000000 1464
4311 396532000000 1464
4326 397504000000 1464
4365 401368000000 1464
4380 402340000000 1464
4407 404076000000 1464
4446 410163000000 1464
4473 411324000000 1464
4515 414106000000 1464
4530 416202000000 1464
4557 417498000000 1464
4596 423450000000 1464
4623 424746000000 1464
4638 425718000000 1464
4680 429624000000 1464
4695 430596000000 1464
4746 435802000000 1464
4761 437844000000 1464
4788 439140000000 1464
4815 442680000000 1464
4842 443976000000 1464
4872 447402000000 1464
4911 451266000000 1464
4926 452238000000 1464
4965 454818000000 1464
4980 457155000000 1464
5019 460782000000 1464
5061 464607000000 1464
5076 465660000000 1464
5103 466956000000 1464
5130 470496000000 1464
5169 474204000000 1464
5196 476460000000 1464
5223 479040000000 1464
5241 480054000000 1464
5280 483918000000 1464
5307 487302000000 1464
5334 488598000000 1464
5361 492138000000 1464
5388 493434000000 1464
5415 495898000000 1464
5457 500932000000 1464
5472 501904000000 1464
5511 505768000000 1464
5526 506767000000 1464
5553 508236000000 1464
5592 514377000000 1464
5622 515526000000 1464
5661 517892000000 1464
5676 520362000000 1464
5703 521658000000 1464
5742 527610000000 1464
5769 528906000000 1464
5784 529878000000 1464
5826 533784000000 1464
5841 534756000000 1464
5892 539534000000 1464
5907 542004000000 1464
5934 543300000000 1464
5961 546840000000 1464
5991 548178000000 1464
6018 551562000000 1464
6057 555426000000 1464
6072 556398000000 1464
6111 558550000000 1464
6126 561369000000 1464
6165 564942000000 1464
6207 568821000000 1464
6222 569820000000 1464
6249 571116000000 1464
6276 574656000000 1464
6315 578364000000 1464
6342 580192000000 1464
6372 583242000000 1464
6387 584214000000 1464
6426 587864000000 1464
6453 591462000000 1464
6480 592758000000 1464
6507 596298000000 1464
6534 597594000000 1464
6564 599870000000 1464
6603 605290000000 1464
6618 606262000000 1464
6657 609912000000 1464
6672 611179000000 1464
6699 612396000000 1464
6753 618633000000 1464
6768 619686000000 1464
6807 621624000000 1464
6822 624522000000 1464
6849 625818000000 1464
6888 631342000000 1464
6915 633066000000 1464
6933 634080000000 1464
6972 637944000000 1464
6987 638916000000 1464
7038 643266000000 1464
7053 646164000000 1464
7080 647460000000 1464
7107 650572000000 1464
7137 652338000000 1464
7164 655722000000 1464
7203 659586000000 1464
7218 660585000000 1464
7257 662282000000 1464
7272 665583000000 1464
7314 669144000000 1464
7353 672580000000 1464
7368 673980000000 1464
7395 675276000000 1464
7422 678816000000 1464
7461 682524000000 1464
7488 683924000000 1464
7518 687402000000 1464
7533 688374000000 1464
7572 691744000000 1464
7599 695770000000 1464
7626 697066000000 1464
7653 700606000000 1464
7683 701944000000 1464
7710 703842000000 1464
7749 709690000000 1464
7764 710662000000 1464
7803 713884000000 1464
7818 715633000000 1464
7845 716794000000 1464
7899 723085000000 1464
7914 724084000000 1464
7953 725594000000 1464
7968 728920000000 1464
7995 730216000000 1464
8034 735312000000 1464
8064 737506000000 1464
8079 738478000000 1464
8118 742342000000 1464
8133 743314000000 1464
8184 747236000000 1464
8199 750562000000 1464
8226 751858000000 1464
8256 754584000000 1464
8283 756736000000 1464
8310 760120000000 1464
8349 763984000000 1464
8364 765064000000 1464
8391 766252000000 1464
8433 770077000000 1464
8460 773542000000 1464
8499 776550000000 1464
8514 778378000000 1464
8541 779674000000 1464
8568 783214000000 1464
8607 786922000000 1464
8625 787936000000 1464
8664 791800000000 1464
8679 792772000000 1464
8718 795716000000 1464
8745 800170000000 1464
8772 801466000000 1464
8799 805006000000 1464
8829 806344000000 1464
8844 807696000000 1464
8895 813972000000 1464
8910 814998000000 1464
8949 817738000000 1464
8976 819996000000 1464
8994 821118000000 1464
9045 827394000000 1464
9060 828366000000 1464
9087 829662000000 1464
9114 833202000000 1464
9141 834498000000 1464
9180 839166000000 1464
9210 841788000000 1464
9225 842760000000 1464
9264 846624000000 1464
9279 847596000000 1464
9318 851304000000 1464
9345 854844000000 1464
9375 856182000000 1464
9402 858438000000 1464
9429 861018000000 1464
9456 864402000000 1464
9495 868266000000 1464
9510 869400000000 1464
9537 870534000000 1464
9579 874440000000 1464
9606 877824000000 1464
9645 880190000000 1464
9660 882660000000 1464
9687 883956000000 1464
9714 887496000000 1464
9756 891246000000 1464
9771 892218000000 1464
9810 896082000000 1464
9825 897054000000 1464
9864 899627000000 1464
9891 904509000000 1464
9918 905805000000 1464
9948 909387000000 1464
9975 910683000000 1464
9990 911856000000 1464
10041 918132000000 1464
10056 919212000000 1464
10095 921470000000 1464
10125 924252000000 1464
10140 925278000000 1464
10191 931554000000 1464
10206 932526000000 1464
10233 933822000000 1464
10260 937362000000 1464
10287 938658000000 1464
10329 942940000000 1464
10356 945948000000 1464
10371 946920000000 1464
10410 950570000000 1464
10425 951756000000 1464
10464 955464000000 1464
10491 959004000000 1464
10521 960342000000 1464
10548 962170000000 1464
10575 965178000000 1464
10602 968616000000 1464
10641 972212000000 1464
10668 973614000000 1464
10686 974736000000 1464
10725 978600000000 1464
10752 981984000000 1464
10791 983922000000 1464
10806 986820000000 1464
10833 988116000000 1464
10860 991442000000 1464
10902 995406000000 1464
10917 996378000000 1464
