65 10501000000 1450
146 19210000000 1450
218 25222000000 1450
296 33604000000 1450
368 38806000000 1450
449 47026000000 1450
515 52834000000 1450
599 60448000000 1450
668 66274000000 1450
749 74536000000 1450
818 79696000000 1450
899 87916000000 1450
980 95149000000 1450
1061 101716000000 1450
1145 110212000000 1450
1211 116209000000 1450
1292 123958000000 1450
1364 129766000000 1450
1442 137986000000 1450
1514 143188000000 1450
1595 151408000000 1450
1661 157258000000 1450
1745 164830000000 1450
1814 170638000000 1450
1895 178900000000 1450
1976 184060000000 1450
2060 192322000000 1450
2126 199538000000 1450
2207 206336000000 1450
2291 214663000000 1450
2357 220471000000 1450
2441 228301000000 1450
2510 233893000000 1450
2588 242113000000 1450
2660 247747000000 1450
2741 255535000000 1450
2810 261385000000 1450
2891 269389000000 1450
2972 274765000000 1450
3053 283027000000 1450
3122 288619000000 1450
3206 296665000000 1450
3272 304463000000 1450
3353 311318000000 1450
3437 318890000000 1450
3503 324698000000 1450
3587 332960000000 1450
3656 338120000000 1450
3734 346382000000 1450
3806 352190000000 1450
3887 359762000000 1450
3968 365612000000 1450
4049 373832000000 1450
4121 379034000000 1450
4202 387497000000 1450
4268 393536000000 1450
4352 401150000000 1450
4421 409006000000 1450
4502 415660000000 1450
4583 423232000000 1450
4652 429040000000 1450
4733 437302000000 1450
4802 442462000000 1450
4886 450724000000 1450
4964 456532000000 1450
5045 464104000000 1450
5117 469981000000 1450
5195 478417000000 1450
5267 483700000000 1450
5348 491920000000 1450
5414 498179000000 1450
5498 505550000000 1450
5567 513367000000 1450
5648 519820000000 1450
5729 527392000000 1450
5798 533242000000 1450
5879 541462000000 1450
5960 546622000000 1450
6044 554884000000 1450
6110 560719000000 1450
6194 568576000000 1450
6263 574438000000 1450
6341 582658000000 1450
6413 588076000000 1450
6494 596080000000 1450
6563 602738000000 1450
6644 610124000000 1450
6713 617728000000 1450
6794 623980000000 1450
6875 631984000000 1450
6959 637402000000 1450
7037 645622000000 1450
7106 651268000000 1450
7190 659341000000 1450
7256 665176000000 1450
7340 673222000000 1450
7409 678598000000 1450
7487 686860000000 1450
7559 692816000000 1450
7640 700388000000 1450
7709 707339000000 1450
7790 714956000000 1450
7862 722369000000 1450
7952 728378000000 1450
8033 736598000000 1450
8105 741854000000 1450
8183 750317000000 1450
8255 756194000000 1450
8336 763766000000 1450
8405 769574000000 1450
8486 777836000000 1450
8555 782996000000 1450
8639 791258000000 1450
8705 797216000000 1450
8786 804788000000 1450
8858 811822000000 1450
8948 819238000000 1450
9020 826852000000 1450
9101 832741000000 1450
9179 841246000000 1450
9251 846406000000 1450
9332 854626000000 1450
9401 860476000000 1450
9482 868048000000 1450
9551 873898000000 1450
9632 882118000000 1450
9701 887278000000 1450
9785 895540000000 1450
9851 901555000000 1450
9947 909169000000 1450
10016 916183000000 1450
10094 923506000000 1450
10178 931336000000 1450
10247 937144000000 1450
10328 945406000000 1450
10397 950782000000 1450
10478 958786000000 1450
10547 964636000000 1450
10628 972424000000 1450
10700 978058000000 1450
10778 986278000000 1450
10847 991654000000 1450
10943 999700000000 1450
