63 9857000000 1450
144 18782000000 1450
216 24632000000 1450
294 32852000000 1450
366 38270000000 1450
447 46598000000 1450
513 52406000000 1450
597 60020000000 1450
666 65846000000 1450
747 74108000000 1450
816 79268000000 1450
897 87488000000 1450
978 94319000000 1450
1059 101288000000 1450
1143 109583000000 1450
1209 115592000000 1450
1290 123206000000 1450
1362 129257000000 1450
1440 137558000000 1450
1512 142760000000 1450
1593 150980000000 1450
1659 156830000000 1450
1743 164402000000 1450
1812 170210000000 1450
1893 178472000000 1450
1974 183632000000 1450
2058 191894000000 1450
2124 198708000000 1450
2205 205476000000 1450
2289 213938000000 1450
2355 219989000000 1450
2439 227657000000 1450
2508 233465000000 1450
2586 241685000000 1450
2658 246887000000 1450
2739 255107000000 1450
2808 260957000000 1450
2889 268529000000 1450
2970 274337000000 1450
3051 282599000000 1450
3120 287759000000 1450
3204 296021000000 1450
3270 303336000000 1450
3351 310404000000 1450
3435 318462000000 1450
3501 324270000000 1450
3585 332100000000 1450
3654 337692000000 1450
3732 345954000000 1450
3804 351546000000 1450
3885 359334000000 1450
3966 365184000000 1450
4047 373188000000 1450
4119 378606000000 1450
4200 386826000000 1450
4266 392622000000 1450
4350 400695000000 1450
4419 408176000000 1450
4500 415232000000 1450
4581 422804000000 1450
4650 428612000000 1450
4731 436874000000 1450
4800 442034000000 1450
4884 450296000000 1450
4962 456104000000 1450
5043 463676000000 1450
5115 469526000000 1450
5193 477746000000 1450
5265 483029000000 1450
5346 491465000000 1450
5412 497550000000 1450
5496 505122000000 1450
5565 512537000000 1450
5646 519392000000 1450
5727 526964000000 1450
5796 532814000000 1450
5877 541034000000 1450
5958 546194000000 1450
6042 554456000000 1450
6108 560264000000 1450
6192 567878000000 1450
6261 573767000000 1450
6339 582230000000 1450
6411 587432000000 1450
6492 595652000000 1450
6561 601908000000 1450
6642 609480000000 1450
6711 616898000000 1450
6792 623552000000 1450
6873 631124000000 1450
6957 636974000000 1450
7035 645194000000 1450
7104 650354000000 1450
7188 658616000000 1450
7254 664532000000 1450
7338 672362000000 1450
7407 678170000000 1450
7485 686432000000 1450
7557 691956000000 1450
7638 699960000000 1450
7707 706509000000 1450
7788 714096000000 1450
7860 721539000000 1450
7950 727950000000 1450
8031 735954000000 1450
8103 741372000000 1450
8181 749592000000 1450
8253 755334000000 1450
8334 763338000000 1450
8403 769146000000 1450
8484 777192000000 1450
8553 782568000000 1450
8637 790830000000 1450
8703 796788000000 1450
8784 804360000000 1450
8856 810992000000 1450
8946 818810000000 1450
9018 826022000000 1450
9099 832232000000 1450
9177 840494000000 1450
9249 845789000000 1450
9330 854198000000 1450
9399 860048000000 1450
9480 867620000000 1450
9549 873470000000 1450
9630 881690000000 1450
9699 886850000000 1450
9783 895112000000 1450
9849 901127000000 1450
9945 908741000000 1450
10014 915353000000 1450
10092 922970000000 1450
10176 930383000000 1450
10245 936554000000 1450
10326 944978000000 1450
10395 950138000000 1450
10476 958358000000 1450
10545 964208000000 1450
10626 971780000000 1450
10698 977630000000 1450
10776 985850000000 1450
10845 991010000000 1450
10941 999272000000 1450
