122 17277000000 1358
272 29895000000 1358
410 43155000000 1358
560 56577000000 1358
707 69651000000 1358
845 83073000000 1358
995 96873000000 1358
1133 109777000000 1358
1268 121445000000 1358
1418 134439000000 1358
1568 147537000000 1358
1706 160959000000 1358
1853 174246000000 1358
1991 187437000000 1358
2141 201061000000 1358
2279 213690000000 1358
2414 225614000000 1358
2564 238566000000 1358
2714 251664000000 1358
2852 265086000000 1358
3002 278508000000 1358
3149 291564000000 1358
3287 305461000000 1358
3425 317919000000 1358
3563 329627000000 1358
3710 342793000000 1358
3860 355891000000 1358
3998 369313000000 1358
4148 382735000000 1358
4295 395941000000 1358
4433 409803000000 1358
4571 422155000000 1358
4721 433755000000 1358
4856 447177000000 1358
5006 460503000000 1358
5144 473655000000 1358
5294 487077000000 1358
5444 500383000000 1358
5579 513963000000 1358
5717 526101000000 1358
5867 537915000000 1358
6005 551337000000 1358
6152 564717000000 1358
6302 577815000000 1358
6440 591237000000 1358
6590 605038000000 1358
6725 618123000000 1358
6863 630261000000 1358
7013 642102000000 1358
7151 655497000000 1358
7298 668919000000 1358
7448 681975000000 1358
7586 695545000000 1358
7736 709465000000 1358
7886 722563000000 1358
8009 734445000000 1358
8159 746797000000 1358
8297 759895000000 1358
8447 773317000000 1358
8594 786427000000 1358
8732 799945000000 1358
8882 813747000000 1358
9032 826631000000 1358
9155 838513000000 1358
9305 851079000000 1358
9455 864177000000 1358
9593 877599000000 1358
9740 891021000000 1358
9878 904284000000 1358
10028 917907000000 1358
10166 930658000000 1358
10301 942501000000 1358
10451 955239000000 1358
10601 968337000000 1358
10739 981759000000 1358
10889 995181000000 1358
