112 13869000000 1358
262 27507000000 1358
400 40713000000 1358
550 54027000000 1358
697 67425000000 1358
835 80523000000 1358
985 93467000000 1358
1123 105625000000 1358
1258 118683000000 1358
1408 132105000000 1358
1558 145527000000 1358
1696 158625000000 1358
1843 172005000000 1358
1981 185265000000 1358
2131 197657000000 1358
2269 209754000000 1358
2404 222810000000 1358
2554 236232000000 1358
2704 249654000000 1358
2842 262752000000 1358
2992 276174000000 1358
3139 289554000000 1358
3277 301843000000 1358
3415 313981000000 1358
3553 327268000000 1358
3700 340459000000 1358
3850 353881000000 1358
3988 366979000000 1358
4138 380401000000 1358
4285 393931000000 1358
4423 405971000000 1358
4561 418323000000 1358
4711 431745000000 1358
4846 444801000000 1358
4996 458223000000 1358
5134 471537000000 1358
5284 484743000000 1358
5434 498373000000 1358
5569 509917000000 1358
5707 522483000000 1358
5857 535905000000 1358
5995 549003000000 1358
6142 562383000000 1358
6292 575805000000 1358
6430 588903000000 1358
6580 602517000000 1358
6715 614320000000 1358
6853 626643000000 1358
7003 640065000000 1358
7141 653163000000 1358
7288 666543000000 1358
7438 679965000000 1358
7576 693211000000 1358
7726 706703000000 1358
7876 718627000000 1358
7999 731041000000 1358
8149 744463000000 1358
8287 757858000000 1358
8437 770983000000 1358
8584 784363000000 1358
8722 797638000000 1358
8872 810771000000 1358
9022 822695000000 1358
9145 835323000000 1358
9295 848745000000 1358
9445 862167000000 1358
9583 875265000000 1358
9730 888645000000 1358
9868 902274000000 1358
10018 914717000000 1358
10156 926641000000 1358
10291 939579000000 1358
10441 952905000000 1358
10591 966327000000 1358
10729 979425000000 1358
10879 992847000000 1358
