117 15576000000 1358
267 28728000000 1358
405 42150000000 1358
555 55248000000 1358
702 68646000000 1358
840 82068000000 1358
990 95544000000 1358
1128 107702000000 1358
1263 120012000000 1358
1413 133110000000 1358
1563 146532000000 1358
1701 159927000000 1358
1848 173010000000 1358
1986 186432000000 1358
2136 199759000000 1358
2274 211615000000 1358
2409 224181000000 1358
2559 237237000000 1358
2709 250659000000 1358
2847 264081000000 1358
2997 277179000000 1358
3144 290559000000 1358
3282 304242000000 1358
3420 315628000000 1358
3558 328408000000 1358
3705 341545000000 1358
3855 354886000000 1358
3993 368308000000 1358
4143 381406000000 1358
4290 394936000000 1358
4428 408370000000 1358
4566 419970000000 1358
4716 432750000000 1358
4851 446172000000 1358
5001 459228000000 1358
5139 472650000000 1358
5289 485856000000 1358
5439 499378000000 1358
5574 512316000000 1358
5712 523916000000 1358
5862 536910000000 1358
6000 550332000000 1358
6147 563388000000 1358
6297 576810000000 1358
6435 590232000000 1358
6585 603736000000 1358
6720 616262000000 1358
6858 627997000000 1358
7008 641070000000 1358
7146 654492000000 1358
7293 667590000000 1358
7443 680970000000 1358
7581 694540000000 1358
7731 708136000000 1358
7881 720488000000 1358
8004 732370000000 1358
8154 745468000000 1358
8292 758890000000 1358
8442 772150000000 1358
8589 785368000000 1358
8727 798940000000 1358
8877 812418000000 1358
9027 824770000000 1358
9150 836652000000 1358
9300 849750000000 1358
9450 863172000000 1358
9588 876594000000 1358
9735 889650000000 1358
9873 903279000000 1358
10023 916794000000 1358
10161 928716000000 1358
10296 940854000000 1358
10446 953910000000 1358
10596 967332000000 1358
10734 980754000000 1358
10884 993852000000 1358
