119 16032000000 1358
269 29130000000 1358
407 42552000000 1358
557 55974000000 1358
704 69048000000 1358
842 82470000000 1358
992 96081000000 1358
1130 108532000000 1358
1265 120414000000 1358
1415 133512000000 1358
1565 146934000000 1358
1703 160356000000 1358
1850 173412000000 1358
1988 186834000000 1358
2138 200458000000 1358
2276 212445000000 1358
2411 224583000000 1358
2561 237801000000 1358
2711 251061000000 1358
2849 264483000000 1358
2999 277581000000 1358
3146 290961000000 1358
3284 304858000000 1358
3422 316458000000 1358
3560 328810000000 1358
3707 342190000000 1358
3857 355288000000 1358
3995 368710000000 1358
4145 381997000000 1358
4292 395338000000 1358
4430 409200000000 1358
4568 420586000000 1358
4718 433152000000 1358
4853 446574000000 1358
5003 459630000000 1358
5141 473052000000 1358
5291 486474000000 1358
5441 499780000000 1358
5576 513146000000 1358
5714 524989000000 1358
5864 537312000000 1358
6002 550734000000 1358
6149 563790000000 1358
6299 577212000000 1358
6437 590634000000 1358
6587 604138000000 1358
6722 617092000000 1358
6860 629016000000 1358
7010 641472000000 1358
7148 654894000000 1358
7295 668262000000 1358
7445 681372000000 1358
7583 694942000000 1358
7733 708538000000 1358
7883 721318000000 1358
8006 733200000000 1358
8156 745870000000 1358
8294 759292000000 1358
8444 772714000000 1358
8591 785770000000 1358
8729 799342000000 1358
8879 813117000000 1358
9029 825386000000 1358
9152 837268000000 1358
9302 850179000000 1358
9452 863574000000 1358
9590 876996000000 1358
9737 890094000000 1358
9875 903681000000 1358
10025 917304000000 1358
10163 929546000000 1358
10298 941256000000 1358
10448 954636000000 1358
10598 967734000000 1358
10736 981156000000 1358
10886 994308000000 1358
