62 9427000000 1450
143 18568000000 1450
215 24418000000 1450
293 32422000000 1450
365 37840000000 1450
446 46303000000 1450
512 51976000000 1450
596 59806000000 1450
665 65632000000 1450
746 73678000000 1450
815 79054000000 1450
896 87274000000 1450
977 93904000000 1450
1058 101074000000 1450
1142 109168000000 1450
1208 115378000000 1450
1289 122950000000 1450
1361 128827000000 1450
1439 137290000000 1450
1511 142546000000 1450
1592 150766000000 1450
1658 156616000000 1450
1742 164188000000 1450
1811 169996000000 1450
1892 178258000000 1450
1973 183418000000 1450
2057 191680000000 1450
2123 198293000000 1450
2204 205262000000 1450
2288 213496000000 1450
2354 219559000000 1450
2438 227389000000 1450
2507 233251000000 1450
2585 241471000000 1450
2657 246673000000 1450
2738 254893000000 1450
2807 260743000000 1450
2888 268315000000 1450
2969 274123000000 1450
3050 282385000000 1450
3119 287545000000 1450
3203 295807000000 1450
3269 302894000000 1450
3350 309758000000 1450
3434 318221000000 1450
3500 324056000000 1450
3584 331670000000 1450
3653 337478000000 1450
3731 345740000000 1450
3803 351116000000 1450
3884 359120000000 1450
3965 364970000000 1450
4046 372758000000 1450
4118 378392000000 1450
4199 386612000000 1450
4265 392138000000 1450
4349 400265000000 1450
4418 407761000000 1450
4499 414802000000 1450
4580 422590000000 1450
4649 428398000000 1450
4730 436444000000 1450
4799 441820000000 1450
4883 450082000000 1450
4961 455890000000 1450
5042 463462000000 1450
5114 469312000000 1450
5192 477532000000 1450
5264 482734000000 1450
5345 491035000000 1450
5411 497336000000 1450
5495 504908000000 1450
5564 512122000000 1450
5645 519178000000 1450
5726 526750000000 1450
5795 532600000000 1450
5876 540820000000 1450
5957 545980000000 1450
6041 554242000000 1450
6107 560050000000 1450
6191 567664000000 1450
6260 573472000000 1450
6338 581800000000 1450
6410 587218000000 1450
6491 595438000000 1450
6560 601694000000 1450
6641 609266000000 1450
6710 616483000000 1450
6791 623338000000 1450
6872 630910000000 1450
6956 636760000000 1450
7034 644980000000 1450
7103 650140000000 1450
7187 658402000000 1450
7253 664210000000 1450
7337 671959000000 1450
7406 677956000000 1450
7484 686218000000 1450
7556 691526000000 1450
7637 699746000000 1450
7706 706094000000 1450
7787 713666000000 1450
7859 721124000000 1450
7949 727736000000 1450
8030 735524000000 1450
8102 741158000000 1450
8180 749378000000 1450
8252 754796000000 1450
8333 762935000000 1450
8402 768932000000 1450
8483 776762000000 1450
8552 782354000000 1450
8636 790616000000 1450
8702 796358000000 1450
8783 804146000000 1450
8855 810577000000 1450
8945 818380000000 1450
9017 825607000000 1450
9098 832018000000 1450
9176 840238000000 1450
9248 845440000000 1450
9329 853822000000 1450
9398 859834000000 1450
9479 867406000000 1450
9548 873256000000 1450
9629 881476000000 1450
9698 886636000000 1450
9782 894898000000 1450
9848 900913000000 1450
9944 908527000000 1450
10013 914938000000 1450
10091 922756000000 1450
10175 929968000000 1450
10244 936178000000 1450
10325 944602000000 1450
10394 949924000000 1450
10475 958144000000 1450
10544 963994000000 1450
10625 971566000000 1450
10697 977416000000 1450
10775 985636000000 1450
10844 990796000000 1450
10940 999058000000 1450
