63 6960000000 1450
144 13920000000 1450
216 20880000000 1450
294 27840000000 1450
366 34800000000 1450
447 41760000000 1450
513 48720000000 1450
597 55680000000 1450
666 62640000000 1450
747 69600000000 1450
816 76560000000 1450
897 83520000000 1450
978 90480000000 1450
1059 97440000000 1450
1143 104400000000 1450
1209 111360000000 1450
1290 118320000000 1450
1362 125280000000 1450
1440 132240000000 1450
1512 139200000000 1450
1593 146160000000 1450
1659 153120000000 1450
1743 160080000000 1450
1812 167040000000 1450
1893 174000000000 1450
1974 180960000000 1450
2058 187920000000 1450
2124 194880000000 1450
2205 201840000000 1450
2289 208800000000 1450
2355 215760000000 1450
2439 222720000000 1450
2508 229680000000 1450
2586 236640000000 1450
2658 243600000000 1450
2739 250560000000 1450
2808 257520000000 1450
2889 264480000000 1450
2970 271440000000 1450
3051 278400000000 1450
3120 285360000000 1450
3204 292320000000 1450
3270 299280000000 1450
3351 306240000000 1450
3435 313200000000 1450
3501 320160000000 1450
3585 327120000000 1450
3654 334080000000 1450
3732 341040000000 1450
3804 348000000000 1450
3885 354960000000 1450
3966 361920000000 1450
4047 368880000000 1450
4119 375840000000 1450
4200 382800000000 1450
4266 389760000000 1450
4350 396720000000 1450
4419 403680000000 1450
4500 410640000000 1450
4581 417600000000 1450
4650 424560000000 1450
4731 431520000000 1450
4800 438480000000 1450
4884 445440000000 1450
4962 452400000000 1450
5043 459360000000 1450
5115 466320000000 1450
5193 473280000000 1450
5265 480240000000 1450
5346 487200000000 1450
5412 494160000000 1450
5496 501120000000 1450
5565 508080000000 1450
5646 515040000000 1450
5727 522000000000 1450
5796 528960000000 1450
5877 535920000000 1450
5958 542880000000 1450
6042 549840000000 1450
6108 556800000000 1450
6192 563760000000 1450
6261 570720000000 1450
6339 577680000000 1450
6411 584640000000 1450
6492 591600000000 1450
6561 598560000000 1450
6642 605520000000 1450
6711 612480000000 1450
6792 619440000000 1450
6873 626400000000 1450
6957 633360000000 1450
7035 640320000000 1450
7104 647280000000 1450
7188 654240000000 1450
7254 661200000000 1450
7338 668160000000 1450
7407 675120000000 1450
7485 682080000000 1450
7557 689040000000 1450
7638 696000000000 1450
7707 702960000000 1450
7788 709920000000 1450
7860 716880000000 1450
7950 723840000000 1450
8031 730800000000 1450
8103 737760000000 1450
8181 744720000000 1450
8253 751680000000 1450
8334 758640000000 1450
8403 765600000000 1450
8484 772560000000 1450
8553 779520000000 1450
8637 786480000000 1450
8703 793440000000 1450
8784 800400000000 1450
8856 807360000000 1450
8946 814320000000 1450
9018 821280000000 1450
9099 828240000000 1450
9177 835200000000 1450
9249 842160000000 1450
9330 849120000000 1450
9399 856080000000 1450
9480 863040000000 1450
9549 870000000000 1450
9630 876960000000 1450
9699 883920000000 1450
9783 890880000000 1450
9849 897840000000 1450
9945 904800000000 1450
10014 911760000000 1450
10092 918720000000 1450
10176 925680000000 1450
10245 932640000000 1450
10326 939600000000 1450
10395 946560000000 1450
10476 953520000000 1450
10545 960480000000 1450
10626 967440000000 1450
10698 974400000000 1450
10776 981360000000 1450
10845 988320000000 1450
10941 995280000000 1450
