14 2604000000 1464
41 5208000000 1464
68 7812000000 1464
95 10416000000 1464
110 13020000000 1464
161 15624000000 1464
179 18228000000 1464
206 20832000000 1464
233 23436000000 1464
260 26040000000 1464
299 28644000000 1464
326 31248000000 1464
341 33852000000 1464
383 36456000000 1464
398 39060000000 1464
437 41664000000 1464
464 44268000000 1464
491 46872000000 1464
518 49476000000 1464
548 52080000000 1464
587 54684000000 1464
614 57288000000 1464
641 59892000000 1464
656 62496000000 1464
695 65100000000 1464
722 67704000000 1464
764 70308000000 1464
779 72912000000 1464
806 75516000000 1464
833 78120000000 1464
872 80724000000 1464
887 83328000000 1464
929 85932000000 1464
944 88536000000 1464
983 91140000000 1464
1010 93744000000 1464
1037 96348000000 1464
1064 98952000000 1464
1091 101556000000 1464
1121 104160000000 1464
1160 106764000000 1464
1187 109368000000 1464
1214 111972000000 1464
1241 114576000000 1464
1256 117180000000 1464
1310 119784000000 1464
1325 122388000000 1464
1352 124992000000 1464
1379 127596000000 1464
1406 130200000000 1464
1445 132804000000 1464
1472 135408000000 1464
1490 138012000000 1464
1529 140616000000 1464
1544 143220000000 1464
1583 145824000000 1464
1610 148428000000 1464
1637 151032000000 1464
1679 153636000000 1464
1694 156240000000 1464
1733 158844000000 1464
1760 161448000000 1464
1787 164052000000 1464
1802 166656000000 1464
1841 169260000000 1464
1871 171864000000 1464
1910 174468000000 1464
1925 177072000000 1464
1952 179676000000 1464
1979 182280000000 1464
2018 184884000000 1464
2033 187488000000 1464
2075 190092000000 1464
2090 192696000000 1464
2129 195300000000 1464
2156 197904000000 1464
2183 200508000000 1464
2210 203112000000 1464
2240 205716000000 1464
2267 208320000000 1464
2306 210924000000 1464
2333 213528000000 1464
2360 216132000000 1464
2387 218736000000 1464
2402 221340000000 1464
2456 223944000000 1464
2471 226548000000 1464
2498 229152000000 1464
2525 231756000000 1464
2552 234360000000 1464
2591 236964000000 1464
2621 239568000000 1464
2636 242172000000 1464
2675 244776000000 1464
2690 247380000000 1464
2729 249984000000 1464
2756 252588000000 1464
2783 255192000000 1464
2825 257796000000 1464
2840 260400000000 1464
2879 263004000000 1464
2906 265608000000 1464
2933 268212000000 1464
2948 270816000000 1464
2990 273420000000 1464
3017 276024000000 1464
3056 278628000000 1464
3071 281232000000 1464
3098 283836000000 1464
3125 286440000000 1464
3164 289044000000 1464
3182 291648000000 1464
3221 294252000000 1464
3236 296856000000 1464
3275 299460000000 1464
3302 302064000000 1464
3329 304668000000 1464
3371 307272000000 1464
3386 309876000000 1464
3413 312480000000 1464
3452 315084000000 1464
3479 317688000000 1464
3506 320292000000 1464
3533 322896000000 1464
3551 325500000000 1464
3602 328104000000 1464
3617 330708000000 1464
3644 333312000000 1464
3671 335916000000 1464
3698 338520000000 1464
3737 341124000000 1464
3767 343728000000 1464
3782 346332000000 1464
3821 348936000000 1464
3836 351540000000 1464
3875 354144000000 1464
3902 356748000000 1464
3932 359352000000 1464
3971 361956000000 1464
3986 364560000000 1464
4025 367164000000 1464
4052 369768000000 1464
4079 372372000000 1464
4094 374976000000 1464
4136 377580000000 1464
4163 380184000000 1464
4190 382788000000 1464
4217 385392000000 1464
4244 387996000000 1464
4271 390600000000 1464
4313 393204000000 1464
4328 395808000000 1464
4367 398412000000 1464
4382 401016000000 1464
4409 403620000000 1464
4448 406224000000 1464
4475 408828000000 1464
4517 411432000000 1464
4532 414036000000 1464
4559 416640000000 1464
4598 419244000000 1464
4625 421848000000 1464
4640 424452000000 1464
4682 427056000000 1464
4697 429660000000 1464
4748 432264000000 1464
4763 434868000000 1464
4790 437472000000 1464
4817 440076000000 1464
4844 442680000000 1464
4874 445284000000 1464
4913 447888000000 1464
4928 450492000000 1464
4967 453096000000 1464
4982 455700000000 1464
5021 458304000000 1464
5063 460908000000 1464
5078 463512000000 1464
5105 466116000000 1464
5132 468720000000 1464
5171 471324000000 1464
5198 473928000000 1464
5225 476532000000 1464
5243 479136000000 1464
5282 481740000000 1464
5309 484344000000 1464
5336 486948000000 1464
5363 489552000000 1464
5390 492156000000 1464
5417 494760000000 1464
5459 497364000000 1464
5474 499968000000 1464
5513 502572000000 1464
5528 505176000000 1464
5555 507780000000 1464
5594 510384000000 1464
5624 512988000000 1464
5663 515592000000 1464
5678 518196000000 1464
5705 520800000000 1464
5744 523404000000 1464
5771 526008000000 1464
5786 528612000000 1464
5828 531216000000 1464
5843 533820000000 1464
5894 536424000000 1464
5909 539028000000 1464
5936 541632000000 1464
5963 544236000000 1464
5993 546840000000 1464
6020 549444000000 1464
6059 552048000000 1464
6074 554652000000 1464
6113 557256000000 1464
6128 559860000000 1464
6167 562464000000 1464
6209 565068000000 1464
6224 567672000000 1464
6251 570276000000 1464
6278 572880000000 1464
6317 575484000000 1464
6344 578088000000 1464
6374 580692000000 1464
6389 583296000000 1464
6428 585900000000 1464
6455 588504000000 1464
6482 591108000000 1464
6509 593712000000 1464
6536 596316000000 1464
6566 598920000000 1464
6605 601524000000 1464
6620 604128000000 1464
6659 606732000000 1464
6674 609336000000 1464
6701 611940000000 1464
6755 614544000000 1464
6770 617148000000 1464
6809 619752000000 1464
6824 622356000000 1464
6851 624960000000 1464
6890 627564000000 1464
6917 630168000000 1464
6935 632772000000 1464
6974 635376000000 1464
6989 637980000000 1464
7040 640584000000 1464
7055 643188000000 1464
7082 645792000000 1464
7109 648396000000 1464
7139 651000000000 1464
7166 653604000000 1464
7205 656208000000 1464
7220 658812000000 1464
7259 661416000000 1464
7274 664020000000 1464
7316 666624000000 1464
7355 669228000000 1464
7370 671832000000 1464
7397 674436000000 1464
7424 677040000000 1464
7463 679644000000 1464
7490 682248000000 1464
7520 684852000000 1464
7535 687456000000 1464
7574 690060000000 1464
7601 692664000000 1464
7628 695268000000 1464
7655 697872000000 1464
7685 700476000000 1464
7712 703080000000 1464
7751 705684000000 1464
7766 708288000000 1464
7805 710892000000 1464
7820 713496000000 1464
7847 716100000000 1464
7901 718704000000 1464
7916 721308000000 1464
7955 723912000000 1464
7970 726516000000 1464
7997 729120000000 1464
8036 731724000000 1464
8066 734328000000 1464
8081 736932000000 1464
8120 739536000000 1464
8135 742140000000 1464
8186 744744000000 1464
8201 747348000000 1464
8228 749952000000 1464
8258 752556000000 1464
8285 755160000000 1464
8312 757764000000 1464
8351 760368000000 1464
8366 762972000000 1464
8393 765576000000 1464
8435 768180000000 1464
8462 770784000000 1464
8501 773388000000 1464
8516 775992000000 1464
8543 778596000000 1464
8570 781200000000 1464
8609 783804000000 1464
8627 786408000000 1464
8666 789012000000 1464
8681 791616000000 1464
8720 794220000000 1464
8747 796824000000 1464
8774 799428000000 1464
8801 802032000000 1464
8831 804636000000 1464
8846 807240000000 1464
8897 809844000000 1464
8912 812448000000 1464
8951 815052000000 1464
8978 817656000000 1464
8996 820260000000 1464
9047 822864000000 1464
9062 825468000000 1464
9089 828072000000 1464
9116 830676000000 1464
9143 833280000000 1464
9182 835884000000 1464
9212 838488000000 1464
9227 841092000000 1464
9266 843696000000 1464
9281 846300000000 1464
9320 848904000000 1464
9347 851508000000 1464
9377 854112000000 1464
9404 856716000000 1464
9431 859320000000 1464
9458 861924000000 1464
9497 864528000000 1464
9512 867132000000 1464
9539 869736000000 1464
9581 872340000000 1464
9608 874944000000 1464
9647 877548000000 1464
9662 880152000000 1464
9689 882756000000 1464
9716 885360000000 1464
9758 887964000000 1464
9773 890568000000 1464
9812 893172000000 1464
9827 895776000000 1464
9866 898380000000 1464
9893 900984000000 1464
9920 903588000000 1464
9950 906192000000 1464
9977 908796000000 1464
9992 911400000000 1464
10043 914004000000 1464
10058 916608000000 1464
10097 919212000000 1464
10127 921816000000 1464
10142 924420000000 1464
10193 927024000000 1464
10208 929628000000 1464
10235 932232000000 1464
10262 934836000000 1464
10289 937440000000 1464
10331 940044000000 1464
10358 942648000000 1464
10373 945252000000 1464
10412 947856000000 1464
10427 950460000000 1464
10466 953064000000 1464
10493 955668000000 1464
10523 958272000000 1464
10550 960876000000 1464
10577 963480000000 1464
10604 966084000000 1464
10643 968688000000 1464
10670 971292000000 1464
10688 973896000000 1464
10727 976500000000 1464
10754 979104000000 1464
10793 981708000000 1464
10808 984312000000 1464
10835 986916000000 1464
10862 989520000000 1464
10904 992124000000 1464
10919 994728000000 1464
10958 997332000000 1464
10973 999936000000 1464
