118 13037000000 1358
268 26074000000 1358
406 39111000000 1358
556 52148000000 1358
703 65185000000 1358
841 78222000000 1358
991 91259000000 1358
1129 104296000000 1358
1264 117333000000 1358
1414 130370000000 1358
1564 143407000000 1358
1702 156444000000 1358
1849 169481000000 1358
1987 182518000000 1358
2137 195555000000 1358
2275 208592000000 1358
2410 221629000000 1358
2560 234666000000 1358
2710 247703000000 1358
2848 260740000000 1358
2998 273777000000 1358
3145 286814000000 1358
3283 299851000000 1358
3421 312888000000 1358
3559 325925000000 1358
3706 338962000000 1358
3856 351999000000 1358
3994 365036000000 1358
4144 378073000000 1358
4291 391110000000 1358
4429 404147000000 1358
4567 417184000000 1358
4717 430221000000 1358
4852 443258000000 1358
5002 456295000000 1358
5140 469332000000 1358
5290 482369000000 1358
5440 495406000000 1358
5575 508443000000 1358
5713 521480000000 1358
5863 534517000000 1358
6001 547554000000 1358
6148 560591000000 1358
6298 573628000000 1358
6436 586665000000 1358
6586 599702000000 1358
6721 612739000000 1358
6859 625776000000 1358
7009 638813000000 1358
7147 651850000000 1358
7294 664887000000 1358
7444 677924000000 1358
7582 690961000000 1358
7732 703998000000 1358
7882 717035000000 1358
8005 730072000000 1358
8155 743109000000 1358
8293 756146000000 1358
8443 769183000000 1358
8590 782220000000 1358
8728 795257000000 1358
8878 808294000000 1358
9028 821331000000 1358
9151 834368000000 1358
9301 847405000000 1358
9451 860442000000 1358
9589 873479000000 1358
9736 886516000000 1358
9874 899553000000 1358
10024 912590000000 1358
10162 925627000000 1358
10297 938664000000 1358
10447 951701000000 1358
10597 964738000000 1358
10735 977775000000 1358
10885 990812000000 1358
