64 6960000000 1450
145 13920000000 1450
217 20880000000 1450
295 27840000000 1450
367 34800000000 1450
448 41760000000 1450
514 48720000000 1450
598 55680000000 1450
667 62640000000 1450
748 69600000000 1450
817 76560000000 1450
898 83520000000 1450
979 90480000000 1450
1060 97440000000 1450
1144 104400000000 1450
1210 111360000000 1450
1291 118320000000 1450
1363 125280000000 1450
1441 132240000000 1450
1513 139200000000 1450
1594 146160000000 1450
1660 153120000000 1450
1744 160080000000 1450
1813 167040000000 1450
1894 174000000000 1450
1975 180960000000 1450
2059 187920000000 1450
2125 194880000000 1450
2206 201840000000 1450
2290 208800000000 1450
2356 215760000000 1450
2440 222720000000 1450
2509 229680000000 1450
2587 236640000000 1450
2659 243600000000 1450
2740 250560000000 1450
2809 257520000000 1450
2890 264480000000 1450
2971 271440000000 1450
3052 278400000000 1450
3121 285360000000 1450
3205 292320000000 1450
3271 299280000000 1450
3352 306240000000 1450
3436 313200000000 1450
3502 320160000000 1450
3586 327120000000 1450
3655 334080000000 1450
3733 341040000000 1450
3805 348000000000 1450
3886 354960000000 1450
3967 361920000000 1450
4048 368880000000 1450
4120 375840000000 1450
4201 382800000000 1450
4267 389760000000 1450
4351 396720000000 1450
4420 403680000000 1450
4501 410640000000 1450
4582 417600000000 1450
4651 424560000000 1450
4732 431520000000 1450
4801 438480000000 1450
4885 445440000000 1450
4963 452400000000 1450
5044 459360000000 1450
5116 466320000000 1450
5194 473280000000 1450
5266 480240000000 1450
5347 487200000000 1450
5413 494160000000 1450
5497 501120000000 1450
5566 508080000000 1450
5647 515040000000 1450
5728 522000000000 1450
5797 528960000000 1450
5878 535920000000 1450
5959 542880000000 1450
6043 549840000000 1450
6109 556800000000 1450
6193 563760000000 1450
6262 570720000000 1450
6340 577680000000 1450
6412 584640000000 1450
6493 591600000000 1450
6562 598560000000 1450
6643 605520000000 1450
6712 612480000000 1450
6793 619440000000 1450
6874 626400000000 1450
6958 633360000000 1450
7036 640320000000 1450
7105 647280000000 1450
7189 654240000000 1450
7255 661200000000 1450
7339 668160000000 1450
7408 675120000000 1450
7486 682080000000 1450
7558 689040000000 1450
7639 696000000000 1450
7708 702960000000 1450
7789 709920000000 1450
7861 716880000000 1450
7951 723840000000 1450
8032 730800000000 1450
8104 737760000000 1450
8182 744720000000 1450
8254 751680000000 1450
8335 758640000000 1450
8404 765600000000 1450
8485 772560000000 1450
8554 779520000000 1450
8638 786480000000 1450
8704 793440000000 1450
8785 800400000000 1450
8857 807360000000 1450
8947 814320000000 1450
9019 821280000000 1450
9100 828240000000 1450
9178 835200000000 1450
9250 842160000000 1450
9331 849120000000 1450
9400 856080000000 1450
9481 863040000000 1450
9550 870000000000 1450
9631 876960000000 1450
9700 883920000000 1450
9784 890880000000 1450
9850 897840000000 1450
9946 904800000000 1450
10015 911760000000 1450
10093 918720000000 1450
10177 925680000000 1450
10246 932640000000 1450
10327 939600000000 1450
10396 946560000000 1450
10477 953520000000 1450
10546 960480000000 1450
10627 967440000000 1450
10699 974400000000 1450
10777 981360000000 1450
10846 988320000000 1450
10942 995280000000 1450
