62 6960000000 1450
143 13920000000 1450
215 20880000000 1450
293 27840000000 1450
365 34800000000 1450
446 41760000000 1450
512 48720000000 1450
596 55680000000 1450
665 62640000000 1450
746 69600000000 1450
815 76560000000 1450
896 83520000000 1450
977 90480000000 1450
1058 97440000000 1450
1142 104400000000 1450
1208 111360000000 1450
1289 118320000000 1450
1361 125280000000 1450
1439 132240000000 1450
1511 139200000000 1450
1592 146160000000 1450
1658 153120000000 1450
1742 160080000000 1450
1811 167040000000 1450
1892 174000000000 1450
1973 180960000000 1450
2057 187920000000 1450
2123 194880000000 1450
2204 201840000000 1450
2288 208800000000 1450
2354 215760000000 1450
2438 222720000000 1450
2507 229680000000 1450
2585 236640000000 1450
2657 243600000000 1450
2738 250560000000 1450
2807 257520000000 1450
2888 264480000000 1450
2969 271440000000 1450
3050 278400000000 1450
3119 285360000000 1450
3203 292320000000 1450
3269 299280000000 1450
3350 306240000000 1450
3434 313200000000 1450
3500 320160000000 1450
3584 327120000000 1450
3653 334080000000 1450
3731 341040000000 1450
3803 348000000000 1450
3884 354960000000 1450
3965 361920000000 1450
4046 368880000000 1450
4118 375840000000 1450
4199 382800000000 1450
4265 389760000000 1450
4349 396720000000 1450
4418 403680000000 1450
4499 410640000000 1450
4580 417600000000 1450
4649 424560000000 1450
4730 431520000000 1450
4799 438480000000 1450
4883 445440000000 1450
4961 452400000000 1450
5042 459360000000 1450
5114 466320000000 1450
5192 473280000000 1450
5264 480240000000 1450
5345 487200000000 1450
5411 494160000000 1450
5495 501120000000 1450
5564 508080000000 1450
5645 515040000000 1450
5726 522000000000 1450
5795 528960000000 1450
5876 535920000000 1450
5957 542880000000 1450
6041 549840000000 1450
6107 556800000000 1450
6191 563760000000 1450
6260 570720000000 1450
6338 577680000000 1450
6410 584640000000 1450
6491 591600000000 1450
6560 598560000000 1450
6641 605520000000 1450
6710 612480000000 1450
6791 619440000000 1450
6872 626400000000 1450
6956 633360000000 1450
7034 640320000000 1450
7103 647280000000 1450
7187 654240000000 1450
7253 661200000000 1450
7337 668160000000 1450
7406 675120000000 1450
7484 682080000000 1450
7556 689040000000 1450
7637 696000000000 1450
7706 702960000000 1450
7787 709920000000 1450
7859 716880000000 1450
7949 723840000000 1450
8030 730800000000 1450
8102 737760000000 1450
8180 744720000000 1450
8252 751680000000 1450
8333 758640000000 1450
8402 765600000000 1450
8483 772560000000 1450
8552 779520000000 1450
8636 786480000000 1450
8702 793440000000 1450
8783 800400000000 1450
8855 807360000000 1450
8945 814320000000 1450
9017 821280000000 1450
9098 828240000000 1450
9176 835200000000 1450
9248 842160000000 1450
9329 849120000000 1450
9398 856080000000 1450
9479 863040000000 1450
9548 870000000000 1450
9629 876960000000 1450
9698 883920000000 1450
9782 890880000000 1450
9848 897840000000 1450
9944 904800000000 1450
10013 911760000000 1450
10091 918720000000 1450
10175 925680000000 1450
10244 932640000000 1450
10325 939600000000 1450
10394 946560000000 1450
10475 953520000000 1450
10544 960480000000 1450
10625 967440000000 1450
10697 974400000000 1450
10775 981360000000 1450
10844 988320000000 1450
10940 995280000000 1450
