114 13037000000 1358
264 26074000000 1358
402 39111000000 1358
552 52148000000 1358
699 65185000000 1358
837 78222000000 1358
987 91259000000 1358
1125 104296000000 1358
1260 117333000000 1358
1410 130370000000 1358
1560 143407000000 1358
1698 156444000000 1358
1845 169481000000 1358
1983 182518000000 1358
2133 195555000000 1358
2271 208592000000 1358
2406 221629000000 1358
2556 234666000000 1358
2706 247703000000 1358
2844 260740000000 1358
2994 273777000000 1358
3141 286814000000 1358
3279 299851000000 1358
3417 312888000000 1358
3555 325925000000 1358
3702 338962000000 1358
3852 351999000000 1358
3990 365036000000 1358
4140 378073000000 1358
4287 391110000000 1358
4425 404147000000 1358
4563 417184000000 1358
4713 430221000000 1358
4848 443258000000 1358
4998 456295000000 1358
5136 469332000000 1358
5286 482369000000 1358
5436 495406000000 1358
5571 508443000000 1358
5709 521480000000 1358
5859 534517000000 1358
5997 547554000000 1358
6144 560591000000 1358
6294 573628000000 1358
6432 586665000000 1358
6582 599702000000 1358
6717 612739000000 1358
6855 625776000000 1358
7005 638813000000 1358
7143 651850000000 1358
7290 664887000000 1358
7440 677924000000 1358
7578 690961000000 1358
7728 703998000000 1358
7878 717035000000 1358
8001 730072000000 1358
8151 743109000000 1358
8289 756146000000 1358
8439 769183000000 1358
8586 782220000000 1358
8724 795257000000 1358
8874 808294000000 1358
9024 821331000000 1358
9147 834368000000 1358
9297 847405000000 1358
9447 860442000000 1358
9585 873479000000 1358
9732 886516000000 1358
9870 899553000000 1358
10020 912590000000 1358
10158 925627000000 1358
10293 938664000000 1358
10443 951701000000 1358
10593 964738000000 1358
10731 977775000000 1358
10881 990812000000 1358
