3 1707000000 160
18 3414000000 160
30 5121000000 160
45 6828000000 160
72 8535000000 160
84 10242000000 160
99 11949000000 160
126 13656000000 160
150 15363000000 160
168 17070000000 160
183 18777000000 160
195 20484000000 160
222 22191000000 160
237 23898000000 160
249 25605000000 160
276 27312000000 160
303 29019000000 160
315 30726000000 160
330 32433000000 160
348 34140000000 160
372 35847000000 160
387 37554000000 160
414 39261000000 160
426 40968000000 160
453 42675000000 160
468 44382000000 160
480 46089000000 160
495 47796000000 160
522 49503000000 160
537 51210000000 160
564 52917000000 160
576 54624000000 160
603 56331000000 160
618 58038000000 160
630 59745000000 160
645 61452000000 160
672 63159000000 160
684 64866000000 160
711 66573000000 160
729 68280000000 160
753 69987000000 160
768 71694000000 160
783 73401000000 160
795 75108000000 160
822 76815000000 160
849 78522000000 160
861 80229000000 160
876 81936000000 160
903 83643000000 160
918 85350000000 160
933 87057000000 160
948 88764000000 160
960 90471000000 160
999 92178000000 160
1014 93885000000 160
1026 95592000000 160
1041 97299000000 160
1068 99006000000 160
1080 100713000000 160
1098 102420000000 160
1110 104127000000 160
1149 105834000000 160
1164 107541000000 160
1176 109248000000 160
1191 110955000000 160
1218 112662000000 160
1230 114369000000 160
1245 116076000000 160
1272 117783000000 160
1299 119490000000 160
1314 121197000000 160
1329 122904000000 160
1341 124611000000 160
1368 126318000000 160
1383 128025000000 160
1395 129732000000 160
1422 131439000000 160
1449 133146000000 160
1461 134853000000 160
1479 136560000000 160
1494 138267000000 160
1518 139974000000 160
1533 141681000000 160
1548 143388000000 160
1572 145095000000 160
1599 146802000000 160
1614 148509000000 160
1626 150216000000 160
1641 151923000000 160
1668 153630000000 160
1683 155337000000 160
1710 157044000000 160
1722 158751000000 160
1749 160458000000 160
1764 162165000000 160
1776 163872000000 160
1791 165579000000 160
1818 167286000000 160
1830 168993000000 160
1860 170700000000 160
1875 172407000000 160
1899 174114000000 160
1914 175821000000 160
1929 177528000000 160
1941 179235000000 160
1956 180942000000 160
1995 182649000000 160
2007 184356000000 160
2022 186063000000 160
2040 187770000000 160
2064 189477000000 160
2079 191184000000 160
2094 192891000000 160
2106 194598000000 160
2145 196305000000 160
2160 198012000000 160
2172 199719000000 160
2187 201426000000 160
2214 203133000000 160
2229 204840000000 160
2244 206547000000 160
2256 208254000000 160
2295 209961000000 160
2310 211668000000 160
2322 213375000000 160
2337 215082000000 160
2364 216789000000 160
2376 218496000000 160
2391 220203000000 160
2421 221910000000 160
2445 223617000000 160
2460 225324000000 160
2475 227031000000 160
2487 228738000000 160
2514 230445000000 160
2529 232152000000 160
2541 233859000000 160
2568 235566000000 160
2595 237273000000 160
2610 238980000000 160
2625 240687000000 160
2640 242394000000 160
2664 244101000000 160
2679 245808000000 160
2694 247515000000 160
2718 249222000000 160
2745 250929000000 160
2760 252636000000 160
2772 254343000000 160
2790 256050000000 160
2814 257757000000 160
2829 259464000000 160
2856 261171000000 160
2868 262878000000 160
2895 264585000000 160
2910 266292000000 160
2922 267999000000 160
2937 269706000000 160
2952 271413000000 160
2979 273120000000 160
3006 274827000000 160
3021 276534000000 160
3033 278241000000 160
3060 279948000000 160
3075 281655000000 160
3087 283362000000 160
3102 285069000000 160
3129 286776000000 160
3153 288483000000 160
3171 290190000000 160
3186 291897000000 160
3210 293604000000 160
3225 295311000000 160
3240 297018000000 160
3252 298725000000 160
3291 300432000000 160
3306 302139000000 160
3318 303846000000 160
3333 305553000000 160
3360 307260000000 160
3375 308967000000 160
3390 310674000000 160
3402 312381000000 160
3441 314088000000 160
3456 315795000000 160
3468 317502000000 160
3483 319209000000 160
3510 320916000000 160
3522 322623000000 160
3540 324330000000 160
3567 326037000000 160
3591 327744000000 160
3606 329451000000 160
3621 331158000000 160
3633 332865000000 160
3660 334572000000 160
3675 336279000000 160
3687 337986000000 160
3714 339693000000 160
3744 341400000000 160
3756 343107000000 160
3771 344814000000 160
3786 346521000000 160
3810 348228000000 160
3825 349935000000 160
3840 351642000000 160
3864 353349000000 160
3891 355056000000 160
3906 356763000000 160
3921 358470000000 160
3936 360177000000 160
3948 361884000000 160
3975 363591000000 160
4002 365298000000 160
4014 367005000000 160
4029 368712000000 160
4056 370419000000 160
4068 372126000000 160
4083 373833000000 160
4101 375540000000 160
4125 377247000000 160
4152 378954000000 160
4167 380661000000 160
4179 382368000000 160
4206 384075000000 160
4221 385782000000 160
4233 387489000000 160
4248 389196000000 160
4275 390903000000 160
4302 392610000000 160
4317 394317000000 160
4332 396024000000 160
4356 397731000000 160
4371 399438000000 160
4386 401145000000 160
4398 402852000000 160
4437 404559000000 160
4452 406266000000 160
4464 407973000000 160
4482 409680000000 160
4506 411387000000 160
4521 413094000000 160
4536 414801000000 160
4548 416508000000 160
4587 418215000000 160
4602 419922000000 160
4614 421629000000 160
4629 423336000000 160
4656 425043000000 160
4671 426750000000 160
4686 428457000000 160
4701 430164000000 160
4737 431871000000 160
4752 433578000000 160
4767 435285000000 160
4779 436992000000 160
4806 438699000000 160
4821 440406000000 160
4833 442113000000 160
4863 443820000000 160
4890 445527000000 160
4902 447234000000 160
4917 448941000000 160
4932 450648000000 160
4944 452355000000 160
4971 454062000000 160
4986 455769000000 160
5010 457476000000 160
5025 459183000000 160
5052 460890000000 160
5067 462597000000 160
5082 464304000000 160
5094 466011000000 160
5121 467718000000 160
5148 469425000000 160
5160 471132000000 160
5175 472839000000 160
5202 474546000000 160
5214 476253000000 160
5232 477960000000 160
5247 479667000000 160
5271 481374000000 160
5298 483081000000 160
5313 484788000000 160
5325 486495000000 160
5352 488202000000 160
5367 489909000000 160
5379 491616000000 160
5394 493323000000 160
5424 495030000000 160
5448 496737000000 160
5463 498444000000 160
5478 500151000000 160
5502 501858000000 160
5517 503565000000 160
5532 505272000000 160
5544 506979000000 160
5583 508686000000 160
5598 510393000000 160
5613 512100000000 160
5628 513807000000 160
5652 515514000000 160
5667 517221000000 160
5682 518928000000 160
5694 520635000000 160
5733 522342000000 160
5748 524049000000 160
5760 525756000000 160
5775 527463000000 160
5805 529170000000 160
5817 530877000000 160
5832 532584000000 160
5847 534291000000 160
5883 535998000000 160
5898 537705000000 160
5913 539412000000 160
5925 541119000000 160
5940 542826000000 160
5967 544533000000 160
5982 546240000000 160
6009 547947000000 160
6024 549654000000 160
6048 551361000000 160
6063 553068000000 160
6078 554775000000 160
6090 556482000000 160
6117 558189000000 160
6132 559896000000 160
6156 561603000000 160
6174 563310000000 160
6198 565017000000 160
6213 566724000000 160
6228 568431000000 160
6240 570138000000 160
6267 571845000000 160
6282 573552000000 160
6306 575259000000 160
6321 576966000000 160
6348 578673000000 160
6363 580380000000 160
6378 582087000000 160
6393 583794000000 160
6417 585501000000 160
6444 587208000000 160
6459 588915000000 160
6471 590622000000 160
6498 592329000000 160
6513 594036000000 160
6525 595743000000 160
6543 597450000000 160
6570 599157000000 160
6594 600864000000 160
6609 602571000000 160
6624 604278000000 160
6648 605985000000 160
6663 607692000000 160
6678 609399000000 160
6690 611106000000 160
6729 612813000000 160
6744 614520000000 160
6759 616227000000 160
6774 617934000000 160
6798 619641000000 160
6813 621348000000 160
6828 623055000000 160
6840 624762000000 160
6879 626469000000 160
6894 628176000000 160
6906 629883000000 160
6924 631590000000 160
6939 633297000000 160
6963 635004000000 160
6978 636711000000 160
6993 638418000000 160
7017 640125000000 160
7044 641832000000 160
7059 643539000000 160
7071 645246000000 160
7086 646953000000 160
7116 648660000000 160
7128 650367000000 160
7155 652074000000 160
7170 653781000000 160
7194 655488000000 160
7209 657195000000 160
7224 658902000000 160
7236 660609000000 160
7263 662316000000 160
7278 664023000000 160
7305 665730000000 160
7320 667437000000 160
7344 669144000000 160
7359 670851000000 160
7374 672558000000 160
7386 674265000000 160
7413 675972000000 160
7428 677679000000 160
7452 679386000000 160
7467 681093000000 160
7497 682800000000 160
7509 684507000000 160
7524 686214000000 160
7539 687921000000 160
7563 689628000000 160
7590 691335000000 160
7605 693042000000 160
7617 694749000000 160
7644 696456000000 160
7659 698163000000 160
7674 699870000000 160
7689 701577000000 160
7716 703284000000 160
7740 704991000000 160
7755 706698000000 160
7770 708405000000 160
7794 710112000000 160
7809 711819000000 160
7824 713526000000 160
7836 715233000000 160
7866 716940000000 160
7890 718647000000 160
7905 720354000000 160
7920 722061000000 160
7932 723768000000 160
7959 725475000000 160
7974 727182000000 160
7986 728889000000 160
8013 730596000000 160
8040 732303000000 160
8055 734010000000 160
8070 735717000000 160
8085 737424000000 160
8109 739131000000 160
8124 740838000000 160
8139 742545000000 160
8163 744252000000 160
8190 745959000000 160
8205 747666000000 160
8217 749373000000 160
8235 751080000000 160
8262 752787000000 160
8274 754494000000 160
8301 756201000000 160
8316 757908000000 160
8340 759615000000 160
8355 761322000000 160
8370 763029000000 160
8382 764736000000 160
8409 766443000000 160
8424 768150000000 160
8451 769857000000 160
8466 771564000000 160
8490 773271000000 160
8505 774978000000 160
8520 776685000000 160
8532 778392000000 160
8559 780099000000 160
8574 781806000000 160
8598 783513000000 160
8616 785220000000 160
8643 786927000000 160
8655 788634000000 160
8670 790341000000 160
8685 792048000000 160
8709 793755000000 160
8736 795462000000 160
8751 797169000000 160
8763 798876000000 160
8790 800583000000 160
8808 802290000000 160
8820 803997000000 160
8835 805704000000 160
8862 807411000000 160
8886 809118000000 160
8901 810825000000 160
8916 812532000000 160
8928 814239000000 160
8955 815946000000 160
8967 817653000000 160
8985 819360000000 160
9000 821067000000 160
9036 822774000000 160
9051 824481000000 160
9066 826188000000 160
9078 827895000000 160
9105 829602000000 160
9120 831309000000 160
9132 833016000000 160
9159 834723000000 160
9189 836430000000 160
9201 838137000000 160
9216 839844000000 160
9231 841551000000 160
9255 843258000000 160
9270 844965000000 160
9285 846672000000 160
9309 848379000000 160
9336 850086000000 160
9351 851793000000 160
9366 853500000000 160
9381 855207000000 160
9408 856914000000 160
9420 858621000000 160
9435 860328000000 160
9462 862035000000 160
9486 863742000000 160
9501 865449000000 160
9516 867156000000 160
9528 868863000000 160
9558 870570000000 160
9570 872277000000 160
9597 873984000000 160
9612 875691000000 160
9636 877398000000 160
9651 879105000000 160
9666 880812000000 160
9678 882519000000 160
9705 884226000000 160
9720 885933000000 160
9747 887640000000 160
9762 889347000000 160
9789 891054000000 160
9801 892761000000 160
9816 894468000000 160
9831 896175000000 160
9855 897882000000 160
9882 899589000000 160
9897 901296000000 160
9909 903003000000 160
9927 904710000000 160
9954 906417000000 160
9966 908124000000 160
9981 909831000000 160
9996 911538000000 160
10032 913245000000 160
10047 914952000000 160
10062 916659000000 160
10074 918366000000 160
10101 920073000000 160
10116 921780000000 160
10131 923487000000 160
10146 925194000000 160
10182 926901000000 160
10197 928608000000 160
10212 930315000000 160
10224 932022000000 160
10251 933729000000 160
10266 935436000000 160
10278 937143000000 160
10308 938850000000 160
10335 940557000000 160
10347 942264000000 160
10362 943971000000 160
10377 945678000000 160
10401 947385000000 160
10416 949092000000 160
10431 950799000000 160
10455 952506000000 160
10482 954213000000 160
10500 955920000000 160
10512 957627000000 160
10527 959334000000 160
10554 961041000000 160
10566 962748000000 160
10581 964455000000 160
10608 966162000000 160
10632 967869000000 160
10647 969576000000 160
10659 971283000000 160
10677 972990000000 160
10704 974697000000 160
10716 976404000000 160
10743 978111000000 160
10758 979818000000 160
10782 981525000000 160
10797 983232000000 160
10812 984939000000 160
10824 986646000000 160
10851 988353000000 160
10869 990060000000 160
10893 991767000000 160
10908 993474000000 160
10923 995181000000 160
10947 996888000000 160
10962 998595000000 160
