8 1989000000 160
23 3696000000 160
35 5403000000 160
50 7110000000 160
77 10677000000 160
89 11013000000 160
104 12231000000 160
131 15264000000 160
155 19386000000 160
173 20415000000 160
188 21402000000 160
200 21738000000 160
227 25305000000 160
242 26292000000 160
254 26628000000 160
281 30027000000 160
308 33379000000 160
320 33930000000 160
335 34917000000 160
353 35946000000 160
377 38432000000 160
392 39849000000 160
419 41021000000 160
431 43584000000 160
458 46291000000 160
473 47921000000 160
485 48474000000 160
500 49461000000 160
527 51519000000 160
542 53406000000 160
569 56001000000 160
581 57141000000 160
608 59418000000 160
623 61695000000 160
635 62031000000 160
650 63018000000 160
677 65080000000 160
689 66921000000 160
716 70320000000 160
734 71349000000 160
758 72545000000 160
773 75252000000 160
788 76239000000 160
800 76575000000 160
827 78207000000 160
854 81732000000 160
866 83877000000 160
881 84864000000 160
908 86281000000 160
923 88809000000 160
938 89796000000 160
953 90783000000 160
965 91334000000 160
1004 96495000000 160
1019 97868000000 160
1031 98421000000 160
1046 99408000000 160
1073 102541000000 160
1085 103311000000 160
1103 104340000000 160
1115 104676000000 160
1154 110655000000 160
1169 111642000000 160
1181 111978000000 160
1196 112965000000 160
1223 116532000000 160
1235 116868000000 160
1250 117855000000 160
1277 119847000000 160
1304 123997000000 160
1319 125199000000 160
1334 126186000000 160
1346 126522000000 160
1373 129444000000 160
1388 131076000000 160
1400 131412000000 160
1427 134409000000 160
1454 137518000000 160
1466 138714000000 160
1484 139743000000 160
1499 140730000000 160
1523 142571000000 160
1538 144633000000 160
1553 145604000000 160
1577 148368000000 160
1604 150645000000 160
1619 152488000000 160
1631 153258000000 160
1646 154245000000 160
1673 155915000000 160
1688 158190000000 160
1715 160383000000 160
1727 161925000000 160
1754 163772000000 160
1769 166479000000 160
1781 166815000000 160
1796 167802000000 160
1823 169434000000 160
1835 171705000000 160
1865 175146000000 160
1880 176133000000 160
1904 176899000000 160
1919 180036000000 160
1934 181023000000 160
1946 181359000000 160
1961 182346000000 160
2000 186315000000 160
2012 188661000000 160
2027 189648000000 160
2045 190677000000 160
2069 193593000000 160
2084 194580000000 160
2099 195350000000 160
2111 195903000000 160
2150 200877000000 160
2165 202652000000 160
2177 203205000000 160
2192 204192000000 160
2219 207325000000 160
2234 208137000000 160
2249 209124000000 160
2261 209460000000 160
2300 215009000000 160
2315 216426000000 160
2327 216762000000 160
2342 217749000000 160
2369 220671000000 160
2381 221652000000 160
2396 222639000000 160
2426 224271000000 160
2450 228136000000 160
2465 229983000000 160
2480 230970000000 160
2492 231306000000 160
2519 233798000000 160
2534 235860000000 160
2546 236196000000 160
2573 238992000000 160
2600 241872000000 160
2615 243540000000 160
2630 244527000000 160
2645 245297000000 160
2669 246925000000 160
2684 249417000000 160
2699 250187000000 160
2723 253152000000 160
2750 254999000000 160
2765 257272000000 160
2777 258042000000 160
2795 259071000000 160
2819 260052000000 160
2834 262974000000 160
2861 264966000000 160
2873 266709000000 160
2900 268126000000 160
2915 271263000000 160
2927 271599000000 160
2942 272586000000 160
2957 273573000000 160
2984 276531000000 160
3011 279528000000 160
3026 280917000000 160
3038 281253000000 160
3065 284820000000 160
3080 285807000000 160
3092 286143000000 160
3107 287130000000 160
3134 290697000000 160
3158 293445000000 160
3176 294474000000 160
3191 295461000000 160
3215 298377000000 160
3230 299364000000 160
3245 300134000000 160
3257 300687000000 160
3296 305030000000 160
3311 307219000000 160
3323 307989000000 160
3338 308976000000 160
3365 311506000000 160
3380 312921000000 160
3395 313908000000 160
3407 314244000000 160
3446 319363000000 160
3461 321210000000 160
3473 321546000000 160
3488 322533000000 160
3515 325025000000 160
3527 326436000000 160
3545 327465000000 160
3572 328854000000 160
3596 332490000000 160
3611 334767000000 160
3626 335754000000 160
3638 336090000000 160
3665 338152000000 160
3680 340644000000 160
3692 340980000000 160
3719 343374000000 160
3749 346268000000 160
3761 348324000000 160
3776 349311000000 160
3791 350081000000 160
3815 351279000000 160
3830 354201000000 160
3845 354754000000 160
3869 357936000000 160
3896 359138000000 160
3911 362056000000 160
3926 362868000000 160
3941 363855000000 160
3953 364191000000 160
3980 367758000000 160
4007 369348000000 160
4019 371493000000 160
4034 372480000000 160
4061 376047000000 160
4073 376383000000 160
4088 377370000000 160
4106 378399000000 160
4130 381315000000 160
4157 384111000000 160
4172 385701000000 160
4184 386037000000 160
4211 389389000000 160
4226 390591000000 160
4238 390927000000 160
4253 391914000000 160
4280 395051000000 160
4307 398271000000 160
4322 399258000000 160
4337 400028000000 160
4361 402516000000 160
4376 404148000000 160
4391 404918000000 160
4403 405471000000 160
4442 408982000000 160
4457 412003000000 160
4469 412773000000 160
4487 413802000000 160
4511 415643000000 160
4526 417705000000 160
4541 418692000000 160
4553 419028000000 160
4592 423315000000 160
4607 425994000000 160
4619 426330000000 160
4634 427317000000 160
4661 429379000000 160
4676 431262000000 160
4691 432249000000 160
4706 433236000000 160
4742 436844000000 160
4757 439551000000 160
4772 440538000000 160
4784 440874000000 160
4811 442506000000 160
4826 445428000000 160
4838 445764000000 160
4868 447999000000 160
4895 450407000000 160
4907 453108000000 160
4922 454095000000 160
4937 454865000000 160
4949 455418000000 160
4976 458985000000 160
4991 459538000000 160
5015 462519000000 160
5030 463707000000 160
5057 466665000000 160
5072 467652000000 160
5087 468639000000 160
5099 468975000000 160
5126 472542000000 160
5153 473931000000 160
5165 476277000000 160
5180 477264000000 160
5207 480616000000 160
5219 481167000000 160
5237 482196000000 160
5252 483183000000 160
5276 485669000000 160
5303 488493000000 160
5318 490485000000 160
5330 490821000000 160
5357 493743000000 160
5372 495375000000 160
5384 495711000000 160
5399 496698000000 160
5429 499447000000 160
5453 503055000000 160
5468 504042000000 160
5483 504812000000 160
5507 506870000000 160
5522 508932000000 160
5537 509485000000 160
5549 510255000000 160
5588 513135000000 160
5603 516787000000 160
5618 517599000000 160
5633 518586000000 160
5657 519997000000 160
5672 522489000000 160
5687 523476000000 160
5699 523812000000 160
5738 527267000000 160
5753 530778000000 160
5765 531114000000 160
5780 532101000000 160
5810 533560000000 160
5822 536046000000 160
5837 537033000000 160
5852 538020000000 160
5888 540983000000 160
5903 544335000000 160
5918 545322000000 160
5930 545658000000 160
5945 546645000000 160
5972 550212000000 160
5987 550590000000 160
6014 552381000000 160
6029 554759000000 160
6053 557892000000 160
6068 558879000000 160
6083 559649000000 160
6095 560202000000 160
6122 563769000000 160
6137 564322000000 160
6161 567102000000 160
6179 568533000000 160
6203 571234000000 160
6218 572436000000 160
6233 573423000000 160
6245 573759000000 160
6272 576896000000 160
6287 578313000000 160
6311 581061000000 160
6326 582048000000 160
6353 584970000000 160
6368 585993000000 160
6383 586980000000 160
6398 587967000000 160
6422 590023000000 160
6449 593076000000 160
6464 595269000000 160
6476 595605000000 160
6503 598097000000 160
6518 600159000000 160
6530 600495000000 160
6548 601524000000 160
6575 603801000000 160
6599 607638000000 160
6614 608826000000 160
6629 609596000000 160
6653 611224000000 160
6668 613716000000 160
6683 614269000000 160
6695 615039000000 160
6734 616872000000 160
6749 621396000000 160
6764 622383000000 160
6779 623370000000 160
6803 624136000000 160
6818 627273000000 160
6833 628260000000 160
6845 628596000000 160
6884 631205000000 160
6899 635562000000 160
6911 635898000000 160
6929 636927000000 160
6944 637914000000 160
6968 640830000000 160
6983 641817000000 160
6998 642804000000 160
7022 645552000000 160
7049 649119000000 160
7064 650106000000 160
7076 650442000000 160
7091 651429000000 160
7121 655038000000 160
7133 655374000000 160
7160 656964000000 160
7175 659543000000 160
7199 662461000000 160
7214 663663000000 160
7229 664216000000 160
7241 664986000000 160
7268 668123000000 160
7283 669106000000 160
7310 671526000000 160
7325 673317000000 160
7349 675588000000 160
7364 677220000000 160
7379 678207000000 160
7391 678543000000 160
7418 681250000000 160
7433 683097000000 160
7457 685845000000 160
7472 686832000000 160
7502 689366000000 160
7514 690777000000 160
7529 691764000000 160
7544 692751000000 160
7568 694377000000 160
7595 697458000000 160
7610 700053000000 160
7622 700389000000 160
7649 702451000000 160
7664 704943000000 160
7679 705321000000 160
7694 706308000000 160
7721 707723000000 160
7745 712221000000 160
7760 713610000000 160
7775 714380000000 160
7799 715363000000 160
7814 718500000000 160
7829 719053000000 160
7841 719823000000 160
7871 721067000000 160
7895 726180000000 160
7910 727167000000 160
7925 728154000000 160
7937 728490000000 160
7964 732057000000 160
7979 733044000000 160
7991 733380000000 160
8018 735372000000 160
8045 740346000000 160
8060 740724000000 160
8075 741711000000 160
8090 742698000000 160
8114 745614000000 160
8129 746601000000 160
8144 747588000000 160
8168 750135000000 160
8195 753688000000 160
8210 754890000000 160
8222 755226000000 160
8240 756255000000 160
8267 759392000000 160
8279 760158000000 160
8306 761346000000 160
8321 764327000000 160
8345 766815000000 160
8360 768447000000 160
8375 769000000000 160
8387 769770000000 160
8414 772477000000 160
8429 773715000000 160
8456 776109000000 160
8471 778101000000 160
8495 779942000000 160
8510 782004000000 160
8525 782991000000 160
8537 783327000000 160
8564 785604000000 160
8579 787881000000 160
8603 790629000000 160
8621 791658000000 160
8648 793505000000 160
8660 795561000000 160
8675 796548000000 160
8690 797535000000 160
8714 798516000000 160
8741 802041000000 160
8756 804837000000 160
8768 805173000000 160
8795 806590000000 160
8813 809769000000 160
8825 810105000000 160
8840 811092000000 160
8867 812077000000 160
8891 816603000000 160
8906 818394000000 160
8921 818947000000 160
8933 819717000000 160
8960 823284000000 160
8972 823837000000 160
8990 824649000000 160
9005 825636000000 160
9041 830964000000 160
9056 831951000000 160
9071 832938000000 160
9083 833274000000 160
9110 836841000000 160
9125 837828000000 160
9137 838164000000 160
9164 839955000000 160
9194 844957000000 160
9206 845508000000 160
9221 846495000000 160
9236 847482000000 160
9260 849968000000 160
9275 851385000000 160
9290 852372000000 160
9314 854517000000 160
9341 858042000000 160
9356 859674000000 160
9371 860052000000 160
9386 861039000000 160
9413 863529000000 160
9425 864942000000 160
9440 865929000000 160
9467 869111000000 160
9491 871169000000 160
9506 873231000000 160
9521 873784000000 160
9533 874554000000 160
9563 876658000000 160
9575 878499000000 160
9602 880491000000 160
9617 882885000000 160
9641 884081000000 160
9656 886788000000 160
9671 887775000000 160
9683 888111000000 160
9710 889743000000 160
9725 892665000000 160
9752 895254000000 160
9767 896442000000 160
9794 897859000000 160
9806 900345000000 160
9821 901332000000 160
9836 902319000000 160
9860 902870000000 160
9887 906423000000 160
9902 909621000000 160
9914 909957000000 160
9932 910986000000 160
9959 914553000000 160
9971 914889000000 160
9986 915876000000 160
10001 916646000000 160
10037 921186000000 160
10052 923178000000 160
10067 923731000000 160
10079 924501000000 160
10106 928068000000 160
10121 928446000000 160
10136 929433000000 160
10151 930420000000 160
10187 935533000000 160
10202 936735000000 160
10217 937722000000 160
10229 938058000000 160
10256 941195000000 160
10271 942612000000 160
10283 942948000000 160
10313 944379000000 160
10340 949311000000 160
10352 950292000000 160
10367 951279000000 160
10382 952266000000 160
10406 954322000000 160
10421 956169000000 160
10436 957156000000 160
10460 959100000000 160
10487 962396000000 160
10505 964500000000 160
10517 964836000000 160
10532 965823000000 160
10559 967668000000 160
10571 969726000000 160
10586 970713000000 160
10613 973678000000 160
10637 975308000000 160
10652 978015000000 160
10664 978568000000 160
10682 979380000000 160
10709 981012000000 160
10721 983283000000 160
10748 985074000000 160
10763 987669000000 160
10787 988435000000 160
10802 991572000000 160
10817 992559000000 160
10829 992895000000 160
10856 994097000000 160
10874 997491000000 160
10898 999636000000 160
