64 10313000000 1450
145 19022000000 1450
217 24941000000 1450
295 33426000000 1450
367 38834000000 1450
448 47123000000 1450
514 53000000000 1450
598 60680000000 1450
667 66557000000 1450
748 74888000000 1450
817 80114000000 1450
898 88403000000 1450
979 95126000000 1450
1060 101960000000 1450
1144 110291000000 1450
1210 116168000000 1450
1291 124072000000 1450
1363 130061000000 1450
1441 138350000000 1450
1513 143618000000 1450
1594 151907000000 1450
1660 157826000000 1450
1744 165464000000 1450
1813 171341000000 1450
1894 179672000000 1450
1975 184898000000 1450
2059 193229000000 1450
2125 200111000000 1450
2206 206744000000 1450
2290 215327000000 1450
2356 221288000000 1450
2440 228968000000 1450
2509 234845000000 1450
2587 243134000000 1450
2659 248619000000 1450
2740 256691000000 1450
2809 262610000000 1450
2890 270465000000 1450
2971 276125000000 1450
3052 284456000000 1450
3121 289899000000 1450
3205 298013000000 1450
3271 305348000000 1450
3352 312340000000 1450
3436 320195000000 1450
3502 326072000000 1450
3586 334186000000 1450
3655 339629000000 1450
3733 347960000000 1450
3805 353837000000 1450
3886 361475000000 1450
3967 367394000000 1450
4048 375683000000 1450
4120 380951000000 1450
4201 389268000000 1450
4267 395397000000 1450
4351 403133000000 1450
4420 410417000000 1450
4501 417341000000 1450
4582 424979000000 1450
4651 430856000000 1450
4732 439187000000 1450
4801 444413000000 1450
4885 452744000000 1450
4963 458621000000 1450
5044 466259000000 1450
5116 472178000000 1450
5194 480523000000 1450
5266 486015000000 1450
5347 494360000000 1450
5413 500279000000 1450
5497 507917000000 1450
5566 515402000000 1450
5647 522125000000 1450
5728 529763000000 1450
5797 535682000000 1450
5878 543971000000 1450
5959 549197000000 1450
6043 557528000000 1450
6109 563405000000 1450
6193 571141000000 1450
6262 577270000000 1450
6340 585587000000 1450
6412 590855000000 1450
6493 599144000000 1450
6562 605264000000 1450
6643 612701000000 1450
6712 620387000000 1450
6793 626909000000 1450
6874 634764000000 1450
6958 640466000000 1450
7036 648755000000 1450
7105 654198000000 1450
7189 662396000000 1450
7255 668525000000 1450
7339 676422000000 1450
7408 682082000000 1450
7486 690413000000 1450
7558 696073000000 1450
7639 703928000000 1450
7708 710249000000 1450
7789 717919000000 1450
7861 725414000000 1450
7951 731693000000 1450
8032 739982000000 1450
8104 745250000000 1450
8182 753623000000 1450
8254 759794000000 1450
8335 767432000000 1450
8404 773309000000 1450
8485 781640000000 1450
8554 786866000000 1450
8638 795197000000 1450
8704 801074000000 1450
8785 808712000000 1450
8857 815234000000 1450
8947 822920000000 1450
9019 830399000000 1450
9100 836477000000 1450
9178 844920000000 1450
9250 850370000000 1450
9331 858659000000 1450
9400 864578000000 1450
9481 872216000000 1450
9550 878135000000 1450
9631 886424000000 1450
9700 891650000000 1450
9784 899981000000 1450
9850 905858000000 1450
9946 913538000000 1450
10015 920219000000 1450
10093 927704000000 1450
10177 935524000000 1450
10246 941597000000 1450
10327 949928000000 1450
10396 955154000000 1450
10477 963443000000 1450
10546 969362000000 1450
10627 977000000000 1450
10699 982919000000 1450
10777 991208000000 1450
10846 996434000000 1450
