164 20250000000 64
344 35893000000 64
533 53175000000 64
725 71184000000 64
914 88550000000 64
1094 104175000000 64
1295 123308000000 64
1475 139578000000 64
1664 155224000000 64
1856 174485000000 64
2036 190652000000 64
2225 207972000000 64
2417 223811000000 64
2606 243281000000 64
2786 258906000000 64
2975 276272000000 64
3167 294309000000 64
3356 310815000000 64
3536 327300000000 64
3740 346028000000 64
3917 362703000000 64
4097 378234000000 64
4298 398012000000 64
4478 413637000000 64
4667 431003000000 64
4859 447338000000 64
5048 466406000000 64
5228 482031000000 64
5420 499422000000 64
5609 517434000000 64
5801 533086000000 64
5978 550331000000 64
6170 568368000000 64
6359 585734000000 64
6539 601359000000 64
6740 621137000000 64
6920 636762000000 64
7112 655041000000 64
7301 670865000000 64
7493 688677000000 64
7670 705062000000 64
7850 720687000000 64
8051 740465000000 64
8231 756090000000 64
8420 773456000000 64
8612 791493000000 64
8804 809772000000 64
8981 824484000000 64
9185 844268000000 64
9362 859793000000 64
9554 875969000000 64
9743 894392000000 64
9923 910821000000 64
10112 928187000000 64
10304 943812000000 64
10496 964531000000 64
10673 979215000000 64
10865 997326000000 64
