7 1961000000 160
22 3668000000 160
34 5375000000 160
49 7082000000 160
76 10649000000 160
88 10985000000 160
103 12203000000 160
130 15236000000 160
154 19358000000 160
172 20387000000 160
187 21374000000 160
199 21710000000 160
226 25277000000 160
241 26264000000 160
253 26600000000 160
280 29999000000 160
307 33351000000 160
319 33902000000 160
334 34889000000 160
352 35918000000 160
376 38189000000 160
391 39821000000 160
418 40993000000 160
430 43556000000 160
457 46263000000 160
472 47676000000 160
484 48446000000 160
499 49433000000 160
526 51491000000 160
541 53378000000 160
568 55973000000 160
580 57113000000 160
607 59390000000 160
622 61667000000 160
634 62003000000 160
649 62990000000 160
676 65052000000 160
688 66893000000 160
715 70292000000 160
733 71321000000 160
757 72517000000 160
772 75224000000 160
787 76211000000 160
799 76547000000 160
826 78179000000 160
853 81704000000 160
865 83849000000 160
880 84836000000 160
907 86253000000 160
922 88781000000 160
937 89768000000 160
952 90538000000 160
964 91091000000 160
1003 96467000000 160
1018 97840000000 160
1030 98393000000 160
1045 99380000000 160
1072 102513000000 160
1084 103283000000 160
1102 104312000000 160
1114 104648000000 160
1153 110627000000 160
1168 111614000000 160
1180 111950000000 160
1195 112937000000 160
1222 116504000000 160
1234 116840000000 160
1249 117827000000 160
1276 119819000000 160
1303 123754000000 160
1318 125171000000 160
1333 126158000000 160
1345 126494000000 160
1372 129416000000 160
1387 131048000000 160
1399 131384000000 160
1426 134381000000 160
1453 137490000000 160
1465 138686000000 160
1483 139715000000 160
1498 140702000000 160
1522 142543000000 160
1537 144605000000 160
1552 145375000000 160
1576 148340000000 160
1603 150617000000 160
1618 152460000000 160
1630 153230000000 160
1645 154217000000 160
1672 155670000000 160
1687 158162000000 160
1714 160355000000 160
1726 161897000000 160
1753 163744000000 160
1768 166451000000 160
1780 166787000000 160
1795 167774000000 160
1822 169406000000 160
1834 171677000000 160
1864 175118000000 160
1879 176105000000 160
1903 176656000000 160
1918 180008000000 160
1933 180995000000 160
1945 181331000000 160
1960 182318000000 160
1999 186287000000 160
2011 188633000000 160
2026 189620000000 160
2044 190649000000 160
2068 193565000000 160
2083 194552000000 160
2098 195322000000 160
2110 195875000000 160
2149 200849000000 160
2164 202407000000 160
2176 203177000000 160
2191 204164000000 160
2218 207082000000 160
2233 208109000000 160
2248 209096000000 160
2260 209432000000 160
2299 214981000000 160
2314 216398000000 160
2326 216734000000 160
2341 217721000000 160
2368 220643000000 160
2380 221624000000 160
2395 222611000000 160
2425 224243000000 160
2449 228108000000 160
2464 229955000000 160
2479 230942000000 160
2491 231278000000 160
2518 233770000000 160
2533 235832000000 160
2545 236168000000 160
2572 238964000000 160
2599 241844000000 160
2614 243512000000 160
2629 244499000000 160
2644 245269000000 160
2668 246897000000 160
2683 249389000000 160
2698 250159000000 160
2722 253124000000 160
2749 254971000000 160
2764 257244000000 160
2776 258014000000 160
2794 259043000000 160
2818 260024000000 160
2833 262946000000 160
2860 264737000000 160
2872 266681000000 160
2899 267883000000 160
2914 271235000000 160
2926 271571000000 160
2941 272558000000 160
2956 273545000000 160
2983 276503000000 160
3010 279500000000 160
3025 280889000000 160
3037 281225000000 160
3064 284792000000 160
3079 285779000000 160
3091 286115000000 160
3106 287102000000 160
3133 290669000000 160
3157 293417000000 160
3175 294446000000 160
3190 295433000000 160
3214 298134000000 160
3229 299336000000 160
3244 300106000000 160
3256 300659000000 160
3295 305002000000 160
3310 307191000000 160
3322 307961000000 160
3337 308948000000 160
3364 311261000000 160
3379 312893000000 160
3394 313880000000 160
3406 314216000000 160
3445 319134000000 160
3460 321182000000 160
3472 321518000000 160
3487 322505000000 160
3514 324997000000 160
3526 326408000000 160
3544 327437000000 160
3571 328826000000 160
3595 332462000000 160
3610 334739000000 160
3625 335726000000 160
3637 336062000000 160
3664 338124000000 160
3679 340616000000 160
3691 340952000000 160
3718 343346000000 160
3748 346240000000 160
3760 348296000000 160
3775 349283000000 160
3790 350053000000 160
3814 351036000000 160
3829 354173000000 160
3844 354726000000 160
3868 357908000000 160
3895 359110000000 160
3910 362028000000 160
3925 362840000000 160
3940 363827000000 160
3952 364163000000 160
3979 367730000000 160
4006 369320000000 160
4018 371465000000 160
4033 372452000000 160
4060 376019000000 160
4072 376355000000 160
4087 377342000000 160
4105 378371000000 160
4129 381287000000 160
4156 384083000000 160
4171 385673000000 160
4183 386009000000 160
4210 389361000000 160
4225 390563000000 160
4237 390899000000 160
4252 391886000000 160
4279 395023000000 160
4306 398243000000 160
4321 399230000000 160
4336 400000000000 160
4360 402488000000 160
4375 404120000000 160
4390 404890000000 160
4402 405443000000 160
4441 408954000000 160
4456 411975000000 160
4468 412745000000 160
4486 413774000000 160
4510 415615000000 160
4525 417677000000 160
4540 418664000000 160
4552 419000000000 160
4591 423287000000 160
4606 425966000000 160
4618 426302000000 160
4633 427289000000 160
4660 429351000000 160
4675 431234000000 160
4690 432221000000 160
4705 433208000000 160
4741 436601000000 160
4756 439523000000 160
4771 440510000000 160
4783 440846000000 160
4810 442263000000 160
4825 445400000000 160
4837 445736000000 160
4867 447971000000 160
4894 450379000000 160
4906 453080000000 160
4921 454067000000 160
4936 454837000000 160
4948 455390000000 160
4975 458957000000 160
4990 459510000000 160
5014 462491000000 160
5029 463679000000 160
5056 466637000000 160
5071 467624000000 160
5086 468611000000 160
5098 468947000000 160
5125 472514000000 160
5152 473702000000 160
5164 476249000000 160
5179 477236000000 160
5206 480588000000 160
5218 481139000000 160
5236 482168000000 160
5251 483155000000 160
5275 485641000000 160
5302 488465000000 160
5317 490457000000 160
5329 490793000000 160
5356 493715000000 160
5371 495347000000 160
5383 495683000000 160
5398 496670000000 160
5428 499419000000 160
5452 503027000000 160
5467 504014000000 160
5482 504784000000 160
5506 506842000000 160
5521 508904000000 160
5536 509457000000 160
5548 510227000000 160
5587 513107000000 160
5602 516759000000 160
5617 517571000000 160
5632 518558000000 160
5656 519969000000 160
5671 522461000000 160
5686 523448000000 160
5698 523784000000 160
5737 527024000000 160
5752 530750000000 160
5764 531086000000 160
5779 532073000000 160
5809 533532000000 160
5821 536018000000 160
5836 537005000000 160
5851 537992000000 160
5887 540955000000 160
5902 544307000000 160
5917 545294000000 160
5929 545630000000 160
5944 546617000000 160
5971 550184000000 160
5986 550562000000 160
6013 552353000000 160
6028 554731000000 160
6052 557864000000 160
6067 558851000000 160
6082 559621000000 160
6094 560174000000 160
6121 563741000000 160
6136 564294000000 160
6160 567074000000 160
6178 568505000000 160
6202 571206000000 160
6217 572408000000 160
6232 573395000000 160
6244 573731000000 160
6271 576868000000 160
6286 578285000000 160
6310 581033000000 160
6325 582020000000 160
6352 584942000000 160
6367 585965000000 160
6382 586952000000 160
6397 587939000000 160
6421 589995000000 160
6448 592847000000 160
6463 595241000000 160
6475 595577000000 160
6502 598069000000 160
6517 600131000000 160
6529 600467000000 160
6547 601496000000 160
6574 603556000000 160
6598 607610000000 160
6613 608798000000 160
6628 609568000000 160
6652 610981000000 160
6667 613688000000 160
6682 614241000000 160
6694 615011000000 160
6733 616844000000 160
6748 621368000000 160
6763 622355000000 160
6778 623342000000 160
6802 624108000000 160
6817 627245000000 160
6832 628232000000 160
6844 628568000000 160
6883 631177000000 160
6898 635534000000 160
6910 635870000000 160
6928 636899000000 160
6943 637886000000 160
6967 640802000000 160
6982 641789000000 160
6997 642776000000 160
7021 645524000000 160
7048 649091000000 160
7063 650078000000 160
7075 650414000000 160
7090 651401000000 160
7120 654996000000 160
7132 655346000000 160
7159 656936000000 160
7174 659515000000 160
7198 662433000000 160
7213 663635000000 160
7228 664188000000 160
7240 664958000000 160
7267 668095000000 160
7282 669078000000 160
7309 671498000000 160
7324 673289000000 160
7348 675560000000 160
7363 677192000000 160
7378 678179000000 160
7390 678515000000 160
7417 681222000000 160
7432 683069000000 160
7456 685817000000 160
7471 686804000000 160
7501 689338000000 160
7513 690749000000 160
7528 691736000000 160
7543 692723000000 160
7567 694349000000 160
7594 697430000000 160
7609 700025000000 160
7621 700361000000 160
7648 702208000000 160
7663 704915000000 160
7678 705293000000 160
7693 706280000000 160
7720 707695000000 160
7744 712193000000 160
7759 713582000000 160
7774 714135000000 160
7798 715335000000 160
7813 718472000000 160
7828 719025000000 160
7840 719795000000 160
7870 721039000000 160
7894 726152000000 160
7909 727139000000 160
7924 728126000000 160
7936 728462000000 160
7963 732029000000 160
7978 733016000000 160
7990 733352000000 160
8017 735344000000 160
8044 740318000000 160
8059 740696000000 160
8074 741683000000 160
8089 742670000000 160
8113 745586000000 160
8128 746573000000 160
8143 747560000000 160
8167 750107000000 160
8194 753660000000 160
8209 754862000000 160
8221 755198000000 160
8239 756227000000 160
8266 759147000000 160
8278 760130000000 160
8305 761318000000 160
8320 764299000000 160
8344 766787000000 160
8359 768419000000 160
8374 768972000000 160
8386 769742000000 160
8413 772449000000 160
8428 773687000000 160
8455 776081000000 160
8470 778073000000 160
8494 779914000000 160
8509 781976000000 160
8524 782963000000 160
8536 783299000000 160
8563 785361000000 160
8578 787853000000 160
8602 790601000000 160
8620 791630000000 160
8647 793477000000 160
8659 795533000000 160
8674 796520000000 160
8689 797507000000 160
8713 798488000000 160
8740 801812000000 160
8755 804809000000 160
8767 805145000000 160
8794 806562000000 160
8812 809727000000 160
8824 810077000000 160
8839 811064000000 160
8866 812049000000 160
8890 816575000000 160
8905 818366000000 160
8920 818919000000 160
8932 819689000000 160
8959 823256000000 160
8971 823592000000 160
8989 824621000000 160
9004 825608000000 160
9040 830936000000 160
9055 831923000000 160
9070 832910000000 160
9082 833246000000 160
9109 836813000000 160
9124 837800000000 160
9136 838136000000 160
9163 839927000000 160
9193 844929000000 160
9205 845480000000 160
9220 846467000000 160
9235 847454000000 160
9259 849940000000 160
9274 851357000000 160
9289 852344000000 160
9313 854489000000 160
9340 858014000000 160
9355 859646000000 160
9370 860024000000 160
9385 861011000000 160
9412 863501000000 160
9424 864914000000 160
9439 865901000000 160
9466 868866000000 160
9490 870926000000 160
9505 873203000000 160
9520 873756000000 160
9532 874526000000 160
9562 876630000000 160
9574 878471000000 160
9601 880463000000 160
9616 882857000000 160
9640 884053000000 160
9655 886760000000 160
9670 887747000000 160
9682 888083000000 160
9709 889715000000 160
9724 892637000000 160
9751 895226000000 160
9766 896414000000 160
9793 897831000000 160
9805 900317000000 160
9820 901304000000 160
9835 902291000000 160
9859 902842000000 160
9886 906395000000 160
9901 909593000000 160
9913 909929000000 160
9931 910958000000 160
9958 914308000000 160
9970 914861000000 160
9985 915848000000 160
10000 916618000000 160
10036 920957000000 160
10051 923150000000 160
10066 923703000000 160
10078 924473000000 160
10105 928040000000 160
10120 928418000000 160
10135 929405000000 160
10150 930392000000 160
10186 935505000000 160
10201 936707000000 160
10216 937694000000 160
10228 938030000000 160
10255 941167000000 160
10270 942584000000 160
10282 942920000000 160
10312 944351000000 160
10339 949283000000 160
10351 950264000000 160
10366 951251000000 160
10381 952238000000 160
10405 954294000000 160
10420 956141000000 160
10435 957128000000 160
10459 959072000000 160
10486 962153000000 160
10504 964444000000 160
10516 964808000000 160
10531 965795000000 160
10558 967640000000 160
10570 969698000000 160
10585 970685000000 160
10612 973650000000 160
10636 975280000000 160
10651 977987000000 160
10663 978323000000 160
10681 979352000000 160
10708 980984000000 160
10720 983255000000 160
10747 985046000000 160
10762 987641000000 160
10786 988407000000 160
10801 991544000000 160
10816 992531000000 160
10828 992867000000 160
10855 994069000000 160
10873 997463000000 160
10897 999608000000 160
