120 16463000000 1358
270 29469000000 1358
408 43026000000 1358
558 56583000000 1358
705 69762000000 1358
843 83319000000 1358
993 96876000000 1358
1131 109237000000 1358
1266 121247000000 1358
1416 134309000000 1358
1566 147810000000 1358
1704 161367000000 1358
1851 174546000000 1358
1989 188103000000 1358
2139 201660000000 1358
2277 213806000000 1358
2412 225858000000 1358
2562 239373000000 1358
2712 252594000000 1358
2850 266151000000 1358
3000 279456000000 1358
3147 292887000000 1358
3285 306444000000 1358
3423 318375000000 1358
3561 330642000000 1358
3708 344157000000 1358
3858 357378000000 1358
3996 370935000000 1358
4146 384492000000 1358
4293 397671000000 1358
4431 411228000000 1358
4569 423084000000 1358
4719 435426000000 1358
4854 448983000000 1358
5004 462162000000 1358
5142 475719000000 1358
5292 489276000000 1358
5442 502497000000 1358
5577 516012000000 1358
5715 528064000000 1358
5865 540210000000 1358
6003 553767000000 1358
6150 567114000000 1358
6300 580503000000 1358
6438 594060000000 1358
6588 607281000000 1358
6723 620581000000 1358
6861 632633000000 1358
7011 644994000000 1358
7149 658551000000 1358
7296 672108000000 1358
7446 685287000000 1358
7584 698844000000 1358
7734 712261000000 1358
7884 725192000000 1358
8007 737202000000 1358
8157 749778000000 1358
8295 763335000000 1358
8445 776892000000 1358
8592 790071000000 1358
8730 803628000000 1358
8880 817185000000 1358
9030 829761000000 1358
9153 841771000000 1358
9303 854814000000 1358
9453 868119000000 1358
9591 881676000000 1358
9738 894897000000 1358
9876 908412000000 1358
10026 921969000000 1358
10164 934330000000 1358
10299 946382000000 1358
10449 959682000000 1358
10599 972903000000 1358
10737 986460000000 1358
10887 999961000000 1358
