59 8587000000 1450
140 17947000000 1450
212 23866000000 1450
290 31504000000 1450
362 37423000000 1450
443 45712000000 1450
509 50938000000 1450
593 59353000000 1450
662 65482000000 1450
743 73162000000 1450
812 79039000000 1450
893 87328000000 1450
974 92596000000 1450
1055 100885000000 1450
1139 108211000000 1450
1205 114442000000 1450
1286 122731000000 1450
1358 128650000000 1450
1436 136505000000 1450
1508 142207000000 1450
1589 150608000000 1450
1655 156317000000 1450
1739 164389000000 1450
1808 170266000000 1450
1889 178380000000 1450
1970 183823000000 1450
2054 192154000000 1450
2120 197814000000 1450
2201 205669000000 1450
2285 213196000000 1450
2351 219660000000 1450
2435 227557000000 1450
2504 233434000000 1450
2582 241835000000 1450
2654 247327000000 1450
2735 255616000000 1450
2804 261535000000 1450
2885 269173000000 1450
2966 275050000000 1450
3047 283381000000 1450
3116 288607000000 1450
3200 296938000000 1450
3266 303016000000 1450
3347 310453000000 1450
3431 318181000000 1450
3497 324661000000 1450
3581 332481000000 1450
3650 338554000000 1450
3728 346885000000 1450
3800 352111000000 1450
3881 360400000000 1450
3962 366319000000 1450
4043 373957000000 1450
4115 379876000000 1450
4196 388165000000 1450
4262 393391000000 1450
4346 401722000000 1450
4415 408001000000 1450
4496 415279000000 1450
4577 423334000000 1450
4646 429781000000 1450
4727 437461000000 1450
4796 443338000000 1450
4880 451669000000 1450
4958 456895000000 1450
5039 465184000000 1450
5111 471103000000 1450
5189 478741000000 1450
5261 484660000000 1450
5342 492949000000 1450
5408 498175000000 1450
5492 506506000000 1450
5561 513154000000 1450
5642 520616000000 1450
5723 528487000000 1450
5792 534607000000 1450
5873 542462000000 1450
5954 548122000000 1450
6038 556453000000 1450
6104 562113000000 1450
6188 570010000000 1450
6257 575887000000 1450
6335 583959000000 1450
6407 589444000000 1450
6488 597733000000 1450
6557 603631000000 1450
6638 611626000000 1450
6707 618307000000 1450
6788 625834000000 1450
6869 633271000000 1450
6953 639391000000 1450
7031 647680000000 1450
7100 652906000000 1450
7184 661237000000 1450
7250 667114000000 1450
7334 674794000000 1450
7403 680671000000 1450
7481 689002000000 1450
7553 694424000000 1450
7634 702853000000 1450
7703 708772000000 1450
7784 716410000000 1450
7856 723133000000 1450
7946 730618000000 1450
8027 738256000000 1450
8099 744175000000 1450
8177 752464000000 1450
8249 757732000000 1450
8330 766021000000 1450
8399 771898000000 1450
8480 779578000000 1450
8549 785679000000 1450
8633 794122000000 1450
8699 799348000000 1450
8780 807637000000 1450
8852 813556000000 1450
8942 821194000000 1450
9014 828118000000 1450
9095 835402000000 1450
9173 843040000000 1450
9245 848959000000 1450
9326 857248000000 1450
9395 862516000000 1450
9476 870805000000 1450
9545 876976000000 1450
9626 884915000000 1450
9695 890575000000 1450
9779 898906000000 1450
9845 904349000000 1450
9941 912463000000 1450
10010 918340000000 1450
10088 926195000000 1450
10172 933103000000 1450
10241 940186000000 1450
10322 948300000000 1450
10391 953743000000 1450
10472 962032000000 1450
10541 967986000000 1450
10622 975925000000 1450
10694 981844000000 1450
10772 990133000000 1450
10841 995359000000 1450
