0 1765000000 160
15 3472000000 160
27 5179000000 160
42 6886000000 160
69 10453000000 160
81 10789000000 160
96 12007000000 160
123 14839000000 160
147 19162000000 160
165 20177000000 160
180 21178000000 160
192 21514000000 160
219 24866000000 160
234 26068000000 160
246 26404000000 160
273 29602000000 160
300 32940000000 160
312 33706000000 160
327 34693000000 160
345 35463000000 160
369 37993000000 160
384 39625000000 160
411 40379000000 160
423 43360000000 160
450 45852000000 160
465 47480000000 160
477 48250000000 160
492 49237000000 160
519 50863000000 160
534 53168000000 160
561 55576000000 160
573 56917000000 160
600 58979000000 160
615 61471000000 160
627 61807000000 160
642 62794000000 160
669 64641000000 160
681 66697000000 160
708 70096000000 160
726 71125000000 160
750 72106000000 160
765 75028000000 160
780 76015000000 160
792 76351000000 160
819 77768000000 160
846 81307000000 160
858 83653000000 160
873 84640000000 160
900 85625000000 160
915 88585000000 160
930 89572000000 160
945 90342000000 160
957 90895000000 160
996 96070000000 160
1011 97427000000 160
1023 98197000000 160
1038 99184000000 160
1065 102100000000 160
1077 103087000000 160
1095 104116000000 160
1107 104452000000 160
1146 110431000000 160
1161 111418000000 160
1173 111754000000 160
1188 112741000000 160
1215 116093000000 160
1227 116644000000 160
1242 117631000000 160
1269 119422000000 160
1296 123558000000 160
1311 124975000000 160
1326 125962000000 160
1338 126298000000 160
1365 129005000000 160
1380 130852000000 160
1392 131188000000 160
1419 133984000000 160
1446 136862000000 160
1458 138490000000 160
1476 139519000000 160
1491 140289000000 160
1515 142132000000 160
1530 144409000000 160
1545 144962000000 160
1569 148144000000 160
1596 150206000000 160
1611 152047000000 160
1623 153034000000 160
1638 154021000000 160
1665 155259000000 160
1680 157966000000 160
1707 159958000000 160
1719 161701000000 160
1746 163333000000 160
1761 166255000000 160
1773 166591000000 160
1788 167578000000 160
1815 168995000000 160
1827 171481000000 160
1857 174721000000 160
1872 175909000000 160
1896 176460000000 160
1911 179812000000 160
1926 180799000000 160
1938 181135000000 160
1953 182122000000 160
1992 185890000000 160
2004 188437000000 160
2019 189424000000 160
2037 190194000000 160
2061 193369000000 160
2076 194356000000 160
2091 194909000000 160
2103 195679000000 160
2142 200452000000 160
2157 202211000000 160
2169 202981000000 160
2184 203968000000 160
2211 206669000000 160
2226 207913000000 160
2241 208900000000 160
2253 209236000000 160
2292 214570000000 160
2307 216202000000 160
2319 216538000000 160
2334 217525000000 160
2361 220232000000 160
2373 221428000000 160
2388 222415000000 160
2418 223846000000 160
2442 227697000000 160
2457 229759000000 160
2472 230746000000 160
2484 231082000000 160
2511 233359000000 160
2526 235636000000 160
2538 235972000000 160
2565 238567000000 160
2592 241216000000 160
2607 243316000000 160
2622 244303000000 160
2637 244856000000 160
2661 246486000000 160
2676 249193000000 160
2691 249746000000 160
2715 252928000000 160
2742 254560000000 160
2757 256831000000 160
2769 257818000000 160
2787 258847000000 160
2811 259613000000 160
2826 262750000000 160
2853 264541000000 160
2865 266485000000 160
2892 267687000000 160
2907 271039000000 160
2919 271375000000 160
2934 272362000000 160
2949 273349000000 160
2976 276307000000 160
3003 279103000000 160
3018 280693000000 160
3030 281029000000 160
3057 284596000000 160
3072 285583000000 160
3084 285919000000 160
3099 286906000000 160
3126 290256000000 160
3150 293221000000 160
3168 294250000000 160
3183 295020000000 160
3207 297938000000 160
3222 299140000000 160
3237 299693000000 160
3249 300463000000 160
3288 304390000000 160
3303 306778000000 160
3315 307765000000 160
3330 308752000000 160
3357 310850000000 160
3372 312697000000 160
3387 313684000000 160
3399 314020000000 160
3438 318522000000 160
3453 320986000000 160
3465 321322000000 160
3480 322309000000 160
3507 324586000000 160
3519 326212000000 160
3537 327241000000 160
3564 328429000000 160
3588 332051000000 160
3603 334543000000 160
3618 335530000000 160
3630 335866000000 160
3657 337713000000 160
3672 340420000000 160
3684 340756000000 160
3711 342949000000 160
3741 345570000000 160
3753 348100000000 160
3768 349087000000 160
3783 349640000000 160
3807 350840000000 160
3822 353977000000 160
3837 354313000000 160
3861 357712000000 160
3888 358699000000 160
3903 361615000000 160
3918 362644000000 160
3933 363631000000 160
3945 363967000000 160
3972 367534000000 160
3999 368923000000 160
4011 371269000000 160
4026 372256000000 160
4053 375823000000 160
4065 376159000000 160
4080 377146000000 160
4098 378175000000 160
4122 381091000000 160
4149 383686000000 160
4164 385477000000 160
4176 385813000000 160
4203 388950000000 160
4218 390367000000 160
4230 390703000000 160
4245 391690000000 160
4272 394395000000 160
4299 398047000000 160
4314 399034000000 160
4329 399587000000 160
4353 402077000000 160
4368 403924000000 160
4383 404477000000 160
4395 405247000000 160
4434 408342000000 160
4449 411562000000 160
4461 412549000000 160
4479 413578000000 160
4503 415204000000 160
4518 417481000000 160
4533 418468000000 160
4545 418804000000 160
4584 422675000000 160
4599 425770000000 160
4611 426106000000 160
4626 427093000000 160
4653 428940000000 160
4668 431038000000 160
4683 432025000000 160
4698 433012000000 160
4734 436405000000 160
4749 439327000000 160
4764 440314000000 160
4776 440650000000 160
4803 441852000000 160
4818 444987000000 160
4830 445540000000 160
4860 447574000000 160
4887 449751000000 160
4899 452884000000 160
4914 453871000000 160
4929 454424000000 160
4941 455194000000 160
4968 458761000000 160
4983 459097000000 160
5007 462094000000 160
5022 463483000000 160
5049 466441000000 160
5064 467428000000 160
5079 468415000000 160
5091 468751000000 160
5118 472103000000 160
5145 473305000000 160
5157 476053000000 160
5172 477040000000 160
5199 480177000000 160
5211 480943000000 160
5229 481972000000 160
5244 482959000000 160
5268 485230000000 160
5295 488068000000 160
5310 490261000000 160
5322 490597000000 160
5349 493304000000 160
5364 495151000000 160
5376 495487000000 160
5391 496474000000 160
5421 498749000000 160
5445 502831000000 160
5460 503818000000 160
5475 504371000000 160
5499 506431000000 160
5514 508708000000 160
5529 509044000000 160
5541 510031000000 160
5580 512495000000 160
5595 516346000000 160
5610 517375000000 160
5625 518362000000 160
5649 519558000000 160
5664 522265000000 160
5679 523252000000 160
5691 523588000000 160
5730 526627000000 160
5745 530554000000 160
5757 530890000000 160
5772 531877000000 160
5802 533121000000 160
5814 535822000000 160
5829 536809000000 160
5844 537796000000 160
5880 540544000000 160
5895 544111000000 160
5910 545098000000 160
5922 545434000000 160
5937 546421000000 160
5964 549771000000 160
5979 550366000000 160
6006 551956000000 160
6021 554318000000 160
6045 557668000000 160
6060 558655000000 160
6075 559208000000 160
6087 559978000000 160
6114 563330000000 160
6129 563881000000 160
6153 566677000000 160
6171 568309000000 160
6195 570795000000 160
6210 572212000000 160
6225 573199000000 160
6237 573535000000 160
6264 576457000000 160
6279 578089000000 160
6303 580837000000 160
6318 581824000000 160
6345 584531000000 160
6360 585769000000 160
6375 586756000000 160
6390 587743000000 160
6414 589584000000 160
6441 592651000000 160
6456 595045000000 160
6468 595381000000 160
6495 597658000000 160
6510 599718000000 160
6522 600271000000 160
6540 601300000000 160
6567 603145000000 160
6591 607213000000 160
6606 608602000000 160
6621 609155000000 160
6645 610785000000 160
6660 613492000000 160
6675 613828000000 160
6687 614815000000 160
6726 616232000000 160
6741 621172000000 160
6756 622159000000 160
6771 623146000000 160
6795 623697000000 160
6810 627049000000 160
6825 628036000000 160
6837 628372000000 160
6876 630565000000 160
6891 635338000000 160
6903 635674000000 160
6921 636703000000 160
6936 637690000000 160
6960 640606000000 160
6975 641593000000 160
6990 642580000000 160
7014 645127000000 160
7041 648895000000 160
7056 649882000000 160
7068 650218000000 160
7083 651205000000 160
7113 654340000000 160
7125 655150000000 160
7152 656539000000 160
7167 659102000000 160
7191 662022000000 160
7206 663439000000 160
7221 663775000000 160
7233 664762000000 160
7260 667684000000 160
7275 668665000000 160
7302 671101000000 160
7317 673093000000 160
7341 675149000000 160
7356 676996000000 160
7371 677983000000 160
7383 678319000000 160
7410 680811000000 160
7425 682873000000 160
7449 685621000000 160
7464 686608000000 160
7494 688927000000 160
7506 690553000000 160
7521 691540000000 160
7536 692527000000 160
7560 693938000000 160
7587 697033000000 160
7602 699829000000 160
7614 700165000000 160
7641 701797000000 160
7656 704502000000 160
7671 705097000000 160
7686 706084000000 160
7713 707067000000 160
7737 711796000000 160
7752 713386000000 160
7767 713939000000 160
7791 714924000000 160
7806 718276000000 160
7821 718612000000 160
7833 719599000000 160
7863 720628000000 160
7887 725956000000 160
7902 726943000000 160
7917 727930000000 160
7929 728266000000 160
7956 731833000000 160
7971 732820000000 160
7983 733156000000 160
8010 734947000000 160
8037 740122000000 160
8052 740500000000 160
8067 741487000000 160
8082 742474000000 160
8106 745175000000 160
8121 746377000000 160
8136 747364000000 160
8160 749710000000 160
8187 753249000000 160
8202 754449000000 160
8214 755002000000 160
8232 756031000000 160
8259 758736000000 160
8271 759934000000 160
8298 760921000000 160
8313 763886000000 160
8337 766376000000 160
8352 768223000000 160
8367 768559000000 160
8379 769546000000 160
8406 772038000000 160
8421 773491000000 160
8448 775684000000 160
8463 777877000000 160
8487 779503000000 160
8502 781780000000 160
8517 782767000000 160
8529 783103000000 160
8556 785165000000 160
8571 787657000000 160
8595 790204000000 160
8613 791434000000 160
8640 793066000000 160
8652 795337000000 160
8667 796324000000 160
8682 797311000000 160
8706 798077000000 160
8733 801415000000 160
8748 804613000000 160
8760 804949000000 160
8787 806151000000 160
8805 809286000000 160
8817 809881000000 160
8832 810868000000 160
8859 811421000000 160
8883 816178000000 160
8898 818170000000 160
8913 818506000000 160
8925 819493000000 160
8952 823060000000 160
8964 823396000000 160
8982 824425000000 160
8997 825412000000 160
9033 830740000000 160
9048 831727000000 160
9063 832714000000 160
9075 833050000000 160
9102 836402000000 160
9117 837604000000 160
9129 837940000000 160
9156 839530000000 160
9186 844518000000 160
9198 845284000000 160
9213 846271000000 160
9228 847258000000 160
9252 849529000000 160
9267 851161000000 160
9282 852148000000 160
9306 854092000000 160
9333 857603000000 160
9348 859233000000 160
9363 859828000000 160
9378 860815000000 160
9405 862873000000 160
9417 864718000000 160
9432 865705000000 160
9459 868670000000 160
9483 870730000000 160
9498 873007000000 160
9513 873343000000 160
9525 874330000000 160
9555 876219000000 160
9567 878275000000 160
9594 880066000000 160
9609 882661000000 160
9633 883642000000 160
9648 886564000000 160
9663 887551000000 160
9675 887887000000 160
9702 889304000000 160
9717 892441000000 160
9744 894829000000 160
9759 896218000000 160
9786 897420000000 160
9798 900121000000 160
9813 901108000000 160
9828 902095000000 160
9852 902431000000 160
9879 905998000000 160
9894 909180000000 160
9906 909733000000 160
9924 910762000000 160
9951 914112000000 160
9963 914665000000 160
9978 915652000000 160
9993 916205000000 160
10029 920761000000 160
10044 922954000000 160
10059 923290000000 160
10071 924277000000 160
10098 927629000000 160
10113 928222000000 160
10128 929209000000 160
10143 930196000000 160
10179 934893000000 160
10194 936511000000 160
10209 937498000000 160
10221 937834000000 160
10248 940756000000 160
10263 942388000000 160
10275 942724000000 160
10305 943954000000 160
10332 948872000000 160
10344 950068000000 160
10359 951055000000 160
10374 952042000000 160
10398 953883000000 160
10413 955945000000 160
10428 956715000000 160
10452 958675000000 160
10479 961957000000 160
10497 964017000000 160
10509 964612000000 160
10524 965599000000 160
10551 967012000000 160
10563 969502000000 160
10578 970489000000 160
10605 973237000000 160
10629 974869000000 160
10644 977791000000 160
10656 978127000000 160
10674 979156000000 160
10701 980573000000 160
10713 983059000000 160
10740 984649000000 160
10755 987445000000 160
10779 987996000000 160
10794 991348000000 160
10809 992335000000 160
10821 992671000000 160
10848 993658000000 160
10866 997267000000 160
10890 999211000000 160
