112 13870000000 1358
262 27644000000 1358
400 40977000000 1358
550 54422000000 1358
697 67937000000 1358
835 81158000000 1358
985 93855000000 1358
1123 105907000000 1358
1258 119088000000 1358
1408 132645000000 1358
1558 146202000000 1358
1696 159423000000 1358
1843 172938000000 1358
1981 186327000000 1358
2131 198641000000 1358
2269 210693000000 1358
2404 223872000000 1358
2554 237429000000 1358
2704 250986000000 1358
2842 264207000000 1358
2992 277764000000 1358
3139 291279000000 1358
3277 303210000000 1358
3415 315477000000 1358
3553 328894000000 1358
3700 342213000000 1358
3850 355770000000 1358
3988 368991000000 1358
4138 382548000000 1358
4285 396063000000 1358
4423 407779000000 1358
4561 420261000000 1358
4711 433818000000 1358
4846 446997000000 1358
4996 460554000000 1358
5134 473999000000 1358
5284 487332000000 1358
5434 500889000000 1358
5569 512348000000 1358
5707 525045000000 1358
5857 538602000000 1358
5995 551823000000 1358
6142 565338000000 1358
6292 578895000000 1358
6430 592116000000 1358
6580 605458000000 1358
6715 617384000000 1358
6853 629829000000 1358
7003 643386000000 1358
7141 656607000000 1358
7288 670122000000 1358
7438 683679000000 1358
7576 696900000000 1358
7726 710027000000 1358
7876 722079000000 1358
7999 734613000000 1358
8149 748170000000 1358
8287 761699000000 1358
8437 774948000000 1358
8584 788463000000 1358
8722 801712000000 1358
8872 814596000000 1358
9022 826648000000 1358
9145 839397000000 1358
9295 852954000000 1358
9445 866511000000 1358
9583 879732000000 1358
9730 893247000000 1358
9868 906804000000 1358
10018 919165000000 1358
10156 931217000000 1358
10291 944279000000 1358
10441 957738000000 1358
10591 971295000000 1358
10729 984516000000 1358
10879 998073000000 1358
