13 3278000000 1464
40 6026000000 1464
67 9668000000 1464
94 11636000000 1464
109 14096000000 1464
160 20009000000 1464
178 21038000000 1464
205 22576000000 1464
232 25928000000 1464
259 27452000000 1464
298 32370000000 1464
325 34553000000 1464
340 35540000000 1464
382 39485000000 1464
397 40729000000 1464
436 44422000000 1464
463 47998000000 1464
490 49097000000 1464
517 52140000000 1464
547 54230000000 1464
586 57764000000 1464
613 61331000000 1464
640 62654000000 1464
655 63641000000 1464
694 67745000000 1464
721 70943000000 1464
763 74028000000 1464
778 75875000000 1464
805 77198000000 1464
832 80966000000 1464
871 84500000000 1464
886 85487000000 1464
928 89432000000 1464
943 90419000000 1464
982 93448000000 1464
1009 97889000000 1464
1036 99044000000 1464
1063 102947000000 1464
1090 103934000000 1464
1120 105299000000 1464
1159 111278000000 1464
1186 112601000000 1464
1213 115093000000 1464
1240 117491000000 1464
1255 118478000000 1464
1309 124835000000 1464
1324 125822000000 1464
1351 127145000000 1464
1378 130712000000 1464
1405 132035000000 1464
1444 136724000000 1464
1471 139337000000 1464
1489 140366000000 1464
1528 144269000000 1464
1543 145368000000 1464
1582 148991000000 1464
1609 152838000000 1464
1636 153881000000 1464
1678 156536000000 1464
1693 158813000000 1464
1732 162548000000 1464
1759 166115000000 1464
1786 167438000000 1464
1801 168425000000 1464
1840 172328000000 1464
1870 175769000000 1464
1909 178167000000 1464
1924 180659000000 1464
1951 181982000000 1464
1978 185549000000 1464
2017 189284000000 1464
2032 190271000000 1464
2074 194216000000 1464
2089 195259000000 1464
2128 197601000000 1464
2155 202729000000 1464
2182 203828000000 1464
2209 207731000000 1464
2239 208760000000 1464
2266 210083000000 1464
2305 216062000000 1464
2332 217385000000 1464
2359 219447000000 1464
2386 222275000000 1464
2401 223262000000 1464
2455 229619000000 1464
2470 230606000000 1464
2497 231929000000 1464
2524 235496000000 1464
2551 236819000000 1464
2590 241078000000 1464
2620 244163000000 1464
2635 245178000000 1464
2674 248838000000 1464
2689 250208000000 1464
2728 253775000000 1464
2755 257678000000 1464
2782 258665000000 1464
2824 260890000000 1464
2839 263597000000 1464
2878 267332000000 1464
2905 270684000000 1464
2932 272222000000 1464
2947 273209000000 1464
2989 277154000000 1464
3016 280553000000 1464
3055 282521000000 1464
3070 285443000000 1464
3097 286766000000 1464
3124 290118000000 1464
3163 294068000000 1464
3181 295097000000 1464
3220 299000000000 1464
3235 300127000000 1464
3274 301955000000 1464
3301 307569000000 1464
3328 308612000000 1464
3370 312127000000 1464
3385 313544000000 1464
3412 314867000000 1464
3451 320846000000 1464
3478 322169000000 1464
3505 323801000000 1464
3532 327059000000 1464
3550 328088000000 1464
3601 333973000000 1464
3616 335390000000 1464
3643 336713000000 1464
3670 340280000000 1464
3697 341603000000 1464
3736 345432000000 1464
3766 348947000000 1464
3781 350018000000 1464
3820 353192000000 1464
3835 355076000000 1464
3874 358559000000 1464
3901 362462000000 1464
3931 363491000000 1464
3970 365244000000 1464
3985 368381000000 1464
4024 372116000000 1464
4051 375038000000 1464
4078 377006000000 1464
4093 377993000000 1464
4135 381938000000 1464
4162 385337000000 1464
4189 386875000000 1464
4216 390227000000 1464
4243 391550000000 1464
4270 394472000000 1464
4312 398894000000 1464
4327 399909000000 1464
4366 403784000000 1464
4381 404967000000 1464
4408 406309000000 1464
4447 412409000000 1464
4474 413396000000 1464
4516 416481000000 1464
4531 418328000000 1464
4558 419651000000 1464
4597 425630000000 1464
4624 426953000000 1464
4639 428155000000 1464
4681 431885000000 1464
4696 432872000000 1464
4747 438327000000 1464
4762 440174000000 1464
4789 441497000000 1464
4816 445064000000 1464
4843 446387000000 1464
4873 449828000000 1464
4912 453731000000 1464
4927 454858000000 1464
4966 457546000000 1464
4981 459916000000 1464
5020 463343000000 1464
5062 467288000000 1464
5077 468275000000 1464
5104 469598000000 1464
5131 473165000000 1464
5170 476900000000 1464
5197 479392000000 1464
5224 481790000000 1464
5242 482819000000 1464
5281 486722000000 1464
5308 490121000000 1464
5335 491444000000 1464
5362 495011000000 1464
5389 496334000000 1464
5416 498826000000 1464
5458 503678000000 1464
5473 504749000000 1464
5512 508568000000 1464
5527 509807000000 1464
5554 510878000000 1464
5593 517193000000 1464
5623 518222000000 1464
5662 520835000000 1464
5677 523112000000 1464
5704 524435000000 1464
5743 530414000000 1464
5770 531737000000 1464
5785 532724000000 1464
5827 536669000000 1464
5842 537656000000 1464
5893 542681000000 1464
5908 544958000000 1464
5935 546281000000 1464
5962 549848000000 1464
5992 551213000000 1464
6019 554640000000 1464
6058 558515000000 1464
6073 559698000000 1464
6112 561900000000 1464
6127 564728000000 1464
6166 568127000000 1464
6208 572072000000 1464
6223 573059000000 1464
6250 574382000000 1464
6277 577949000000 1464
6316 581684000000 1464
6343 583746000000 1464
6373 586616000000 1464
6388 587603000000 1464
6427 591506000000 1464
6454 594905000000 1464
6481 596228000000 1464
6508 599795000000 1464
6535 601118000000 1464
6565 603222000000 1464
6604 608462000000 1464
6619 609589000000 1464
6658 613352000000 1464
6673 614647000000 1464
6700 615662000000 1464
6754 622019000000 1464
6769 623006000000 1464
6808 625189000000 1464
6823 627896000000 1464
6850 629219000000 1464
6889 634983000000 1464
6916 636521000000 1464
6934 637550000000 1464
6973 641453000000 1464
6988 642440000000 1464
7039 647035000000 1464
7054 649742000000 1464
7081 651065000000 1464
7108 654417000000 1464
7138 655997000000 1464
7165 659508000000 1464
7204 663299000000 1464
7219 664538000000 1464
7258 666254000000 1464
7273 669512000000 1464
7315 672953000000 1464
7354 676641000000 1464
7369 677843000000 1464
7396 679166000000 1464
7423 682733000000 1464
7462 686468000000 1464
7489 688100000000 1464
7519 691400000000 1464
7534 692387000000 1464
7573 695860000000 1464
7600 699689000000 1464
7627 701012000000 1464
7654 704579000000 1464
7684 705944000000 1464
7711 707632000000 1464
7750 713246000000 1464
7765 714457000000 1464
7804 717706000000 1464
7819 719459000000 1464
7846 720446000000 1464
7900 726803000000 1464
7915 727790000000 1464
7954 729543000000 1464
7969 732680000000 1464
7996 734003000000 1464
8035 739337000000 1464
8065 741347000000 1464
8080 742334000000 1464
8119 746237000000 1464
8134 747224000000 1464
8185 751389000000 1464
8200 754526000000 1464
8227 755849000000 1464
8257 758813000000 1464
8284 760781000000 1464
8311 764348000000 1464
8350 768083000000 1464
8365 769406000000 1464
8392 770608000000 1464
8434 774338000000 1464
8461 777737000000 1464
8500 780995000000 1464
8515 782627000000 1464
8542 783950000000 1464
8569 787517000000 1464
8608 791252000000 1464
8626 792496000000 1464
8665 796184000000 1464
8680 797171000000 1464
8719 800214000000 1464
8746 804473000000 1464
8773 805796000000 1464
8800 809363000000 1464
8830 810728000000 1464
8845 812042000000 1464
8896 818030000000 1464
8911 819297000000 1464
8950 822060000000 1464
8977 824243000000 1464
8995 825272000000 1464
9046 831587000000 1464
9061 832574000000 1464
9088 833897000000 1464
9115 837464000000 1464
9142 838787000000 1464
9181 843691000000 1464
9211 846131000000 1464
9226 847118000000 1464
9265 851021000000 1464
9280 852008000000 1464
9319 855743000000 1464
9346 859310000000 1464
9376 860675000000 1464
9403 863223000000 1464
9430 865565000000 1464
9457 869188000000 1464
9496 872867000000 1464
9511 874190000000 1464
9538 875177000000 1464
9580 879122000000 1464
9607 882521000000 1464
9646 885349000000 1464
9661 887411000000 1464
9688 888734000000 1464
9715 892301000000 1464
9757 896078000000 1464
9772 897065000000 1464
9811 900968000000 1464
9826 901955000000 1464
9865 904568000000 1464
9892 909257000000 1464
9919 910580000000 1464
9949 914189000000 1464
9976 915512000000 1464
9991 916667000000 1464
10042 922814000000 1464
10057 924137000000 1464
10096 926414000000 1464
10126 929069000000 1464
10141 930056000000 1464
10192 936371000000 1464
10207 937358000000 1464
10234 938681000000 1464
10261 942248000000 1464
10288 943571000000 1464
10330 948087000000 1464
10357 950915000000 1464
10372 951902000000 1464
10411 955805000000 1464
10426 956792000000 1464
10465 960527000000 1464
10492 964094000000 1464
10522 965459000000 1464
10549 967633000000 1464
10576 970349000000 1464
10603 974028000000 1464
10642 977651000000 1464
10669 978974000000 1464
10687 980003000000 1464
10726 983906000000 1464
10753 987305000000 1464
10792 989488000000 1464
10807 992195000000 1464
10834 993518000000 1464
10861 997085000000 1464
