111 13669000000 1358
261 27226000000 1358
399 40447000000 1358
549 54004000000 1358
696 67519000000 1358
834 80740000000 1358
984 93222000000 1358
1122 105491000000 1358
1257 118670000000 1358
1407 132227000000 1358
1557 145672000000 1358
1695 159005000000 1358
1842 172520000000 1358
1980 185741000000 1358
2130 198225000000 1358
2268 210492000000 1358
2403 223671000000 1358
2553 237228000000 1358
2703 250785000000 1358
2841 264006000000 1358
2991 277563000000 1358
3138 290994000000 1358
3276 302794000000 1358
3414 315276000000 1358
3552 328497000000 1358
3699 342012000000 1358
3849 355569000000 1358
3987 368790000000 1358
4137 382347000000 1358
4284 395862000000 1358
4422 407363000000 1358
4560 420060000000 1358
4710 433589000000 1358
4845 446796000000 1358
4995 460353000000 1358
5133 473602000000 1358
5283 487131000000 1358
5433 500473000000 1358
5568 512147000000 1358
5706 524844000000 1358
5856 538401000000 1358
5994 551622000000 1358
6141 565137000000 1358
6291 578694000000 1358
6429 591915000000 1358
6579 605042000000 1358
6714 616772000000 1358
6852 629628000000 1358
7002 643185000000 1358
7140 656406000000 1358
7287 669921000000 1358
7437 683478000000 1358
7575 696699000000 1358
7725 709611000000 1358
7875 721663000000 1358
7998 734412000000 1358
8148 747969000000 1358
8286 761274000000 1358
8436 774747000000 1358
8583 788262000000 1358
8721 801483000000 1358
8871 814180000000 1358
9021 826232000000 1358
9144 839196000000 1358
9294 852753000000 1358
9444 866310000000 1358
9582 879531000000 1358
9729 893046000000 1358
9867 906379000000 1358
10017 918749000000 1358
10155 930801000000 1358
10290 944022000000 1358
10440 957537000000 1358
10590 971094000000 1358
10728 984315000000 1358
10878 997872000000 1358
