119 16047000000 1358
269 29268000000 1358
407 42825000000 1358
557 56382000000 1358
704 69561000000 1358
842 83118000000 1358
992 96479000000 1358
1130 108821000000 1358
1265 120831000000 1358
1415 134052000000 1358
1565 147609000000 1358
1703 161166000000 1358
1850 174345000000 1358
1988 187902000000 1358
2138 201459000000 1358
2276 213390000000 1358
2411 225657000000 1358
2561 239004000000 1358
2711 252393000000 1358
2849 265950000000 1358
2999 279171000000 1358
3146 292686000000 1358
3284 306243000000 1358
3422 317959000000 1358
3560 330441000000 1358
3707 343956000000 1358
3857 357177000000 1358
3995 370734000000 1358
4145 384151000000 1358
4292 397470000000 1358
4430 411027000000 1358
4568 422528000000 1358
4718 435225000000 1358
4853 448782000000 1358
5003 461961000000 1358
5141 475518000000 1358
5291 489075000000 1358
5441 502296000000 1358
5576 515596000000 1358
5714 527564000000 1358
5864 540009000000 1358
6002 553566000000 1358
6149 566745000000 1358
6299 580302000000 1358
6437 593859000000 1358
6587 607080000000 1358
6722 620165000000 1358
6860 632217000000 1358
7010 644793000000 1358
7148 658350000000 1358
7295 671851000000 1358
7445 685086000000 1358
7583 698643000000 1358
7733 711864000000 1358
7883 724776000000 1358
8006 736786000000 1358
8156 749577000000 1358
8294 763134000000 1358
8444 776691000000 1358
8591 789870000000 1358
8729 803427000000 1358
8879 816956000000 1358
9029 829345000000 1358
9152 841355000000 1358
9302 854389000000 1358
9452 867918000000 1358
9590 881475000000 1358
9737 894696000000 1358
9875 908211000000 1358
10025 921768000000 1358
10163 934129000000 1358
10298 945966000000 1358
10448 959481000000 1358
10598 972702000000 1358
10736 986259000000 1358
10886 999536000000 1358
