116 15192000000 1358
266 28665000000 1358
404 42222000000 1358
554 55443000000 1358
701 68958000000 1358
839 82515000000 1358
989 95736000000 1358
1127 107573000000 1358
1262 120228000000 1358
1412 133449000000 1358
1562 147006000000 1358
1700 160339000000 1358
1847 173742000000 1358
1985 187299000000 1358
2135 200305000000 1358
2273 212142000000 1358
2408 225054000000 1358
2558 238233000000 1358
2708 251790000000 1358
2846 265347000000 1358
2996 278568000000 1358
3143 292083000000 1358
3281 305014000000 1358
3419 316926000000 1358
3557 329838000000 1358
3704 343017000000 1358
3854 356574000000 1358
3992 370131000000 1358
4142 383352000000 1358
4289 396867000000 1358
4427 409779000000 1358
4565 421495000000 1358
4715 434622000000 1358
4850 448011000000 1358
5000 461358000000 1358
5138 474915000000 1358
5288 488136000000 1358
5438 501693000000 1358
5573 514348000000 1358
5711 526064000000 1358
5861 539406000000 1358
5999 552963000000 1358
6146 566142000000 1358
6296 579699000000 1358
6434 593144000000 1358
6584 606477000000 1358
6719 618917000000 1358
6857 630633000000 1358
7007 644190000000 1358
7145 657747000000 1358
7292 670926000000 1358
7442 684483000000 1358
7580 698040000000 1358
7730 711261000000 1358
7880 723528000000 1358
8003 735669000000 1358
8153 748974000000 1358
8291 762531000000 1358
8441 775752000000 1358
8588 789267000000 1358
8726 802824000000 1358
8876 816045000000 1358
9026 828312000000 1358
9149 840537000000 1358
9299 853758000000 1358
9449 867315000000 1358
9587 880816000000 1358
9734 894051000000 1358
9872 907608000000 1358
10022 920829000000 1358
10160 932881000000 1358
10295 945363000000 1358
10445 958542000000 1358
10595 972099000000 1358
10733 985656000000 1358
10883 998877000000 1358
