9 2017000000 160
24 3724000000 160
36 5431000000 160
51 7138000000 160
78 10705000000 160
90 11041000000 160
105 12259000000 160
132 15292000000 160
156 19414000000 160
174 20443000000 160
189 21430000000 160
201 21766000000 160
228 25333000000 160
243 26320000000 160
255 26656000000 160
282 30055000000 160
309 33407000000 160
321 33958000000 160
336 34945000000 160
354 35974000000 160
378 38460000000 160
393 39877000000 160
420 41049000000 160
432 43612000000 160
459 46534000000 160
474 47949000000 160
486 48502000000 160
501 49489000000 160
528 51547000000 160
543 53434000000 160
570 56029000000 160
582 57169000000 160
609 59446000000 160
624 61723000000 160
636 62059000000 160
651 63046000000 160
678 65108000000 160
690 66949000000 160
717 70348000000 160
735 71377000000 160
759 72573000000 160
774 75280000000 160
789 76267000000 160
801 76603000000 160
828 78235000000 160
855 81961000000 160
867 83905000000 160
882 84892000000 160
909 86309000000 160
924 88837000000 160
939 89824000000 160
954 90811000000 160
966 91362000000 160
1005 96523000000 160
1020 97896000000 160
1032 98449000000 160
1047 99436000000 160
1074 102569000000 160
1086 103339000000 160
1104 104368000000 160
1116 104704000000 160
1155 110683000000 160
1170 111670000000 160
1182 112006000000 160
1197 112993000000 160
1224 116560000000 160
1236 116896000000 160
1251 117883000000 160
1278 119875000000 160
1305 124025000000 160
1320 125227000000 160
1335 126214000000 160
1347 126550000000 160
1374 129687000000 160
1389 131104000000 160
1401 131440000000 160
1428 134437000000 160
1455 137546000000 160
1467 138742000000 160
1485 139771000000 160
1500 140758000000 160
1524 142599000000 160
1539 144661000000 160
1554 145632000000 160
1578 148396000000 160
1605 150673000000 160
1620 152516000000 160
1632 153286000000 160
1647 154273000000 160
1674 155943000000 160
1689 158218000000 160
1716 160411000000 160
1728 161953000000 160
1755 163800000000 160
1770 166507000000 160
1782 166843000000 160
1797 167830000000 160
1824 169462000000 160
1836 171733000000 160
1866 175174000000 160
1881 176161000000 160
1905 176927000000 160
1920 180064000000 160
1935 181051000000 160
1947 181387000000 160
1962 182589000000 160
2001 186343000000 160
2013 188689000000 160
2028 189676000000 160
2046 190705000000 160
2070 193621000000 160
2085 194608000000 160
2100 195378000000 160
2112 195931000000 160
2151 201106000000 160
2166 202680000000 160
2178 203233000000 160
2193 204220000000 160
2220 207353000000 160
2235 208165000000 160
2250 209152000000 160
2262 209488000000 160
2301 215252000000 160
2316 216454000000 160
2328 216790000000 160
2343 217777000000 160
2370 220699000000 160
2382 221680000000 160
2397 222667000000 160
2427 224299000000 160
2451 228164000000 160
2466 230011000000 160
2481 230998000000 160
2493 231334000000 160
2520 233826000000 160
2535 235888000000 160
2547 236224000000 160
2574 239020000000 160
2601 241900000000 160
2616 243568000000 160
2631 244555000000 160
2646 245542000000 160
2670 246953000000 160
2685 249445000000 160
2700 250215000000 160
2724 253180000000 160
2751 255027000000 160
2766 257300000000 160
2778 258070000000 160
2796 259099000000 160
2820 260080000000 160
2835 263002000000 160
2862 264994000000 160
2874 266737000000 160
2901 268154000000 160
2916 271291000000 160
2928 271627000000 160
2943 272614000000 160
2958 273816000000 160
2985 276559000000 160
3012 279556000000 160
3027 280945000000 160
3039 281281000000 160
3066 284848000000 160
3081 285835000000 160
3093 286171000000 160
3108 287158000000 160
3135 290926000000 160
3159 293473000000 160
3177 294502000000 160
3192 295489000000 160
3216 298405000000 160
3231 299392000000 160
3246 300162000000 160
3258 300715000000 160
3297 305273000000 160
3312 307247000000 160
3324 308017000000 160
3339 309004000000 160
3366 311534000000 160
3381 312949000000 160
3396 313936000000 160
3408 314272000000 160
3447 319391000000 160
3462 321238000000 160
3474 321574000000 160
3489 322561000000 160
3516 325053000000 160
3528 326464000000 160
3546 327493000000 160
3573 328882000000 160
3597 332518000000 160
3612 334795000000 160
3627 335782000000 160
3639 336118000000 160
3666 338180000000 160
3681 340672000000 160
3693 341008000000 160
3720 343402000000 160
3750 346296000000 160
3762 348352000000 160
3777 349339000000 160
3792 350109000000 160
3816 351307000000 160
3831 354229000000 160
3846 354999000000 160
3870 357964000000 160
3897 359381000000 160
3912 362084000000 160
3927 362896000000 160
3942 363883000000 160
3954 364219000000 160
3981 367786000000 160
4008 369376000000 160
4020 371521000000 160
4035 372508000000 160
4062 376075000000 160
4074 376411000000 160
4089 377398000000 160
4107 378427000000 160
4131 381343000000 160
4158 384139000000 160
4173 385729000000 160
4185 386065000000 160
4212 389632000000 160
4227 390619000000 160
4239 390955000000 160
4254 391942000000 160
4281 395079000000 160
4308 398299000000 160
4323 399286000000 160
4338 400273000000 160
4362 402544000000 160
4377 404176000000 160
4392 404946000000 160
4404 405499000000 160
4443 409211000000 160
4458 412031000000 160
4470 412801000000 160
4488 413830000000 160
4512 415671000000 160
4527 417733000000 160
4542 418720000000 160
4554 419056000000 160
4593 423343000000 160
4608 426022000000 160
4620 426358000000 160
4635 427345000000 160
4662 429407000000 160
4677 431290000000 160
4692 432277000000 160
4707 433264000000 160
4743 436872000000 160
4758 439579000000 160
4773 440566000000 160
4785 440902000000 160
4812 442534000000 160
4827 445456000000 160
4839 445792000000 160
4869 448027000000 160
4896 450650000000 160
4908 453136000000 160
4923 454123000000 160
4938 454893000000 160
4950 455446000000 160
4977 459013000000 160
4992 459566000000 160
5016 462547000000 160
5031 463735000000 160
5058 466910000000 160
5073 467680000000 160
5088 468667000000 160
5100 469003000000 160
5127 472570000000 160
5154 473959000000 160
5166 476305000000 160
5181 477292000000 160
5208 480859000000 160
5220 481195000000 160
5238 482224000000 160
5253 483211000000 160
5277 485697000000 160
5304 488521000000 160
5319 490513000000 160
5331 490849000000 160
5358 493771000000 160
5373 495403000000 160
5385 495739000000 160
5400 496726000000 160
5430 499475000000 160
5454 503083000000 160
5469 504070000000 160
5484 504840000000 160
5508 506898000000 160
5523 508960000000 160
5538 509730000000 160
5550 510283000000 160
5589 513163000000 160
5604 516815000000 160
5619 517627000000 160
5634 518614000000 160
5658 520025000000 160
5673 522517000000 160
5688 523504000000 160
5700 523840000000 160
5739 527496000000 160
5754 530806000000 160
5766 531142000000 160
5781 532129000000 160
5811 533803000000 160
5823 536074000000 160
5838 537061000000 160
5853 538048000000 160
5889 541011000000 160
5904 544363000000 160
5919 545350000000 160
5931 545686000000 160
5946 546673000000 160
5973 550240000000 160
5988 550618000000 160
6015 552409000000 160
6030 555004000000 160
6054 557920000000 160
6069 558907000000 160
6084 559677000000 160
6096 560230000000 160
6123 563797000000 160
6138 564350000000 160
6162 567130000000 160
6180 568561000000 160
6204 571262000000 160
6219 572464000000 160
6234 573451000000 160
6246 573787000000 160
6273 576924000000 160
6288 578341000000 160
6312 581089000000 160
6327 582076000000 160
6354 584998000000 160
6369 586021000000 160
6384 587008000000 160
6399 587995000000 160
6423 590051000000 160
6450 593104000000 160
6465 595297000000 160
6477 595633000000 160
6504 598125000000 160
6519 600187000000 160
6531 600523000000 160
6549 601552000000 160
6576 603829000000 160
6600 607666000000 160
6615 608854000000 160
6630 609624000000 160
6654 611252000000 160
6669 613744000000 160
6684 614297000000 160
6696 615067000000 160
6735 617316000000 160
6750 621641000000 160
6765 622411000000 160
6780 623398000000 160
6804 624164000000 160
6819 627301000000 160
6834 628288000000 160
6846 628624000000 160
6885 631233000000 160
6900 635590000000 160
6912 635926000000 160
6930 636955000000 160
6945 637942000000 160
6969 640858000000 160
6984 641845000000 160
6999 642832000000 160
7023 645580000000 160
7050 649147000000 160
7065 650134000000 160
7077 650470000000 160
7092 651457000000 160
7122 655066000000 160
7134 655402000000 160
7161 656992000000 160
7176 659571000000 160
7200 662489000000 160
7215 663691000000 160
7230 664461000000 160
7242 665014000000 160
7269 668151000000 160
7284 669134000000 160
7311 671554000000 160
7326 673345000000 160
7350 675616000000 160
7365 677248000000 160
7380 678235000000 160
7392 678571000000 160
7419 681278000000 160
7434 683125000000 160
7458 685873000000 160
7473 686860000000 160
7503 689394000000 160
7515 690805000000 160
7530 691792000000 160
7545 692779000000 160
7569 694405000000 160
7596 697486000000 160
7611 700081000000 160
7623 700417000000 160
7650 702479000000 160
7665 704971000000 160
7680 705349000000 160
7695 706336000000 160
7722 707966000000 160
7746 712249000000 160
7761 713638000000 160
7776 714408000000 160
7800 715391000000 160
7815 718528000000 160
7830 719081000000 160
7842 719851000000 160
7872 721095000000 160
7896 726208000000 160
7911 727195000000 160
7926 728182000000 160
7938 728518000000 160
7965 732085000000 160
7980 733072000000 160
7992 733408000000 160
8019 735601000000 160
8046 740374000000 160
8061 740752000000 160
8076 741739000000 160
8091 742726000000 160
8115 745642000000 160
8130 746629000000 160
8145 747616000000 160
8169 750163000000 160
8196 753716000000 160
8211 754918000000 160
8223 755254000000 160
8241 756283000000 160
8268 759420000000 160
8280 760186000000 160
8307 761374000000 160
8322 764355000000 160
8346 766843000000 160
8361 768475000000 160
8376 769028000000 160
8388 769798000000 160
8415 772505000000 160
8430 773960000000 160
8457 776137000000 160
8472 778129000000 160
8496 779970000000 160
8511 782032000000 160
8526 783019000000 160
8538 783355000000 160
8565 785632000000 160
8580 787909000000 160
8604 790657000000 160
8622 791686000000 160
8649 793748000000 160
8661 795589000000 160
8676 796576000000 160
8691 797563000000 160
8715 798544000000 160
8742 802069000000 160
8757 804865000000 160
8769 805201000000 160
8796 806618000000 160
8814 809797000000 160
8826 810133000000 160
8841 811120000000 160
8868 812105000000 160
8892 816631000000 160
8907 818422000000 160
8922 818975000000 160
8934 819745000000 160
8961 823312000000 160
8973 823865000000 160
8991 824677000000 160
9006 825664000000 160
9042 830992000000 160
9057 831979000000 160
9072 832966000000 160
9084 833302000000 160
9111 836869000000 160
9126 837856000000 160
9138 838192000000 160
9165 839983000000 160
9195 844985000000 160
9207 845536000000 160
9222 846523000000 160
9237 847510000000 160
9261 849996000000 160
9276 851413000000 160
9291 852400000000 160
9315 854746000000 160
9342 858070000000 160
9357 859702000000 160
9372 860080000000 160
9387 861067000000 160
9414 863557000000 160
9426 864970000000 160
9441 865957000000 160
9468 869139000000 160
9492 871197000000 160
9507 873259000000 160
9522 873812000000 160
9534 874582000000 160
9564 876901000000 160
9576 878527000000 160
9603 880519000000 160
9618 882913000000 160
9642 884109000000 160
9657 886816000000 160
9672 887803000000 160
9684 888139000000 160
9711 889771000000 160
9726 892693000000 160
9753 895282000000 160
9768 896470000000 160
9795 897887000000 160
9807 900373000000 160
9822 901360000000 160
9837 902347000000 160
9861 902898000000 160
9888 906451000000 160
9903 909649000000 160
9915 909985000000 160
9933 911014000000 160
9960 914581000000 160
9972 914917000000 160
9987 915904000000 160
10002 916674000000 160
10038 921214000000 160
10053 923206000000 160
10068 923759000000 160
10080 924529000000 160
10107 928096000000 160
10122 928474000000 160
10137 929461000000 160
10152 930448000000 160
10188 935561000000 160
10203 936763000000 160
10218 937750000000 160
10230 938086000000 160
10257 941223000000 160
10272 942640000000 160
10284 942976000000 160
10314 944608000000 160
10341 949339000000 160
10353 950320000000 160
10368 951307000000 160
10383 952294000000 160
10407 954350000000 160
10422 956197000000 160
10437 957184000000 160
10461 959128000000 160
10488 962424000000 160
10506 964528000000 160
10518 964864000000 160
10533 965851000000 160
10560 967911000000 160
10572 969754000000 160
10587 970741000000 160
10614 973706000000 160
10638 975336000000 160
10653 978043000000 160
10665 978596000000 160
10683 979408000000 160
10710 981040000000 160
10722 983311000000 160
10749 985102000000 160
10764 987697000000 160
10788 988463000000 160
10803 991600000000 160
10818 992587000000 160
10830 992923000000 160
10857 994125000000 160
10875 997519000000 160
10899 999664000000 160
