6 1933000000 160
21 3640000000 160
33 5347000000 160
48 7054000000 160
75 10621000000 160
87 10957000000 160
102 12175000000 160
129 15208000000 160
153 19330000000 160
171 20359000000 160
186 21346000000 160
198 21682000000 160
225 25249000000 160
240 26236000000 160
252 26572000000 160
279 29971000000 160
306 33108000000 160
318 33874000000 160
333 34861000000 160
351 35890000000 160
375 38161000000 160
390 39793000000 160
417 40965000000 160
429 43528000000 160
456 46235000000 160
471 47648000000 160
483 48418000000 160
498 49405000000 160
525 51463000000 160
540 53350000000 160
567 55744000000 160
579 57085000000 160
606 59362000000 160
621 61639000000 160
633 61975000000 160
648 62962000000 160
675 65024000000 160
687 66865000000 160
714 70264000000 160
732 71293000000 160
756 72489000000 160
771 75196000000 160
786 76183000000 160
798 76519000000 160
825 78151000000 160
852 81676000000 160
864 83821000000 160
879 84808000000 160
906 86010000000 160
921 88753000000 160
936 89740000000 160
951 90510000000 160
963 91063000000 160
1002 96439000000 160
1017 97812000000 160
1029 98365000000 160
1044 99352000000 160
1071 102485000000 160
1083 103255000000 160
1101 104284000000 160
1113 104620000000 160
1152 110599000000 160
1167 111586000000 160
1179 111922000000 160
1194 112909000000 160
1221 116261000000 160
1233 116812000000 160
1248 117799000000 160
1275 119791000000 160
1302 123726000000 160
1317 125143000000 160
1332 126130000000 160
1344 126466000000 160
1371 129388000000 160
1386 131020000000 160
1398 131356000000 160
1425 134353000000 160
1452 137462000000 160
1464 138658000000 160
1482 139687000000 160
1497 140674000000 160
1521 142515000000 160
1536 144577000000 160
1551 145347000000 160
1575 148312000000 160
1602 150589000000 160
1617 152432000000 160
1629 153202000000 160
1644 154189000000 160
1671 155642000000 160
1686 158134000000 160
1713 160327000000 160
1725 161869000000 160
1752 163716000000 160
1767 166423000000 160
1779 166759000000 160
1794 167746000000 160
1821 169163000000 160
1833 171649000000 160
1863 174889000000 160
1878 176077000000 160
1902 176628000000 160
1917 179980000000 160
1932 180967000000 160
1944 181303000000 160
1959 182290000000 160
1998 186259000000 160
2010 188605000000 160
2025 189592000000 160
2043 190621000000 160
2067 193537000000 160
2082 194524000000 160
2097 195294000000 160
2109 195847000000 160
2148 200821000000 160
2163 202379000000 160
2175 203149000000 160
2190 204136000000 160
2217 207054000000 160
2232 208081000000 160
2247 209068000000 160
2259 209404000000 160
2298 214953000000 160
2313 216370000000 160
2325 216706000000 160
2340 217693000000 160
2367 220615000000 160
2379 221596000000 160
2394 222583000000 160
2424 224215000000 160
2448 228080000000 160
2463 229927000000 160
2478 230914000000 160
2490 231250000000 160
2517 233742000000 160
2532 235804000000 160
2544 236140000000 160
2571 238936000000 160
2598 241816000000 160
2613 243484000000 160
2628 244471000000 160
2643 245241000000 160
2667 246869000000 160
2682 249361000000 160
2697 250131000000 160
2721 253096000000 160
2748 254943000000 160
2763 257216000000 160
2775 257986000000 160
2793 259015000000 160
2817 259781000000 160
2832 262918000000 160
2859 264709000000 160
2871 266653000000 160
2898 267855000000 160
2913 271207000000 160
2925 271543000000 160
2940 272530000000 160
2955 273517000000 160
2982 276475000000 160
3009 279472000000 160
3024 280861000000 160
3036 281197000000 160
3063 284764000000 160
3078 285751000000 160
3090 286087000000 160
3105 287074000000 160
3132 290641000000 160
3156 293389000000 160
3174 294418000000 160
3189 295188000000 160
3213 298106000000 160
3228 299308000000 160
3243 300078000000 160
3255 300631000000 160
3294 304974000000 160
3309 307163000000 160
3321 307933000000 160
3336 308920000000 160
3363 311233000000 160
3378 312865000000 160
3393 313852000000 160
3405 314188000000 160
3444 319106000000 160
3459 321154000000 160
3471 321490000000 160
3486 322477000000 160
3513 324969000000 160
3525 326380000000 160
3543 327409000000 160
3570 328597000000 160
3594 332434000000 160
3609 334711000000 160
3624 335698000000 160
3636 336034000000 160
3663 338096000000 160
3678 340588000000 160
3690 340924000000 160
3717 343318000000 160
3747 345983000000 160
3759 348268000000 160
3774 349255000000 160
3789 350025000000 160
3813 351008000000 160
3828 354145000000 160
3843 354698000000 160
3867 357880000000 160
3894 359082000000 160
3909 362000000000 160
3924 362812000000 160
3939 363799000000 160
3951 364135000000 160
3978 367702000000 160
4005 369292000000 160
4017 371437000000 160
4032 372424000000 160
4059 375991000000 160
4071 376327000000 160
4086 377314000000 160
4104 378343000000 160
4128 381259000000 160
4155 383854000000 160
4170 385645000000 160
4182 385981000000 160
4209 389333000000 160
4224 390535000000 160
4236 390871000000 160
4251 391858000000 160
4278 394995000000 160
4305 398215000000 160
4320 399202000000 160
4335 399972000000 160
4359 402460000000 160
4374 404092000000 160
4389 404645000000 160
4401 405415000000 160
4440 408926000000 160
4455 411947000000 160
4467 412717000000 160
4485 413746000000 160
4509 415587000000 160
4524 417649000000 160
4539 418636000000 160
4551 418972000000 160
4590 423259000000 160
4605 425938000000 160
4617 426274000000 160
4632 427261000000 160
4659 429108000000 160
4674 431206000000 160
4689 432193000000 160
4704 433180000000 160
4740 436573000000 160
4755 439495000000 160
4770 440482000000 160
4782 440818000000 160
4809 442235000000 160
4824 445372000000 160
4836 445708000000 160
4866 447943000000 160
4893 450134000000 160
4905 453052000000 160
4920 454039000000 160
4935 454809000000 160
4947 455362000000 160
4974 458929000000 160
4989 459482000000 160
5013 462463000000 160
5028 463651000000 160
5055 466609000000 160
5070 467596000000 160
5085 468583000000 160
5097 468919000000 160
5124 472486000000 160
5151 473674000000 160
5163 476221000000 160
5178 477208000000 160
5205 480560000000 160
5217 481111000000 160
5235 482140000000 160
5250 483127000000 160
5274 485613000000 160
5301 488437000000 160
5316 490429000000 160
5328 490765000000 160
5355 493687000000 160
5370 495319000000 160
5382 495655000000 160
5397 496642000000 160
5427 499363000000 160
5451 502999000000 160
5466 503986000000 160
5481 504756000000 160
5505 506814000000 160
5520 508876000000 160
5535 509429000000 160
5547 510199000000 160
5586 513079000000 160
5601 516514000000 160
5616 517543000000 160
5631 518530000000 160
5655 519726000000 160
5670 522433000000 160
5685 523420000000 160
5697 523756000000 160
5736 526996000000 160
5751 530722000000 160
5763 531058000000 160
5778 532045000000 160
5808 533504000000 160
5820 535990000000 160
5835 536977000000 160
5850 537964000000 160
5886 540927000000 160
5901 544279000000 160
5916 545266000000 160
5928 545602000000 160
5943 546589000000 160
5970 550156000000 160
5985 550534000000 160
6012 552325000000 160
6027 554703000000 160
6051 557836000000 160
6066 558823000000 160
6081 559376000000 160
6093 560146000000 160
6120 563713000000 160
6135 564266000000 160
6159 567046000000 160
6177 568477000000 160
6201 571178000000 160
6216 572380000000 160
6231 573367000000 160
6243 573703000000 160
6270 576840000000 160
6285 578257000000 160
6309 581005000000 160
6324 581992000000 160
6351 584914000000 160
6366 585937000000 160
6381 586924000000 160
6396 587911000000 160
6420 589967000000 160
6447 592819000000 160
6462 595213000000 160
6474 595549000000 160
6501 598041000000 160
6516 600103000000 160
6528 600439000000 160
6546 601468000000 160
6573 603313000000 160
6597 607582000000 160
6612 608770000000 160
6627 609540000000 160
6651 610953000000 160
6666 613660000000 160
6681 614213000000 160
6693 614983000000 160
6732 616816000000 160
6747 621340000000 160
6762 622327000000 160
6777 623314000000 160
6801 624080000000 160
6816 627217000000 160
6831 628204000000 160
6843 628540000000 160
6882 631149000000 160
6897 635506000000 160
6909 635842000000 160
6927 636871000000 160
6942 637858000000 160
6966 640774000000 160
6981 641761000000 160
6996 642748000000 160
7020 645496000000 160
7047 649063000000 160
7062 650050000000 160
7074 650386000000 160
7089 651373000000 160
7119 654954000000 160
7131 655318000000 160
7158 656707000000 160
7173 659487000000 160
7197 662405000000 160
7212 663607000000 160
7227 664160000000 160
7239 664930000000 160
7266 668067000000 160
7281 668833000000 160
7308 671470000000 160
7323 673261000000 160
7347 675532000000 160
7362 677164000000 160
7377 678151000000 160
7389 678487000000 160
7416 681194000000 160
7431 683041000000 160
7455 685789000000 160
7470 686776000000 160
7500 689095000000 160
7512 690721000000 160
7527 691708000000 160
7542 692695000000 160
7566 694106000000 160
7593 697402000000 160
7608 699997000000 160
7620 700333000000 160
7647 702180000000 160
7662 704887000000 160
7677 705265000000 160
7692 706252000000 160
7719 707667000000 160
7743 711964000000 160
7758 713554000000 160
7773 714107000000 160
7797 715307000000 160
7812 718444000000 160
7827 718997000000 160
7839 719767000000 160
7869 721011000000 160
7893 726124000000 160
7908 727111000000 160
7923 728098000000 160
7935 728434000000 160
7962 732001000000 160
7977 732988000000 160
7989 733324000000 160
8016 735316000000 160
8043 740290000000 160
8058 740668000000 160
8073 741655000000 160
8088 742642000000 160
8112 745558000000 160
8127 746545000000 160
8142 747532000000 160
8166 750079000000 160
8193 753632000000 160
8208 754834000000 160
8220 755170000000 160
8238 756199000000 160
8265 759119000000 160
8277 760102000000 160
8304 761290000000 160
8319 764271000000 160
8343 766759000000 160
8358 768391000000 160
8373 768944000000 160
8385 769714000000 160
8412 772421000000 160
8427 773659000000 160
8454 776053000000 160
8469 778045000000 160
8493 779671000000 160
8508 781948000000 160
8523 782935000000 160
8535 783271000000 160
8562 785333000000 160
8577 787825000000 160
8601 790573000000 160
8619 791602000000 160
8646 793449000000 160
8658 795505000000 160
8673 796492000000 160
8688 797479000000 160
8712 798460000000 160
8739 801784000000 160
8754 804781000000 160
8766 805117000000 160
8793 806534000000 160
8811 809671000000 160
8823 810049000000 160
8838 811036000000 160
8865 812021000000 160
8889 816547000000 160
8904 818338000000 160
8919 818891000000 160
8931 819661000000 160
8958 823228000000 160
8970 823564000000 160
8988 824593000000 160
9003 825580000000 160
9039 830908000000 160
9054 831895000000 160
9069 832882000000 160
9081 833218000000 160
9108 836785000000 160
9123 837772000000 160
9135 838108000000 160
9162 839899000000 160
9192 844901000000 160
9204 845452000000 160
9219 846439000000 160
9234 847426000000 160
9258 849912000000 160
9273 851329000000 160
9288 852316000000 160
9312 854461000000 160
9339 857986000000 160
9354 859618000000 160
9369 859996000000 160
9384 860983000000 160
9411 863258000000 160
9423 864886000000 160
9438 865873000000 160
9465 868838000000 160
9489 870898000000 160
9504 873175000000 160
9519 873728000000 160
9531 874498000000 160
9561 876602000000 160
9573 878443000000 160
9600 880435000000 160
9615 882829000000 160
9639 884025000000 160
9654 886732000000 160
9669 887719000000 160
9681 888055000000 160
9708 889687000000 160
9723 892609000000 160
9750 895198000000 160
9765 896386000000 160
9792 897803000000 160
9804 900289000000 160
9819 901276000000 160
9834 902263000000 160
9858 902814000000 160
9885 906367000000 160
9900 909565000000 160
9912 909901000000 160
9930 910930000000 160
9957 914280000000 160
9969 914833000000 160
9984 915820000000 160
9999 916590000000 160
10035 920929000000 160
10050 923122000000 160
10065 923675000000 160
10077 924445000000 160
10104 928012000000 160
10119 928390000000 160
10134 929377000000 160
10149 930364000000 160
10185 935477000000 160
10200 936679000000 160
10215 937666000000 160
10227 938002000000 160
10254 941139000000 160
10269 942556000000 160
10281 942892000000 160
10311 944323000000 160
10338 949255000000 160
10350 950236000000 160
10365 951223000000 160
10380 952210000000 160
10404 954051000000 160
10419 956113000000 160
10434 957100000000 160
10458 959044000000 160
10485 962125000000 160
10503 964185000000 160
10515 964780000000 160
10530 965767000000 160
10557 967612000000 160
10569 969670000000 160
10584 970657000000 160
10611 973622000000 160
10635 975252000000 160
10650 977959000000 160
10662 978295000000 160
10680 979324000000 160
10707 980956000000 160
10719 983227000000 160
10746 984817000000 160
10761 987613000000 160
10785 988379000000 160
10800 991516000000 160
10815 992503000000 160
10827 992839000000 160
10854 994041000000 160
10872 997435000000 160
10896 999580000000 160
