113 14288000000 1358
263 28062000000 1358
401 41619000000 1358
551 54840000000 1358
698 68355000000 1358
836 81632000000 1358
986 94488000000 1358
1124 106325000000 1358
1259 119289000000 1358
1409 132846000000 1358
1559 146403000000 1358
1697 159624000000 1358
1844 173139000000 1358
1982 186696000000 1358
2132 199057000000 1358
2270 211109000000 1358
2405 224199000000 1358
2555 237630000000 1358
2705 251187000000 1358
2843 264408000000 1358
2993 277965000000 1358
3140 291480000000 1358
3278 303626000000 1358
3416 315678000000 1358
3554 329235000000 1358
3701 342414000000 1358
3851 355971000000 1358
3989 369304000000 1358
4139 382749000000 1358
4286 396264000000 1358
4424 408195000000 1358
4562 420462000000 1358
4712 434019000000 1358
4847 447198000000 1358
4997 460755000000 1358
5135 474312000000 1358
5285 487533000000 1358
5435 501090000000 1358
5570 512904000000 1358
5708 525246000000 1358
5858 538803000000 1358
5996 552024000000 1358
6143 565539000000 1358
6293 579096000000 1358
6431 592317000000 1358
6581 605874000000 1358
6716 617884000000 1358
6854 630030000000 1358
7004 643587000000 1358
7142 657004000000 1358
7289 670323000000 1358
7439 683880000000 1358
7577 697101000000 1358
7727 710443000000 1358
7877 722495000000 1358
8000 734814000000 1358
8150 748371000000 1358
8288 761928000000 1358
8438 775149000000 1358
8585 788664000000 1358
8723 802109000000 1358
8873 815012000000 1358
9023 827064000000 1358
9146 839598000000 1358
9296 853155000000 1358
9446 866712000000 1358
9584 879933000000 1358
9731 893448000000 1358
9869 907005000000 1358
10019 919581000000 1358
10157 931633000000 1358
10292 944676000000 1358
10442 957939000000 1358
10592 971496000000 1358
10730 984717000000 1358
10880 998274000000 1358
