56 7942000000 1450
137 17101000000 1450
209 23221000000 1450
287 30859000000 1450
359 36778000000 1450
440 45067000000 1450
506 50293000000 1450
590 58624000000 1450
659 64501000000 1450
740 72181000000 1450
809 78226000000 1450
890 86683000000 1450
971 91951000000 1450
1052 100240000000 1450
1136 106963000000 1450
1202 113797000000 1450
1283 122086000000 1450
1355 128005000000 1450
1433 135643000000 1450
1505 141562000000 1450
1586 149851000000 1450
1652 155077000000 1450
1736 163408000000 1450
1805 169481000000 1450
1886 177301000000 1450
1967 183178000000 1450
2051 191509000000 1450
2117 196735000000 1450
2198 205024000000 1450
2282 211948000000 1450
2348 218581000000 1450
2432 226912000000 1450
2501 232789000000 1450
2579 240427000000 1450
2651 246346000000 1450
2732 254635000000 1450
2801 260099000000 1450
2882 268528000000 1450
2963 274405000000 1450
3044 282302000000 1450
3113 287962000000 1450
3197 296293000000 1450
3263 301736000000 1450
3344 309808000000 1450
3428 316732000000 1450
3494 323582000000 1450
3578 331696000000 1450
3647 337573000000 1450
3725 345645000000 1450
3797 351354000000 1450
3878 359755000000 1450
3959 365457000000 1450
4040 373312000000 1450
4112 379231000000 1450
4193 387520000000 1450
4259 392746000000 1450
4343 401077000000 1450
4412 406954000000 1450
4493 414634000000 1450
4574 421717000000 1450
4643 428800000000 1450
4724 436480000000 1450
4793 442581000000 1450
4877 451024000000 1450
4955 456250000000 1450
5036 464539000000 1450
5108 470458000000 1450
5186 478096000000 1450
5258 484015000000 1450
5339 492304000000 1450
5405 497530000000 1450
5489 505861000000 1450
5558 511738000000 1450
5639 519418000000 1450
5720 526702000000 1450
5789 533878000000 1450
5870 541600000000 1450
5951 547477000000 1450
6035 555808000000 1450
6101 561034000000 1450
6185 569365000000 1450
6254 575242000000 1450
6332 582880000000 1450
6404 588799000000 1450
6485 597088000000 1450
6554 602356000000 1450
6635 610645000000 1450
6704 616550000000 1450
6785 624482000000 1450
6866 632023000000 1450
6950 638746000000 1450
7028 646384000000 1450
7097 652261000000 1450
7181 660592000000 1450
7247 666035000000 1450
7331 674149000000 1450
7400 680026000000 1450
7478 687881000000 1450
7550 693583000000 1450
7631 701872000000 1450
7700 707385000000 1450
7781 715709000000 1450
7853 721885000000 1450
7943 729756000000 1450
8024 737008000000 1450
8096 743530000000 1450
8174 751602000000 1450
8246 757087000000 1450
8327 765376000000 1450
8396 771253000000 1450
8477 778933000000 1450
8546 784810000000 1450
8630 793141000000 1450
8696 798423000000 1450
8777 806964000000 1450
8849 812911000000 1450
8939 820549000000 1450
9011 826870000000 1450
9092 834757000000 1450
9170 841993000000 1450
9242 848314000000 1450
9323 856603000000 1450
9392 861871000000 1450
9473 870160000000 1450
9542 876037000000 1450
9623 883717000000 1450
9692 889678000000 1450
9776 898233000000 1450
9842 903487000000 1450
9938 911818000000 1450
10007 917695000000 1450
10085 925333000000 1450
10169 931855000000 1450
10238 939541000000 1450
10319 947020000000 1450
10388 953098000000 1450
10469 961387000000 1450
10538 966655000000 1450
10619 974944000000 1450
10691 980947000000 1450
10769 988837000000 1450
10838 994714000000 1450
