121 16879000000 1358
271 29670000000 1358
409 43227000000 1358
559 56784000000 1358
706 69963000000 1358
844 83520000000 1358
994 97077000000 1358
1132 109653000000 1358
1267 121448000000 1358
1417 134734000000 1358
1567 148011000000 1358
1705 161568000000 1358
1852 174789000000 1358
1990 188304000000 1358
2140 201861000000 1358
2278 214222000000 1358
2413 226274000000 1358
2563 239574000000 1358
2713 252795000000 1358
2851 266352000000 1358
3001 279881000000 1358
3148 293088000000 1358
3286 306645000000 1358
3424 318819000000 1358
3562 330843000000 1358
3709 344358000000 1358
3859 357579000000 1358
3997 371136000000 1358
4147 384693000000 1358
4294 397872000000 1358
4432 411429000000 1358
4570 423696000000 1358
4720 435627000000 1358
4855 449184000000 1358
5005 462419000000 1358
5143 475920000000 1358
5293 489477000000 1358
5443 502698000000 1358
5578 516213000000 1358
5716 528265000000 1358
5866 540411000000 1358
6004 553968000000 1358
6151 567483000000 1358
6301 580704000000 1358
6439 594261000000 1358
6589 607566000000 1358
6724 620997000000 1358
6862 633049000000 1358
7012 645195000000 1358
7150 658752000000 1358
7297 672309000000 1358
7447 685488000000 1358
7585 699045000000 1358
7735 712602000000 1358
7885 725608000000 1358
8008 737618000000 1358
8158 750119000000 1358
8296 763536000000 1358
8446 777093000000 1358
8593 790272000000 1358
8731 803829000000 1358
8881 817386000000 1358
9031 830177000000 1358
9154 842187000000 1358
9304 855099000000 1358
9454 868320000000 1358
9592 881877000000 1358
9739 895266000000 1358
9877 908613000000 1358
10027 922170000000 1358
10165 934746000000 1358
10300 946798000000 1358
10450 959883000000 1358
10600 973104000000 1358
10738 986661000000 1358
