14 3495000000 1464
41 6243000000 1464
68 10100000000 1464
95 11853000000 1464
110 14514000000 1464
161 20226000000 1464
179 21255000000 1464
206 23008000000 1464
233 26145000000 1464
260 27870000000 1464
299 32802000000 1464
326 34770000000 1464
341 35869000000 1464
383 39702000000 1464
398 41371000000 1464
437 44854000000 1464
464 48327000000 1464
491 49314000000 1464
518 52572000000 1464
548 54648000000 1464
587 57981000000 1464
614 61548000000 1464
641 62871000000 1464
656 64073000000 1464
695 68163000000 1464
722 71160000000 1464
764 74460000000 1464
779 76092000000 1464
806 77415000000 1464
833 81384000000 1464
872 84717000000 1464
887 85975000000 1464
929 89649000000 1464
944 90860000000 1464
983 94081000000 1464
1010 98274000000 1464
1037 99261000000 1464
1064 103164000000 1464
1091 104151000000 1464
1121 106133000000 1464
1160 111495000000 1464
1187 112818000000 1464
1214 115525000000 1464
1241 117708000000 1464
1256 118896000000 1464
1310 125052000000 1464
1325 126039000000 1464
1352 127362000000 1464
1379 130929000000 1464
1406 132453000000 1464
1445 137184000000 1464
1472 139554000000 1464
1490 140751000000 1464
1529 144486000000 1464
1544 146010000000 1464
1583 149208000000 1464
1610 153111000000 1464
1637 154098000000 1464
1679 156968000000 1464
1694 159231000000 1464
1733 162765000000 1464
1760 166332000000 1464
1787 167655000000 1464
1802 168642000000 1464
1841 172746000000 1464
1871 175986000000 1464
1910 178814000000 1464
1925 180876000000 1464
1952 182199000000 1464
1979 185967000000 1464
2018 189501000000 1464
2033 190628000000 1464
2075 194433000000 1464
2090 195700000000 1464
2129 198033000000 1464
2156 203058000000 1464
2183 204045000000 1464
2210 207948000000 1464
2240 208977000000 1464
2267 210300000000 1464
2306 216279000000 1464
2333 217602000000 1464
2360 219879000000 1464
2387 222492000000 1464
2402 223479000000 1464
2456 229836000000 1464
2471 230823000000 1464
2498 232146000000 1464
2525 235713000000 1464
2552 237036000000 1464
2591 241594000000 1464
2621 244380000000 1464
2636 245619000000 1464
2675 249270000000 1464
2690 250593000000 1464
2729 253992000000 1464
2756 257895000000 1464
2783 258882000000 1464
2825 261322000000 1464
2840 263814000000 1464
2879 267549000000 1464
2906 271116000000 1464
2933 272439000000 1464
2948 273426000000 1464
2990 277371000000 1464
3017 280770000000 1464
3056 282953000000 1464
3071 285660000000 1464
3098 286983000000 1464
3125 290578000000 1464
3164 294285000000 1464
3182 295510000000 1464
3221 299217000000 1464
3236 300540000000 1464
3275 302387000000 1464
3302 307842000000 1464
3329 308829000000 1464
3371 312559000000 1464
3386 313761000000 1464
3413 315084000000 1464
3452 321063000000 1464
3479 322386000000 1464
3506 324233000000 1464
3533 327276000000 1464
3551 328305000000 1464
3602 334405000000 1464
3617 335607000000 1464
3644 336930000000 1464
3671 340497000000 1464
3698 341820000000 1464
3737 346004000000 1464
3767 349164000000 1464
3782 350459000000 1464
3821 353624000000 1464
3836 355377000000 1464
3875 358776000000 1464
3902 362679000000 1464
3932 363708000000 1464
3971 365676000000 1464
3986 368598000000 1464
4025 372333000000 1464
4052 375470000000 1464
4079 377223000000 1464
4094 378210000000 1464
4136 382155000000 1464
4163 385554000000 1464
4190 387307000000 1464
4217 390444000000 1464
4244 391767000000 1464
4271 394988000000 1464
4313 399111000000 1464
4328 400350000000 1464
4367 404001000000 1464
4382 405324000000 1464
4409 406741000000 1464
4448 412626000000 1464
4475 413613000000 1464
4517 416913000000 1464
4532 418545000000 1464
4559 419868000000 1464
4598 425847000000 1464
4625 427170000000 1464
4640 428587000000 1464
4682 432102000000 1464
4697 433089000000 1464
4748 438759000000 1464
4763 440391000000 1464
4790 441714000000 1464
4817 445309000000 1464
4844 446604000000 1464
4874 450456000000 1464
4913 453948000000 1464
4928 455271000000 1464
4967 457978000000 1464
4982 460161000000 1464
5021 463560000000 1464
5063 467505000000 1464
5078 468492000000 1464
5105 470030000000 1464
5132 473382000000 1464
5171 477117000000 1464
5198 479824000000 1464
5225 482007000000 1464
5243 483036000000 1464
5282 486939000000 1464
5309 490338000000 1464
5336 491661000000 1464
5363 495228000000 1464
5390 496551000000 1464
5417 499398000000 1464
5459 503895000000 1464
5474 505190000000 1464
5513 508785000000 1464
5528 510108000000 1464
5555 511095000000 1464
5594 517410000000 1464
5624 518439000000 1464
5663 521267000000 1464
5678 523329000000 1464
5705 524652000000 1464
5744 530631000000 1464
5771 531954000000 1464
5786 532941000000 1464
5828 536886000000 1464
5843 537873000000 1464
5894 543113000000 1464
5909 545175000000 1464
5936 546498000000 1464
5963 550177000000 1464
5993 551430000000 1464
6020 555081000000 1464
6059 558732000000 1464
6074 560055000000 1464
6113 562332000000 1464
6128 564945000000 1464
6167 568344000000 1464
6209 572289000000 1464
6224 573276000000 1464
6251 574599000000 1464
6278 578166000000 1464
6317 581901000000 1464
6344 584178000000 1464
6374 586833000000 1464
6389 587820000000 1464
6428 591723000000 1464
6455 595122000000 1464
6482 596445000000 1464
6509 600068000000 1464
6536 601335000000 1464
6566 603878000000 1464
6605 608679000000 1464
6620 610002000000 1464
6659 613569000000 1464
6674 614892000000 1464
6701 615879000000 1464
6755 622236000000 1464
6770 623223000000 1464
6809 625621000000 1464
6824 628113000000 1464
6851 629436000000 1464
6890 635415000000 1464
6917 636738000000 1464
6935 637767000000 1464
6974 641670000000 1464
6989 642657000000 1464
7040 647467000000 1464
7055 649959000000 1464
7082 651282000000 1464
7109 655017000000 1464
7139 656214000000 1464
7166 659949000000 1464
7205 663516000000 1464
7220 664839000000 1464
7259 666686000000 1464
7274 669729000000 1464
7316 673170000000 1464
7355 677073000000 1464
7370 678060000000 1464
7397 679383000000 1464
7424 682950000000 1464
7463 686685000000 1464
7490 688532000000 1464
7520 691617000000 1464
7535 692604000000 1464
7574 696292000000 1464
7601 699906000000 1464
7628 701229000000 1464
7655 704908000000 1464
7685 706161000000 1464
7712 708288000000 1464
7751 713463000000 1464
7766 714786000000 1464
7805 718138000000 1464
7820 719676000000 1464
7847 720663000000 1464
7901 727020000000 1464
7916 728007000000 1464
7955 729975000000 1464
7970 732897000000 1464
7997 734220000000 1464
8036 739769000000 1464
8066 741564000000 1464
8081 742551000000 1464
8120 746454000000 1464
8135 747441000000 1464
8186 751821000000 1464
8201 754799000000 1464
8228 756066000000 1464
8258 759469000000 1464
8285 760998000000 1464
8312 764733000000 1464
8351 768300000000 1464
8366 769623000000 1464
8393 771040000000 1464
8435 774555000000 1464
8462 777954000000 1464
8501 781427000000 1464
8516 782844000000 1464
8543 784167000000 1464
8570 787734000000 1464
8609 791469000000 1464
8627 792928000000 1464
8666 796401000000 1464
8681 797388000000 1464
8720 800646000000 1464
8747 804690000000 1464
8774 806013000000 1464
8801 809748000000 1464
8831 810945000000 1464
8846 812698000000 1464
8897 818247000000 1464
8912 819570000000 1464
8951 822492000000 1464
8978 824460000000 1464
8996 825489000000 1464
9047 831804000000 1464
9062 832791000000 1464
9089 834329000000 1464
9116 837681000000 1464
9143 839004000000 1464
9182 844123000000 1464
9212 846348000000 1464
9227 847335000000 1464
9266 851238000000 1464
9281 852225000000 1464
9320 856175000000 1464
9347 859639000000 1464
9377 860892000000 1464
9404 863879000000 1464
9431 865782000000 1464
9458 869517000000 1464
9497 873084000000 1464
9512 874407000000 1464
9539 875394000000 1464
9581 879339000000 1464
9608 882738000000 1464
9647 885781000000 1464
9662 887628000000 1464
9689 888951000000 1464
9716 892518000000 1464
9758 896295000000 1464
9773 897282000000 1464
9812 901185000000 1464
9827 902172000000 1464
9866 905000000000 1464
9893 909558000000 1464
9920 910797000000 1464
9950 914630000000 1464
9977 915729000000 1464
9992 917052000000 1464
10043 923031000000 1464
10058 924354000000 1464
10097 926846000000 1464
10127 929286000000 1464
10142 930273000000 1464
10193 936588000000 1464
10208 937575000000 1464
10235 938898000000 1464
10262 942465000000 1464
10289 943788000000 1464
10331 948519000000 1464
10358 951132000000 1464
10373 952119000000 1464
10412 956022000000 1464
10427 957037000000 1464
10466 960744000000 1464
10493 964507000000 1464
10523 965676000000 1464
10550 968289000000 1464
10577 970566000000 1464
10604 974301000000 1464
10643 977868000000 1464
10670 979191000000 1464
10688 980220000000 1464
10727 984123000000 1464
10754 987522000000 1464
10793 989920000000 1464
10808 992412000000 1464
10835 993735000000 1464
10862 997302000000 1464
