12 3061000000 1464
39 5809000000 1464
66 9236000000 1464
93 11419000000 1464
108 13477000000 1464
159 19792000000 1464
177 20821000000 1464
204 22144000000 1464
231 25711000000 1464
258 27034000000 1464
297 31938000000 1464
324 34336000000 1464
339 35323000000 1464
381 39268000000 1464
396 40255000000 1464
435 43990000000 1464
462 47557000000 1464
489 48880000000 1464
516 51540000000 1464
546 53812000000 1464
585 57519000000 1464
612 61114000000 1464
639 62437000000 1464
654 63424000000 1464
693 67327000000 1464
720 70726000000 1464
762 73596000000 1464
777 75658000000 1464
804 76981000000 1464
831 80548000000 1464
870 84283000000 1464
885 85270000000 1464
927 89215000000 1464
942 90202000000 1464
981 92815000000 1464
1008 97504000000 1464
1035 98827000000 1464
1062 102506000000 1464
1089 103717000000 1464
1119 105026000000 1464
1158 111061000000 1464
1185 112384000000 1464
1212 114661000000 1464
1239 117274000000 1464
1254 118261000000 1464
1308 124618000000 1464
1323 125605000000 1464
1350 126928000000 1464
1377 130495000000 1464
1404 131818000000 1464
1443 136292000000 1464
1470 139120000000 1464
1488 140149000000 1464
1527 144052000000 1464
1542 145039000000 1464
1581 148774000000 1464
1608 152397000000 1464
1635 153664000000 1464
1677 155992000000 1464
1692 158596000000 1464
1731 162331000000 1464
1758 165898000000 1464
1785 167221000000 1464
1800 168208000000 1464
1839 172111000000 1464
1869 175552000000 1464
1908 177735000000 1464
1923 180442000000 1464
1950 181765000000 1464
1977 185332000000 1464
2016 189067000000 1464
2031 190054000000 1464
2073 193999000000 1464
2088 194986000000 1464
2127 197169000000 1464
2154 202288000000 1464
2181 203611000000 1464
2208 207131000000 1464
2238 208543000000 1464
2265 209866000000 1464
2304 215845000000 1464
2331 217168000000 1464
2358 219015000000 1464
2385 222058000000 1464
2400 223045000000 1464
2454 229187000000 1464
2469 230389000000 1464
2496 231712000000 1464
2523 235279000000 1464
2550 236602000000 1464
2589 240646000000 1464
2619 243946000000 1464
2634 244933000000 1464
2673 248406000000 1464
2688 249823000000 1464
2727 253558000000 1464
2754 257237000000 1464
2781 258448000000 1464
2823 260402000000 1464
2838 263380000000 1464
2877 267115000000 1464
2904 270252000000 1464
2931 272005000000 1464
2946 272992000000 1464
2988 276937000000 1464
3015 280336000000 1464
3054 282089000000 1464
3069 285226000000 1464
3096 286549000000 1464
3123 289686000000 1464
3162 293851000000 1464
3180 294880000000 1464
3219 298783000000 1464
3234 299770000000 1464
3273 301523000000 1464
3300 307128000000 1464
3327 308395000000 1464
3369 311583000000 1464
3384 313327000000 1464
3411 314650000000 1464
3450 320629000000 1464
3477 321952000000 1464
3504 323369000000 1464
3531 326842000000 1464
3549 327871000000 1464
3600 333541000000 1464
3615 335173000000 1464
3642 336496000000 1464
3669 340063000000 1464
3696 341386000000 1464
3735 345000000000 1464
3765 348730000000 1464
3780 349717000000 1464
3819 352760000000 1464
3834 354635000000 1464
3873 358342000000 1464
3900 362077000000 1464
3930 363274000000 1464
3969 364812000000 1464
3984 368164000000 1464
4023 371899000000 1464
4050 374606000000 1464
4077 376789000000 1464
4092 377776000000 1464
4134 381721000000 1464
4161 385120000000 1464
4188 386443000000 1464
4215 390010000000 1464
4242 391333000000 1464
4269 394040000000 1464
4311 398677000000 1464
4326 399664000000 1464
4365 403567000000 1464
4380 404554000000 1464
4407 405877000000 1464
4446 411996000000 1464
4473 413179000000 1464
4515 415993000000 1464
4530 418111000000 1464
4557 419434000000 1464
4596 425413000000 1464
4623 426736000000 1464
4638 427723000000 1464
4680 431668000000 1464
4695 432655000000 1464
4746 437895000000 1464
4761 439957000000 1464
4788 441280000000 1464
4815 444847000000 1464
4842 446170000000 1464
4872 449611000000 1464
4911 453514000000 1464
4926 454501000000 1464
4965 457114000000 1464
4980 459475000000 1464
5019 463126000000 1464
5061 466987000000 1464
5076 468058000000 1464
5103 469381000000 1464
5130 472948000000 1464
5169 476683000000 1464
5196 478960000000 1464
5223 481573000000 1464
5241 482602000000 1464
5280 486505000000 1464
5307 489904000000 1464
5334 491227000000 1464
5361 494794000000 1464
5388 496117000000 1464
5415 498394000000 1464
5457 503461000000 1464
5472 504448000000 1464
5511 508351000000 1464
5526 509366000000 1464
5553 510661000000 1464
5592 516836000000 1464
5622 518005000000 1464
5661 520403000000 1464
5676 522895000000 1464
5703 524218000000 1464
5742 530197000000 1464
5769 531520000000 1464
5784 532507000000 1464
5826 536452000000 1464
5841 537439000000 1464
5892 542249000000 1464
5907 544741000000 1464
5934 546064000000 1464
5961 549631000000 1464
5991 550996000000 1464
6018 554395000000 1464
6057 558298000000 1464
6072 559285000000 1464
6111 561468000000 1464
6126 564315000000 1464
6165 567910000000 1464
6207 571827000000 1464
6222 572842000000 1464
6249 574165000000 1464
6276 577732000000 1464
6315 581467000000 1464
6342 583314000000 1464
6372 586399000000 1464
6387 587386000000 1464
6426 591074000000 1464
6453 594688000000 1464
6480 596011000000 1464
6507 599578000000 1464
6534 600901000000 1464
6564 602790000000 1464
6603 608245000000 1464
6618 609232000000 1464
6657 612920000000 1464
6672 614206000000 1464
6699 615445000000 1464
6753 621718000000 1464
6768 622789000000 1464
6807 624757000000 1464
6822 627679000000 1464
6849 629002000000 1464
6888 634551000000 1464
6915 636304000000 1464
6933 637333000000 1464
6972 641236000000 1464
6987 642223000000 1464
7038 646603000000 1464
7053 649525000000 1464
7080 650848000000 1464
7107 653985000000 1464
7137 655780000000 1464
7164 659179000000 1464
7203 663082000000 1464
7218 664097000000 1464
7257 665822000000 1464
7272 669155000000 1464
7314 672736000000 1464
7353 676209000000 1464
7368 677626000000 1464
7395 678949000000 1464
7422 682516000000 1464
7461 686251000000 1464
7488 687668000000 1464
7518 691183000000 1464
7533 692170000000 1464
7572 695428000000 1464
7599 699472000000 1464
7626 700795000000 1464
7653 704362000000 1464
7683 705727000000 1464
7710 707144000000 1464
7749 713029000000 1464
7764 714016000000 1464
7803 717274000000 1464
7818 719046000000 1464
7845 720229000000 1464
7899 726558000000 1464
7914 727573000000 1464
7953 729111000000 1464
7968 732463000000 1464
7995 733786000000 1464
8034 738905000000 1464
8064 741130000000 1464
8079 742117000000 1464
8118 746020000000 1464
8133 747007000000 1464
8184 750957000000 1464
8199 754309000000 1464
8226 755632000000 1464
8256 758381000000 1464
8283 760564000000 1464
8310 763963000000 1464
8349 767866000000 1464
8364 768965000000 1464
8391 770176000000 1464
8433 774037000000 1464
8460 777520000000 1464
8499 780563000000 1464
8514 782410000000 1464
8541 783733000000 1464
8568 787300000000 1464
8607 791035000000 1464
8625 792064000000 1464
8664 795967000000 1464
8679 796954000000 1464
8718 799782000000 1464
8745 804256000000 1464
8772 805579000000 1464
8799 809146000000 1464
8829 810511000000 1464
8844 811498000000 1464
8895 817813000000 1464
8910 818856000000 1464
8949 821628000000 1464
8976 823914000000 1464
8994 825055000000 1464
9045 831370000000 1464
9060 832357000000 1464
9087 833680000000 1464
9114 837247000000 1464
9141 838570000000 1464
9180 843259000000 1464
9210 845914000000 1464
9225 846901000000 1464
9264 850804000000 1464
9279 851791000000 1464
9318 855526000000 1464
9345 859093000000 1464
9375 860458000000 1464
9402 862735000000 1464
9429 865348000000 1464
9456 868747000000 1464
9495 872650000000 1464
9510 873805000000 1464
9537 874960000000 1464
9579 878905000000 1464
9606 882304000000 1464
9645 884702000000 1464
9660 887194000000 1464
9687 888517000000 1464
9714 892084000000 1464
9756 895861000000 1464
9771 896848000000 1464
9810 900751000000 1464
9825 901738000000 1464
9864 904136000000 1464
9891 909040000000 1464
9918 910363000000 1464
9948 913972000000 1464
9975 915295000000 1464
9990 916282000000 1464
10041 922597000000 1464
10056 923696000000 1464
10095 925982000000 1464
10125 928796000000 1464
10140 929839000000 1464
10191 936154000000 1464
10206 937141000000 1464
10233 938464000000 1464
10260 942031000000 1464
10287 943354000000 1464
10329 947655000000 1464
10356 950698000000 1464
10371 951685000000 1464
10410 955373000000 1464
10425 956575000000 1464
10464 960310000000 1464
10491 963877000000 1464
10521 965242000000 1464
10548 967089000000 1464
10575 970132000000 1464
10602 973587000000 1464
10641 977219000000 1464
10668 978645000000 1464
10686 979786000000 1464
10725 983689000000 1464
10752 987088000000 1464
10791 989056000000 1464
10806 991978000000 1464
10833 993301000000 1464
10860 996653000000 1464
