118 15846000000 1358
268 29067000000 1358
406 42624000000 1358
556 56041000000 1358
703 69360000000 1358
841 82917000000 1358
991 96138000000 1358
1129 108405000000 1358
1264 120630000000 1358
1414 133851000000 1358
1564 147408000000 1358
1702 160965000000 1358
1849 174144000000 1358
1987 187701000000 1358
2137 201174000000 1358
2275 212974000000 1358
2410 225456000000 1358
2560 238635000000 1358
2710 252192000000 1358
2848 265749000000 1358
2998 278970000000 1358
3145 292485000000 1358
3283 306042000000 1358
3421 317543000000 1358
3559 330240000000 1358
3706 343699000000 1358
3856 356976000000 1358
3994 370533000000 1358
4144 383754000000 1358
4291 397269000000 1358
4429 410611000000 1358
4567 422327000000 1358
4717 435024000000 1358
4852 448581000000 1358
5002 461760000000 1358
5140 475317000000 1358
5290 488846000000 1358
5440 502095000000 1358
5575 515180000000 1358
5713 526924000000 1358
5863 539808000000 1358
6001 553365000000 1358
6148 566544000000 1358
6298 580101000000 1358
6436 593658000000 1358
6586 606879000000 1358
6721 619749000000 1358
6859 631801000000 1358
7009 644592000000 1358
7147 658149000000 1358
7294 671426000000 1358
7444 684885000000 1358
7582 698442000000 1358
7732 711663000000 1358
7882 724360000000 1358
8005 736370000000 1358
8155 749376000000 1358
8293 762933000000 1358
8443 776490000000 1358
8590 789669000000 1358
8728 803226000000 1358
8878 816559000000 1358
9028 828929000000 1358
9151 840939000000 1358
9301 854160000000 1358
9451 867717000000 1358
9589 881274000000 1358
9736 894453000000 1358
9874 908010000000 1358
10024 921567000000 1358
10162 933713000000 1358
10297 945765000000 1358
10447 959084000000 1358
10597 972501000000 1358
10735 986058000000 1358
10885 999279000000 1358
