117 13037000000 1358
267 26074000000 1358
405 39111000000 1358
555 52148000000 1358
702 65185000000 1358
840 78222000000 1358
990 91259000000 1358
1128 104296000000 1358
1263 117333000000 1358
1413 130370000000 1358
1563 143407000000 1358
1701 156444000000 1358
1848 169481000000 1358
1986 182518000000 1358
2136 195555000000 1358
2274 208592000000 1358
2409 221629000000 1358
2559 234666000000 1358
2709 247703000000 1358
2847 260740000000 1358
2997 273777000000 1358
3144 286814000000 1358
3282 299851000000 1358
3420 312888000000 1358
3558 325925000000 1358
3705 338962000000 1358
3855 351999000000 1358
3993 365036000000 1358
4143 378073000000 1358
4290 391110000000 1358
4428 404147000000 1358
4566 417184000000 1358
4716 430221000000 1358
4851 443258000000 1358
5001 456295000000 1358
5139 469332000000 1358
5289 482369000000 1358
5439 495406000000 1358
5574 508443000000 1358
5712 521480000000 1358
5862 534517000000 1358
6000 547554000000 1358
6147 560591000000 1358
6297 573628000000 1358
6435 586665000000 1358
6585 599702000000 1358
6720 612739000000 1358
6858 625776000000 1358
7008 638813000000 1358
7146 651850000000 1358
7293 664887000000 1358
7443 677924000000 1358
7581 690961000000 1358
7731 703998000000 1358
7881 717035000000 1358
8004 730072000000 1358
8154 743109000000 1358
8292 756146000000 1358
8442 769183000000 1358
8589 782220000000 1358
8727 795257000000 1358
8877 808294000000 1358
9027 821331000000 1358
9150 834368000000 1358
9300 847405000000 1358
9450 860442000000 1358
9588 873479000000 1358
9735 886516000000 1358
9873 899553000000 1358
10023 912590000000 1358
10161 925627000000 1358
10296 938664000000 1358
10446 951701000000 1358
10596 964738000000 1358
10734 977775000000 1358
10884 990812000000 1358
