7 1707000000 160
22 3414000000 160
34 5121000000 160
49 6828000000 160
76 8535000000 160
88 10242000000 160
103 11949000000 160
130 13656000000 160
154 15363000000 160
172 17070000000 160
187 18777000000 160
199 20484000000 160
226 22191000000 160
241 23898000000 160
253 25605000000 160
280 27312000000 160
307 29019000000 160
319 30726000000 160
334 32433000000 160
352 34140000000 160
376 35847000000 160
391 37554000000 160
418 39261000000 160
430 40968000000 160
457 42675000000 160
472 44382000000 160
484 46089000000 160
499 47796000000 160
526 49503000000 160
541 51210000000 160
568 52917000000 160
580 54624000000 160
607 56331000000 160
622 58038000000 160
634 59745000000 160
649 61452000000 160
676 63159000000 160
688 64866000000 160
715 66573000000 160
733 68280000000 160
757 69987000000 160
772 71694000000 160
787 73401000000 160
799 75108000000 160
826 76815000000 160
853 78522000000 160
865 80229000000 160
880 81936000000 160
907 83643000000 160
922 85350000000 160
937 87057000000 160
952 88764000000 160
964 90471000000 160
1003 92178000000 160
1018 93885000000 160
1030 95592000000 160
1045 97299000000 160
1072 99006000000 160
1084 100713000000 160
1102 102420000000 160
1114 104127000000 160
1153 105834000000 160
1168 107541000000 160
1180 109248000000 160
1195 110955000000 160
1222 112662000000 160
1234 114369000000 160
1249 116076000000 160
1276 117783000000 160
1303 119490000000 160
1318 121197000000 160
1333 122904000000 160
1345 124611000000 160
1372 126318000000 160
1387 128025000000 160
1399 129732000000 160
1426 131439000000 160
1453 133146000000 160
1465 134853000000 160
1483 136560000000 160
1498 138267000000 160
1522 139974000000 160
1537 141681000000 160
1552 143388000000 160
1576 145095000000 160
1603 146802000000 160
1618 148509000000 160
1630 150216000000 160
1645 151923000000 160
1672 153630000000 160
1687 155337000000 160
1714 157044000000 160
1726 158751000000 160
1753 160458000000 160
1768 162165000000 160
1780 163872000000 160
1795 165579000000 160
1822 167286000000 160
1834 168993000000 160
1864 170700000000 160
1879 172407000000 160
1903 174114000000 160
1918 175821000000 160
1933 177528000000 160
1945 179235000000 160
1960 180942000000 160
1999 182649000000 160
2011 184356000000 160
2026 186063000000 160
2044 187770000000 160
2068 189477000000 160
2083 191184000000 160
2098 192891000000 160
2110 194598000000 160
2149 196305000000 160
2164 198012000000 160
2176 199719000000 160
2191 201426000000 160
2218 203133000000 160
2233 204840000000 160
2248 206547000000 160
2260 208254000000 160
2299 209961000000 160
2314 211668000000 160
2326 213375000000 160
2341 215082000000 160
2368 216789000000 160
2380 218496000000 160
2395 220203000000 160
2425 221910000000 160
2449 223617000000 160
2464 225324000000 160
2479 227031000000 160
2491 228738000000 160
2518 230445000000 160
2533 232152000000 160
2545 233859000000 160
2572 235566000000 160
2599 237273000000 160
2614 238980000000 160
2629 240687000000 160
2644 242394000000 160
2668 244101000000 160
2683 245808000000 160
2698 247515000000 160
2722 249222000000 160
2749 250929000000 160
2764 252636000000 160
2776 254343000000 160
2794 256050000000 160
2818 257757000000 160
2833 259464000000 160
2860 261171000000 160
2872 262878000000 160
2899 264585000000 160
2914 266292000000 160
2926 267999000000 160
2941 269706000000 160
2956 271413000000 160
2983 273120000000 160
3010 274827000000 160
3025 276534000000 160
3037 278241000000 160
3064 279948000000 160
3079 281655000000 160
3091 283362000000 160
3106 285069000000 160
3133 286776000000 160
3157 288483000000 160
3175 290190000000 160
3190 291897000000 160
3214 293604000000 160
3229 295311000000 160
3244 297018000000 160
3256 298725000000 160
3295 300432000000 160
3310 302139000000 160
3322 303846000000 160
3337 305553000000 160
3364 307260000000 160
3379 308967000000 160
3394 310674000000 160
3406 312381000000 160
3445 314088000000 160
3460 315795000000 160
3472 317502000000 160
3487 319209000000 160
3514 320916000000 160
3526 322623000000 160
3544 324330000000 160
3571 326037000000 160
3595 327744000000 160
3610 329451000000 160
3625 331158000000 160
3637 332865000000 160
3664 334572000000 160
3679 336279000000 160
3691 337986000000 160
3718 339693000000 160
3748 341400000000 160
3760 343107000000 160
3775 344814000000 160
3790 346521000000 160
3814 348228000000 160
3829 349935000000 160
3844 351642000000 160
3868 353349000000 160
3895 355056000000 160
3910 356763000000 160
3925 358470000000 160
3940 360177000000 160
3952 361884000000 160
3979 363591000000 160
4006 365298000000 160
4018 367005000000 160
4033 368712000000 160
4060 370419000000 160
4072 372126000000 160
4087 373833000000 160
4105 375540000000 160
4129 377247000000 160
4156 378954000000 160
4171 380661000000 160
4183 382368000000 160
4210 384075000000 160
4225 385782000000 160
4237 387489000000 160
4252 389196000000 160
4279 390903000000 160
4306 392610000000 160
4321 394317000000 160
4336 396024000000 160
4360 397731000000 160
4375 399438000000 160
4390 401145000000 160
4402 402852000000 160
4441 404559000000 160
4456 406266000000 160
4468 407973000000 160
4486 409680000000 160
4510 411387000000 160
4525 413094000000 160
4540 414801000000 160
4552 416508000000 160
4591 418215000000 160
4606 419922000000 160
4618 421629000000 160
4633 423336000000 160
4660 425043000000 160
4675 426750000000 160
4690 428457000000 160
4705 430164000000 160
4741 431871000000 160
4756 433578000000 160
4771 435285000000 160
4783 436992000000 160
4810 438699000000 160
4825 440406000000 160
4837 442113000000 160
4867 443820000000 160
4894 445527000000 160
4906 447234000000 160
4921 448941000000 160
4936 450648000000 160
4948 452355000000 160
4975 454062000000 160
4990 455769000000 160
5014 457476000000 160
5029 459183000000 160
5056 460890000000 160
5071 462597000000 160
5086 464304000000 160
5098 466011000000 160
5125 467718000000 160
5152 469425000000 160
5164 471132000000 160
5179 472839000000 160
5206 474546000000 160
5218 476253000000 160
5236 477960000000 160
5251 479667000000 160
5275 481374000000 160
5302 483081000000 160
5317 484788000000 160
5329 486495000000 160
5356 488202000000 160
5371 489909000000 160
5383 491616000000 160
5398 493323000000 160
5428 495030000000 160
5452 496737000000 160
5467 498444000000 160
5482 500151000000 160
5506 501858000000 160
5521 503565000000 160
5536 505272000000 160
5548 506979000000 160
5587 508686000000 160
5602 510393000000 160
5617 512100000000 160
5632 513807000000 160
5656 515514000000 160
5671 517221000000 160
5686 518928000000 160
5698 520635000000 160
5737 522342000000 160
5752 524049000000 160
5764 525756000000 160
5779 527463000000 160
5809 529170000000 160
5821 530877000000 160
5836 532584000000 160
5851 534291000000 160
5887 535998000000 160
5902 537705000000 160
5917 539412000000 160
5929 541119000000 160
5944 542826000000 160
5971 544533000000 160
5986 546240000000 160
6013 547947000000 160
6028 549654000000 160
6052 551361000000 160
6067 553068000000 160
6082 554775000000 160
6094 556482000000 160
6121 558189000000 160
6136 559896000000 160
6160 561603000000 160
6178 563310000000 160
6202 565017000000 160
6217 566724000000 160
6232 568431000000 160
6244 570138000000 160
6271 571845000000 160
6286 573552000000 160
6310 575259000000 160
6325 576966000000 160
6352 578673000000 160
6367 580380000000 160
6382 582087000000 160
6397 583794000000 160
6421 585501000000 160
6448 587208000000 160
6463 588915000000 160
6475 590622000000 160
6502 592329000000 160
6517 594036000000 160
6529 595743000000 160
6547 597450000000 160
6574 599157000000 160
6598 600864000000 160
6613 602571000000 160
6628 604278000000 160
6652 605985000000 160
6667 607692000000 160
6682 609399000000 160
6694 611106000000 160
6733 612813000000 160
6748 614520000000 160
6763 616227000000 160
6778 617934000000 160
6802 619641000000 160
6817 621348000000 160
6832 623055000000 160
6844 624762000000 160
6883 626469000000 160
6898 628176000000 160
6910 629883000000 160
6928 631590000000 160
6943 633297000000 160
6967 635004000000 160
6982 636711000000 160
6997 638418000000 160
7021 640125000000 160
7048 641832000000 160
7063 643539000000 160
7075 645246000000 160
7090 646953000000 160
7120 648660000000 160
7132 650367000000 160
7159 652074000000 160
7174 653781000000 160
7198 655488000000 160
7213 657195000000 160
7228 658902000000 160
7240 660609000000 160
7267 662316000000 160
7282 664023000000 160
7309 665730000000 160
7324 667437000000 160
7348 669144000000 160
7363 670851000000 160
7378 672558000000 160
7390 674265000000 160
7417 675972000000 160
7432 677679000000 160
7456 679386000000 160
7471 681093000000 160
7501 682800000000 160
7513 684507000000 160
7528 686214000000 160
7543 687921000000 160
7567 689628000000 160
7594 691335000000 160
7609 693042000000 160
7621 694749000000 160
7648 696456000000 160
7663 698163000000 160
7678 699870000000 160
7693 701577000000 160
7720 703284000000 160
7744 704991000000 160
7759 706698000000 160
7774 708405000000 160
7798 710112000000 160
7813 711819000000 160
7828 713526000000 160
7840 715233000000 160
7870 716940000000 160
7894 718647000000 160
7909 720354000000 160
7924 722061000000 160
7936 723768000000 160
7963 725475000000 160
7978 727182000000 160
7990 728889000000 160
8017 730596000000 160
8044 732303000000 160
8059 734010000000 160
8074 735717000000 160
8089 737424000000 160
8113 739131000000 160
8128 740838000000 160
8143 742545000000 160
8167 744252000000 160
8194 745959000000 160
8209 747666000000 160
8221 749373000000 160
8239 751080000000 160
8266 752787000000 160
8278 754494000000 160
8305 756201000000 160
8320 757908000000 160
8344 759615000000 160
8359 761322000000 160
8374 763029000000 160
8386 764736000000 160
8413 766443000000 160
8428 768150000000 160
8455 769857000000 160
8470 771564000000 160
8494 773271000000 160
8509 774978000000 160
8524 776685000000 160
8536 778392000000 160
8563 780099000000 160
8578 781806000000 160
8602 783513000000 160
8620 785220000000 160
8647 786927000000 160
8659 788634000000 160
8674 790341000000 160
8689 792048000000 160
8713 793755000000 160
8740 795462000000 160
8755 797169000000 160
8767 798876000000 160
8794 800583000000 160
8812 802290000000 160
8824 803997000000 160
8839 805704000000 160
8866 807411000000 160
8890 809118000000 160
8905 810825000000 160
8920 812532000000 160
8932 814239000000 160
8959 815946000000 160
8971 817653000000 160
8989 819360000000 160
9004 821067000000 160
9040 822774000000 160
9055 824481000000 160
9070 826188000000 160
9082 827895000000 160
9109 829602000000 160
9124 831309000000 160
9136 833016000000 160
9163 834723000000 160
9193 836430000000 160
9205 838137000000 160
9220 839844000000 160
9235 841551000000 160
9259 843258000000 160
9274 844965000000 160
9289 846672000000 160
9313 848379000000 160
9340 850086000000 160
9355 851793000000 160
9370 853500000000 160
9385 855207000000 160
9412 856914000000 160
9424 858621000000 160
9439 860328000000 160
9466 862035000000 160
9490 863742000000 160
9505 865449000000 160
9520 867156000000 160
9532 868863000000 160
9562 870570000000 160
9574 872277000000 160
9601 873984000000 160
9616 875691000000 160
9640 877398000000 160
9655 879105000000 160
9670 880812000000 160
9682 882519000000 160
9709 884226000000 160
9724 885933000000 160
9751 887640000000 160
9766 889347000000 160
9793 891054000000 160
9805 892761000000 160
9820 894468000000 160
9835 896175000000 160
9859 897882000000 160
9886 899589000000 160
9901 901296000000 160
9913 903003000000 160
9931 904710000000 160
9958 906417000000 160
9970 908124000000 160
9985 909831000000 160
10000 911538000000 160
10036 913245000000 160
10051 914952000000 160
10066 916659000000 160
10078 918366000000 160
10105 920073000000 160
10120 921780000000 160
10135 923487000000 160
10150 925194000000 160
10186 926901000000 160
10201 928608000000 160
10216 930315000000 160
10228 932022000000 160
10255 933729000000 160
10270 935436000000 160
10282 937143000000 160
10312 938850000000 160
10339 940557000000 160
10351 942264000000 160
10366 943971000000 160
10381 945678000000 160
10405 947385000000 160
10420 949092000000 160
10435 950799000000 160
10459 952506000000 160
10486 954213000000 160
10504 955920000000 160
10516 957627000000 160
10531 959334000000 160
10558 961041000000 160
10570 962748000000 160
10585 964455000000 160
10612 966162000000 160
10636 967869000000 160
10651 969576000000 160
10663 971283000000 160
10681 972990000000 160
10708 974697000000 160
10720 976404000000 160
10747 978111000000 160
10762 979818000000 160
10786 981525000000 160
10801 983232000000 160
10816 984939000000 160
10828 986646000000 160
10855 988353000000 160
10873 990060000000 160
10897 991767000000 160
10912 993474000000 160
10927 995181000000 160
10951 996888000000 160
10966 998595000000 160
