6 1707000000 160
21 3414000000 160
33 5121000000 160
48 6828000000 160
75 8535000000 160
87 10242000000 160
102 11949000000 160
129 13656000000 160
153 15363000000 160
171 17070000000 160
186 18777000000 160
198 20484000000 160
225 22191000000 160
240 23898000000 160
252 25605000000 160
279 27312000000 160
306 29019000000 160
318 30726000000 160
333 32433000000 160
351 34140000000 160
375 35847000000 160
390 37554000000 160
417 39261000000 160
429 40968000000 160
456 42675000000 160
471 44382000000 160
483 46089000000 160
498 47796000000 160
525 49503000000 160
540 51210000000 160
567 52917000000 160
579 54624000000 160
606 56331000000 160
621 58038000000 160
633 59745000000 160
648 61452000000 160
675 63159000000 160
687 64866000000 160
714 66573000000 160
732 68280000000 160
756 69987000000 160
771 71694000000 160
786 73401000000 160
798 75108000000 160
825 76815000000 160
852 78522000000 160
864 80229000000 160
879 81936000000 160
906 83643000000 160
921 85350000000 160
936 87057000000 160
951 88764000000 160
963 90471000000 160
1002 92178000000 160
1017 93885000000 160
1029 95592000000 160
1044 97299000000 160
1071 99006000000 160
1083 100713000000 160
1101 102420000000 160
1113 104127000000 160
1152 105834000000 160
1167 107541000000 160
1179 109248000000 160
1194 110955000000 160
1221 112662000000 160
1233 114369000000 160
1248 116076000000 160
1275 117783000000 160
1302 119490000000 160
1317 121197000000 160
1332 122904000000 160
1344 124611000000 160
1371 126318000000 160
1386 128025000000 160
1398 129732000000 160
1425 131439000000 160
1452 133146000000 160
1464 134853000000 160
1482 136560000000 160
1497 138267000000 160
1521 139974000000 160
1536 141681000000 160
1551 143388000000 160
1575 145095000000 160
1602 146802000000 160
1617 148509000000 160
1629 150216000000 160
1644 151923000000 160
1671 153630000000 160
1686 155337000000 160
1713 157044000000 160
1725 158751000000 160
1752 160458000000 160
1767 162165000000 160
1779 163872000000 160
1794 165579000000 160
1821 167286000000 160
1833 168993000000 160
1863 170700000000 160
1878 172407000000 160
1902 174114000000 160
1917 175821000000 160
1932 177528000000 160
1944 179235000000 160
1959 180942000000 160
1998 182649000000 160
2010 184356000000 160
2025 186063000000 160
2043 187770000000 160
2067 189477000000 160
2082 191184000000 160
2097 192891000000 160
2109 194598000000 160
2148 196305000000 160
2163 198012000000 160
2175 199719000000 160
2190 201426000000 160
2217 203133000000 160
2232 204840000000 160
2247 206547000000 160
2259 208254000000 160
2298 209961000000 160
2313 211668000000 160
2325 213375000000 160
2340 215082000000 160
2367 216789000000 160
2379 218496000000 160
2394 220203000000 160
2424 221910000000 160
2448 223617000000 160
2463 225324000000 160
2478 227031000000 160
2490 228738000000 160
2517 230445000000 160
2532 232152000000 160
2544 233859000000 160
2571 235566000000 160
2598 237273000000 160
2613 238980000000 160
2628 240687000000 160
2643 242394000000 160
2667 244101000000 160
2682 245808000000 160
2697 247515000000 160
2721 249222000000 160
2748 250929000000 160
2763 252636000000 160
2775 254343000000 160
2793 256050000000 160
2817 257757000000 160
2832 259464000000 160
2859 261171000000 160
2871 262878000000 160
2898 264585000000 160
2913 266292000000 160
2925 267999000000 160
2940 269706000000 160
2955 271413000000 160
2982 273120000000 160
3009 274827000000 160
3024 276534000000 160
3036 278241000000 160
3063 279948000000 160
3078 281655000000 160
3090 283362000000 160
3105 285069000000 160
3132 286776000000 160
3156 288483000000 160
3174 290190000000 160
3189 291897000000 160
3213 293604000000 160
3228 295311000000 160
3243 297018000000 160
3255 298725000000 160
3294 300432000000 160
3309 302139000000 160
3321 303846000000 160
3336 305553000000 160
3363 307260000000 160
3378 308967000000 160
3393 310674000000 160
3405 312381000000 160
3444 314088000000 160
3459 315795000000 160
3471 317502000000 160
3486 319209000000 160
3513 320916000000 160
3525 322623000000 160
3543 324330000000 160
3570 326037000000 160
3594 327744000000 160
3609 329451000000 160
3624 331158000000 160
3636 332865000000 160
3663 334572000000 160
3678 336279000000 160
3690 337986000000 160
3717 339693000000 160
3747 341400000000 160
3759 343107000000 160
3774 344814000000 160
3789 346521000000 160
3813 348228000000 160
3828 349935000000 160
3843 351642000000 160
3867 353349000000 160
3894 355056000000 160
3909 356763000000 160
3924 358470000000 160
3939 360177000000 160
3951 361884000000 160
3978 363591000000 160
4005 365298000000 160
4017 367005000000 160
4032 368712000000 160
4059 370419000000 160
4071 372126000000 160
4086 373833000000 160
4104 375540000000 160
4128 377247000000 160
4155 378954000000 160
4170 380661000000 160
4182 382368000000 160
4209 384075000000 160
4224 385782000000 160
4236 387489000000 160
4251 389196000000 160
4278 390903000000 160
4305 392610000000 160
4320 394317000000 160
4335 396024000000 160
4359 397731000000 160
4374 399438000000 160
4389 401145000000 160
4401 402852000000 160
4440 404559000000 160
4455 406266000000 160
4467 407973000000 160
4485 409680000000 160
4509 411387000000 160
4524 413094000000 160
4539 414801000000 160
4551 416508000000 160
4590 418215000000 160
4605 419922000000 160
4617 421629000000 160
4632 423336000000 160
4659 425043000000 160
4674 426750000000 160
4689 428457000000 160
4704 430164000000 160
4740 431871000000 160
4755 433578000000 160
4770 435285000000 160
4782 436992000000 160
4809 438699000000 160
4824 440406000000 160
4836 442113000000 160
4866 443820000000 160
4893 445527000000 160
4905 447234000000 160
4920 448941000000 160
4935 450648000000 160
4947 452355000000 160
4974 454062000000 160
4989 455769000000 160
5013 457476000000 160
5028 459183000000 160
5055 460890000000 160
5070 462597000000 160
5085 464304000000 160
5097 466011000000 160
5124 467718000000 160
5151 469425000000 160
5163 471132000000 160
5178 472839000000 160
5205 474546000000 160
5217 476253000000 160
5235 477960000000 160
5250 479667000000 160
5274 481374000000 160
5301 483081000000 160
5316 484788000000 160
5328 486495000000 160
5355 488202000000 160
5370 489909000000 160
5382 491616000000 160
5397 493323000000 160
5427 495030000000 160
5451 496737000000 160
5466 498444000000 160
5481 500151000000 160
5505 501858000000 160
5520 503565000000 160
5535 505272000000 160
5547 506979000000 160
5586 508686000000 160
5601 510393000000 160
5616 512100000000 160
5631 513807000000 160
5655 515514000000 160
5670 517221000000 160
5685 518928000000 160
5697 520635000000 160
5736 522342000000 160
5751 524049000000 160
5763 525756000000 160
5778 527463000000 160
5808 529170000000 160
5820 530877000000 160
5835 532584000000 160
5850 534291000000 160
5886 535998000000 160
5901 537705000000 160
5916 539412000000 160
5928 541119000000 160
5943 542826000000 160
5970 544533000000 160
5985 546240000000 160
6012 547947000000 160
6027 549654000000 160
6051 551361000000 160
6066 553068000000 160
6081 554775000000 160
6093 556482000000 160
6120 558189000000 160
6135 559896000000 160
6159 561603000000 160
6177 563310000000 160
6201 565017000000 160
6216 566724000000 160
6231 568431000000 160
6243 570138000000 160
6270 571845000000 160
6285 573552000000 160
6309 575259000000 160
6324 576966000000 160
6351 578673000000 160
6366 580380000000 160
6381 582087000000 160
6396 583794000000 160
6420 585501000000 160
6447 587208000000 160
6462 588915000000 160
6474 590622000000 160
6501 592329000000 160
6516 594036000000 160
6528 595743000000 160
6546 597450000000 160
6573 599157000000 160
6597 600864000000 160
6612 602571000000 160
6627 604278000000 160
6651 605985000000 160
6666 607692000000 160
6681 609399000000 160
6693 611106000000 160
6732 612813000000 160
6747 614520000000 160
6762 616227000000 160
6777 617934000000 160
6801 619641000000 160
6816 621348000000 160
6831 623055000000 160
6843 624762000000 160
6882 626469000000 160
6897 628176000000 160
6909 629883000000 160
6927 631590000000 160
6942 633297000000 160
6966 635004000000 160
6981 636711000000 160
6996 638418000000 160
7020 640125000000 160
7047 641832000000 160
7062 643539000000 160
7074 645246000000 160
7089 646953000000 160
7119 648660000000 160
7131 650367000000 160
7158 652074000000 160
7173 653781000000 160
7197 655488000000 160
7212 657195000000 160
7227 658902000000 160
7239 660609000000 160
7266 662316000000 160
7281 664023000000 160
7308 665730000000 160
7323 667437000000 160
7347 669144000000 160
7362 670851000000 160
7377 672558000000 160
7389 674265000000 160
7416 675972000000 160
7431 677679000000 160
7455 679386000000 160
7470 681093000000 160
7500 682800000000 160
7512 684507000000 160
7527 686214000000 160
7542 687921000000 160
7566 689628000000 160
7593 691335000000 160
7608 693042000000 160
7620 694749000000 160
7647 696456000000 160
7662 698163000000 160
7677 699870000000 160
7692 701577000000 160
7719 703284000000 160
7743 704991000000 160
7758 706698000000 160
7773 708405000000 160
7797 710112000000 160
7812 711819000000 160
7827 713526000000 160
7839 715233000000 160
7869 716940000000 160
7893 718647000000 160
7908 720354000000 160
7923 722061000000 160
7935 723768000000 160
7962 725475000000 160
7977 727182000000 160
7989 728889000000 160
8016 730596000000 160
8043 732303000000 160
8058 734010000000 160
8073 735717000000 160
8088 737424000000 160
8112 739131000000 160
8127 740838000000 160
8142 742545000000 160
8166 744252000000 160
8193 745959000000 160
8208 747666000000 160
8220 749373000000 160
8238 751080000000 160
8265 752787000000 160
8277 754494000000 160
8304 756201000000 160
8319 757908000000 160
8343 759615000000 160
8358 761322000000 160
8373 763029000000 160
8385 764736000000 160
8412 766443000000 160
8427 768150000000 160
8454 769857000000 160
8469 771564000000 160
8493 773271000000 160
8508 774978000000 160
8523 776685000000 160
8535 778392000000 160
8562 780099000000 160
8577 781806000000 160
8601 783513000000 160
8619 785220000000 160
8646 786927000000 160
8658 788634000000 160
8673 790341000000 160
8688 792048000000 160
8712 793755000000 160
8739 795462000000 160
8754 797169000000 160
8766 798876000000 160
8793 800583000000 160
8811 802290000000 160
8823 803997000000 160
8838 805704000000 160
8865 807411000000 160
8889 809118000000 160
8904 810825000000 160
8919 812532000000 160
8931 814239000000 160
8958 815946000000 160
8970 817653000000 160
8988 819360000000 160
9003 821067000000 160
9039 822774000000 160
9054 824481000000 160
9069 826188000000 160
9081 827895000000 160
9108 829602000000 160
9123 831309000000 160
9135 833016000000 160
9162 834723000000 160
9192 836430000000 160
9204 838137000000 160
9219 839844000000 160
9234 841551000000 160
9258 843258000000 160
9273 844965000000 160
9288 846672000000 160
9312 848379000000 160
9339 850086000000 160
9354 851793000000 160
9369 853500000000 160
9384 855207000000 160
9411 856914000000 160
9423 858621000000 160
9438 860328000000 160
9465 862035000000 160
9489 863742000000 160
9504 865449000000 160
9519 867156000000 160
9531 868863000000 160
9561 870570000000 160
9573 872277000000 160
9600 873984000000 160
9615 875691000000 160
9639 877398000000 160
9654 879105000000 160
9669 880812000000 160
9681 882519000000 160
9708 884226000000 160
9723 885933000000 160
9750 887640000000 160
9765 889347000000 160
9792 891054000000 160
9804 892761000000 160
9819 894468000000 160
9834 896175000000 160
9858 897882000000 160
9885 899589000000 160
9900 901296000000 160
9912 903003000000 160
9930 904710000000 160
9957 906417000000 160
9969 908124000000 160
9984 909831000000 160
9999 911538000000 160
10035 913245000000 160
10050 914952000000 160
10065 916659000000 160
10077 918366000000 160
10104 920073000000 160
10119 921780000000 160
10134 923487000000 160
10149 925194000000 160
10185 926901000000 160
10200 928608000000 160
10215 930315000000 160
10227 932022000000 160
10254 933729000000 160
10269 935436000000 160
10281 937143000000 160
10311 938850000000 160
10338 940557000000 160
10350 942264000000 160
10365 943971000000 160
10380 945678000000 160
10404 947385000000 160
10419 949092000000 160
10434 950799000000 160
10458 952506000000 160
10485 954213000000 160
10503 955920000000 160
10515 957627000000 160
10530 959334000000 160
10557 961041000000 160
10569 962748000000 160
10584 964455000000 160
10611 966162000000 160
10635 967869000000 160
10650 969576000000 160
10662 971283000000 160
10680 972990000000 160
10707 974697000000 160
10719 976404000000 160
10746 978111000000 160
10761 979818000000 160
10785 981525000000 160
10800 983232000000 160
10815 984939000000 160
10827 986646000000 160
10854 988353000000 160
10872 990060000000 160
10896 991767000000 160
10911 993474000000 160
10926 995181000000 160
10950 996888000000 160
10965 998595000000 160
