164 17067000000 64
344 34134000000 64
533 51201000000 64
725 68268000000 64
914 85335000000 64
1094 102402000000 64
1295 119469000000 64
1475 136536000000 64
1664 153603000000 64
1856 170670000000 64
2036 187737000000 64
2225 204804000000 64
2417 221871000000 64
2606 238938000000 64
2786 256005000000 64
2975 273072000000 64
3167 290139000000 64
3356 307206000000 64
3536 324273000000 64
3740 341340000000 64
3917 358407000000 64
4097 375474000000 64
4298 392541000000 64
4478 409608000000 64
4667 426675000000 64
4859 443742000000 64
5048 460809000000 64
5228 477876000000 64
5420 494943000000 64
5609 512010000000 64
5801 529077000000 64
5978 546144000000 64
6170 563211000000 64
6359 580278000000 64
6539 597345000000 64
6740 614412000000 64
6920 631479000000 64
7112 648546000000 64
7301 665613000000 64
7493 682680000000 64
7670 699747000000 64
7850 716814000000 64
8051 733881000000 64
8231 750948000000 64
8420 768015000000 64
8612 785082000000 64
8804 802149000000 64
8981 819216000000 64
9185 836283000000 64
9362 853350000000 64
9554 870417000000 64
9743 887484000000 64
9923 904551000000 64
10112 921618000000 64
10304 938685000000 64
10496 955752000000 64
10673 972819000000 64
10865 989886000000 64
