116 13037000000 1358
266 26074000000 1358
404 39111000000 1358
554 52148000000 1358
701 65185000000 1358
839 78222000000 1358
989 91259000000 1358
1127 104296000000 1358
1262 117333000000 1358
1412 130370000000 1358
1562 143407000000 1358
1700 156444000000 1358
1847 169481000000 1358
1985 182518000000 1358
2135 195555000000 1358
2273 208592000000 1358
2408 221629000000 1358
2558 234666000000 1358
2708 247703000000 1358
2846 260740000000 1358
2996 273777000000 1358
3143 286814000000 1358
3281 299851000000 1358
3419 312888000000 1358
3557 325925000000 1358
3704 338962000000 1358
3854 351999000000 1358
3992 365036000000 1358
4142 378073000000 1358
4289 391110000000 1358
4427 404147000000 1358
4565 417184000000 1358
4715 430221000000 1358
4850 443258000000 1358
5000 456295000000 1358
5138 469332000000 1358
5288 482369000000 1358
5438 495406000000 1358
5573 508443000000 1358
5711 521480000000 1358
5861 534517000000 1358
5999 547554000000 1358
6146 560591000000 1358
6296 573628000000 1358
6434 586665000000 1358
6584 599702000000 1358
6719 612739000000 1358
6857 625776000000 1358
7007 638813000000 1358
7145 651850000000 1358
7292 664887000000 1358
7442 677924000000 1358
7580 690961000000 1358
7730 703998000000 1358
7880 717035000000 1358
8003 730072000000 1358
8153 743109000000 1358
8291 756146000000 1358
8441 769183000000 1358
8588 782220000000 1358
8726 795257000000 1358
8876 808294000000 1358
9026 821331000000 1358
9149 834368000000 1358
9299 847405000000 1358
9449 860442000000 1358
9587 873479000000 1358
9734 886516000000 1358
9872 899553000000 1358
10022 912590000000 1358
10160 925627000000 1358
10295 938664000000 1358
10445 951701000000 1358
10595 964738000000 1358
10733 977775000000 1358
10883 990812000000 1358
