115 13037000000 1358
265 26074000000 1358
403 39111000000 1358
553 52148000000 1358
700 65185000000 1358
838 78222000000 1358
988 91259000000 1358
1126 104296000000 1358
1261 117333000000 1358
1411 130370000000 1358
1561 143407000000 1358
1699 156444000000 1358
1846 169481000000 1358
1984 182518000000 1358
2134 195555000000 1358
2272 208592000000 1358
2407 221629000000 1358
2557 234666000000 1358
2707 247703000000 1358
2845 260740000000 1358
2995 273777000000 1358
3142 286814000000 1358
3280 299851000000 1358
3418 312888000000 1358
3556 325925000000 1358
3703 338962000000 1358
3853 351999000000 1358
3991 365036000000 1358
4141 378073000000 1358
4288 391110000000 1358
4426 404147000000 1358
4564 417184000000 1358
4714 430221000000 1358
4849 443258000000 1358
4999 456295000000 1358
5137 469332000000 1358
5287 482369000000 1358
5437 495406000000 1358
5572 508443000000 1358
5710 521480000000 1358
5860 534517000000 1358
5998 547554000000 1358
6145 560591000000 1358
6295 573628000000 1358
6433 586665000000 1358
6583 599702000000 1358
6718 612739000000 1358
6856 625776000000 1358
7006 638813000000 1358
7144 651850000000 1358
7291 664887000000 1358
7441 677924000000 1358
7579 690961000000 1358
7729 703998000000 1358
7879 717035000000 1358
8002 730072000000 1358
8152 743109000000 1358
8290 756146000000 1358
8440 769183000000 1358
8587 782220000000 1358
8725 795257000000 1358
8875 808294000000 1358
9025 821331000000 1358
9148 834368000000 1358
9298 847405000000 1358
9448 860442000000 1358
9586 873479000000 1358
9733 886516000000 1358
9871 899553000000 1358
10021 912590000000 1358
10159 925627000000 1358
10294 938664000000 1358
10444 951701000000 1358
10594 964738000000 1358
10732 977775000000 1358
10882 990812000000 1358
