121 13037000000 1358
271 26074000000 1358
409 39111000000 1358
559 52148000000 1358
706 65185000000 1358
844 78222000000 1358
994 91259000000 1358
1132 104296000000 1358
1267 117333000000 1358
1417 130370000000 1358
1567 143407000000 1358
1705 156444000000 1358
1852 169481000000 1358
1990 182518000000 1358
2140 195555000000 1358
2278 208592000000 1358
2413 221629000000 1358
2563 234666000000 1358
2713 247703000000 1358
2851 260740000000 1358
3001 273777000000 1358
3148 286814000000 1358
3286 299851000000 1358
3424 312888000000 1358
3562 325925000000 1358
3709 338962000000 1358
3859 351999000000 1358
3997 365036000000 1358
4147 378073000000 1358
4294 391110000000 1358
4432 404147000000 1358
4570 417184000000 1358
4720 430221000000 1358
4855 443258000000 1358
5005 456295000000 1358
5143 469332000000 1358
5293 482369000000 1358
5443 495406000000 1358
5578 508443000000 1358
5716 521480000000 1358
5866 534517000000 1358
6004 547554000000 1358
6151 560591000000 1358
6301 573628000000 1358
6439 586665000000 1358
6589 599702000000 1358
6724 612739000000 1358
6862 625776000000 1358
7012 638813000000 1358
7150 651850000000 1358
7297 664887000000 1358
7447 677924000000 1358
7585 690961000000 1358
7735 703998000000 1358
7885 717035000000 1358
8008 730072000000 1358
8158 743109000000 1358
8296 756146000000 1358
8446 769183000000 1358
8593 782220000000 1358
8731 795257000000 1358
8881 808294000000 1358
9031 821331000000 1358
9154 834368000000 1358
9304 847405000000 1358
9454 860442000000 1358
9592 873479000000 1358
9739 886516000000 1358
9877 899553000000 1358
10027 912590000000 1358
10165 925627000000 1358
10300 938664000000 1358
10450 951701000000 1358
10600 964738000000 1358
10738 977775000000 1358
10888 990812000000 1358
